[0.106s] Invoking command in '/home/dr/amr-travelobot/ros_ws/build/odrive_ros2_control': CMAKE_PREFIX_PATH=/home/dr/amr-travelobot/ros_ws/install/odrive_bringup:/home/dr/amr-travelobot/ros_ws/install/odrive_hardware_interface:/home/dr/amr-travelobot/ros_ws/install/odrive_description:/home/dr/amr-travelobot/ros_ws/install/rosbot_bringup:/home/dr/amr-travelobot/ros_ws/install/odrive_ros2_control:/home/dr/amr-travelobot/ros_ws/install/turtlesim:/home/dr/amr-travelobot/ros_ws/install/teleop_twist_joy:/home/dr/amr-travelobot/ros_ws/install/rplidar_ros2:/home/dr/amr-travelobot/ros_ws/install/rosbot_description:/home/dr/amr-travelobot/ros_ws/install/bno055:/opt/ros/foxy /usr/bin/cmake --build /home/dr/amr-travelobot/ros_ws/build/odrive_ros2_control -- -j4 -l4
[0.316s] Invoked command in '/home/dr/amr-travelobot/ros_ws/build/odrive_ros2_control' returned '0': CMAKE_PREFIX_PATH=/home/dr/amr-travelobot/ros_ws/install/odrive_bringup:/home/dr/amr-travelobot/ros_ws/install/odrive_hardware_interface:/home/dr/amr-travelobot/ros_ws/install/odrive_description:/home/dr/amr-travelobot/ros_ws/install/rosbot_bringup:/home/dr/amr-travelobot/ros_ws/install/odrive_ros2_control:/home/dr/amr-travelobot/ros_ws/install/turtlesim:/home/dr/amr-travelobot/ros_ws/install/teleop_twist_joy:/home/dr/amr-travelobot/ros_ws/install/rplidar_ros2:/home/dr/amr-travelobot/ros_ws/install/rosbot_description:/home/dr/amr-travelobot/ros_ws/install/bno055:/opt/ros/foxy /usr/bin/cmake --build /home/dr/amr-travelobot/ros_ws/build/odrive_ros2_control -- -j4 -l4
[0.472s] Invoking command in '/home/dr/amr-travelobot/ros_ws/build/odrive_ros2_control': CMAKE_PREFIX_PATH=/home/dr/amr-travelobot/ros_ws/install/odrive_bringup:/home/dr/amr-travelobot/ros_ws/install/odrive_hardware_interface:/home/dr/amr-travelobot/ros_ws/install/odrive_description:/home/dr/amr-travelobot/ros_ws/install/rosbot_bringup:/home/dr/amr-travelobot/ros_ws/install/odrive_ros2_control:/home/dr/amr-travelobot/ros_ws/install/turtlesim:/home/dr/amr-travelobot/ros_ws/install/teleop_twist_joy:/home/dr/amr-travelobot/ros_ws/install/rplidar_ros2:/home/dr/amr-travelobot/ros_ws/install/rosbot_description:/home/dr/amr-travelobot/ros_ws/install/bno055:/opt/ros/foxy /usr/bin/cmake --install /home/dr/amr-travelobot/ros_ws/build/odrive_ros2_control
[0.517s] -- Install configuration: ""
[0.526s] -- Up-to-date: /home/dr/amr-travelobot/ros_ws/install/odrive_ros2_control/share/ament_index/resource_index/package_run_dependencies/odrive_ros2_control
[0.526s] -- Up-to-date: /home/dr/amr-travelobot/ros_ws/install/odrive_ros2_control/share/ament_index/resource_index/parent_prefix_path/odrive_ros2_control
[0.527s] -- Up-to-date: /home/dr/amr-travelobot/ros_ws/install/odrive_ros2_control/share/odrive_ros2_control/environment/ament_prefix_path.sh
[0.528s] -- Up-to-date: /home/dr/amr-travelobot/ros_ws/install/odrive_ros2_control/share/odrive_ros2_control/environment/ament_prefix_path.dsv
[0.528s] -- Up-to-date: /home/dr/amr-travelobot/ros_ws/install/odrive_ros2_control/share/odrive_ros2_control/environment/path.sh
[0.529s] -- Up-to-date: /home/dr/amr-travelobot/ros_ws/install/odrive_ros2_control/share/odrive_ros2_control/environment/path.dsv
[0.530s] -- Up-to-date: /home/dr/amr-travelobot/ros_ws/install/odrive_ros2_control/share/odrive_ros2_control/local_setup.bash
[0.531s] -- Up-to-date: /home/dr/amr-travelobot/ros_ws/install/odrive_ros2_control/share/odrive_ros2_control/local_setup.sh
[0.532s] -- Up-to-date: /home/dr/amr-travelobot/ros_ws/install/odrive_ros2_control/share/odrive_ros2_control/local_setup.zsh
[0.533s] -- Up-to-date: /home/dr/amr-travelobot/ros_ws/install/odrive_ros2_control/share/odrive_ros2_control/local_setup.dsv
[0.534s] -- Installing: /home/dr/amr-travelobot/ros_ws/install/odrive_ros2_control/share/odrive_ros2_control/package.dsv
[0.534s] -- Up-to-date: /home/dr/amr-travelobot/ros_ws/install/odrive_ros2_control/share/ament_index/resource_index/packages/odrive_ros2_control
[0.534s] -- Up-to-date: /home/dr/amr-travelobot/ros_ws/install/odrive_ros2_control/share/odrive_ros2_control/cmake/odrive_ros2_controlConfig.cmake
[0.535s] -- Up-to-date: /home/dr/amr-travelobot/ros_ws/install/odrive_ros2_control/share/odrive_ros2_control/cmake/odrive_ros2_controlConfig-version.cmake
[0.535s] -- Up-to-date: /home/dr/amr-travelobot/ros_ws/install/odrive_ros2_control/share/odrive_ros2_control/package.xml
[0.554s] Invoked command in '/home/dr/amr-travelobot/ros_ws/build/odrive_ros2_control' returned '0': CMAKE_PREFIX_PATH=/home/dr/amr-travelobot/ros_ws/install/odrive_bringup:/home/dr/amr-travelobot/ros_ws/install/odrive_hardware_interface:/home/dr/amr-travelobot/ros_ws/install/odrive_description:/home/dr/amr-travelobot/ros_ws/install/rosbot_bringup:/home/dr/amr-travelobot/ros_ws/install/odrive_ros2_control:/home/dr/amr-travelobot/ros_ws/install/turtlesim:/home/dr/amr-travelobot/ros_ws/install/teleop_twist_joy:/home/dr/amr-travelobot/ros_ws/install/rplidar_ros2:/home/dr/amr-travelobot/ros_ws/install/rosbot_description:/home/dr/amr-travelobot/ros_ws/install/bno055:/opt/ros/foxy /usr/bin/cmake --install /home/dr/amr-travelobot/ros_ws/build/odrive_ros2_control
