[3.817s] Invoking command in '/home/dr/amr-travelobot/ros_ws/src/bno055': PYTHONPATH=/home/dr/amr-travelobot/ros_ws/install/bno055/lib/python3.8/site-packages:${PYTHONPATH} /usr/bin/python3 setup.py egg_info --egg-base ../../build/bno055 build --build-base /home/dr/amr-travelobot/ros_ws/build/bno055/build install --prefix /home/dr/amr-travelobot/ros_ws/install/bno055 --record /home/dr/amr-travelobot/ros_ws/build/bno055/install.log --single-version-externally-managed
[4.967s] running egg_info
[4.969s] writing ../../build/bno055/bno055.egg-info/PKG-INFO
[4.971s] writing dependency_links to ../../build/bno055/bno055.egg-info/dependency_links.txt
[4.971s] writing entry points to ../../build/bno055/bno055.egg-info/entry_points.txt
[4.971s] writing requirements to ../../build/bno055/bno055.egg-info/requires.txt
[4.972s] writing top-level names to ../../build/bno055/bno055.egg-info/top_level.txt
[5.152s] reading manifest file '../../build/bno055/bno055.egg-info/SOURCES.txt'
[5.157s] writing manifest file '../../build/bno055/bno055.egg-info/SOURCES.txt'
[5.159s] running build
[5.159s] running build_py
[5.165s] running install
[5.168s] running install_lib
[5.180s] running install_data
[5.183s] running install_egg_info
[5.190s] removing '/home/dr/amr-travelobot/ros_ws/install/bno055/lib/python3.8/site-packages/bno055-0.1.0-py3.8.egg-info' (and everything under it)
[5.191s] Copying ../../build/bno055/bno055.egg-info to /home/dr/amr-travelobot/ros_ws/install/bno055/lib/python3.8/site-packages/bno055-0.1.0-py3.8.egg-info
[5.197s] running install_scripts
[5.272s] Installing bno055 script to /home/dr/amr-travelobot/ros_ws/install/bno055/lib/bno055
[5.276s] writing list of installed files to '/home/dr/amr-travelobot/ros_ws/build/bno055/install.log'
[5.394s] Invoked command in '/home/dr/amr-travelobot/ros_ws/src/bno055' returned '0': PYTHONPATH=/home/dr/amr-travelobot/ros_ws/install/bno055/lib/python3.8/site-packages:${PYTHONPATH} /usr/bin/python3 setup.py egg_info --egg-base ../../build/bno055 build --build-base /home/dr/amr-travelobot/ros_ws/build/bno055/build install --prefix /home/dr/amr-travelobot/ros_ws/install/bno055 --record /home/dr/amr-travelobot/ros_ws/build/bno055/install.log --single-version-externally-managed
