[0.079s] Invoking command in '/home/dr/amr-travelobot/ros_ws/src/build/imu_sensor_broadcaster': CMAKE_PREFIX_PATH=${CMAKE_PREFIX_PATH}:/home/dr/amr-travelobot/ros_ws/install/bno055:/opt/ros/foxy /usr/bin/cmake /home/dr/amr-travelobot/ros_ws/src/ros2_controllers/imu_sensor_broadcaster -DCMAKE_INSTALL_PREFIX=/home/dr/amr-travelobot/ros_ws/src/install/imu_sensor_broadcaster
[2.674s] -- The C compiler identification is GNU 9.4.0
[3.253s] -- The CXX compiler identification is GNU 9.4.0
[3.295s] -- Check for working C compiler: /usr/bin/cc
[3.602s] -- Check for working C compiler: /usr/bin/cc -- works
[3.608s] -- Detecting C compiler ABI info
[3.904s] -- Detecting C compiler ABI info - done
[3.959s] -- Detecting C compile features
[3.962s] -- Detecting C compile features - done
[3.977s] -- Check for working CXX compiler: /usr/bin/c++
[4.303s] -- Check for working CXX compiler: /usr/bin/c++ -- works
[4.308s] -- Detecting CXX compiler ABI info
[4.638s] -- Detecting CXX compiler ABI info - done
[4.693s] -- Detecting CXX compile features
[4.696s] -- Detecting CXX compile features - done
[4.875s] -- Found ament_cmake: 0.9.9 (/opt/ros/foxy/share/ament_cmake/cmake)
[5.024s] -- Found PythonInterp: /usr/bin/python3 (found suitable version "3.8.10", minimum required is "3") 
[5.026s] -- Using PYTHON_EXECUTABLE: /usr/bin/python3
[6.434s] -- Found controller_interface: 0.10.1 (/opt/ros/foxy/share/controller_interface/cmake)
[7.240s] -- Using all available rosidl_typesupport_c: rosidl_typesupport_fastrtps_c;rosidl_typesupport_introspection_c
[7.299s] -- Found rosidl_adapter: 1.2.1 (/opt/ros/foxy/share/rosidl_adapter/cmake)
[7.769s] -- Found OpenSSL: /usr/lib/aarch64-linux-gnu/libcrypto.so (found version "1.1.1f")  
[7.971s] -- Found FastRTPS: /opt/ros/foxy/include  
[8.516s] -- Using all available rosidl_typesupport_cpp: rosidl_typesupport_fastrtps_cpp;rosidl_typesupport_introspection_cpp
[11.722s] -- Found rmw_implementation_cmake: 1.0.3 (/opt/ros/foxy/share/rmw_implementation_cmake/cmake)
[11.724s] -- Using RMW implementation 'rmw_fastrtps_cpp' as default
[11.725s] -- Looking for pthread.h
[11.967s] -- Looking for pthread.h - found
[11.967s] -- Performing Test CMAKE_HAVE_LIBC_PTHREAD
[12.273s] -- Performing Test CMAKE_HAVE_LIBC_PTHREAD - Failed
[12.275s] -- Looking for pthread_create in pthreads
[12.514s] -- Looking for pthread_create in pthreads - not found
[12.516s] -- Looking for pthread_create in pthread
[12.814s] -- Looking for pthread_create in pthread - found
[12.819s] -- Found Threads: TRUE  
[14.201s] -- Found realtime_tools: 2.2.0 (/opt/ros/foxy/share/realtime_tools/cmake)
[14.686s] -- Found ament_cmake_gmock: 0.9.9 (/opt/ros/foxy/share/ament_cmake_gmock/cmake)
[14.704s] -- Found controller_manager: 0.10.1 (/opt/ros/foxy/share/controller_manager/cmake)
[15.040s] -- Found ros2_control_test_assets: 0.10.1 (/opt/ros/foxy/share/ros2_control_test_assets/cmake)
[15.060s] -- Found gmock sources under '/opt/ros/foxy/src/gmock_vendor': C++ tests using 'Google Mock' will be built
[15.091s] -- Found ament_cmake_gtest: 0.9.9 (/opt/ros/foxy/share/ament_cmake_gtest/cmake)
[15.096s] -- Found gtest sources under '/opt/ros/foxy/src/gtest_vendor': C++ tests using 'Google Test' will be built
[16.510s] -- Configuring done
[16.913s] -- Generating done
[16.926s] -- Build files have been written to: /home/dr/amr-travelobot/ros_ws/src/build/imu_sensor_broadcaster
[16.985s] Invoked command in '/home/dr/amr-travelobot/ros_ws/src/build/imu_sensor_broadcaster' returned '0': CMAKE_PREFIX_PATH=${CMAKE_PREFIX_PATH}:/home/dr/amr-travelobot/ros_ws/install/bno055:/opt/ros/foxy /usr/bin/cmake /home/dr/amr-travelobot/ros_ws/src/ros2_controllers/imu_sensor_broadcaster -DCMAKE_INSTALL_PREFIX=/home/dr/amr-travelobot/ros_ws/src/install/imu_sensor_broadcaster
[16.988s] Invoking command in '/home/dr/amr-travelobot/ros_ws/src/build/imu_sensor_broadcaster': CMAKE_PREFIX_PATH=${CMAKE_PREFIX_PATH}:/home/dr/amr-travelobot/ros_ws/install/bno055:/opt/ros/foxy /usr/bin/cmake --build /home/dr/amr-travelobot/ros_ws/src/build/imu_sensor_broadcaster -- -j4 -l4
[17.173s] [35m[1mScanning dependencies of target gmock[0m
[17.266s] [  9%] [32mBuilding CXX object gmock/CMakeFiles/gmock.dir/opt/ros/foxy/src/gtest_vendor/src/gtest-all.cc.o[0m
[32.950s] [ 18%] [32mBuilding CXX object gmock/CMakeFiles/gmock.dir/src/gmock-all.cc.o[0m
[41.552s] [ 27%] [32m[1mLinking CXX static library libgmock.a[0m
[41.810s] [ 27%] Built target gmock
[41.854s] [35m[1mScanning dependencies of target gmock_main[0m
[41.927s] [ 36%] [32mBuilding CXX object gmock/CMakeFiles/gmock_main.dir/src/gmock_main.cc.o[0m
[46.377s] [ 45%] [32m[1mLinking CXX static library libgmock_main.a[0m
[46.511s] [ 45%] Built target gmock_main
[46.555s] [35m[1mScanning dependencies of target imu_sensor_broadcaster[0m
[46.776s] [ 54%] [32mBuilding CXX object CMakeFiles/imu_sensor_broadcaster.dir/src/imu_sensor_broadcaster.cpp.o[0m
[64.543s] [ 63%] [32m[1mLinking CXX shared library libimu_sensor_broadcaster.so[0m
[65.935s] [ 63%] Built target imu_sensor_broadcaster
[65.992s] [35m[1mScanning dependencies of target test_load_imu_sensor_broadcaster[0m
[66.319s] [ 72%] [32mBuilding CXX object CMakeFiles/test_load_imu_sensor_broadcaster.dir/test/test_load_imu_sensor_broadcaster.cpp.o[0m
[83.939s] [ 81%] [32m[1mLinking CXX executable test_load_imu_sensor_broadcaster[0m
[86.382s] [ 81%] Built target test_load_imu_sensor_broadcaster
[86.448s] [35m[1mScanning dependencies of target test_imu_sensor_broadcaster[0m
[86.732s] [ 90%] [32mBuilding CXX object CMakeFiles/test_imu_sensor_broadcaster.dir/test/test_imu_sensor_broadcaster.cpp.o[0m
[120.323s] [100%] [32m[1mLinking CXX executable test_imu_sensor_broadcaster[0m
[123.619s] [100%] Built target test_imu_sensor_broadcaster
[123.681s] Invoked command in '/home/dr/amr-travelobot/ros_ws/src/build/imu_sensor_broadcaster' returned '0': CMAKE_PREFIX_PATH=${CMAKE_PREFIX_PATH}:/home/dr/amr-travelobot/ros_ws/install/bno055:/opt/ros/foxy /usr/bin/cmake --build /home/dr/amr-travelobot/ros_ws/src/build/imu_sensor_broadcaster -- -j4 -l4
[123.919s] Invoking command in '/home/dr/amr-travelobot/ros_ws/src/build/imu_sensor_broadcaster': CMAKE_PREFIX_PATH=${CMAKE_PREFIX_PATH}:/home/dr/amr-travelobot/ros_ws/install/bno055:/opt/ros/foxy /usr/bin/cmake --install /home/dr/amr-travelobot/ros_ws/src/build/imu_sensor_broadcaster
[123.963s] -- Install configuration: ""
[123.965s] -- Installing: /home/dr/amr-travelobot/ros_ws/src/install/imu_sensor_broadcaster/share/imu_sensor_broadcaster/imu_sensor_broadcaster.xml
[123.967s] -- Installing: /home/dr/amr-travelobot/ros_ws/src/install/imu_sensor_broadcaster/lib/libimu_sensor_broadcaster.so
[123.976s] -- Set runtime path of "/home/dr/amr-travelobot/ros_ws/src/install/imu_sensor_broadcaster/lib/libimu_sensor_broadcaster.so" to ""
[123.978s] -- Installing: /home/dr/amr-travelobot/ros_ws/src/install/imu_sensor_broadcaster/include
[123.979s] -- Installing: /home/dr/amr-travelobot/ros_ws/src/install/imu_sensor_broadcaster/include/imu_sensor_broadcaster
[123.981s] -- Installing: /home/dr/amr-travelobot/ros_ws/src/install/imu_sensor_broadcaster/include/imu_sensor_broadcaster/imu_sensor_broadcaster.hpp
[123.982s] -- Installing: /home/dr/amr-travelobot/ros_ws/src/install/imu_sensor_broadcaster/include/imu_sensor_broadcaster/visibility_control.h
[123.984s] -- Installing: /home/dr/amr-travelobot/ros_ws/src/install/imu_sensor_broadcaster/share/imu_sensor_broadcaster/environment/library_path.sh
[123.986s] -- Installing: /home/dr/amr-travelobot/ros_ws/src/install/imu_sensor_broadcaster/share/imu_sensor_broadcaster/environment/library_path.dsv
[123.989s] -- Installing: /home/dr/amr-travelobot/ros_ws/src/install/imu_sensor_broadcaster/share/ament_index/resource_index/package_run_dependencies/imu_sensor_broadcaster
[123.991s] -- Installing: /home/dr/amr-travelobot/ros_ws/src/install/imu_sensor_broadcaster/share/ament_index/resource_index/parent_prefix_path/imu_sensor_broadcaster
[123.993s] -- Installing: /home/dr/amr-travelobot/ros_ws/src/install/imu_sensor_broadcaster/share/imu_sensor_broadcaster/environment/ament_prefix_path.sh
[123.995s] -- Installing: /home/dr/amr-travelobot/ros_ws/src/install/imu_sensor_broadcaster/share/imu_sensor_broadcaster/environment/ament_prefix_path.dsv
[123.997s] -- Installing: /home/dr/amr-travelobot/ros_ws/src/install/imu_sensor_broadcaster/share/imu_sensor_broadcaster/environment/path.sh
[123.998s] -- Installing: /home/dr/amr-travelobot/ros_ws/src/install/imu_sensor_broadcaster/share/imu_sensor_broadcaster/environment/path.dsv
[124.000s] -- Installing: /home/dr/amr-travelobot/ros_ws/src/install/imu_sensor_broadcaster/share/imu_sensor_broadcaster/local_setup.bash
[124.002s] -- Installing: /home/dr/amr-travelobot/ros_ws/src/install/imu_sensor_broadcaster/share/imu_sensor_broadcaster/local_setup.sh
[124.004s] -- Installing: /home/dr/amr-travelobot/ros_ws/src/install/imu_sensor_broadcaster/share/imu_sensor_broadcaster/local_setup.zsh
[124.006s] -- Installing: /home/dr/amr-travelobot/ros_ws/src/install/imu_sensor_broadcaster/share/imu_sensor_broadcaster/local_setup.dsv
[124.008s] -- Installing: /home/dr/amr-travelobot/ros_ws/src/install/imu_sensor_broadcaster/share/imu_sensor_broadcaster/package.dsv
[124.010s] -- Installing: /home/dr/amr-travelobot/ros_ws/src/install/imu_sensor_broadcaster/share/ament_index/resource_index/packages/imu_sensor_broadcaster
[124.012s] -- Installing: /home/dr/amr-travelobot/ros_ws/src/install/imu_sensor_broadcaster/share/ament_index/resource_index/controller_interface__pluginlib__plugin/imu_sensor_broadcaster
[124.015s] -- Installing: /home/dr/amr-travelobot/ros_ws/src/install/imu_sensor_broadcaster/share/imu_sensor_broadcaster/cmake/ament_cmake_export_include_directories-extras.cmake
[124.017s] -- Installing: /home/dr/amr-travelobot/ros_ws/src/install/imu_sensor_broadcaster/share/imu_sensor_broadcaster/cmake/ament_cmake_export_libraries-extras.cmake
[124.019s] -- Installing: /home/dr/amr-travelobot/ros_ws/src/install/imu_sensor_broadcaster/share/imu_sensor_broadcaster/cmake/ament_cmake_export_dependencies-extras.cmake
[124.021s] -- Installing: /home/dr/amr-travelobot/ros_ws/src/install/imu_sensor_broadcaster/share/imu_sensor_broadcaster/cmake/imu_sensor_broadcasterConfig.cmake
[124.023s] -- Installing: /home/dr/amr-travelobot/ros_ws/src/install/imu_sensor_broadcaster/share/imu_sensor_broadcaster/cmake/imu_sensor_broadcasterConfig-version.cmake
[124.025s] -- Installing: /home/dr/amr-travelobot/ros_ws/src/install/imu_sensor_broadcaster/share/imu_sensor_broadcaster/package.xml
[124.048s] Invoked command in '/home/dr/amr-travelobot/ros_ws/src/build/imu_sensor_broadcaster' returned '0': CMAKE_PREFIX_PATH=${CMAKE_PREFIX_PATH}:/home/dr/amr-travelobot/ros_ws/install/bno055:/opt/ros/foxy /usr/bin/cmake --install /home/dr/amr-travelobot/ros_ws/src/build/imu_sensor_broadcaster
