[5.608s] Invoking command in '/home/dr/amr-travelobot/ros_ws/src/bno055': PYTHONPATH=/home/dr/amr-travelobot/ros_ws/install/bno055/lib/python3.8/site-packages:${PYTHONPATH} /usr/bin/python3 setup.py egg_info --egg-base ../../build/bno055 build --build-base /home/dr/amr-travelobot/ros_ws/build/bno055/build install --prefix /home/dr/amr-travelobot/ros_ws/install/bno055 --record /home/dr/amr-travelobot/ros_ws/build/bno055/install.log --single-version-externally-managed
[8.777s] running egg_info
[8.782s] creating ../../build/bno055/bno055.egg-info
[8.784s] writing ../../build/bno055/bno055.egg-info/PKG-INFO
[8.790s] writing dependency_links to ../../build/bno055/bno055.egg-info/dependency_links.txt
[8.792s] writing entry points to ../../build/bno055/bno055.egg-info/entry_points.txt
[8.794s] writing requirements to ../../build/bno055/bno055.egg-info/requires.txt
[8.795s] writing top-level names to ../../build/bno055/bno055.egg-info/top_level.txt
[8.815s] writing manifest file '../../build/bno055/bno055.egg-info/SOURCES.txt'
[9.213s] reading manifest file '../../build/bno055/bno055.egg-info/SOURCES.txt'
[9.235s] writing manifest file '../../build/bno055/bno055.egg-info/SOURCES.txt'
[9.237s] running build
[9.238s] running build_py
[9.239s] creating /home/dr/amr-travelobot/ros_ws/build/bno055/build
[9.240s] creating /home/dr/amr-travelobot/ros_ws/build/bno055/build/lib
[9.240s] creating /home/dr/amr-travelobot/ros_ws/build/bno055/build/lib/bno055
[9.241s] copying bno055/__init__.py -> /home/dr/amr-travelobot/ros_ws/build/bno055/build/lib/bno055
[9.242s] copying bno055/bno055.py -> /home/dr/amr-travelobot/ros_ws/build/bno055/build/lib/bno055
[9.244s] copying bno055/registers.py -> /home/dr/amr-travelobot/ros_ws/build/bno055/build/lib/bno055
[9.247s] creating /home/dr/amr-travelobot/ros_ws/build/bno055/build/lib/bno055/error_handling
[9.248s] copying bno055/error_handling/__init__.py -> /home/dr/amr-travelobot/ros_ws/build/bno055/build/lib/bno055/error_handling
[9.257s] copying bno055/error_handling/exceptions.py -> /home/dr/amr-travelobot/ros_ws/build/bno055/build/lib/bno055/error_handling
[9.258s] creating /home/dr/amr-travelobot/ros_ws/build/bno055/build/lib/bno055/params
[9.259s] copying bno055/params/NodeParameters.py -> /home/dr/amr-travelobot/ros_ws/build/bno055/build/lib/bno055/params
[9.259s] copying bno055/params/__init__.py -> /home/dr/amr-travelobot/ros_ws/build/bno055/build/lib/bno055/params
[9.261s] creating /home/dr/amr-travelobot/ros_ws/build/bno055/build/lib/bno055/connectors
[9.263s] copying bno055/connectors/uart.py -> /home/dr/amr-travelobot/ros_ws/build/bno055/build/lib/bno055/connectors
[9.264s] copying bno055/connectors/__init__.py -> /home/dr/amr-travelobot/ros_ws/build/bno055/build/lib/bno055/connectors
[9.264s] copying bno055/connectors/i2c.py -> /home/dr/amr-travelobot/ros_ws/build/bno055/build/lib/bno055/connectors
[9.265s] copying bno055/connectors/Connector.py -> /home/dr/amr-travelobot/ros_ws/build/bno055/build/lib/bno055/connectors
[9.268s] creating /home/dr/amr-travelobot/ros_ws/build/bno055/build/lib/bno055/sensor
[9.270s] copying bno055/sensor/__init__.py -> /home/dr/amr-travelobot/ros_ws/build/bno055/build/lib/bno055/sensor
[9.270s] copying bno055/sensor/SensorService.py -> /home/dr/amr-travelobot/ros_ws/build/bno055/build/lib/bno055/sensor
[9.273s] running install
[9.285s] running install_lib
[9.302s] creating /home/dr/amr-travelobot/ros_ws/install/bno055/lib/python3.8/site-packages/bno055
[9.303s] creating /home/dr/amr-travelobot/ros_ws/install/bno055/lib/python3.8/site-packages/bno055/error_handling
[9.304s] copying /home/dr/amr-travelobot/ros_ws/build/bno055/build/lib/bno055/error_handling/__init__.py -> /home/dr/amr-travelobot/ros_ws/install/bno055/lib/python3.8/site-packages/bno055/error_handling
[9.306s] copying /home/dr/amr-travelobot/ros_ws/build/bno055/build/lib/bno055/error_handling/exceptions.py -> /home/dr/amr-travelobot/ros_ws/install/bno055/lib/python3.8/site-packages/bno055/error_handling
[9.307s] copying /home/dr/amr-travelobot/ros_ws/build/bno055/build/lib/bno055/__init__.py -> /home/dr/amr-travelobot/ros_ws/install/bno055/lib/python3.8/site-packages/bno055
[9.308s] creating /home/dr/amr-travelobot/ros_ws/install/bno055/lib/python3.8/site-packages/bno055/params
[9.309s] copying /home/dr/amr-travelobot/ros_ws/build/bno055/build/lib/bno055/params/NodeParameters.py -> /home/dr/amr-travelobot/ros_ws/install/bno055/lib/python3.8/site-packages/bno055/params
[9.310s] copying /home/dr/amr-travelobot/ros_ws/build/bno055/build/lib/bno055/params/__init__.py -> /home/dr/amr-travelobot/ros_ws/install/bno055/lib/python3.8/site-packages/bno055/params
[9.310s] creating /home/dr/amr-travelobot/ros_ws/install/bno055/lib/python3.8/site-packages/bno055/connectors
[9.324s] copying /home/dr/amr-travelobot/ros_ws/build/bno055/build/lib/bno055/connectors/uart.py -> /home/dr/amr-travelobot/ros_ws/install/bno055/lib/python3.8/site-packages/bno055/connectors
[9.325s] copying /home/dr/amr-travelobot/ros_ws/build/bno055/build/lib/bno055/connectors/__init__.py -> /home/dr/amr-travelobot/ros_ws/install/bno055/lib/python3.8/site-packages/bno055/connectors
[9.327s] copying /home/dr/amr-travelobot/ros_ws/build/bno055/build/lib/bno055/connectors/i2c.py -> /home/dr/amr-travelobot/ros_ws/install/bno055/lib/python3.8/site-packages/bno055/connectors
[9.327s] copying /home/dr/amr-travelobot/ros_ws/build/bno055/build/lib/bno055/connectors/Connector.py -> /home/dr/amr-travelobot/ros_ws/install/bno055/lib/python3.8/site-packages/bno055/connectors
[9.328s] copying /home/dr/amr-travelobot/ros_ws/build/bno055/build/lib/bno055/bno055.py -> /home/dr/amr-travelobot/ros_ws/install/bno055/lib/python3.8/site-packages/bno055
[9.328s] creating /home/dr/amr-travelobot/ros_ws/install/bno055/lib/python3.8/site-packages/bno055/sensor
[9.329s] copying /home/dr/amr-travelobot/ros_ws/build/bno055/build/lib/bno055/sensor/__init__.py -> /home/dr/amr-travelobot/ros_ws/install/bno055/lib/python3.8/site-packages/bno055/sensor
[9.332s] copying /home/dr/amr-travelobot/ros_ws/build/bno055/build/lib/bno055/sensor/SensorService.py -> /home/dr/amr-travelobot/ros_ws/install/bno055/lib/python3.8/site-packages/bno055/sensor
[9.333s] copying /home/dr/amr-travelobot/ros_ws/build/bno055/build/lib/bno055/registers.py -> /home/dr/amr-travelobot/ros_ws/install/bno055/lib/python3.8/site-packages/bno055
[9.344s] byte-compiling /home/dr/amr-travelobot/ros_ws/install/bno055/lib/python3.8/site-packages/bno055/error_handling/__init__.py to __init__.cpython-38.pyc
[9.345s] byte-compiling /home/dr/amr-travelobot/ros_ws/install/bno055/lib/python3.8/site-packages/bno055/error_handling/exceptions.py to exceptions.cpython-38.pyc
[9.345s] byte-compiling /home/dr/amr-travelobot/ros_ws/install/bno055/lib/python3.8/site-packages/bno055/__init__.py to __init__.cpython-38.pyc
[9.346s] byte-compiling /home/dr/amr-travelobot/ros_ws/install/bno055/lib/python3.8/site-packages/bno055/params/NodeParameters.py to NodeParameters.cpython-38.pyc
[9.360s] byte-compiling /home/dr/amr-travelobot/ros_ws/install/bno055/lib/python3.8/site-packages/bno055/params/__init__.py to __init__.cpython-38.pyc
[9.364s] byte-compiling /home/dr/amr-travelobot/ros_ws/install/bno055/lib/python3.8/site-packages/bno055/connectors/uart.py to uart.cpython-38.pyc
[9.366s] byte-compiling /home/dr/amr-travelobot/ros_ws/install/bno055/lib/python3.8/site-packages/bno055/connectors/__init__.py to __init__.cpython-38.pyc
[9.367s] byte-compiling /home/dr/amr-travelobot/ros_ws/install/bno055/lib/python3.8/site-packages/bno055/connectors/i2c.py to i2c.cpython-38.pyc
[9.369s] byte-compiling /home/dr/amr-travelobot/ros_ws/install/bno055/lib/python3.8/site-packages/bno055/connectors/Connector.py to Connector.cpython-38.pyc
[9.381s] byte-compiling /home/dr/amr-travelobot/ros_ws/install/bno055/lib/python3.8/site-packages/bno055/bno055.py to bno055.cpython-38.pyc
[9.388s] byte-compiling /home/dr/amr-travelobot/ros_ws/install/bno055/lib/python3.8/site-packages/bno055/sensor/__init__.py to __init__.cpython-38.pyc
[9.391s] byte-compiling /home/dr/amr-travelobot/ros_ws/install/bno055/lib/python3.8/site-packages/bno055/sensor/SensorService.py to SensorService.cpython-38.pyc
[9.420s] byte-compiling /home/dr/amr-travelobot/ros_ws/install/bno055/lib/python3.8/site-packages/bno055/registers.py to registers.cpython-38.pyc
[9.424s] running install_data
[9.427s] creating /home/dr/amr-travelobot/ros_ws/install/bno055/share/ament_index
[9.428s] creating /home/dr/amr-travelobot/ros_ws/install/bno055/share/ament_index/resource_index
[9.428s] creating /home/dr/amr-travelobot/ros_ws/install/bno055/share/ament_index/resource_index/packages
[9.429s] copying resource/bno055 -> /home/dr/amr-travelobot/ros_ws/install/bno055/share/ament_index/resource_index/packages
[9.436s] copying package.xml -> /home/dr/amr-travelobot/ros_ws/install/bno055/share/bno055
[9.438s] running install_egg_info
[9.460s] Copying ../../build/bno055/bno055.egg-info to /home/dr/amr-travelobot/ros_ws/install/bno055/lib/python3.8/site-packages/bno055-0.1.0-py3.8.egg-info
[9.471s] running install_scripts
[9.698s] Installing bno055 script to /home/dr/amr-travelobot/ros_ws/install/bno055/lib/bno055
[9.713s] writing list of installed files to '/home/dr/amr-travelobot/ros_ws/build/bno055/install.log'
[9.900s] Invoked command in '/home/dr/amr-travelobot/ros_ws/src/bno055' returned '0': PYTHONPATH=/home/dr/amr-travelobot/ros_ws/install/bno055/lib/python3.8/site-packages:${PYTHONPATH} /usr/bin/python3 setup.py egg_info --egg-base ../../build/bno055 build --build-base /home/dr/amr-travelobot/ros_ws/build/bno055/build install --prefix /home/dr/amr-travelobot/ros_ws/install/bno055 --record /home/dr/amr-travelobot/ros_ws/build/bno055/install.log --single-version-externally-managed
