[0.263s] Invoking command in '/home/dr/amr-travelobot/ros_ws/build/odrive_bringup': CMAKE_PREFIX_PATH=/home/dr/amr-travelobot/ros_ws/install/odrive_description:/home/dr/amr-travelobot/ros_ws/install/turtlesim:/home/dr/amr-travelobot/ros_ws/install/rosbot_bringup:/home/dr/amr-travelobot/ros_ws/install/teleop_twist_joy:/home/dr/amr-travelobot/ros_ws/install/rplidar_ros2:/home/dr/amr-travelobot/ros_ws/install/rosbot_description:/home/dr/amr-travelobot/ros_ws/install/odrive_ros2_control:/home/dr/amr-travelobot/ros_ws/install/odrive_hardware_interface:/home/dr/amr-travelobot/ros_ws/install/odrive_bringup:/home/dr/amr-travelobot/ros_ws/install/joint_state_controller:/home/dr/amr-travelobot/ros_ws/install/joint_state_broadcaster:/home/dr/amr-travelobot/ros_ws/install/imu_sensor_broadcaster:/home/dr/amr-travelobot/ros_ws/install/effort_controllers:/home/dr/amr-travelobot/ros_ws/install/forward_command_controller:/home/dr/amr-travelobot/ros_ws/install/force_torque_sensor_broadcaster:/home/dr/amr-travelobot/ros_ws/install/diff_drive_controller:/home/dr/amr-travelobot/ros_ws/install/bno055:/opt/ros/galactic /usr/bin/cmake --build /home/dr/amr-travelobot/ros_ws/build/odrive_bringup -- -j4 -l4
[1.289s] Invoked command in '/home/dr/amr-travelobot/ros_ws/build/odrive_bringup' returned '0': CMAKE_PREFIX_PATH=/home/dr/amr-travelobot/ros_ws/install/odrive_description:/home/dr/amr-travelobot/ros_ws/install/turtlesim:/home/dr/amr-travelobot/ros_ws/install/rosbot_bringup:/home/dr/amr-travelobot/ros_ws/install/teleop_twist_joy:/home/dr/amr-travelobot/ros_ws/install/rplidar_ros2:/home/dr/amr-travelobot/ros_ws/install/rosbot_description:/home/dr/amr-travelobot/ros_ws/install/odrive_ros2_control:/home/dr/amr-travelobot/ros_ws/install/odrive_hardware_interface:/home/dr/amr-travelobot/ros_ws/install/odrive_bringup:/home/dr/amr-travelobot/ros_ws/install/joint_state_controller:/home/dr/amr-travelobot/ros_ws/install/joint_state_broadcaster:/home/dr/amr-travelobot/ros_ws/install/imu_sensor_broadcaster:/home/dr/amr-travelobot/ros_ws/install/effort_controllers:/home/dr/amr-travelobot/ros_ws/install/forward_command_controller:/home/dr/amr-travelobot/ros_ws/install/force_torque_sensor_broadcaster:/home/dr/amr-travelobot/ros_ws/install/diff_drive_controller:/home/dr/amr-travelobot/ros_ws/install/bno055:/opt/ros/galactic /usr/bin/cmake --build /home/dr/amr-travelobot/ros_ws/build/odrive_bringup -- -j4 -l4
[2.646s] Invoking command in '/home/dr/amr-travelobot/ros_ws/build/odrive_bringup': CMAKE_PREFIX_PATH=/home/dr/amr-travelobot/ros_ws/install/odrive_description:/home/dr/amr-travelobot/ros_ws/install/turtlesim:/home/dr/amr-travelobot/ros_ws/install/rosbot_bringup:/home/dr/amr-travelobot/ros_ws/install/teleop_twist_joy:/home/dr/amr-travelobot/ros_ws/install/rplidar_ros2:/home/dr/amr-travelobot/ros_ws/install/rosbot_description:/home/dr/amr-travelobot/ros_ws/install/odrive_ros2_control:/home/dr/amr-travelobot/ros_ws/install/odrive_hardware_interface:/home/dr/amr-travelobot/ros_ws/install/odrive_bringup:/home/dr/amr-travelobot/ros_ws/install/joint_state_controller:/home/dr/amr-travelobot/ros_ws/install/joint_state_broadcaster:/home/dr/amr-travelobot/ros_ws/install/imu_sensor_broadcaster:/home/dr/amr-travelobot/ros_ws/install/effort_controllers:/home/dr/amr-travelobot/ros_ws/install/forward_command_controller:/home/dr/amr-travelobot/ros_ws/install/force_torque_sensor_broadcaster:/home/dr/amr-travelobot/ros_ws/install/diff_drive_controller:/home/dr/amr-travelobot/ros_ws/install/bno055:/opt/ros/galactic /usr/bin/cmake --install /home/dr/amr-travelobot/ros_ws/build/odrive_bringup
[2.701s] -- Install configuration: ""
[2.702s] -- Up-to-date: /home/dr/amr-travelobot/ros_ws/install/odrive_bringup/share/odrive_bringup/config
[2.703s] -- Up-to-date: /home/dr/amr-travelobot/ros_ws/install/odrive_bringup/share/odrive_bringup/config/odrive_controllers.yaml
[2.705s] -- Up-to-date: /home/dr/amr-travelobot/ros_ws/install/odrive_bringup/share/odrive_bringup/launch
[2.707s] -- Up-to-date: /home/dr/amr-travelobot/ros_ws/install/odrive_bringup/share/odrive_bringup/launch/odrive.launch.py
[2.708s] -- Up-to-date: /home/dr/amr-travelobot/ros_ws/install/odrive_bringup/share/ament_index/resource_index/package_run_dependencies/odrive_bringup
[2.709s] -- Up-to-date: /home/dr/amr-travelobot/ros_ws/install/odrive_bringup/share/ament_index/resource_index/parent_prefix_path/odrive_bringup
[2.710s] -- Up-to-date: /home/dr/amr-travelobot/ros_ws/install/odrive_bringup/share/odrive_bringup/environment/ament_prefix_path.sh
[2.711s] -- Up-to-date: /home/dr/amr-travelobot/ros_ws/install/odrive_bringup/share/odrive_bringup/environment/ament_prefix_path.dsv
[2.712s] -- Up-to-date: /home/dr/amr-travelobot/ros_ws/install/odrive_bringup/share/odrive_bringup/environment/path.sh
[2.712s] -- Up-to-date: /home/dr/amr-travelobot/ros_ws/install/odrive_bringup/share/odrive_bringup/environment/path.dsv
[2.714s] -- Up-to-date: /home/dr/amr-travelobot/ros_ws/install/odrive_bringup/share/odrive_bringup/local_setup.bash
[2.715s] -- Up-to-date: /home/dr/amr-travelobot/ros_ws/install/odrive_bringup/share/odrive_bringup/local_setup.sh
[2.716s] -- Up-to-date: /home/dr/amr-travelobot/ros_ws/install/odrive_bringup/share/odrive_bringup/local_setup.zsh
[2.717s] -- Up-to-date: /home/dr/amr-travelobot/ros_ws/install/odrive_bringup/share/odrive_bringup/local_setup.dsv
[2.718s] -- Installing: /home/dr/amr-travelobot/ros_ws/install/odrive_bringup/share/odrive_bringup/package.dsv
[2.718s] -- Up-to-date: /home/dr/amr-travelobot/ros_ws/install/odrive_bringup/share/ament_index/resource_index/packages/odrive_bringup
[2.719s] -- Up-to-date: /home/dr/amr-travelobot/ros_ws/install/odrive_bringup/share/odrive_bringup/cmake/odrive_bringupConfig.cmake
[2.720s] -- Up-to-date: /home/dr/amr-travelobot/ros_ws/install/odrive_bringup/share/odrive_bringup/cmake/odrive_bringupConfig-version.cmake
[2.734s] -- Up-to-date: /home/dr/amr-travelobot/ros_ws/install/odrive_bringup/share/odrive_bringup/package.xml
[2.737s] Invoked command in '/home/dr/amr-travelobot/ros_ws/build/odrive_bringup' returned '0': CMAKE_PREFIX_PATH=/home/dr/amr-travelobot/ros_ws/install/odrive_description:/home/dr/amr-travelobot/ros_ws/install/turtlesim:/home/dr/amr-travelobot/ros_ws/install/rosbot_bringup:/home/dr/amr-travelobot/ros_ws/install/teleop_twist_joy:/home/dr/amr-travelobot/ros_ws/install/rplidar_ros2:/home/dr/amr-travelobot/ros_ws/install/rosbot_description:/home/dr/amr-travelobot/ros_ws/install/odrive_ros2_control:/home/dr/amr-travelobot/ros_ws/install/odrive_hardware_interface:/home/dr/amr-travelobot/ros_ws/install/odrive_bringup:/home/dr/amr-travelobot/ros_ws/install/joint_state_controller:/home/dr/amr-travelobot/ros_ws/install/joint_state_broadcaster:/home/dr/amr-travelobot/ros_ws/install/imu_sensor_broadcaster:/home/dr/amr-travelobot/ros_ws/install/effort_controllers:/home/dr/amr-travelobot/ros_ws/install/forward_command_controller:/home/dr/amr-travelobot/ros_ws/install/force_torque_sensor_broadcaster:/home/dr/amr-travelobot/ros_ws/install/diff_drive_controller:/home/dr/amr-travelobot/ros_ws/install/bno055:/opt/ros/galactic /usr/bin/cmake --install /home/dr/amr-travelobot/ros_ws/build/odrive_bringup
