[0.199s] Invoking command in '/home/dr/amr-travelobot/ros_ws/build/odrive_hardware_interface': CMAKE_PREFIX_PATH=${CMAKE_PREFIX_PATH}:/home/dr/amr-travelobot/ros_ws/install/bno055:/opt/ros/foxy /usr/bin/cmake --build /home/dr/amr-travelobot/ros_ws/build/odrive_hardware_interface -- -j4 -l4
[0.454s] [ 50%] Built target odrive_usb
[0.630s] [100%] Built target odrive_hardware_interface
[0.750s] Invoked command in '/home/dr/amr-travelobot/ros_ws/build/odrive_hardware_interface' returned '0': CMAKE_PREFIX_PATH=${CMAKE_PREFIX_PATH}:/home/dr/amr-travelobot/ros_ws/install/bno055:/opt/ros/foxy /usr/bin/cmake --build /home/dr/amr-travelobot/ros_ws/build/odrive_hardware_interface -- -j4 -l4
[0.961s] Invoking command in '/home/dr/amr-travelobot/ros_ws/build/odrive_hardware_interface': CMAKE_PREFIX_PATH=${CMAKE_PREFIX_PATH}:/home/dr/amr-travelobot/ros_ws/install/bno055:/opt/ros/foxy /usr/bin/cmake --install /home/dr/amr-travelobot/ros_ws/build/odrive_hardware_interface
[1.053s] -- Install configuration: ""
[1.054s] -- Up-to-date: /home/dr/amr-travelobot/ros_ws/install/odrive_hardware_interface/share/odrive_hardware_interface/odrive_hardware_interface.xml
[1.055s] -- Up-to-date: /home/dr/amr-travelobot/ros_ws/install/odrive_hardware_interface/include
[1.055s] -- Up-to-date: /home/dr/amr-travelobot/ros_ws/install/odrive_hardware_interface/include/odrive_hardware_interface
[1.057s] -- Up-to-date: /home/dr/amr-travelobot/ros_ws/install/odrive_hardware_interface/include/odrive_hardware_interface/odrive_usb.hpp
[1.057s] -- Up-to-date: /home/dr/amr-travelobot/ros_ws/install/odrive_hardware_interface/include/odrive_hardware_interface/visibility_control.hpp
[1.058s] -- Up-to-date: /home/dr/amr-travelobot/ros_ws/install/odrive_hardware_interface/include/odrive_hardware_interface/odrive_endpoints.hpp
[1.059s] -- Up-to-date: /home/dr/amr-travelobot/ros_ws/install/odrive_hardware_interface/include/odrive_hardware_interface/odrive_hardware_interface.hpp
[1.061s] -- Up-to-date: /home/dr/amr-travelobot/ros_ws/install/odrive_hardware_interface/share/odrive_hardware_interface/environment/library_path.sh
[1.066s] -- Up-to-date: /home/dr/amr-travelobot/ros_ws/install/odrive_hardware_interface/share/odrive_hardware_interface/environment/library_path.dsv
[1.067s] -- Up-to-date: /home/dr/amr-travelobot/ros_ws/install/odrive_hardware_interface/lib/libodrive_usb.so
[1.068s] -- Up-to-date: /home/dr/amr-travelobot/ros_ws/install/odrive_hardware_interface/lib/libodrive_hardware_interface.so
[1.069s] -- Up-to-date: /home/dr/amr-travelobot/ros_ws/install/odrive_hardware_interface/share/ament_index/resource_index/package_run_dependencies/odrive_hardware_interface
[1.069s] -- Up-to-date: /home/dr/amr-travelobot/ros_ws/install/odrive_hardware_interface/share/ament_index/resource_index/parent_prefix_path/odrive_hardware_interface
[1.069s] -- Up-to-date: /home/dr/amr-travelobot/ros_ws/install/odrive_hardware_interface/share/odrive_hardware_interface/environment/ament_prefix_path.sh
[1.070s] -- Up-to-date: /home/dr/amr-travelobot/ros_ws/install/odrive_hardware_interface/share/odrive_hardware_interface/environment/ament_prefix_path.dsv
[1.071s] -- Up-to-date: /home/dr/amr-travelobot/ros_ws/install/odrive_hardware_interface/share/odrive_hardware_interface/environment/path.sh
[1.072s] -- Up-to-date: /home/dr/amr-travelobot/ros_ws/install/odrive_hardware_interface/share/odrive_hardware_interface/environment/path.dsv
[1.074s] -- Up-to-date: /home/dr/amr-travelobot/ros_ws/install/odrive_hardware_interface/share/odrive_hardware_interface/local_setup.bash
[1.082s] -- Up-to-date: /home/dr/amr-travelobot/ros_ws/install/odrive_hardware_interface/share/odrive_hardware_interface/local_setup.sh
[1.083s] -- Up-to-date: /home/dr/amr-travelobot/ros_ws/install/odrive_hardware_interface/share/odrive_hardware_interface/local_setup.zsh
[1.084s] -- Up-to-date: /home/dr/amr-travelobot/ros_ws/install/odrive_hardware_interface/share/odrive_hardware_interface/local_setup.dsv
[1.084s] -- Installing: /home/dr/amr-travelobot/ros_ws/install/odrive_hardware_interface/share/odrive_hardware_interface/package.dsv
[1.085s] -- Up-to-date: /home/dr/amr-travelobot/ros_ws/install/odrive_hardware_interface/share/ament_index/resource_index/packages/odrive_hardware_interface
[1.085s] -- Up-to-date: /home/dr/amr-travelobot/ros_ws/install/odrive_hardware_interface/share/ament_index/resource_index/hardware_interface__pluginlib__plugin/odrive_hardware_interface
[1.086s] -- Up-to-date: /home/dr/amr-travelobot/ros_ws/install/odrive_hardware_interface/share/odrive_hardware_interface/cmake/ament_cmake_export_dependencies-extras.cmake
[1.086s] -- Up-to-date: /home/dr/amr-travelobot/ros_ws/install/odrive_hardware_interface/share/odrive_hardware_interface/cmake/ament_cmake_export_include_directories-extras.cmake
[1.087s] -- Up-to-date: /home/dr/amr-travelobot/ros_ws/install/odrive_hardware_interface/share/odrive_hardware_interface/cmake/ament_cmake_export_libraries-extras.cmake
[1.087s] -- Up-to-date: /home/dr/amr-travelobot/ros_ws/install/odrive_hardware_interface/share/odrive_hardware_interface/cmake/odrive_hardware_interfaceConfig.cmake
[1.089s] -- Up-to-date: /home/dr/amr-travelobot/ros_ws/install/odrive_hardware_interface/share/odrive_hardware_interface/cmake/odrive_hardware_interfaceConfig-version.cmake
[1.090s] -- Up-to-date: /home/dr/amr-travelobot/ros_ws/install/odrive_hardware_interface/share/odrive_hardware_interface/package.xml
[1.140s] Invoked command in '/home/dr/amr-travelobot/ros_ws/build/odrive_hardware_interface' returned '0': CMAKE_PREFIX_PATH=${CMAKE_PREFIX_PATH}:/home/dr/amr-travelobot/ros_ws/install/bno055:/opt/ros/foxy /usr/bin/cmake --install /home/dr/amr-travelobot/ros_ws/build/odrive_hardware_interface
