[0.203s] Invoking command in '/home/dr/amr-travelobot/ros_ws/build/rosbot_description': CMAKE_PREFIX_PATH=/opt/ros/foxy /usr/bin/cmake --build /home/dr/amr-travelobot/ros_ws/build/rosbot_description -- -j4 -l4
[0.503s] Invoked command in '/home/dr/amr-travelobot/ros_ws/build/rosbot_description' returned '0': CMAKE_PREFIX_PATH=/opt/ros/foxy /usr/bin/cmake --build /home/dr/amr-travelobot/ros_ws/build/rosbot_description -- -j4 -l4
[0.680s] Invoking command in '/home/dr/amr-travelobot/ros_ws/build/rosbot_description': CMAKE_PREFIX_PATH=/opt/ros/foxy /usr/bin/cmake --install /home/dr/amr-travelobot/ros_ws/build/rosbot_description
[0.743s] -- Install configuration: ""
[0.745s] -- Up-to-date: /home/dr/amr-travelobot/ros_ws/install/rosbot_description/share/rosbot_description/config
[0.746s] -- Up-to-date: /home/dr/amr-travelobot/ros_ws/install/rosbot_description/share/rosbot_description/config/navigation.yaml
[0.746s] -- Up-to-date: /home/dr/amr-travelobot/ros_ws/install/rosbot_description/share/rosbot_description/config/ekf2.yaml
[0.747s] -- Up-to-date: /home/dr/amr-travelobot/ros_ws/install/rosbot_description/share/rosbot_description/config/slam_toolbox_localization.yaml
[0.748s] -- Up-to-date: /home/dr/amr-travelobot/ros_ws/install/rosbot_description/share/rosbot_description/config/teleop_bluetooth.yaml
[0.748s] -- Up-to-date: /home/dr/amr-travelobot/ros_ws/install/rosbot_description/share/rosbot_description/config/slam_toolbox_mapping.yaml
[0.749s] -- Up-to-date: /home/dr/amr-travelobot/ros_ws/install/rosbot_description/share/rosbot_description/config/diff_drive_controller.yaml
[0.749s] -- Up-to-date: /home/dr/amr-travelobot/ros_ws/install/rosbot_description/share/rosbot_description/config/bno055.yaml
[0.750s] -- Up-to-date: /home/dr/amr-travelobot/ros_ws/install/rosbot_description/share/rosbot_description/config/navigate_w_replanning_and_recovery.xml
[0.750s] -- Up-to-date: /home/dr/amr-travelobot/ros_ws/install/rosbot_description/share/rosbot_description/config/ekf.yaml
[0.751s] -- Up-to-date: /home/dr/amr-travelobot/ros_ws/install/rosbot_description/share/rosbot_description/config/localization.yaml
[0.752s] -- Up-to-date: /home/dr/amr-travelobot/ros_ws/install/rosbot_description/share/rosbot_description/config/teleop_usb.yaml
[0.753s] -- Up-to-date: /home/dr/amr-travelobot/ros_ws/install/rosbot_description/share/rosbot_description/config/slam_toolbox_lifelong.yaml
[0.754s] -- Up-to-date: /home/dr/amr-travelobot/ros_ws/install/rosbot_description/share/rosbot_description/rviz
[0.754s] -- Up-to-date: /home/dr/amr-travelobot/ros_ws/install/rosbot_description/share/rosbot_description/rviz/rosbot.rviz
[0.754s] -- Up-to-date: /home/dr/amr-travelobot/ros_ws/install/rosbot_description/share/rosbot_description/gazebo
[0.763s] -- Up-to-date: /home/dr/amr-travelobot/ros_ws/install/rosbot_description/share/rosbot_description/gazebo/rosbot.materials.xacro
[0.764s] -- Up-to-date: /home/dr/amr-travelobot/ros_ws/install/rosbot_description/share/rosbot_description/gazebo/rosbot.gazebo.xacro
[0.765s] -- Up-to-date: /home/dr/amr-travelobot/ros_ws/install/rosbot_description/share/rosbot_description/ros2_control
[0.766s] -- Up-to-date: /home/dr/amr-travelobot/ros_ws/install/rosbot_description/share/rosbot_description/ros2_control/rosbot_system.ros2_control.xacro
[0.766s] -- Up-to-date: /home/dr/amr-travelobot/ros_ws/install/rosbot_description/share/rosbot_description/urdf
[0.767s] -- Up-to-date: /home/dr/amr-travelobot/ros_ws/install/rosbot_description/share/rosbot_description/urdf/rosbot_links.urdf.xacro
[0.768s] -- Up-to-date: /home/dr/amr-travelobot/ros_ws/install/rosbot_description/share/rosbot_description/urdf/inertia.urdf.xacro
[0.769s] -- Up-to-date: /home/dr/amr-travelobot/ros_ws/install/rosbot_description/share/rosbot_description/urdf/rosbot.urdf.xacro
[0.770s] -- Up-to-date: /home/dr/amr-travelobot/ros_ws/install/rosbot_description/share/rosbot_description/world
[0.770s] -- Up-to-date: /home/dr/amr-travelobot/ros_ws/install/rosbot_description/share/rosbot_description/world/office.sdf
[0.771s] -- Up-to-date: /home/dr/amr-travelobot/ros_ws/install/rosbot_description/share/rosbot_description/world/simple.sdf
[0.771s] -- Up-to-date: /home/dr/amr-travelobot/ros_ws/install/rosbot_description/share/rosbot_description/map
[0.771s] -- Up-to-date: /home/dr/amr-travelobot/ros_ws/install/rosbot_description/share/rosbot_description/map/office.posegraph
[0.772s] -- Up-to-date: /home/dr/amr-travelobot/ros_ws/install/rosbot_description/share/rosbot_description/map/office.data
[0.773s] -- Up-to-date: /home/dr/amr-travelobot/ros_ws/install/rosbot_description/share/rosbot_description/map/office.pgm
[0.773s] -- Up-to-date: /home/dr/amr-travelobot/ros_ws/install/rosbot_description/share/rosbot_description/map/office.yaml
[0.773s] -- Up-to-date: /home/dr/amr-travelobot/ros_ws/install/rosbot_description/share/ament_index/resource_index/package_run_dependencies/rosbot_description
[0.774s] -- Up-to-date: /home/dr/amr-travelobot/ros_ws/install/rosbot_description/share/ament_index/resource_index/parent_prefix_path/rosbot_description
[0.774s] -- Up-to-date: /home/dr/amr-travelobot/ros_ws/install/rosbot_description/share/rosbot_description/environment/ament_prefix_path.sh
[0.775s] -- Up-to-date: /home/dr/amr-travelobot/ros_ws/install/rosbot_description/share/rosbot_description/environment/ament_prefix_path.dsv
[0.775s] -- Up-to-date: /home/dr/amr-travelobot/ros_ws/install/rosbot_description/share/rosbot_description/environment/path.sh
[0.776s] -- Up-to-date: /home/dr/amr-travelobot/ros_ws/install/rosbot_description/share/rosbot_description/environment/path.dsv
[0.776s] -- Up-to-date: /home/dr/amr-travelobot/ros_ws/install/rosbot_description/share/rosbot_description/local_setup.bash
[0.776s] -- Up-to-date: /home/dr/amr-travelobot/ros_ws/install/rosbot_description/share/rosbot_description/local_setup.sh
[0.777s] -- Up-to-date: /home/dr/amr-travelobot/ros_ws/install/rosbot_description/share/rosbot_description/local_setup.zsh
[0.777s] -- Up-to-date: /home/dr/amr-travelobot/ros_ws/install/rosbot_description/share/rosbot_description/local_setup.dsv
[0.778s] -- Installing: /home/dr/amr-travelobot/ros_ws/install/rosbot_description/share/rosbot_description/package.dsv
[0.784s] -- Up-to-date: /home/dr/amr-travelobot/ros_ws/install/rosbot_description/share/ament_index/resource_index/packages/rosbot_description
[0.785s] -- Up-to-date: /home/dr/amr-travelobot/ros_ws/install/rosbot_description/share/rosbot_description/cmake/rosbot_descriptionConfig.cmake
[0.786s] -- Up-to-date: /home/dr/amr-travelobot/ros_ws/install/rosbot_description/share/rosbot_description/cmake/rosbot_descriptionConfig-version.cmake
[0.787s] -- Up-to-date: /home/dr/amr-travelobot/ros_ws/install/rosbot_description/share/rosbot_description/package.xml
[0.796s] Invoked command in '/home/dr/amr-travelobot/ros_ws/build/rosbot_description' returned '0': CMAKE_PREFIX_PATH=/opt/ros/foxy /usr/bin/cmake --install /home/dr/amr-travelobot/ros_ws/build/rosbot_description
