[0.222s] Invoking command in '/home/dr/amr-travelobot/ros_ws/build/diffbot_description': CMAKE_PREFIX_PATH=${CMAKE_PREFIX_PATH}:/home/dr/amr-travelobot/ros_ws/install/ros2_control_test_nodes:/home/dr/amr-travelobot/ros_ws/install/bno055:/opt/ros/foxy /usr/bin/cmake --build /home/dr/amr-travelobot/ros_ws/build/diffbot_description -- -j4 -l4
[0.419s] Invoked command in '/home/dr/amr-travelobot/ros_ws/build/diffbot_description' returned '0': CMAKE_PREFIX_PATH=${CMAKE_PREFIX_PATH}:/home/dr/amr-travelobot/ros_ws/install/ros2_control_test_nodes:/home/dr/amr-travelobot/ros_ws/install/bno055:/opt/ros/foxy /usr/bin/cmake --build /home/dr/amr-travelobot/ros_ws/build/diffbot_description -- -j4 -l4
[0.576s] Invoking command in '/home/dr/amr-travelobot/ros_ws/build/diffbot_description': CMAKE_PREFIX_PATH=${CMAKE_PREFIX_PATH}:/home/dr/amr-travelobot/ros_ws/install/ros2_control_test_nodes:/home/dr/amr-travelobot/ros_ws/install/bno055:/opt/ros/foxy /usr/bin/cmake --install /home/dr/amr-travelobot/ros_ws/build/diffbot_description
[0.619s] -- Install configuration: ""
[0.620s] -- Execute custom install script
[0.623s] -- Up-to-date symlink: /home/dr/amr-travelobot/ros_ws/install/diffbot_description/share/diffbot_description/config/diffbot.rviz
[0.625s] -- Up-to-date symlink: /home/dr/amr-travelobot/ros_ws/install/diffbot_description/share/diffbot_description/gazebo/diffbot.gazebo.xacro
[0.625s] -- Up-to-date symlink: /home/dr/amr-travelobot/ros_ws/install/diffbot_description/share/diffbot_description/gazebo/diffbot.materials.xacro
[0.628s] -- Up-to-date symlink: /home/dr/amr-travelobot/ros_ws/install/diffbot_description/share/diffbot_description/ros2_control/diffbot_system.ros2_control.xacro
[0.633s] -- Up-to-date symlink: /home/dr/amr-travelobot/ros_ws/install/diffbot_description/share/diffbot_description/urdf/diffbot.urdf.xacro
[0.634s] -- Up-to-date symlink: /home/dr/amr-travelobot/ros_ws/install/diffbot_description/share/diffbot_description/urdf/diffbot_system.urdf.xacro
[0.635s] -- Up-to-date symlink: /home/dr/amr-travelobot/ros_ws/install/diffbot_description/share/ament_index/resource_index/package_run_dependencies/diffbot_description
[0.636s] -- Up-to-date symlink: /home/dr/amr-travelobot/ros_ws/install/diffbot_description/share/ament_index/resource_index/parent_prefix_path/diffbot_description
[0.637s] -- Up-to-date symlink: /home/dr/amr-travelobot/ros_ws/install/diffbot_description/share/diffbot_description/environment/ament_prefix_path.sh
[0.639s] -- Up-to-date symlink: /home/dr/amr-travelobot/ros_ws/install/diffbot_description/share/diffbot_description/environment/ament_prefix_path.dsv
[0.640s] -- Up-to-date symlink: /home/dr/amr-travelobot/ros_ws/install/diffbot_description/share/diffbot_description/environment/path.sh
[0.642s] -- Up-to-date symlink: /home/dr/amr-travelobot/ros_ws/install/diffbot_description/share/diffbot_description/environment/path.dsv
[0.643s] -- Up-to-date symlink: /home/dr/amr-travelobot/ros_ws/install/diffbot_description/share/diffbot_description/local_setup.bash
[0.645s] -- Up-to-date symlink: /home/dr/amr-travelobot/ros_ws/install/diffbot_description/share/diffbot_description/local_setup.sh
[0.646s] -- Up-to-date symlink: /home/dr/amr-travelobot/ros_ws/install/diffbot_description/share/diffbot_description/local_setup.zsh
[0.648s] -- Up-to-date symlink: /home/dr/amr-travelobot/ros_ws/install/diffbot_description/share/diffbot_description/local_setup.dsv
[0.649s] -- Symlinking: /home/dr/amr-travelobot/ros_ws/install/diffbot_description/share/diffbot_description/package.dsv
[0.686s] -- Up-to-date symlink: /home/dr/amr-travelobot/ros_ws/install/diffbot_description/share/ament_index/resource_index/packages/diffbot_description
[0.687s] -- Up-to-date symlink: /home/dr/amr-travelobot/ros_ws/install/diffbot_description/share/diffbot_description/cmake/diffbot_descriptionConfig.cmake
[0.688s] -- Up-to-date symlink: /home/dr/amr-travelobot/ros_ws/install/diffbot_description/share/diffbot_description/cmake/diffbot_descriptionConfig-version.cmake
[0.689s] -- Up-to-date symlink: /home/dr/amr-travelobot/ros_ws/install/diffbot_description/share/diffbot_description/package.xml
[0.703s] Invoked command in '/home/dr/amr-travelobot/ros_ws/build/diffbot_description' returned '0': CMAKE_PREFIX_PATH=${CMAKE_PREFIX_PATH}:/home/dr/amr-travelobot/ros_ws/install/ros2_control_test_nodes:/home/dr/amr-travelobot/ros_ws/install/bno055:/opt/ros/foxy /usr/bin/cmake --install /home/dr/amr-travelobot/ros_ws/build/diffbot_description
