[0.214s] Invoking command in '/home/dr/amr-travelobot/ros_ws/build/ros2_control_demo_hardware': CMAKE_PREFIX_PATH=${CMAKE_PREFIX_PATH}:/home/dr/amr-travelobot/ros_ws/install/ros2_control_test_nodes:/home/dr/amr-travelobot/ros_ws/install/bno055:/opt/ros/foxy /usr/bin/cmake --build /home/dr/amr-travelobot/ros_ws/build/ros2_control_demo_hardware -- -j4 -l4
[0.616s] [100%] Built target ros2_control_demo_hardware
[0.692s] Invoked command in '/home/dr/amr-travelobot/ros_ws/build/ros2_control_demo_hardware' returned '0': CMAKE_PREFIX_PATH=${CMAKE_PREFIX_PATH}:/home/dr/amr-travelobot/ros_ws/install/ros2_control_test_nodes:/home/dr/amr-travelobot/ros_ws/install/bno055:/opt/ros/foxy /usr/bin/cmake --build /home/dr/amr-travelobot/ros_ws/build/ros2_control_demo_hardware -- -j4 -l4
[0.945s] Invoking command in '/home/dr/amr-travelobot/ros_ws/build/ros2_control_demo_hardware': CMAKE_PREFIX_PATH=${CMAKE_PREFIX_PATH}:/home/dr/amr-travelobot/ros_ws/install/ros2_control_test_nodes:/home/dr/amr-travelobot/ros_ws/install/bno055:/opt/ros/foxy /usr/bin/cmake --install /home/dr/amr-travelobot/ros_ws/build/ros2_control_demo_hardware
[1.007s] -- Install configuration: ""
[1.008s] -- Execute custom install script
[1.008s] -- Up-to-date symlink: /home/dr/amr-travelobot/ros_ws/install/ros2_control_demo_hardware/share/ros2_control_demo_hardware//ros2_control_demo_hardware.xml
[1.009s] -- Up-to-date symlink: /home/dr/amr-travelobot/ros_ws/install/ros2_control_demo_hardware/lib/libros2_control_demo_hardware.so
[1.009s] -- Up-to-date symlink: /home/dr/amr-travelobot/ros_ws/install/ros2_control_demo_hardware/include/ros2_control_demo_hardware/diffbot_system.hpp
[1.011s] -- Up-to-date symlink: /home/dr/amr-travelobot/ros_ws/install/ros2_control_demo_hardware/include/ros2_control_demo_hardware/rrbot_system_multi_interface.hpp
[1.012s] -- Up-to-date symlink: /home/dr/amr-travelobot/ros_ws/install/ros2_control_demo_hardware/include/ros2_control_demo_hardware/rrbot_system_position_only.hpp
[1.014s] -- Up-to-date symlink: /home/dr/amr-travelobot/ros_ws/install/ros2_control_demo_hardware/include/ros2_control_demo_hardware/rrbot_system_with_sensor.hpp
[1.015s] -- Up-to-date symlink: /home/dr/amr-travelobot/ros_ws/install/ros2_control_demo_hardware/include/ros2_control_demo_hardware/visibility_control.h
[1.023s] -- Up-to-date symlink: /home/dr/amr-travelobot/ros_ws/install/ros2_control_demo_hardware/share/ros2_control_demo_hardware/environment/library_path.sh
[1.024s] -- Up-to-date symlink: /home/dr/amr-travelobot/ros_ws/install/ros2_control_demo_hardware/share/ros2_control_demo_hardware/environment/library_path.dsv
[1.024s] -- Up-to-date symlink: /home/dr/amr-travelobot/ros_ws/install/ros2_control_demo_hardware/share/ament_index/resource_index/package_run_dependencies/ros2_control_demo_hardware
[1.029s] -- Up-to-date symlink: /home/dr/amr-travelobot/ros_ws/install/ros2_control_demo_hardware/share/ament_index/resource_index/parent_prefix_path/ros2_control_demo_hardware
[1.029s] -- Up-to-date symlink: /home/dr/amr-travelobot/ros_ws/install/ros2_control_demo_hardware/share/ros2_control_demo_hardware/environment/ament_prefix_path.sh
[1.030s] -- Up-to-date symlink: /home/dr/amr-travelobot/ros_ws/install/ros2_control_demo_hardware/share/ros2_control_demo_hardware/environment/ament_prefix_path.dsv
[1.030s] -- Up-to-date symlink: /home/dr/amr-travelobot/ros_ws/install/ros2_control_demo_hardware/share/ros2_control_demo_hardware/environment/path.sh
[1.031s] -- Up-to-date symlink: /home/dr/amr-travelobot/ros_ws/install/ros2_control_demo_hardware/share/ros2_control_demo_hardware/environment/path.dsv
[1.033s] -- Up-to-date symlink: /home/dr/amr-travelobot/ros_ws/install/ros2_control_demo_hardware/share/ros2_control_demo_hardware/local_setup.bash
[1.034s] -- Up-to-date symlink: /home/dr/amr-travelobot/ros_ws/install/ros2_control_demo_hardware/share/ros2_control_demo_hardware/local_setup.sh
[1.035s] -- Up-to-date symlink: /home/dr/amr-travelobot/ros_ws/install/ros2_control_demo_hardware/share/ros2_control_demo_hardware/local_setup.zsh
[1.038s] -- Up-to-date symlink: /home/dr/amr-travelobot/ros_ws/install/ros2_control_demo_hardware/share/ros2_control_demo_hardware/local_setup.dsv
[1.040s] -- Symlinking: /home/dr/amr-travelobot/ros_ws/install/ros2_control_demo_hardware/share/ros2_control_demo_hardware/package.dsv
[1.082s] -- Up-to-date symlink: /home/dr/amr-travelobot/ros_ws/install/ros2_control_demo_hardware/share/ament_index/resource_index/packages/ros2_control_demo_hardware
[1.083s] -- Up-to-date symlink: /home/dr/amr-travelobot/ros_ws/install/ros2_control_demo_hardware/share/ament_index/resource_index/hardware_interface__pluginlib__plugin/ros2_control_demo_hardware
[1.086s] -- Up-to-date symlink: /home/dr/amr-travelobot/ros_ws/install/ros2_control_demo_hardware/share/ros2_control_demo_hardware/cmake/ament_cmake_export_include_directories-extras.cmake
[1.102s] -- Up-to-date symlink: /home/dr/amr-travelobot/ros_ws/install/ros2_control_demo_hardware/share/ros2_control_demo_hardware/cmake/ament_cmake_export_libraries-extras.cmake
[1.103s] -- Up-to-date symlink: /home/dr/amr-travelobot/ros_ws/install/ros2_control_demo_hardware/share/ros2_control_demo_hardware/cmake/ament_cmake_export_dependencies-extras.cmake
[1.103s] -- Up-to-date symlink: /home/dr/amr-travelobot/ros_ws/install/ros2_control_demo_hardware/share/ros2_control_demo_hardware/cmake/ros2_control_demo_hardwareConfig.cmake
[1.104s] -- Up-to-date symlink: /home/dr/amr-travelobot/ros_ws/install/ros2_control_demo_hardware/share/ros2_control_demo_hardware/cmake/ros2_control_demo_hardwareConfig-version.cmake
[1.105s] -- Up-to-date symlink: /home/dr/amr-travelobot/ros_ws/install/ros2_control_demo_hardware/share/ros2_control_demo_hardware/package.xml
[1.224s] Invoked command in '/home/dr/amr-travelobot/ros_ws/build/ros2_control_demo_hardware' returned '0': CMAKE_PREFIX_PATH=${CMAKE_PREFIX_PATH}:/home/dr/amr-travelobot/ros_ws/install/ros2_control_test_nodes:/home/dr/amr-travelobot/ros_ws/install/bno055:/opt/ros/foxy /usr/bin/cmake --install /home/dr/amr-travelobot/ros_ws/build/ros2_control_demo_hardware
