[0.186s] Invoking command in '/home/dr/amr-travelobot/ros_ws/build/rplidar_ros2': CMAKE_PREFIX_PATH=/opt/ros/foxy /usr/bin/cmake --build /home/dr/amr-travelobot/ros_ws/build/rplidar_ros2 -- -j4 -l4
[0.625s] [100%] Built target rplidar_scan_publisher
[0.694s] Invoked command in '/home/dr/amr-travelobot/ros_ws/build/rplidar_ros2' returned '0': CMAKE_PREFIX_PATH=/opt/ros/foxy /usr/bin/cmake --build /home/dr/amr-travelobot/ros_ws/build/rplidar_ros2 -- -j4 -l4
[1.107s] Invoking command in '/home/dr/amr-travelobot/ros_ws/build/rplidar_ros2': CMAKE_PREFIX_PATH=/opt/ros/foxy /usr/bin/cmake --install /home/dr/amr-travelobot/ros_ws/build/rplidar_ros2
[1.161s] -- Install configuration: ""
[1.162s] -- Up-to-date: /home/dr/amr-travelobot/ros_ws/install/rplidar_ros2/share/rplidar_ros2/launch
[1.167s] -- Up-to-date: /home/dr/amr-travelobot/ros_ws/install/rplidar_ros2/share/rplidar_ros2/launch/view_rplidar_s1_tcp_launch.py
[1.171s] -- Up-to-date: /home/dr/amr-travelobot/ros_ws/install/rplidar_ros2/share/rplidar_ros2/launch/view_rplidar_launch.py
[1.173s] -- Up-to-date: /home/dr/amr-travelobot/ros_ws/install/rplidar_ros2/share/rplidar_ros2/launch/rplidar_s1_launch.py
[1.173s] -- Up-to-date: /home/dr/amr-travelobot/ros_ws/install/rplidar_ros2/share/rplidar_ros2/launch/view_rplidar_a3_launch.py
[1.174s] -- Up-to-date: /home/dr/amr-travelobot/ros_ws/install/rplidar_ros2/share/rplidar_ros2/launch/view_rplidar_s1_launch.py
[1.174s] -- Up-to-date: /home/dr/amr-travelobot/ros_ws/install/rplidar_ros2/share/rplidar_ros2/launch/rplidar_launch.py
[1.175s] -- Up-to-date: /home/dr/amr-travelobot/ros_ws/install/rplidar_ros2/share/rplidar_ros2/launch/rviz.py
[1.175s] -- Up-to-date: /home/dr/amr-travelobot/ros_ws/install/rplidar_ros2/share/rplidar_ros2/launch/rplidar_s1_tcp_launch.py
[1.176s] -- Up-to-date: /home/dr/amr-travelobot/ros_ws/install/rplidar_ros2/share/rplidar_ros2/launch/rplidar_a3_launch.py
[1.176s] -- Up-to-date: /home/dr/amr-travelobot/ros_ws/install/rplidar_ros2/share/rplidar_ros2/rviz
[1.177s] -- Up-to-date: /home/dr/amr-travelobot/ros_ws/install/rplidar_ros2/share/rplidar_ros2/rviz/rplidar_ros2.rviz
[1.177s] -- Up-to-date: /home/dr/amr-travelobot/ros_ws/install/rplidar_ros2/lib/rplidar_ros2/rplidar_scan_publisher
[1.178s] -- Up-to-date: /home/dr/amr-travelobot/ros_ws/install/rplidar_ros2/share/ament_index/resource_index/package_run_dependencies/rplidar_ros2
[1.178s] -- Up-to-date: /home/dr/amr-travelobot/ros_ws/install/rplidar_ros2/share/ament_index/resource_index/parent_prefix_path/rplidar_ros2
[1.179s] -- Up-to-date: /home/dr/amr-travelobot/ros_ws/install/rplidar_ros2/share/rplidar_ros2/environment/ament_prefix_path.sh
[1.179s] -- Up-to-date: /home/dr/amr-travelobot/ros_ws/install/rplidar_ros2/share/rplidar_ros2/environment/ament_prefix_path.dsv
[1.180s] -- Up-to-date: /home/dr/amr-travelobot/ros_ws/install/rplidar_ros2/share/rplidar_ros2/environment/path.sh
[1.181s] -- Up-to-date: /home/dr/amr-travelobot/ros_ws/install/rplidar_ros2/share/rplidar_ros2/environment/path.dsv
[1.182s] -- Up-to-date: /home/dr/amr-travelobot/ros_ws/install/rplidar_ros2/share/rplidar_ros2/local_setup.bash
[1.183s] -- Up-to-date: /home/dr/amr-travelobot/ros_ws/install/rplidar_ros2/share/rplidar_ros2/local_setup.sh
[1.184s] -- Up-to-date: /home/dr/amr-travelobot/ros_ws/install/rplidar_ros2/share/rplidar_ros2/local_setup.zsh
[1.185s] -- Up-to-date: /home/dr/amr-travelobot/ros_ws/install/rplidar_ros2/share/rplidar_ros2/local_setup.dsv
[1.186s] -- Installing: /home/dr/amr-travelobot/ros_ws/install/rplidar_ros2/share/rplidar_ros2/package.dsv
[1.187s] -- Up-to-date: /home/dr/amr-travelobot/ros_ws/install/rplidar_ros2/share/ament_index/resource_index/packages/rplidar_ros2
[1.187s] -- Up-to-date: /home/dr/amr-travelobot/ros_ws/install/rplidar_ros2/share/rplidar_ros2/cmake/ament_cmake_export_dependencies-extras.cmake
[1.188s] -- Up-to-date: /home/dr/amr-travelobot/ros_ws/install/rplidar_ros2/share/rplidar_ros2/cmake/ament_cmake_export_include_directories-extras.cmake
[1.188s] -- Up-to-date: /home/dr/amr-travelobot/ros_ws/install/rplidar_ros2/share/rplidar_ros2/cmake/rplidar_ros2Config.cmake
[1.189s] -- Up-to-date: /home/dr/amr-travelobot/ros_ws/install/rplidar_ros2/share/rplidar_ros2/cmake/rplidar_ros2Config-version.cmake
[1.189s] -- Up-to-date: /home/dr/amr-travelobot/ros_ws/install/rplidar_ros2/share/rplidar_ros2/package.xml
[1.243s] Invoked command in '/home/dr/amr-travelobot/ros_ws/build/rplidar_ros2' returned '0': CMAKE_PREFIX_PATH=/opt/ros/foxy /usr/bin/cmake --install /home/dr/amr-travelobot/ros_ws/build/rplidar_ros2
