[0.092s] Invoking command in '/home/dr/amr-travelobot/ros_ws/src/build/force_torque_sensor_broadcaster': CMAKE_PREFIX_PATH=${CMAKE_PREFIX_PATH}:/home/dr/amr-travelobot/ros_ws/install/bno055:/opt/ros/foxy /usr/bin/cmake /home/dr/amr-travelobot/ros_ws/src/ros2_controllers/force_torque_sensor_broadcaster -DCMAKE_INSTALL_PREFIX=/home/dr/amr-travelobot/ros_ws/src/install/force_torque_sensor_broadcaster
[0.326s] -- The C compiler identification is GNU 9.4.0
[0.550s] -- The CXX compiler identification is GNU 9.4.0
[0.571s] -- Check for working C compiler: /usr/bin/cc
[0.847s] -- Check for working C compiler: /usr/bin/cc -- works
[0.851s] -- Detecting C compiler ABI info
[1.130s] -- Detecting C compiler ABI info - done
[1.177s] -- Detecting C compile features
[1.180s] -- Detecting C compile features - done
[1.191s] -- Check for working CXX compiler: /usr/bin/c++
[1.505s] -- Check for working CXX compiler: /usr/bin/c++ -- works
[1.510s] -- Detecting CXX compiler ABI info
[1.831s] -- Detecting CXX compiler ABI info - done
[1.881s] -- Detecting CXX compile features
[1.885s] -- Detecting CXX compile features - done
[1.901s] -- Found ament_cmake: 0.9.9 (/opt/ros/foxy/share/ament_cmake/cmake)
[2.033s] -- Found PythonInterp: /usr/bin/python3 (found suitable version "3.8.10", minimum required is "3") 
[2.034s] -- Using PYTHON_EXECUTABLE: /usr/bin/python3
[3.071s] -- Found controller_interface: 0.10.1 (/opt/ros/foxy/share/controller_interface/cmake)
[3.305s] -- Using all available rosidl_typesupport_c: rosidl_typesupport_fastrtps_c;rosidl_typesupport_introspection_c
[3.352s] -- Found rosidl_adapter: 1.2.1 (/opt/ros/foxy/share/rosidl_adapter/cmake)
[3.776s] -- Found OpenSSL: /usr/lib/aarch64-linux-gnu/libcrypto.so (found version "1.1.1f")  
[3.969s] -- Found FastRTPS: /opt/ros/foxy/include  
[4.437s] -- Using all available rosidl_typesupport_cpp: rosidl_typesupport_fastrtps_cpp;rosidl_typesupport_introspection_cpp
[7.034s] -- Found rmw_implementation_cmake: 1.0.3 (/opt/ros/foxy/share/rmw_implementation_cmake/cmake)
[7.044s] -- Using RMW implementation 'rmw_fastrtps_cpp' as default
[7.048s] -- Looking for pthread.h
[7.342s] -- Looking for pthread.h - found
[7.344s] -- Performing Test CMAKE_HAVE_LIBC_PTHREAD
[7.639s] -- Performing Test CMAKE_HAVE_LIBC_PTHREAD - Failed
[7.641s] -- Looking for pthread_create in pthreads
[7.871s] -- Looking for pthread_create in pthreads - not found
[7.872s] -- Looking for pthread_create in pthread
[8.171s] -- Looking for pthread_create in pthread - found
[8.176s] -- Found Threads: TRUE  
[9.411s] -- Found realtime_tools: 2.2.0 (/opt/ros/foxy/share/realtime_tools/cmake)
[9.851s] -- Found ament_cmake_gmock: 0.9.9 (/opt/ros/foxy/share/ament_cmake_gmock/cmake)
[9.865s] -- Found controller_manager: 0.10.1 (/opt/ros/foxy/share/controller_manager/cmake)
[10.180s] -- Found ros2_control_test_assets: 0.10.1 (/opt/ros/foxy/share/ros2_control_test_assets/cmake)
[10.198s] -- Found gmock sources under '/opt/ros/foxy/src/gmock_vendor': C++ tests using 'Google Mock' will be built
[10.229s] -- Found ament_cmake_gtest: 0.9.9 (/opt/ros/foxy/share/ament_cmake_gtest/cmake)
[10.234s] -- Found gtest sources under '/opt/ros/foxy/src/gtest_vendor': C++ tests using 'Google Test' will be built
[11.966s] -- Configuring done
[12.910s] -- Generating done
[12.937s] -- Build files have been written to: /home/dr/amr-travelobot/ros_ws/src/build/force_torque_sensor_broadcaster
[13.086s] Invoked command in '/home/dr/amr-travelobot/ros_ws/src/build/force_torque_sensor_broadcaster' returned '0': CMAKE_PREFIX_PATH=${CMAKE_PREFIX_PATH}:/home/dr/amr-travelobot/ros_ws/install/bno055:/opt/ros/foxy /usr/bin/cmake /home/dr/amr-travelobot/ros_ws/src/ros2_controllers/force_torque_sensor_broadcaster -DCMAKE_INSTALL_PREFIX=/home/dr/amr-travelobot/ros_ws/src/install/force_torque_sensor_broadcaster
[13.089s] Invoking command in '/home/dr/amr-travelobot/ros_ws/src/build/force_torque_sensor_broadcaster': CMAKE_PREFIX_PATH=${CMAKE_PREFIX_PATH}:/home/dr/amr-travelobot/ros_ws/install/bno055:/opt/ros/foxy /usr/bin/cmake --build /home/dr/amr-travelobot/ros_ws/src/build/force_torque_sensor_broadcaster -- -j4 -l4
[13.639s] [35m[1mScanning dependencies of target force_torque_sensor_broadcaster[0m
[13.645s] [35m[1mScanning dependencies of target gmock[0m
[13.650s] [35m[1mScanning dependencies of target gmock_main[0m
[13.915s] [  9%] [32mBuilding CXX object gmock/CMakeFiles/gmock.dir/opt/ros/foxy/src/gtest_vendor/src/gtest-all.cc.o[0m
[13.945s] [ 18%] [32mBuilding CXX object gmock/CMakeFiles/gmock_main.dir/src/gmock_main.cc.o[0m
[13.990s] [ 27%] [32mBuilding CXX object gmock/CMakeFiles/gmock.dir/src/gmock-all.cc.o[0m
[14.352s] [ 36%] [32mBuilding CXX object CMakeFiles/force_torque_sensor_broadcaster.dir/src/force_torque_sensor_broadcaster.cpp.o[0m
[30.533s] [ 45%] [32m[1mLinking CXX static library libgmock_main.a[0m
[31.147s] [ 45%] Built target gmock_main
[55.800s] [ 54%] [32m[1mLinking CXX static library libgmock.a[0m
[56.362s] [ 54%] Built target gmock
[57.776s] [ 63%] [32m[1mLinking CXX shared library libforce_torque_sensor_broadcaster.so[0m
[59.505s] [ 63%] Built target force_torque_sensor_broadcaster
[59.555s] [35m[1mScanning dependencies of target test_load_force_torque_sensor_broadcaster[0m
[60.086s] [ 72%] [32mBuilding CXX object CMakeFiles/test_load_force_torque_sensor_broadcaster.dir/test/test_load_force_torque_sensor_broadcaster.cpp.o[0m
[76.692s] [ 81%] [32m[1mLinking CXX executable test_load_force_torque_sensor_broadcaster[0m
[79.034s] [ 81%] Built target test_load_force_torque_sensor_broadcaster
[79.080s] [35m[1mScanning dependencies of target test_force_torque_sensor_broadcaster[0m
[79.327s] [ 90%] [32mBuilding CXX object CMakeFiles/test_force_torque_sensor_broadcaster.dir/test/test_force_torque_sensor_broadcaster.cpp.o[0m
[111.388s] [100%] [32m[1mLinking CXX executable test_force_torque_sensor_broadcaster[0m
[114.573s] [100%] Built target test_force_torque_sensor_broadcaster
[114.975s] Invoked command in '/home/dr/amr-travelobot/ros_ws/src/build/force_torque_sensor_broadcaster' returned '0': CMAKE_PREFIX_PATH=${CMAKE_PREFIX_PATH}:/home/dr/amr-travelobot/ros_ws/install/bno055:/opt/ros/foxy /usr/bin/cmake --build /home/dr/amr-travelobot/ros_ws/src/build/force_torque_sensor_broadcaster -- -j4 -l4
[115.106s] Invoking command in '/home/dr/amr-travelobot/ros_ws/src/build/force_torque_sensor_broadcaster': CMAKE_PREFIX_PATH=${CMAKE_PREFIX_PATH}:/home/dr/amr-travelobot/ros_ws/install/bno055:/opt/ros/foxy /usr/bin/cmake --install /home/dr/amr-travelobot/ros_ws/src/build/force_torque_sensor_broadcaster
[115.148s] -- Install configuration: ""
[115.149s] -- Installing: /home/dr/amr-travelobot/ros_ws/src/install/force_torque_sensor_broadcaster/share/force_torque_sensor_broadcaster/force_torque_sensor_broadcaster.xml
[115.149s] -- Installing: /home/dr/amr-travelobot/ros_ws/src/install/force_torque_sensor_broadcaster/lib/libforce_torque_sensor_broadcaster.so
[115.159s] -- Set runtime path of "/home/dr/amr-travelobot/ros_ws/src/install/force_torque_sensor_broadcaster/lib/libforce_torque_sensor_broadcaster.so" to ""
[115.160s] -- Installing: /home/dr/amr-travelobot/ros_ws/src/install/force_torque_sensor_broadcaster/include
[115.161s] -- Installing: /home/dr/amr-travelobot/ros_ws/src/install/force_torque_sensor_broadcaster/include/force_torque_sensor_broadcaster
[115.162s] -- Installing: /home/dr/amr-travelobot/ros_ws/src/install/force_torque_sensor_broadcaster/include/force_torque_sensor_broadcaster/visibility_control.h
[115.162s] -- Installing: /home/dr/amr-travelobot/ros_ws/src/install/force_torque_sensor_broadcaster/include/force_torque_sensor_broadcaster/force_torque_sensor_broadcaster.hpp
[115.163s] -- Installing: /home/dr/amr-travelobot/ros_ws/src/install/force_torque_sensor_broadcaster/share/force_torque_sensor_broadcaster/environment/library_path.sh
[115.232s] -- Installing: /home/dr/amr-travelobot/ros_ws/src/install/force_torque_sensor_broadcaster/share/force_torque_sensor_broadcaster/environment/library_path.dsv
[115.317s] -- Installing: /home/dr/amr-travelobot/ros_ws/src/install/force_torque_sensor_broadcaster/share/ament_index/resource_index/package_run_dependencies/force_torque_sensor_broadcaster
[115.326s] -- Installing: /home/dr/amr-travelobot/ros_ws/src/install/force_torque_sensor_broadcaster/share/ament_index/resource_index/parent_prefix_path/force_torque_sensor_broadcaster
[115.326s] -- Installing: /home/dr/amr-travelobot/ros_ws/src/install/force_torque_sensor_broadcaster/share/force_torque_sensor_broadcaster/environment/ament_prefix_path.sh
[115.327s] -- Installing: /home/dr/amr-travelobot/ros_ws/src/install/force_torque_sensor_broadcaster/share/force_torque_sensor_broadcaster/environment/ament_prefix_path.dsv
[115.327s] -- Installing: /home/dr/amr-travelobot/ros_ws/src/install/force_torque_sensor_broadcaster/share/force_torque_sensor_broadcaster/environment/path.sh
[115.328s] -- Installing: /home/dr/amr-travelobot/ros_ws/src/install/force_torque_sensor_broadcaster/share/force_torque_sensor_broadcaster/environment/path.dsv
[115.328s] -- Installing: /home/dr/amr-travelobot/ros_ws/src/install/force_torque_sensor_broadcaster/share/force_torque_sensor_broadcaster/local_setup.bash
[115.329s] -- Installing: /home/dr/amr-travelobot/ros_ws/src/install/force_torque_sensor_broadcaster/share/force_torque_sensor_broadcaster/local_setup.sh
[115.329s] -- Installing: /home/dr/amr-travelobot/ros_ws/src/install/force_torque_sensor_broadcaster/share/force_torque_sensor_broadcaster/local_setup.zsh
[115.330s] -- Installing: /home/dr/amr-travelobot/ros_ws/src/install/force_torque_sensor_broadcaster/share/force_torque_sensor_broadcaster/local_setup.dsv
[115.330s] -- Installing: /home/dr/amr-travelobot/ros_ws/src/install/force_torque_sensor_broadcaster/share/force_torque_sensor_broadcaster/package.dsv
[115.332s] -- Installing: /home/dr/amr-travelobot/ros_ws/src/install/force_torque_sensor_broadcaster/share/ament_index/resource_index/packages/force_torque_sensor_broadcaster
[115.335s] -- Installing: /home/dr/amr-travelobot/ros_ws/src/install/force_torque_sensor_broadcaster/share/ament_index/resource_index/controller_interface__pluginlib__plugin/force_torque_sensor_broadcaster
[115.337s] -- Installing: /home/dr/amr-travelobot/ros_ws/src/install/force_torque_sensor_broadcaster/share/force_torque_sensor_broadcaster/cmake/ament_cmake_export_include_directories-extras.cmake
[115.338s] -- Installing: /home/dr/amr-travelobot/ros_ws/src/install/force_torque_sensor_broadcaster/share/force_torque_sensor_broadcaster/cmake/ament_cmake_export_libraries-extras.cmake
[115.340s] -- Installing: /home/dr/amr-travelobot/ros_ws/src/install/force_torque_sensor_broadcaster/share/force_torque_sensor_broadcaster/cmake/ament_cmake_export_dependencies-extras.cmake
[115.342s] -- Installing: /home/dr/amr-travelobot/ros_ws/src/install/force_torque_sensor_broadcaster/share/force_torque_sensor_broadcaster/cmake/force_torque_sensor_broadcasterConfig.cmake
[115.343s] -- Installing: /home/dr/amr-travelobot/ros_ws/src/install/force_torque_sensor_broadcaster/share/force_torque_sensor_broadcaster/cmake/force_torque_sensor_broadcasterConfig-version.cmake
[115.345s] -- Installing: /home/dr/amr-travelobot/ros_ws/src/install/force_torque_sensor_broadcaster/share/force_torque_sensor_broadcaster/package.xml
[115.363s] Invoked command in '/home/dr/amr-travelobot/ros_ws/src/build/force_torque_sensor_broadcaster' returned '0': CMAKE_PREFIX_PATH=${CMAKE_PREFIX_PATH}:/home/dr/amr-travelobot/ros_ws/install/bno055:/opt/ros/foxy /usr/bin/cmake --install /home/dr/amr-travelobot/ros_ws/src/build/force_torque_sensor_broadcaster
