[3.304s] Invoking command in '/home/dr/amr-travelobot/ros_ws/src/bno055': PYTHONPATH=/home/dr/amr-travelobot/ros_ws/install/bno055/lib/python3.8/site-packages:${PYTHONPATH} /usr/bin/python3 setup.py egg_info --egg-base ../../build/bno055 build --build-base /home/dr/amr-travelobot/ros_ws/build/bno055/build install --prefix /home/dr/amr-travelobot/ros_ws/install/bno055 --record /home/dr/amr-travelobot/ros_ws/build/bno055/install.log --single-version-externally-managed
[4.457s] running egg_info
[4.459s] writing ../../build/bno055/bno055.egg-info/PKG-INFO
[4.461s] writing dependency_links to ../../build/bno055/bno055.egg-info/dependency_links.txt
[4.462s] writing entry points to ../../build/bno055/bno055.egg-info/entry_points.txt
[4.462s] writing requirements to ../../build/bno055/bno055.egg-info/requires.txt
[4.463s] writing top-level names to ../../build/bno055/bno055.egg-info/top_level.txt
[4.645s] reading manifest file '../../build/bno055/bno055.egg-info/SOURCES.txt'
[4.651s] writing manifest file '../../build/bno055/bno055.egg-info/SOURCES.txt'
[4.652s] running build
[4.653s] running build_py
[4.659s] running install
[4.664s] running install_lib
[4.673s] running install_data
[4.676s] running install_egg_info
[4.683s] removing '/home/dr/amr-travelobot/ros_ws/install/bno055/lib/python3.8/site-packages/bno055-0.1.0-py3.8.egg-info' (and everything under it)
[4.684s] Copying ../../build/bno055/bno055.egg-info to /home/dr/amr-travelobot/ros_ws/install/bno055/lib/python3.8/site-packages/bno055-0.1.0-py3.8.egg-info
[4.690s] running install_scripts
[4.765s] Installing bno055 script to /home/dr/amr-travelobot/ros_ws/install/bno055/lib/bno055
[4.768s] writing list of installed files to '/home/dr/amr-travelobot/ros_ws/build/bno055/install.log'
[5.005s] Invoked command in '/home/dr/amr-travelobot/ros_ws/src/bno055' returned '0': PYTHONPATH=/home/dr/amr-travelobot/ros_ws/install/bno055/lib/python3.8/site-packages:${PYTHONPATH} /usr/bin/python3 setup.py egg_info --egg-base ../../build/bno055 build --build-base /home/dr/amr-travelobot/ros_ws/build/bno055/build install --prefix /home/dr/amr-travelobot/ros_ws/install/bno055 --record /home/dr/amr-travelobot/ros_ws/build/bno055/install.log --single-version-externally-managed
