[0.902s] DEBUG:colcon:Command line arguments: ['/usr/bin/colcon', 'build']
[0.902s] DEBUG:colcon:Parsed command line arguments: Namespace(allow_overriding=[], ament_cmake_args=None, base_paths=['.'], build_base='build', catkin_cmake_args=None, catkin_skip_building_tests=False, cmake_args=None, cmake_clean_cache=False, cmake_clean_first=False, cmake_force_configure=False, cmake_target=None, cmake_target_skip_unavailable=False, continue_on_error=False, event_handlers=None, executor='parallel', ignore_user_meta=False, install_base='install', log_base=None, log_level=None, main=<bound method BuildVerb.main of <colcon_core.verb.build.BuildVerb object at 0x7f9c002d30>>, merge_install=False, metas=['./colcon.meta'], packages_above=None, packages_above_and_dependencies=None, packages_above_depth=None, packages_end=None, packages_ignore=None, packages_ignore_regex=None, packages_select=None, packages_select_build_failed=False, packages_select_by_dep=None, packages_select_regex=None, packages_select_test_failures=False, packages_skip=None, packages_skip_build_finished=False, packages_skip_by_dep=None, packages_skip_regex=None, packages_skip_test_passed=False, packages_skip_up_to=None, packages_start=None, packages_up_to=None, packages_up_to_regex=None, parallel_workers=4, paths=None, symlink_install=False, test_result_base=None, verb_extension=<colcon_core.verb.build.BuildVerb object at 0x7f9c002d30>, verb_name='build', verb_parser=<colcon_defaults.argument_parser.defaults.DefaultArgumentsDecorator object at 0x7f9be303d0>)
[1.064s] Level 1:colcon.colcon_core.package_discovery:discover_packages(colcon_meta) check parameters
[1.065s] Level 1:colcon.colcon_core.package_discovery:discover_packages(recursive) check parameters
[1.065s] Level 1:colcon.colcon_core.package_discovery:discover_packages(ignore) check parameters
[1.065s] Level 1:colcon.colcon_core.package_discovery:discover_packages(path) check parameters
[1.065s] Level 1:colcon.colcon_core.package_discovery:discover_packages(colcon_meta) discover
[1.066s] Level 1:colcon.colcon_core.package_discovery:discover_packages(recursive) discover
[1.066s] INFO:colcon.colcon_core.package_discovery:Crawling recursively for packages in '/home/dr/amr-travelobot/ros_ws'
[1.066s] Level 1:colcon.colcon_core.package_identification:_identify(.) by extensions ['ignore', 'ignore_ament_install']
[1.067s] Level 1:colcon.colcon_core.package_identification:_identify(.) by extension 'ignore'
[1.067s] Level 1:colcon.colcon_core.package_identification:_identify(.) by extension 'ignore_ament_install'
[1.067s] Level 1:colcon.colcon_core.package_identification:_identify(.) by extensions ['colcon_pkg']
[1.067s] Level 1:colcon.colcon_core.package_identification:_identify(.) by extension 'colcon_pkg'
[1.068s] Level 1:colcon.colcon_core.package_identification:_identify(.) by extensions ['colcon_meta']
[1.068s] Level 1:colcon.colcon_core.package_identification:_identify(.) by extension 'colcon_meta'
[1.068s] Level 1:colcon.colcon_core.package_identification:_identify(.) by extensions ['ros']
[1.068s] Level 1:colcon.colcon_core.package_identification:_identify(.) by extension 'ros'
[1.134s] Level 1:colcon.colcon_core.package_identification:_identify(.) by extensions ['cmake', 'python']
[1.134s] Level 1:colcon.colcon_core.package_identification:_identify(.) by extension 'cmake'
[1.135s] Level 1:colcon.colcon_core.package_identification:_identify(.) by extension 'python'
[1.135s] Level 1:colcon.colcon_core.package_identification:_identify(.) by extensions ['python_setup_py']
[1.135s] Level 1:colcon.colcon_core.package_identification:_identify(.) by extension 'python_setup_py'
[1.136s] Level 1:colcon.colcon_core.package_identification:_identify(build) by extensions ['ignore', 'ignore_ament_install']
[1.136s] Level 1:colcon.colcon_core.package_identification:_identify(build) by extension 'ignore'
[1.136s] Level 1:colcon.colcon_core.package_identification:_identify(build) ignored
[1.137s] Level 1:colcon.colcon_core.package_identification:_identify(install) by extensions ['ignore', 'ignore_ament_install']
[1.137s] Level 1:colcon.colcon_core.package_identification:_identify(install) by extension 'ignore'
[1.137s] Level 1:colcon.colcon_core.package_identification:_identify(install) ignored
[1.138s] Level 1:colcon.colcon_core.package_identification:_identify(log) by extensions ['ignore', 'ignore_ament_install']
[1.138s] Level 1:colcon.colcon_core.package_identification:_identify(log) by extension 'ignore'
[1.138s] Level 1:colcon.colcon_core.package_identification:_identify(log) ignored
[1.139s] Level 1:colcon.colcon_core.package_identification:_identify(src) by extensions ['ignore', 'ignore_ament_install']
[1.139s] Level 1:colcon.colcon_core.package_identification:_identify(src) by extension 'ignore'
[1.140s] Level 1:colcon.colcon_core.package_identification:_identify(src) by extension 'ignore_ament_install'
[1.140s] Level 1:colcon.colcon_core.package_identification:_identify(src) by extensions ['colcon_pkg']
[1.140s] Level 1:colcon.colcon_core.package_identification:_identify(src) by extension 'colcon_pkg'
[1.140s] Level 1:colcon.colcon_core.package_identification:_identify(src) by extensions ['colcon_meta']
[1.140s] Level 1:colcon.colcon_core.package_identification:_identify(src) by extension 'colcon_meta'
[1.141s] Level 1:colcon.colcon_core.package_identification:_identify(src) by extensions ['ros']
[1.141s] Level 1:colcon.colcon_core.package_identification:_identify(src) by extension 'ros'
[1.141s] Level 1:colcon.colcon_core.package_identification:_identify(src) by extensions ['cmake', 'python']
[1.142s] Level 1:colcon.colcon_core.package_identification:_identify(src) by extension 'cmake'
[1.142s] Level 1:colcon.colcon_core.package_identification:_identify(src) by extension 'python'
[1.142s] Level 1:colcon.colcon_core.package_identification:_identify(src) by extensions ['python_setup_py']
[1.142s] Level 1:colcon.colcon_core.package_identification:_identify(src) by extension 'python_setup_py'
[1.143s] Level 1:colcon.colcon_core.package_identification:_identify(src/bno055) by extensions ['ignore', 'ignore_ament_install']
[1.143s] Level 1:colcon.colcon_core.package_identification:_identify(src/bno055) by extension 'ignore'
[1.143s] Level 1:colcon.colcon_core.package_identification:_identify(src/bno055) by extension 'ignore_ament_install'
[1.144s] Level 1:colcon.colcon_core.package_identification:_identify(src/bno055) by extensions ['colcon_pkg']
[1.144s] Level 1:colcon.colcon_core.package_identification:_identify(src/bno055) by extension 'colcon_pkg'
[1.144s] Level 1:colcon.colcon_core.package_identification:_identify(src/bno055) by extensions ['colcon_meta']
[1.144s] Level 1:colcon.colcon_core.package_identification:_identify(src/bno055) by extension 'colcon_meta'
[1.144s] Level 1:colcon.colcon_core.package_identification:_identify(src/bno055) by extensions ['ros']
[1.145s] Level 1:colcon.colcon_core.package_identification:_identify(src/bno055) by extension 'ros'
[1.156s] DEBUG:colcon.colcon_core.package_identification:Package 'src/bno055' with type 'ros.ament_python' and name 'bno055'
[1.158s] Level 1:colcon.colcon_core.package_identification:_identify(src/build) by extensions ['ignore', 'ignore_ament_install']
[1.159s] Level 1:colcon.colcon_core.package_identification:_identify(src/build) by extension 'ignore'
[1.159s] Level 1:colcon.colcon_core.package_identification:_identify(src/build) ignored
[1.160s] Level 1:colcon.colcon_core.package_identification:_identify(src/install) by extensions ['ignore', 'ignore_ament_install']
[1.160s] Level 1:colcon.colcon_core.package_identification:_identify(src/install) by extension 'ignore'
[1.160s] Level 1:colcon.colcon_core.package_identification:_identify(src/install) ignored
[1.162s] Level 1:colcon.colcon_core.package_identification:_identify(src/log) by extensions ['ignore', 'ignore_ament_install']
[1.164s] Level 1:colcon.colcon_core.package_identification:_identify(src/log) by extension 'ignore'
[1.165s] Level 1:colcon.colcon_core.package_identification:_identify(src/log) ignored
[1.166s] Level 1:colcon.colcon_core.package_identification:_identify(src/odrive_ros2_control) by extensions ['ignore', 'ignore_ament_install']
[1.166s] Level 1:colcon.colcon_core.package_identification:_identify(src/odrive_ros2_control) by extension 'ignore'
[1.166s] Level 1:colcon.colcon_core.package_identification:_identify(src/odrive_ros2_control) by extension 'ignore_ament_install'
[1.166s] Level 1:colcon.colcon_core.package_identification:_identify(src/odrive_ros2_control) by extensions ['colcon_pkg']
[1.167s] Level 1:colcon.colcon_core.package_identification:_identify(src/odrive_ros2_control) by extension 'colcon_pkg'
[1.167s] Level 1:colcon.colcon_core.package_identification:_identify(src/odrive_ros2_control) by extensions ['colcon_meta']
[1.167s] Level 1:colcon.colcon_core.package_identification:_identify(src/odrive_ros2_control) by extension 'colcon_meta'
[1.167s] Level 1:colcon.colcon_core.package_identification:_identify(src/odrive_ros2_control) by extensions ['ros']
[1.167s] Level 1:colcon.colcon_core.package_identification:_identify(src/odrive_ros2_control) by extension 'ros'
[1.168s] Level 1:colcon.colcon_core.package_identification:_identify(src/odrive_ros2_control) by extensions ['cmake', 'python']
[1.168s] Level 1:colcon.colcon_core.package_identification:_identify(src/odrive_ros2_control) by extension 'cmake'
[1.168s] Level 1:colcon.colcon_core.package_identification:_identify(src/odrive_ros2_control) by extension 'python'
[1.168s] Level 1:colcon.colcon_core.package_identification:_identify(src/odrive_ros2_control) by extensions ['python_setup_py']
[1.168s] Level 1:colcon.colcon_core.package_identification:_identify(src/odrive_ros2_control) by extension 'python_setup_py'
[1.169s] Level 1:colcon.colcon_core.package_identification:_identify(src/odrive_ros2_control/odrive_bringup) by extensions ['ignore', 'ignore_ament_install']
[1.169s] Level 1:colcon.colcon_core.package_identification:_identify(src/odrive_ros2_control/odrive_bringup) by extension 'ignore'
[1.169s] Level 1:colcon.colcon_core.package_identification:_identify(src/odrive_ros2_control/odrive_bringup) by extension 'ignore_ament_install'
[1.170s] Level 1:colcon.colcon_core.package_identification:_identify(src/odrive_ros2_control/odrive_bringup) by extensions ['colcon_pkg']
[1.170s] Level 1:colcon.colcon_core.package_identification:_identify(src/odrive_ros2_control/odrive_bringup) by extension 'colcon_pkg'
[1.170s] Level 1:colcon.colcon_core.package_identification:_identify(src/odrive_ros2_control/odrive_bringup) by extensions ['colcon_meta']
[1.170s] Level 1:colcon.colcon_core.package_identification:_identify(src/odrive_ros2_control/odrive_bringup) by extension 'colcon_meta'
[1.170s] Level 1:colcon.colcon_core.package_identification:_identify(src/odrive_ros2_control/odrive_bringup) by extensions ['ros']
[1.170s] Level 1:colcon.colcon_core.package_identification:_identify(src/odrive_ros2_control/odrive_bringup) by extension 'ros'
[1.173s] DEBUG:colcon.colcon_core.package_identification:Package 'src/odrive_ros2_control/odrive_bringup' with type 'ros.ament_cmake' and name 'odrive_bringup'
[1.174s] Level 1:colcon.colcon_core.package_identification:_identify(src/odrive_ros2_control/odrive_description) by extensions ['ignore', 'ignore_ament_install']
[1.174s] Level 1:colcon.colcon_core.package_identification:_identify(src/odrive_ros2_control/odrive_description) by extension 'ignore'
[1.174s] Level 1:colcon.colcon_core.package_identification:_identify(src/odrive_ros2_control/odrive_description) by extension 'ignore_ament_install'
[1.174s] Level 1:colcon.colcon_core.package_identification:_identify(src/odrive_ros2_control/odrive_description) by extensions ['colcon_pkg']
[1.175s] Level 1:colcon.colcon_core.package_identification:_identify(src/odrive_ros2_control/odrive_description) by extension 'colcon_pkg'
[1.175s] Level 1:colcon.colcon_core.package_identification:_identify(src/odrive_ros2_control/odrive_description) by extensions ['colcon_meta']
[1.175s] Level 1:colcon.colcon_core.package_identification:_identify(src/odrive_ros2_control/odrive_description) by extension 'colcon_meta'
[1.175s] Level 1:colcon.colcon_core.package_identification:_identify(src/odrive_ros2_control/odrive_description) by extensions ['ros']
[1.175s] Level 1:colcon.colcon_core.package_identification:_identify(src/odrive_ros2_control/odrive_description) by extension 'ros'
[1.177s] DEBUG:colcon.colcon_core.package_identification:Package 'src/odrive_ros2_control/odrive_description' with type 'ros.ament_cmake' and name 'odrive_description'
[1.178s] Level 1:colcon.colcon_core.package_identification:_identify(src/odrive_ros2_control/odrive_hardware_interface) by extensions ['ignore', 'ignore_ament_install']
[1.178s] Level 1:colcon.colcon_core.package_identification:_identify(src/odrive_ros2_control/odrive_hardware_interface) by extension 'ignore'
[1.178s] Level 1:colcon.colcon_core.package_identification:_identify(src/odrive_ros2_control/odrive_hardware_interface) by extension 'ignore_ament_install'
[1.179s] Level 1:colcon.colcon_core.package_identification:_identify(src/odrive_ros2_control/odrive_hardware_interface) by extensions ['colcon_pkg']
[1.179s] Level 1:colcon.colcon_core.package_identification:_identify(src/odrive_ros2_control/odrive_hardware_interface) by extension 'colcon_pkg'
[1.179s] Level 1:colcon.colcon_core.package_identification:_identify(src/odrive_ros2_control/odrive_hardware_interface) by extensions ['colcon_meta']
[1.179s] Level 1:colcon.colcon_core.package_identification:_identify(src/odrive_ros2_control/odrive_hardware_interface) by extension 'colcon_meta'
[1.179s] Level 1:colcon.colcon_core.package_identification:_identify(src/odrive_ros2_control/odrive_hardware_interface) by extensions ['ros']
[1.180s] Level 1:colcon.colcon_core.package_identification:_identify(src/odrive_ros2_control/odrive_hardware_interface) by extension 'ros'
[1.183s] DEBUG:colcon.colcon_core.package_identification:Package 'src/odrive_ros2_control/odrive_hardware_interface' with type 'ros.ament_cmake' and name 'odrive_hardware_interface'
[1.183s] Level 1:colcon.colcon_core.package_identification:_identify(src/odrive_ros2_control/odrive_ros2_control) by extensions ['ignore', 'ignore_ament_install']
[1.184s] Level 1:colcon.colcon_core.package_identification:_identify(src/odrive_ros2_control/odrive_ros2_control) by extension 'ignore'
[1.184s] Level 1:colcon.colcon_core.package_identification:_identify(src/odrive_ros2_control/odrive_ros2_control) by extension 'ignore_ament_install'
[1.184s] Level 1:colcon.colcon_core.package_identification:_identify(src/odrive_ros2_control/odrive_ros2_control) by extensions ['colcon_pkg']
[1.185s] Level 1:colcon.colcon_core.package_identification:_identify(src/odrive_ros2_control/odrive_ros2_control) by extension 'colcon_pkg'
[1.185s] Level 1:colcon.colcon_core.package_identification:_identify(src/odrive_ros2_control/odrive_ros2_control) by extensions ['colcon_meta']
[1.185s] Level 1:colcon.colcon_core.package_identification:_identify(src/odrive_ros2_control/odrive_ros2_control) by extension 'colcon_meta'
[1.185s] Level 1:colcon.colcon_core.package_identification:_identify(src/odrive_ros2_control/odrive_ros2_control) by extensions ['ros']
[1.185s] Level 1:colcon.colcon_core.package_identification:_identify(src/odrive_ros2_control/odrive_ros2_control) by extension 'ros'
[1.187s] DEBUG:colcon.colcon_core.package_identification:Package 'src/odrive_ros2_control/odrive_ros2_control' with type 'ros.ament_cmake' and name 'odrive_ros2_control'
[1.188s] Level 1:colcon.colcon_core.package_identification:_identify(src/ros_tutorials) by extensions ['ignore', 'ignore_ament_install']
[1.189s] Level 1:colcon.colcon_core.package_identification:_identify(src/ros_tutorials) by extension 'ignore'
[1.189s] Level 1:colcon.colcon_core.package_identification:_identify(src/ros_tutorials) by extension 'ignore_ament_install'
[1.189s] Level 1:colcon.colcon_core.package_identification:_identify(src/ros_tutorials) by extensions ['colcon_pkg']
[1.189s] Level 1:colcon.colcon_core.package_identification:_identify(src/ros_tutorials) by extension 'colcon_pkg'
[1.190s] Level 1:colcon.colcon_core.package_identification:_identify(src/ros_tutorials) by extensions ['colcon_meta']
[1.190s] Level 1:colcon.colcon_core.package_identification:_identify(src/ros_tutorials) by extension 'colcon_meta'
[1.190s] Level 1:colcon.colcon_core.package_identification:_identify(src/ros_tutorials) by extensions ['ros']
[1.190s] Level 1:colcon.colcon_core.package_identification:_identify(src/ros_tutorials) by extension 'ros'
[1.191s] Level 1:colcon.colcon_core.package_identification:_identify(src/ros_tutorials) by extensions ['cmake', 'python']
[1.191s] Level 1:colcon.colcon_core.package_identification:_identify(src/ros_tutorials) by extension 'cmake'
[1.191s] Level 1:colcon.colcon_core.package_identification:_identify(src/ros_tutorials) by extension 'python'
[1.191s] Level 1:colcon.colcon_core.package_identification:_identify(src/ros_tutorials) by extensions ['python_setup_py']
[1.191s] Level 1:colcon.colcon_core.package_identification:_identify(src/ros_tutorials) by extension 'python_setup_py'
[1.193s] Level 1:colcon.colcon_core.package_identification:_identify(src/ros_tutorials/ros_tutorials) by extensions ['ignore', 'ignore_ament_install']
[1.195s] Level 1:colcon.colcon_core.package_identification:_identify(src/ros_tutorials/ros_tutorials) by extension 'ignore'
[1.197s] Level 1:colcon.colcon_core.package_identification:_identify(src/ros_tutorials/ros_tutorials) ignored
[1.198s] Level 1:colcon.colcon_core.package_identification:_identify(src/ros_tutorials/roscpp_tutorials) by extensions ['ignore', 'ignore_ament_install']
[1.198s] Level 1:colcon.colcon_core.package_identification:_identify(src/ros_tutorials/roscpp_tutorials) by extension 'ignore'
[1.198s] Level 1:colcon.colcon_core.package_identification:_identify(src/ros_tutorials/roscpp_tutorials) ignored
[1.200s] Level 1:colcon.colcon_core.package_identification:_identify(src/ros_tutorials/rospy_tutorials) by extensions ['ignore', 'ignore_ament_install']
[1.201s] Level 1:colcon.colcon_core.package_identification:_identify(src/ros_tutorials/rospy_tutorials) by extension 'ignore'
[1.201s] Level 1:colcon.colcon_core.package_identification:_identify(src/ros_tutorials/rospy_tutorials) ignored
[1.202s] Level 1:colcon.colcon_core.package_identification:_identify(src/ros_tutorials/turtlesim) by extensions ['ignore', 'ignore_ament_install']
[1.203s] Level 1:colcon.colcon_core.package_identification:_identify(src/ros_tutorials/turtlesim) by extension 'ignore'
[1.203s] Level 1:colcon.colcon_core.package_identification:_identify(src/ros_tutorials/turtlesim) by extension 'ignore_ament_install'
[1.203s] Level 1:colcon.colcon_core.package_identification:_identify(src/ros_tutorials/turtlesim) by extensions ['colcon_pkg']
[1.203s] Level 1:colcon.colcon_core.package_identification:_identify(src/ros_tutorials/turtlesim) by extension 'colcon_pkg'
[1.204s] Level 1:colcon.colcon_core.package_identification:_identify(src/ros_tutorials/turtlesim) by extensions ['colcon_meta']
[1.204s] Level 1:colcon.colcon_core.package_identification:_identify(src/ros_tutorials/turtlesim) by extension 'colcon_meta'
[1.204s] Level 1:colcon.colcon_core.package_identification:_identify(src/ros_tutorials/turtlesim) by extensions ['ros']
[1.204s] Level 1:colcon.colcon_core.package_identification:_identify(src/ros_tutorials/turtlesim) by extension 'ros'
[1.213s] DEBUG:colcon.colcon_core.package_identification:Package 'src/ros_tutorials/turtlesim' with type 'ros.ament_cmake' and name 'turtlesim'
[1.214s] Level 1:colcon.colcon_core.package_identification:_identify(src/rosbot_bringup) by extensions ['ignore', 'ignore_ament_install']
[1.215s] Level 1:colcon.colcon_core.package_identification:_identify(src/rosbot_bringup) by extension 'ignore'
[1.215s] Level 1:colcon.colcon_core.package_identification:_identify(src/rosbot_bringup) by extension 'ignore_ament_install'
[1.216s] Level 1:colcon.colcon_core.package_identification:_identify(src/rosbot_bringup) by extensions ['colcon_pkg']
[1.216s] Level 1:colcon.colcon_core.package_identification:_identify(src/rosbot_bringup) by extension 'colcon_pkg'
[1.217s] Level 1:colcon.colcon_core.package_identification:_identify(src/rosbot_bringup) by extensions ['colcon_meta']
[1.217s] Level 1:colcon.colcon_core.package_identification:_identify(src/rosbot_bringup) by extension 'colcon_meta'
[1.217s] Level 1:colcon.colcon_core.package_identification:_identify(src/rosbot_bringup) by extensions ['ros']
[1.217s] Level 1:colcon.colcon_core.package_identification:_identify(src/rosbot_bringup) by extension 'ros'
[1.220s] DEBUG:colcon.colcon_core.package_identification:Package 'src/rosbot_bringup' with type 'ros.ament_cmake' and name 'rosbot_bringup'
[1.221s] Level 1:colcon.colcon_core.package_identification:_identify(src/rosbot_description) by extensions ['ignore', 'ignore_ament_install']
[1.222s] Level 1:colcon.colcon_core.package_identification:_identify(src/rosbot_description) by extension 'ignore'
[1.222s] Level 1:colcon.colcon_core.package_identification:_identify(src/rosbot_description) by extension 'ignore_ament_install'
[1.222s] Level 1:colcon.colcon_core.package_identification:_identify(src/rosbot_description) by extensions ['colcon_pkg']
[1.222s] Level 1:colcon.colcon_core.package_identification:_identify(src/rosbot_description) by extension 'colcon_pkg'
[1.223s] Level 1:colcon.colcon_core.package_identification:_identify(src/rosbot_description) by extensions ['colcon_meta']
[1.223s] Level 1:colcon.colcon_core.package_identification:_identify(src/rosbot_description) by extension 'colcon_meta'
[1.223s] Level 1:colcon.colcon_core.package_identification:_identify(src/rosbot_description) by extensions ['ros']
[1.223s] Level 1:colcon.colcon_core.package_identification:_identify(src/rosbot_description) by extension 'ros'
[1.225s] DEBUG:colcon.colcon_core.package_identification:Package 'src/rosbot_description' with type 'ros.ament_cmake' and name 'rosbot_description'
[1.226s] Level 1:colcon.colcon_core.package_identification:_identify(src/rplidar_ros) by extensions ['ignore', 'ignore_ament_install']
[1.226s] Level 1:colcon.colcon_core.package_identification:_identify(src/rplidar_ros) by extension 'ignore'
[1.226s] Level 1:colcon.colcon_core.package_identification:_identify(src/rplidar_ros) by extension 'ignore_ament_install'
[1.227s] Level 1:colcon.colcon_core.package_identification:_identify(src/rplidar_ros) by extensions ['colcon_pkg']
[1.227s] Level 1:colcon.colcon_core.package_identification:_identify(src/rplidar_ros) by extension 'colcon_pkg'
[1.227s] Level 1:colcon.colcon_core.package_identification:_identify(src/rplidar_ros) by extensions ['colcon_meta']
[1.227s] Level 1:colcon.colcon_core.package_identification:_identify(src/rplidar_ros) by extension 'colcon_meta'
[1.227s] Level 1:colcon.colcon_core.package_identification:_identify(src/rplidar_ros) by extensions ['ros']
[1.228s] Level 1:colcon.colcon_core.package_identification:_identify(src/rplidar_ros) by extension 'ros'
[1.234s] DEBUG:colcon.colcon_core.package_identification:Package 'src/rplidar_ros' with type 'ros.ament_cmake' and name 'rplidar_ros2'
[1.235s] Level 1:colcon.colcon_core.package_identification:_identify(src/teleop_twist_joy) by extensions ['ignore', 'ignore_ament_install']
[1.236s] Level 1:colcon.colcon_core.package_identification:_identify(src/teleop_twist_joy) by extension 'ignore'
[1.236s] Level 1:colcon.colcon_core.package_identification:_identify(src/teleop_twist_joy) by extension 'ignore_ament_install'
[1.236s] Level 1:colcon.colcon_core.package_identification:_identify(src/teleop_twist_joy) by extensions ['colcon_pkg']
[1.236s] Level 1:colcon.colcon_core.package_identification:_identify(src/teleop_twist_joy) by extension 'colcon_pkg'
[1.237s] Level 1:colcon.colcon_core.package_identification:_identify(src/teleop_twist_joy) by extensions ['colcon_meta']
[1.237s] Level 1:colcon.colcon_core.package_identification:_identify(src/teleop_twist_joy) by extension 'colcon_meta'
[1.237s] Level 1:colcon.colcon_core.package_identification:_identify(src/teleop_twist_joy) by extensions ['ros']
[1.237s] Level 1:colcon.colcon_core.package_identification:_identify(src/teleop_twist_joy) by extension 'ros'
[1.244s] DEBUG:colcon.colcon_core.package_identification:Package 'src/teleop_twist_joy' with type 'ros.ament_cmake' and name 'teleop_twist_joy'
[1.244s] Level 1:colcon.colcon_core.package_discovery:discover_packages(recursive) using defaults
[1.245s] Level 1:colcon.colcon_core.package_discovery:discover_packages(ignore) discover
[1.245s] Level 1:colcon.colcon_core.package_discovery:discover_packages(ignore) using defaults
[1.245s] Level 1:colcon.colcon_core.package_discovery:discover_packages(path) discover
[1.245s] Level 1:colcon.colcon_core.package_discovery:discover_packages(path) using defaults
[1.397s] Level 1:colcon.colcon_core.package_discovery:discover_packages(prefix_path) check parameters
[1.398s] Level 1:colcon.colcon_core.package_discovery:discover_packages(prefix_path) discover
[1.408s] WARNING:colcon.colcon_ros.prefix_path.ament:The path '/home/dr/amr-travelobot/ros_ws/install/turtlesim' in the environment variable AMENT_PREFIX_PATH doesn't exist
[1.408s] WARNING:colcon.colcon_ros.prefix_path.ament:The path '/home/dr/amr-travelobot/ros_ws/install/rosbot_bringup' in the environment variable AMENT_PREFIX_PATH doesn't exist
[1.409s] WARNING:colcon.colcon_ros.prefix_path.ament:The path '/home/dr/amr-travelobot/ros_ws/install/teleop_twist_joy' in the environment variable AMENT_PREFIX_PATH doesn't exist
[1.409s] WARNING:colcon.colcon_ros.prefix_path.ament:The path '/home/dr/amr-travelobot/ros_ws/install/rplidar_ros2' in the environment variable AMENT_PREFIX_PATH doesn't exist
[1.409s] WARNING:colcon.colcon_ros.prefix_path.ament:The path '/home/dr/amr-travelobot/ros_ws/install/rosbot_description' in the environment variable AMENT_PREFIX_PATH doesn't exist
[1.409s] WARNING:colcon.colcon_ros.prefix_path.ament:The path '/home/dr/amr-travelobot/ros_ws/install/odrive_ros2_control' in the environment variable AMENT_PREFIX_PATH doesn't exist
[1.410s] WARNING:colcon.colcon_ros.prefix_path.ament:The path '/home/dr/amr-travelobot/ros_ws/install/odrive_hardware_interface' in the environment variable AMENT_PREFIX_PATH doesn't exist
[1.410s] WARNING:colcon.colcon_ros.prefix_path.ament:The path '/home/dr/amr-travelobot/ros_ws/install/odrive_bringup' in the environment variable AMENT_PREFIX_PATH doesn't exist
[1.410s] WARNING:colcon.colcon_ros.prefix_path.ament:The path '/home/dr/amr-travelobot/ros_ws/install/odrive_description' in the environment variable AMENT_PREFIX_PATH doesn't exist
[1.410s] WARNING:colcon.colcon_ros.prefix_path.ament:The path '/home/dr/amr-travelobot/ros_ws/install/joint_state_controller' in the environment variable AMENT_PREFIX_PATH doesn't exist
[1.410s] WARNING:colcon.colcon_ros.prefix_path.ament:The path '/home/dr/amr-travelobot/ros_ws/install/joint_state_broadcaster' in the environment variable AMENT_PREFIX_PATH doesn't exist
[1.410s] WARNING:colcon.colcon_ros.prefix_path.ament:The path '/home/dr/amr-travelobot/ros_ws/install/imu_sensor_broadcaster' in the environment variable AMENT_PREFIX_PATH doesn't exist
[1.411s] WARNING:colcon.colcon_ros.prefix_path.ament:The path '/home/dr/amr-travelobot/ros_ws/install/effort_controllers' in the environment variable AMENT_PREFIX_PATH doesn't exist
[1.411s] WARNING:colcon.colcon_ros.prefix_path.ament:The path '/home/dr/amr-travelobot/ros_ws/install/forward_command_controller' in the environment variable AMENT_PREFIX_PATH doesn't exist
[1.411s] WARNING:colcon.colcon_ros.prefix_path.ament:The path '/home/dr/amr-travelobot/ros_ws/install/force_torque_sensor_broadcaster' in the environment variable AMENT_PREFIX_PATH doesn't exist
[1.411s] WARNING:colcon.colcon_ros.prefix_path.ament:The path '/home/dr/amr-travelobot/ros_ws/install/diff_drive_controller' in the environment variable AMENT_PREFIX_PATH doesn't exist
[1.411s] WARNING:colcon.colcon_ros.prefix_path.ament:The path '/home/dr/amr-travelobot/ros_ws/install/bno055' in the environment variable AMENT_PREFIX_PATH doesn't exist
[1.412s] WARNING:colcon.colcon_ros.prefix_path.catkin:The path '/home/dr/amr-travelobot/ros_ws/install/turtlesim' in the environment variable CMAKE_PREFIX_PATH doesn't exist
[1.412s] WARNING:colcon.colcon_ros.prefix_path.catkin:The path '/home/dr/amr-travelobot/ros_ws/install/rosbot_bringup' in the environment variable CMAKE_PREFIX_PATH doesn't exist
[1.412s] WARNING:colcon.colcon_ros.prefix_path.catkin:The path '/home/dr/amr-travelobot/ros_ws/install/teleop_twist_joy' in the environment variable CMAKE_PREFIX_PATH doesn't exist
[1.412s] WARNING:colcon.colcon_ros.prefix_path.catkin:The path '/home/dr/amr-travelobot/ros_ws/install/rplidar_ros2' in the environment variable CMAKE_PREFIX_PATH doesn't exist
[1.413s] WARNING:colcon.colcon_ros.prefix_path.catkin:The path '/home/dr/amr-travelobot/ros_ws/install/rosbot_description' in the environment variable CMAKE_PREFIX_PATH doesn't exist
[1.413s] WARNING:colcon.colcon_ros.prefix_path.catkin:The path '/home/dr/amr-travelobot/ros_ws/install/odrive_ros2_control' in the environment variable CMAKE_PREFIX_PATH doesn't exist
[1.413s] WARNING:colcon.colcon_ros.prefix_path.catkin:The path '/home/dr/amr-travelobot/ros_ws/install/odrive_hardware_interface' in the environment variable CMAKE_PREFIX_PATH doesn't exist
[1.413s] WARNING:colcon.colcon_ros.prefix_path.catkin:The path '/home/dr/amr-travelobot/ros_ws/install/odrive_bringup' in the environment variable CMAKE_PREFIX_PATH doesn't exist
[1.413s] WARNING:colcon.colcon_ros.prefix_path.catkin:The path '/home/dr/amr-travelobot/ros_ws/install/odrive_description' in the environment variable CMAKE_PREFIX_PATH doesn't exist
[1.414s] WARNING:colcon.colcon_ros.prefix_path.catkin:The path '/home/dr/amr-travelobot/ros_ws/install/joint_state_controller' in the environment variable CMAKE_PREFIX_PATH doesn't exist
[1.414s] WARNING:colcon.colcon_ros.prefix_path.catkin:The path '/home/dr/amr-travelobot/ros_ws/install/joint_state_broadcaster' in the environment variable CMAKE_PREFIX_PATH doesn't exist
[1.414s] WARNING:colcon.colcon_ros.prefix_path.catkin:The path '/home/dr/amr-travelobot/ros_ws/install/imu_sensor_broadcaster' in the environment variable CMAKE_PREFIX_PATH doesn't exist
[1.414s] WARNING:colcon.colcon_ros.prefix_path.catkin:The path '/home/dr/amr-travelobot/ros_ws/install/effort_controllers' in the environment variable CMAKE_PREFIX_PATH doesn't exist
[1.414s] WARNING:colcon.colcon_ros.prefix_path.catkin:The path '/home/dr/amr-travelobot/ros_ws/install/forward_command_controller' in the environment variable CMAKE_PREFIX_PATH doesn't exist
[1.414s] WARNING:colcon.colcon_ros.prefix_path.catkin:The path '/home/dr/amr-travelobot/ros_ws/install/force_torque_sensor_broadcaster' in the environment variable CMAKE_PREFIX_PATH doesn't exist
[1.415s] WARNING:colcon.colcon_ros.prefix_path.catkin:The path '/home/dr/amr-travelobot/ros_ws/install/diff_drive_controller' in the environment variable CMAKE_PREFIX_PATH doesn't exist
[1.421s] DEBUG:colcon.colcon_installed_package_information.package_discovery:Found 0 installed packages in /home/dr/amr-travelobot/ros_ws/install
[1.432s] DEBUG:colcon.colcon_installed_package_information.package_discovery:Found 299 installed packages in /opt/ros/galactic
[1.442s] Level 1:colcon.colcon_core.package_discovery:discover_packages(prefix_path) using defaults
[1.986s] WARNING:colcon.colcon_core.package_selection:Some selected packages are already built in one or more underlay workspaces:
	'teleop_twist_joy' is in: /opt/ros/galactic
	'turtlesim' is in: /opt/ros/galactic
If a package in a merged underlay workspace is overridden and it installs headers, then all packages in the overlay must sort their include directories by workspace order. Failure to do so may result in build failures or undefined behavior at run time.
If the overridden package is used by another package in any underlay, then the overriding package in the overlay must be API and ABI compatible or undefined behavior at run time may occur.

If you understand the risks and want to override a package anyways, add the following to the command line:
	--allow-overriding teleop_twist_joy turtlesim

This may be promoted to an error in a future release of colcon-override-check.
[1.992s] Level 5:colcon.colcon_core.verb:set package 'bno055' build argument 'cmake_args' from command line to 'None'
[1.993s] Level 5:colcon.colcon_core.verb:set package 'bno055' build argument 'cmake_target' from command line to 'None'
[1.993s] Level 5:colcon.colcon_core.verb:set package 'bno055' build argument 'cmake_target_skip_unavailable' from command line to 'False'
[1.993s] Level 5:colcon.colcon_core.verb:set package 'bno055' build argument 'cmake_clean_cache' from command line to 'False'
[1.993s] Level 5:colcon.colcon_core.verb:set package 'bno055' build argument 'cmake_clean_first' from command line to 'False'
[1.993s] Level 5:colcon.colcon_core.verb:set package 'bno055' build argument 'cmake_force_configure' from command line to 'False'
[1.993s] Level 5:colcon.colcon_core.verb:set package 'bno055' build argument 'ament_cmake_args' from command line to 'None'
[1.993s] Level 5:colcon.colcon_core.verb:set package 'bno055' build argument 'catkin_cmake_args' from command line to 'None'
[1.994s] Level 5:colcon.colcon_core.verb:set package 'bno055' build argument 'catkin_skip_building_tests' from command line to 'False'
[1.994s] DEBUG:colcon.colcon_core.verb:Building package 'bno055' with the following arguments: {'ament_cmake_args': None, 'build_base': '/home/dr/amr-travelobot/ros_ws/build/bno055', 'catkin_cmake_args': None, 'catkin_skip_building_tests': False, 'cmake_args': None, 'cmake_clean_cache': False, 'cmake_clean_first': False, 'cmake_force_configure': False, 'cmake_target': None, 'cmake_target_skip_unavailable': False, 'install_base': '/home/dr/amr-travelobot/ros_ws/install/bno055', 'merge_install': False, 'path': '/home/dr/amr-travelobot/ros_ws/src/bno055', 'symlink_install': False, 'test_result_base': None}
[1.999s] Level 5:colcon.colcon_core.verb:set package 'odrive_description' build argument 'cmake_args' from command line to 'None'
[1.999s] Level 5:colcon.colcon_core.verb:set package 'odrive_description' build argument 'cmake_target' from command line to 'None'
[2.000s] Level 5:colcon.colcon_core.verb:set package 'odrive_description' build argument 'cmake_target_skip_unavailable' from command line to 'False'
[2.000s] Level 5:colcon.colcon_core.verb:set package 'odrive_description' build argument 'cmake_clean_cache' from command line to 'False'
[2.000s] Level 5:colcon.colcon_core.verb:set package 'odrive_description' build argument 'cmake_clean_first' from command line to 'False'
[2.000s] Level 5:colcon.colcon_core.verb:set package 'odrive_description' build argument 'cmake_force_configure' from command line to 'False'
[2.000s] Level 5:colcon.colcon_core.verb:set package 'odrive_description' build argument 'ament_cmake_args' from command line to 'None'
[2.000s] Level 5:colcon.colcon_core.verb:set package 'odrive_description' build argument 'catkin_cmake_args' from command line to 'None'
[2.000s] Level 5:colcon.colcon_core.verb:set package 'odrive_description' build argument 'catkin_skip_building_tests' from command line to 'False'
[2.001s] DEBUG:colcon.colcon_core.verb:Building package 'odrive_description' with the following arguments: {'ament_cmake_args': None, 'build_base': '/home/dr/amr-travelobot/ros_ws/build/odrive_description', 'catkin_cmake_args': None, 'catkin_skip_building_tests': False, 'cmake_args': None, 'cmake_clean_cache': False, 'cmake_clean_first': False, 'cmake_force_configure': False, 'cmake_target': None, 'cmake_target_skip_unavailable': False, 'install_base': '/home/dr/amr-travelobot/ros_ws/install/odrive_description', 'merge_install': False, 'path': '/home/dr/amr-travelobot/ros_ws/src/odrive_ros2_control/odrive_description', 'symlink_install': False, 'test_result_base': None}
[2.006s] Level 5:colcon.colcon_core.verb:set package 'odrive_hardware_interface' build argument 'cmake_args' from command line to 'None'
[2.007s] Level 5:colcon.colcon_core.verb:set package 'odrive_hardware_interface' build argument 'cmake_target' from command line to 'None'
[2.007s] Level 5:colcon.colcon_core.verb:set package 'odrive_hardware_interface' build argument 'cmake_target_skip_unavailable' from command line to 'False'
[2.007s] Level 5:colcon.colcon_core.verb:set package 'odrive_hardware_interface' build argument 'cmake_clean_cache' from command line to 'False'
[2.007s] Level 5:colcon.colcon_core.verb:set package 'odrive_hardware_interface' build argument 'cmake_clean_first' from command line to 'False'
[2.008s] Level 5:colcon.colcon_core.verb:set package 'odrive_hardware_interface' build argument 'cmake_force_configure' from command line to 'False'
[2.008s] Level 5:colcon.colcon_core.verb:set package 'odrive_hardware_interface' build argument 'ament_cmake_args' from command line to 'None'
[2.008s] Level 5:colcon.colcon_core.verb:set package 'odrive_hardware_interface' build argument 'catkin_cmake_args' from command line to 'None'
[2.008s] Level 5:colcon.colcon_core.verb:set package 'odrive_hardware_interface' build argument 'catkin_skip_building_tests' from command line to 'False'
[2.008s] DEBUG:colcon.colcon_core.verb:Building package 'odrive_hardware_interface' with the following arguments: {'ament_cmake_args': None, 'build_base': '/home/dr/amr-travelobot/ros_ws/build/odrive_hardware_interface', 'catkin_cmake_args': None, 'catkin_skip_building_tests': False, 'cmake_args': None, 'cmake_clean_cache': False, 'cmake_clean_first': False, 'cmake_force_configure': False, 'cmake_target': None, 'cmake_target_skip_unavailable': False, 'install_base': '/home/dr/amr-travelobot/ros_ws/install/odrive_hardware_interface', 'merge_install': False, 'path': '/home/dr/amr-travelobot/ros_ws/src/odrive_ros2_control/odrive_hardware_interface', 'symlink_install': False, 'test_result_base': None}
[2.020s] Level 5:colcon.colcon_core.verb:set package 'rosbot_description' build argument 'cmake_args' from command line to 'None'
[2.020s] Level 5:colcon.colcon_core.verb:set package 'rosbot_description' build argument 'cmake_target' from command line to 'None'
[2.021s] Level 5:colcon.colcon_core.verb:set package 'rosbot_description' build argument 'cmake_target_skip_unavailable' from command line to 'False'
[2.021s] Level 5:colcon.colcon_core.verb:set package 'rosbot_description' build argument 'cmake_clean_cache' from command line to 'False'
[2.021s] Level 5:colcon.colcon_core.verb:set package 'rosbot_description' build argument 'cmake_clean_first' from command line to 'False'
[2.021s] Level 5:colcon.colcon_core.verb:set package 'rosbot_description' build argument 'cmake_force_configure' from command line to 'False'
[2.022s] Level 5:colcon.colcon_core.verb:set package 'rosbot_description' build argument 'ament_cmake_args' from command line to 'None'
[2.022s] Level 5:colcon.colcon_core.verb:set package 'rosbot_description' build argument 'catkin_cmake_args' from command line to 'None'
[2.022s] Level 5:colcon.colcon_core.verb:set package 'rosbot_description' build argument 'catkin_skip_building_tests' from command line to 'False'
[2.022s] DEBUG:colcon.colcon_core.verb:Building package 'rosbot_description' with the following arguments: {'ament_cmake_args': None, 'build_base': '/home/dr/amr-travelobot/ros_ws/build/rosbot_description', 'catkin_cmake_args': None, 'catkin_skip_building_tests': False, 'cmake_args': None, 'cmake_clean_cache': False, 'cmake_clean_first': False, 'cmake_force_configure': False, 'cmake_target': None, 'cmake_target_skip_unavailable': False, 'install_base': '/home/dr/amr-travelobot/ros_ws/install/rosbot_description', 'merge_install': False, 'path': '/home/dr/amr-travelobot/ros_ws/src/rosbot_description', 'symlink_install': False, 'test_result_base': None}
[2.029s] Level 5:colcon.colcon_core.verb:set package 'rplidar_ros2' build argument 'cmake_args' from command line to 'None'
[2.029s] Level 5:colcon.colcon_core.verb:set package 'rplidar_ros2' build argument 'cmake_target' from command line to 'None'
[2.030s] Level 5:colcon.colcon_core.verb:set package 'rplidar_ros2' build argument 'cmake_target_skip_unavailable' from command line to 'False'
[2.030s] Level 5:colcon.colcon_core.verb:set package 'rplidar_ros2' build argument 'cmake_clean_cache' from command line to 'False'
[2.030s] Level 5:colcon.colcon_core.verb:set package 'rplidar_ros2' build argument 'cmake_clean_first' from command line to 'False'
[2.030s] Level 5:colcon.colcon_core.verb:set package 'rplidar_ros2' build argument 'cmake_force_configure' from command line to 'False'
[2.031s] Level 5:colcon.colcon_core.verb:set package 'rplidar_ros2' build argument 'ament_cmake_args' from command line to 'None'
[2.031s] Level 5:colcon.colcon_core.verb:set package 'rplidar_ros2' build argument 'catkin_cmake_args' from command line to 'None'
[2.031s] Level 5:colcon.colcon_core.verb:set package 'rplidar_ros2' build argument 'catkin_skip_building_tests' from command line to 'False'
[2.031s] DEBUG:colcon.colcon_core.verb:Building package 'rplidar_ros2' with the following arguments: {'ament_cmake_args': None, 'build_base': '/home/dr/amr-travelobot/ros_ws/build/rplidar_ros2', 'catkin_cmake_args': None, 'catkin_skip_building_tests': False, 'cmake_args': None, 'cmake_clean_cache': False, 'cmake_clean_first': False, 'cmake_force_configure': False, 'cmake_target': None, 'cmake_target_skip_unavailable': False, 'install_base': '/home/dr/amr-travelobot/ros_ws/install/rplidar_ros2', 'merge_install': False, 'path': '/home/dr/amr-travelobot/ros_ws/src/rplidar_ros', 'symlink_install': False, 'test_result_base': None}
[2.040s] Level 5:colcon.colcon_core.verb:set package 'teleop_twist_joy' build argument 'cmake_args' from command line to 'None'
[2.041s] Level 5:colcon.colcon_core.verb:set package 'teleop_twist_joy' build argument 'cmake_target' from command line to 'None'
[2.041s] Level 5:colcon.colcon_core.verb:set package 'teleop_twist_joy' build argument 'cmake_target_skip_unavailable' from command line to 'False'
[2.041s] Level 5:colcon.colcon_core.verb:set package 'teleop_twist_joy' build argument 'cmake_clean_cache' from command line to 'False'
[2.041s] Level 5:colcon.colcon_core.verb:set package 'teleop_twist_joy' build argument 'cmake_clean_first' from command line to 'False'
[2.042s] Level 5:colcon.colcon_core.verb:set package 'teleop_twist_joy' build argument 'cmake_force_configure' from command line to 'False'
[2.042s] Level 5:colcon.colcon_core.verb:set package 'teleop_twist_joy' build argument 'ament_cmake_args' from command line to 'None'
[2.042s] Level 5:colcon.colcon_core.verb:set package 'teleop_twist_joy' build argument 'catkin_cmake_args' from command line to 'None'
[2.042s] Level 5:colcon.colcon_core.verb:set package 'teleop_twist_joy' build argument 'catkin_skip_building_tests' from command line to 'False'
[2.042s] DEBUG:colcon.colcon_core.verb:Building package 'teleop_twist_joy' with the following arguments: {'ament_cmake_args': None, 'build_base': '/home/dr/amr-travelobot/ros_ws/build/teleop_twist_joy', 'catkin_cmake_args': None, 'catkin_skip_building_tests': False, 'cmake_args': None, 'cmake_clean_cache': False, 'cmake_clean_first': False, 'cmake_force_configure': False, 'cmake_target': None, 'cmake_target_skip_unavailable': False, 'install_base': '/home/dr/amr-travelobot/ros_ws/install/teleop_twist_joy', 'merge_install': False, 'path': '/home/dr/amr-travelobot/ros_ws/src/teleop_twist_joy', 'symlink_install': False, 'test_result_base': None}
[2.048s] Level 5:colcon.colcon_core.verb:set package 'turtlesim' build argument 'cmake_args' from command line to 'None'
[2.048s] Level 5:colcon.colcon_core.verb:set package 'turtlesim' build argument 'cmake_target' from command line to 'None'
[2.048s] Level 5:colcon.colcon_core.verb:set package 'turtlesim' build argument 'cmake_target_skip_unavailable' from command line to 'False'
[2.048s] Level 5:colcon.colcon_core.verb:set package 'turtlesim' build argument 'cmake_clean_cache' from command line to 'False'
[2.048s] Level 5:colcon.colcon_core.verb:set package 'turtlesim' build argument 'cmake_clean_first' from command line to 'False'
[2.048s] Level 5:colcon.colcon_core.verb:set package 'turtlesim' build argument 'cmake_force_configure' from command line to 'False'
[2.049s] Level 5:colcon.colcon_core.verb:set package 'turtlesim' build argument 'ament_cmake_args' from command line to 'None'
[2.049s] Level 5:colcon.colcon_core.verb:set package 'turtlesim' build argument 'catkin_cmake_args' from command line to 'None'
[2.049s] Level 5:colcon.colcon_core.verb:set package 'turtlesim' build argument 'catkin_skip_building_tests' from command line to 'False'
[2.049s] DEBUG:colcon.colcon_core.verb:Building package 'turtlesim' with the following arguments: {'ament_cmake_args': None, 'build_base': '/home/dr/amr-travelobot/ros_ws/build/turtlesim', 'catkin_cmake_args': None, 'catkin_skip_building_tests': False, 'cmake_args': None, 'cmake_clean_cache': False, 'cmake_clean_first': False, 'cmake_force_configure': False, 'cmake_target': None, 'cmake_target_skip_unavailable': False, 'install_base': '/home/dr/amr-travelobot/ros_ws/install/turtlesim', 'merge_install': False, 'path': '/home/dr/amr-travelobot/ros_ws/src/ros_tutorials/turtlesim', 'symlink_install': False, 'test_result_base': None}
[2.054s] Level 5:colcon.colcon_core.verb:set package 'odrive_bringup' build argument 'cmake_args' from command line to 'None'
[2.054s] Level 5:colcon.colcon_core.verb:set package 'odrive_bringup' build argument 'cmake_target' from command line to 'None'
[2.055s] Level 5:colcon.colcon_core.verb:set package 'odrive_bringup' build argument 'cmake_target_skip_unavailable' from command line to 'False'
[2.055s] Level 5:colcon.colcon_core.verb:set package 'odrive_bringup' build argument 'cmake_clean_cache' from command line to 'False'
[2.055s] Level 5:colcon.colcon_core.verb:set package 'odrive_bringup' build argument 'cmake_clean_first' from command line to 'False'
[2.055s] Level 5:colcon.colcon_core.verb:set package 'odrive_bringup' build argument 'cmake_force_configure' from command line to 'False'
[2.055s] Level 5:colcon.colcon_core.verb:set package 'odrive_bringup' build argument 'ament_cmake_args' from command line to 'None'
[2.055s] Level 5:colcon.colcon_core.verb:set package 'odrive_bringup' build argument 'catkin_cmake_args' from command line to 'None'
[2.055s] Level 5:colcon.colcon_core.verb:set package 'odrive_bringup' build argument 'catkin_skip_building_tests' from command line to 'False'
[2.056s] DEBUG:colcon.colcon_core.verb:Building package 'odrive_bringup' with the following arguments: {'ament_cmake_args': None, 'build_base': '/home/dr/amr-travelobot/ros_ws/build/odrive_bringup', 'catkin_cmake_args': None, 'catkin_skip_building_tests': False, 'cmake_args': None, 'cmake_clean_cache': False, 'cmake_clean_first': False, 'cmake_force_configure': False, 'cmake_target': None, 'cmake_target_skip_unavailable': False, 'install_base': '/home/dr/amr-travelobot/ros_ws/install/odrive_bringup', 'merge_install': False, 'path': '/home/dr/amr-travelobot/ros_ws/src/odrive_ros2_control/odrive_bringup', 'symlink_install': False, 'test_result_base': None}
[2.060s] Level 5:colcon.colcon_core.verb:set package 'rosbot_bringup' build argument 'cmake_args' from command line to 'None'
[2.061s] Level 5:colcon.colcon_core.verb:set package 'rosbot_bringup' build argument 'cmake_target' from command line to 'None'
[2.061s] Level 5:colcon.colcon_core.verb:set package 'rosbot_bringup' build argument 'cmake_target_skip_unavailable' from command line to 'False'
[2.061s] Level 5:colcon.colcon_core.verb:set package 'rosbot_bringup' build argument 'cmake_clean_cache' from command line to 'False'
[2.061s] Level 5:colcon.colcon_core.verb:set package 'rosbot_bringup' build argument 'cmake_clean_first' from command line to 'False'
[2.061s] Level 5:colcon.colcon_core.verb:set package 'rosbot_bringup' build argument 'cmake_force_configure' from command line to 'False'
[2.061s] Level 5:colcon.colcon_core.verb:set package 'rosbot_bringup' build argument 'ament_cmake_args' from command line to 'None'
[2.061s] Level 5:colcon.colcon_core.verb:set package 'rosbot_bringup' build argument 'catkin_cmake_args' from command line to 'None'
[2.062s] Level 5:colcon.colcon_core.verb:set package 'rosbot_bringup' build argument 'catkin_skip_building_tests' from command line to 'False'
[2.062s] DEBUG:colcon.colcon_core.verb:Building package 'rosbot_bringup' with the following arguments: {'ament_cmake_args': None, 'build_base': '/home/dr/amr-travelobot/ros_ws/build/rosbot_bringup', 'catkin_cmake_args': None, 'catkin_skip_building_tests': False, 'cmake_args': None, 'cmake_clean_cache': False, 'cmake_clean_first': False, 'cmake_force_configure': False, 'cmake_target': None, 'cmake_target_skip_unavailable': False, 'install_base': '/home/dr/amr-travelobot/ros_ws/install/rosbot_bringup', 'merge_install': False, 'path': '/home/dr/amr-travelobot/ros_ws/src/rosbot_bringup', 'symlink_install': False, 'test_result_base': None}
[2.067s] Level 5:colcon.colcon_core.verb:set package 'odrive_ros2_control' build argument 'cmake_args' from command line to 'None'
[2.067s] Level 5:colcon.colcon_core.verb:set package 'odrive_ros2_control' build argument 'cmake_target' from command line to 'None'
[2.067s] Level 5:colcon.colcon_core.verb:set package 'odrive_ros2_control' build argument 'cmake_target_skip_unavailable' from command line to 'False'
[2.067s] Level 5:colcon.colcon_core.verb:set package 'odrive_ros2_control' build argument 'cmake_clean_cache' from command line to 'False'
[2.067s] Level 5:colcon.colcon_core.verb:set package 'odrive_ros2_control' build argument 'cmake_clean_first' from command line to 'False'
[2.068s] Level 5:colcon.colcon_core.verb:set package 'odrive_ros2_control' build argument 'cmake_force_configure' from command line to 'False'
[2.068s] Level 5:colcon.colcon_core.verb:set package 'odrive_ros2_control' build argument 'ament_cmake_args' from command line to 'None'
[2.068s] Level 5:colcon.colcon_core.verb:set package 'odrive_ros2_control' build argument 'catkin_cmake_args' from command line to 'None'
[2.068s] Level 5:colcon.colcon_core.verb:set package 'odrive_ros2_control' build argument 'catkin_skip_building_tests' from command line to 'False'
[2.068s] DEBUG:colcon.colcon_core.verb:Building package 'odrive_ros2_control' with the following arguments: {'ament_cmake_args': None, 'build_base': '/home/dr/amr-travelobot/ros_ws/build/odrive_ros2_control', 'catkin_cmake_args': None, 'catkin_skip_building_tests': False, 'cmake_args': None, 'cmake_clean_cache': False, 'cmake_clean_first': False, 'cmake_force_configure': False, 'cmake_target': None, 'cmake_target_skip_unavailable': False, 'install_base': '/home/dr/amr-travelobot/ros_ws/install/odrive_ros2_control', 'merge_install': False, 'path': '/home/dr/amr-travelobot/ros_ws/src/odrive_ros2_control/odrive_ros2_control', 'symlink_install': False, 'test_result_base': None}
[2.072s] INFO:colcon.colcon_core.executor:Executing jobs using 'parallel' executor
[2.092s] DEBUG:colcon.colcon_parallel_executor.executor.parallel:run_until_complete
[2.094s] INFO:colcon.colcon_ros.task.ament_cmake.build:Building ROS package in '/home/dr/amr-travelobot/ros_ws/src/odrive_ros2_control/odrive_description' with build type 'ament_cmake'
[2.094s] INFO:colcon.colcon_cmake.task.cmake.build:Building CMake package in '/home/dr/amr-travelobot/ros_ws/src/odrive_ros2_control/odrive_description'
[2.128s] INFO:colcon.colcon_core.plugin_system:Skipping extension 'colcon_core.shell.bat': Not used on non-Windows systems
[2.129s] INFO:colcon.colcon_core.shell:Skip shell extension 'powershell' for command environment: Not usable outside of PowerShell
[2.130s] DEBUG:colcon.colcon_core.shell:Skip shell extension 'dsv' for command environment
[2.166s] INFO:colcon.colcon_ros.task.ament_cmake.build:Building ROS package in '/home/dr/amr-travelobot/ros_ws/src/odrive_ros2_control/odrive_hardware_interface' with build type 'ament_cmake'
[2.167s] INFO:colcon.colcon_cmake.task.cmake.build:Building CMake package in '/home/dr/amr-travelobot/ros_ws/src/odrive_ros2_control/odrive_hardware_interface'
[2.176s] INFO:colcon.colcon_core.shell:Skip shell extension 'powershell' for command environment: Not usable outside of PowerShell
[2.176s] DEBUG:colcon.colcon_core.shell:Skip shell extension 'dsv' for command environment
[2.215s] INFO:colcon.colcon_ros.task.ament_cmake.build:Building ROS package in '/home/dr/amr-travelobot/ros_ws/src/rosbot_description' with build type 'ament_cmake'
[2.217s] INFO:colcon.colcon_cmake.task.cmake.build:Building CMake package in '/home/dr/amr-travelobot/ros_ws/src/rosbot_description'
[2.226s] INFO:colcon.colcon_core.shell:Skip shell extension 'powershell' for command environment: Not usable outside of PowerShell
[2.226s] DEBUG:colcon.colcon_core.shell:Skip shell extension 'dsv' for command environment
[2.259s] INFO:colcon.colcon_ros.task.ament_cmake.build:Building ROS package in '/home/dr/amr-travelobot/ros_ws/src/rplidar_ros' with build type 'ament_cmake'
[2.260s] INFO:colcon.colcon_cmake.task.cmake.build:Building CMake package in '/home/dr/amr-travelobot/ros_ws/src/rplidar_ros'
[2.270s] INFO:colcon.colcon_core.shell:Skip shell extension 'powershell' for command environment: Not usable outside of PowerShell
[2.271s] DEBUG:colcon.colcon_core.shell:Skip shell extension 'dsv' for command environment
[2.321s] DEBUG:colcon.colcon_core.event_handler.log_command:Invoking command in '/home/dr/amr-travelobot/ros_ws/build/odrive_description': CMAKE_PREFIX_PATH=${CMAKE_PREFIX_PATH}:/home/dr/amr-travelobot/ros_ws/install/bno055:/opt/ros/galactic /usr/bin/cmake /home/dr/amr-travelobot/ros_ws/src/odrive_ros2_control/odrive_description -DCMAKE_INSTALL_PREFIX=/home/dr/amr-travelobot/ros_ws/install/odrive_description
[2.368s] DEBUG:colcon.colcon_core.event_handler.log_command:Invoking command in '/home/dr/amr-travelobot/ros_ws/build/odrive_hardware_interface': CMAKE_PREFIX_PATH=${CMAKE_PREFIX_PATH}:/home/dr/amr-travelobot/ros_ws/install/bno055:/opt/ros/galactic /usr/bin/cmake /home/dr/amr-travelobot/ros_ws/src/odrive_ros2_control/odrive_hardware_interface -DCMAKE_INSTALL_PREFIX=/home/dr/amr-travelobot/ros_ws/install/odrive_hardware_interface
[2.382s] DEBUG:colcon.colcon_core.event_handler.log_command:Invoking command in '/home/dr/amr-travelobot/ros_ws/build/rosbot_description': CMAKE_PREFIX_PATH=${CMAKE_PREFIX_PATH}:/home/dr/amr-travelobot/ros_ws/install/bno055:/opt/ros/galactic /usr/bin/cmake /home/dr/amr-travelobot/ros_ws/src/rosbot_description -DCMAKE_INSTALL_PREFIX=/home/dr/amr-travelobot/ros_ws/install/rosbot_description
[2.406s] DEBUG:colcon.colcon_core.event_handler.log_command:Invoking command in '/home/dr/amr-travelobot/ros_ws/build/rplidar_ros2': CMAKE_PREFIX_PATH=${CMAKE_PREFIX_PATH}:/home/dr/amr-travelobot/ros_ws/install/bno055:/opt/ros/galactic /usr/bin/cmake /home/dr/amr-travelobot/ros_ws/src/rplidar_ros -DCMAKE_INSTALL_PREFIX=/home/dr/amr-travelobot/ros_ws/install/rplidar_ros2
[6.431s] DEBUG:colcon.colcon_core.event_handler.log_command:Invoked command in '/home/dr/amr-travelobot/ros_ws/build/rosbot_description' returned '0': CMAKE_PREFIX_PATH=${CMAKE_PREFIX_PATH}:/home/dr/amr-travelobot/ros_ws/install/bno055:/opt/ros/galactic /usr/bin/cmake /home/dr/amr-travelobot/ros_ws/src/rosbot_description -DCMAKE_INSTALL_PREFIX=/home/dr/amr-travelobot/ros_ws/install/rosbot_description
[6.435s] DEBUG:colcon.colcon_core.event_handler.log_command:Invoking command in '/home/dr/amr-travelobot/ros_ws/build/rosbot_description': CMAKE_PREFIX_PATH=${CMAKE_PREFIX_PATH}:/home/dr/amr-travelobot/ros_ws/install/bno055:/opt/ros/galactic /usr/bin/cmake --build /home/dr/amr-travelobot/ros_ws/build/rosbot_description -- -j4 -l4
[6.460s] DEBUG:colcon.colcon_core.event_handler.log_command:Invoked command in '/home/dr/amr-travelobot/ros_ws/build/odrive_description' returned '0': CMAKE_PREFIX_PATH=${CMAKE_PREFIX_PATH}:/home/dr/amr-travelobot/ros_ws/install/bno055:/opt/ros/galactic /usr/bin/cmake /home/dr/amr-travelobot/ros_ws/src/odrive_ros2_control/odrive_description -DCMAKE_INSTALL_PREFIX=/home/dr/amr-travelobot/ros_ws/install/odrive_description
[6.463s] DEBUG:colcon.colcon_core.event_handler.log_command:Invoking command in '/home/dr/amr-travelobot/ros_ws/build/odrive_description': CMAKE_PREFIX_PATH=${CMAKE_PREFIX_PATH}:/home/dr/amr-travelobot/ros_ws/install/bno055:/opt/ros/galactic /usr/bin/cmake --build /home/dr/amr-travelobot/ros_ws/build/odrive_description -- -j4 -l4
[6.604s] DEBUG:colcon.colcon_core.event_handler.log_command:Invoked command in '/home/dr/amr-travelobot/ros_ws/build/rosbot_description' returned '0': CMAKE_PREFIX_PATH=${CMAKE_PREFIX_PATH}:/home/dr/amr-travelobot/ros_ws/install/bno055:/opt/ros/galactic /usr/bin/cmake --build /home/dr/amr-travelobot/ros_ws/build/rosbot_description -- -j4 -l4
[6.664s] DEBUG:colcon.colcon_core.event_handler.log_command:Invoked command in '/home/dr/amr-travelobot/ros_ws/build/odrive_description' returned '0': CMAKE_PREFIX_PATH=${CMAKE_PREFIX_PATH}:/home/dr/amr-travelobot/ros_ws/install/bno055:/opt/ros/galactic /usr/bin/cmake --build /home/dr/amr-travelobot/ros_ws/build/odrive_description -- -j4 -l4
[6.758s] DEBUG:colcon.colcon_core.event_handler.log_command:Invoking command in '/home/dr/amr-travelobot/ros_ws/build/rosbot_description': CMAKE_PREFIX_PATH=${CMAKE_PREFIX_PATH}:/home/dr/amr-travelobot/ros_ws/install/bno055:/opt/ros/galactic /usr/bin/cmake --install /home/dr/amr-travelobot/ros_ws/build/rosbot_description
[6.791s] DEBUG:colcon.colcon_core.event_handler.log_command:Invoking command in '/home/dr/amr-travelobot/ros_ws/build/odrive_description': CMAKE_PREFIX_PATH=${CMAKE_PREFIX_PATH}:/home/dr/amr-travelobot/ros_ws/install/bno055:/opt/ros/galactic /usr/bin/cmake --install /home/dr/amr-travelobot/ros_ws/build/odrive_description
[6.857s] Level 1:colcon.colcon_core.environment:create_environment_scripts_only(odrive_description)
[6.861s] DEBUG:colcon.colcon_core.event_handler.log_command:Invoked command in '/home/dr/amr-travelobot/ros_ws/build/odrive_description' returned '0': CMAKE_PREFIX_PATH=${CMAKE_PREFIX_PATH}:/home/dr/amr-travelobot/ros_ws/install/bno055:/opt/ros/galactic /usr/bin/cmake --install /home/dr/amr-travelobot/ros_ws/build/odrive_description
[7.057s] Level 1:colcon.colcon_core.environment:checking '/home/dr/amr-travelobot/ros_ws/install/odrive_description' for CMake module files
[7.060s] Level 1:colcon.colcon_core.environment:checking '/home/dr/amr-travelobot/ros_ws/install/odrive_description' for CMake config files
[7.061s] Level 1:colcon.colcon_core.shell:create_environment_hook('odrive_description', 'cmake_prefix_path')
[7.068s] INFO:colcon.colcon_core.shell:Creating environment hook '/home/dr/amr-travelobot/ros_ws/install/odrive_description/share/odrive_description/hook/cmake_prefix_path.ps1'
[7.108s] INFO:colcon.colcon_core.shell:Creating environment descriptor '/home/dr/amr-travelobot/ros_ws/install/odrive_description/share/odrive_description/hook/cmake_prefix_path.dsv'
[7.112s] INFO:colcon.colcon_core.shell:Creating environment hook '/home/dr/amr-travelobot/ros_ws/install/odrive_description/share/odrive_description/hook/cmake_prefix_path.sh'
[7.124s] Level 1:colcon.colcon_core.environment:checking '/home/dr/amr-travelobot/ros_ws/install/odrive_description/bin'
[7.124s] Level 1:colcon.colcon_core.environment:checking '/home/dr/amr-travelobot/ros_ws/install/odrive_description/lib/pkgconfig/odrive_description.pc'
[7.125s] Level 1:colcon.colcon_core.environment:checking '/home/dr/amr-travelobot/ros_ws/install/odrive_description/lib/python3.8/site-packages'
[7.126s] Level 1:colcon.colcon_core.environment:checking '/home/dr/amr-travelobot/ros_ws/install/odrive_description/bin'
[7.135s] INFO:colcon.colcon_core.shell:Creating package script '/home/dr/amr-travelobot/ros_ws/install/odrive_description/share/odrive_description/package.ps1'
[7.216s] INFO:colcon.colcon_core.shell:Creating package descriptor '/home/dr/amr-travelobot/ros_ws/install/odrive_description/share/odrive_description/package.dsv'
[7.219s] INFO:colcon.colcon_core.shell:Creating package script '/home/dr/amr-travelobot/ros_ws/install/odrive_description/share/odrive_description/package.sh'
[7.227s] INFO:colcon.colcon_core.shell:Creating package script '/home/dr/amr-travelobot/ros_ws/install/odrive_description/share/odrive_description/package.bash'
[7.237s] INFO:colcon.colcon_core.shell:Creating package script '/home/dr/amr-travelobot/ros_ws/install/odrive_description/share/odrive_description/package.zsh'
[7.249s] Level 1:colcon.colcon_core.environment:create_file_with_runtime_dependencies(/home/dr/amr-travelobot/ros_ws/install/odrive_description/share/colcon-core/packages/odrive_description)
[7.268s] Level 1:colcon.colcon_core.environment:create_environment_scripts_only(rosbot_description)
[7.272s] DEBUG:colcon.colcon_core.event_handler.log_command:Invoked command in '/home/dr/amr-travelobot/ros_ws/build/rosbot_description' returned '0': CMAKE_PREFIX_PATH=${CMAKE_PREFIX_PATH}:/home/dr/amr-travelobot/ros_ws/install/bno055:/opt/ros/galactic /usr/bin/cmake --install /home/dr/amr-travelobot/ros_ws/build/rosbot_description
[7.289s] Level 1:colcon.colcon_core.environment:checking '/home/dr/amr-travelobot/ros_ws/install/rosbot_description' for CMake module files
[7.292s] Level 1:colcon.colcon_core.environment:checking '/home/dr/amr-travelobot/ros_ws/install/rosbot_description' for CMake config files
[7.294s] Level 1:colcon.colcon_core.shell:create_environment_hook('rosbot_description', 'cmake_prefix_path')
[7.304s] INFO:colcon.colcon_core.shell:Creating environment hook '/home/dr/amr-travelobot/ros_ws/install/rosbot_description/share/rosbot_description/hook/cmake_prefix_path.ps1'
[7.306s] INFO:colcon.colcon_core.shell:Creating environment descriptor '/home/dr/amr-travelobot/ros_ws/install/rosbot_description/share/rosbot_description/hook/cmake_prefix_path.dsv'
[7.308s] INFO:colcon.colcon_core.shell:Creating environment hook '/home/dr/amr-travelobot/ros_ws/install/rosbot_description/share/rosbot_description/hook/cmake_prefix_path.sh'
[7.310s] Level 1:colcon.colcon_core.environment:checking '/home/dr/amr-travelobot/ros_ws/install/rosbot_description/bin'
[7.311s] Level 1:colcon.colcon_core.environment:checking '/home/dr/amr-travelobot/ros_ws/install/rosbot_description/lib/pkgconfig/rosbot_description.pc'
[7.312s] Level 1:colcon.colcon_core.environment:checking '/home/dr/amr-travelobot/ros_ws/install/rosbot_description/lib/python3.8/site-packages'
[7.313s] Level 1:colcon.colcon_core.environment:checking '/home/dr/amr-travelobot/ros_ws/install/rosbot_description/bin'
[7.322s] INFO:colcon.colcon_core.shell:Creating package script '/home/dr/amr-travelobot/ros_ws/install/rosbot_description/share/rosbot_description/package.ps1'
[7.324s] INFO:colcon.colcon_core.shell:Creating package descriptor '/home/dr/amr-travelobot/ros_ws/install/rosbot_description/share/rosbot_description/package.dsv'
[7.326s] INFO:colcon.colcon_core.shell:Creating package script '/home/dr/amr-travelobot/ros_ws/install/rosbot_description/share/rosbot_description/package.sh'
[7.328s] INFO:colcon.colcon_core.shell:Creating package script '/home/dr/amr-travelobot/ros_ws/install/rosbot_description/share/rosbot_description/package.bash'
[7.329s] INFO:colcon.colcon_core.shell:Creating package script '/home/dr/amr-travelobot/ros_ws/install/rosbot_description/share/rosbot_description/package.zsh'
[7.331s] Level 1:colcon.colcon_core.environment:create_file_with_runtime_dependencies(/home/dr/amr-travelobot/ros_ws/install/rosbot_description/share/colcon-core/packages/rosbot_description)
[7.367s] Level 1:colcon.colcon_core.environment:create_environment_scripts_only(odrive_description)
[7.381s] Level 1:colcon.colcon_core.environment:checking '/home/dr/amr-travelobot/ros_ws/install/odrive_description' for CMake module files
[7.384s] Level 1:colcon.colcon_core.environment:checking '/home/dr/amr-travelobot/ros_ws/install/odrive_description' for CMake config files
[7.385s] Level 1:colcon.colcon_core.shell:create_environment_hook('odrive_description', 'cmake_prefix_path')
[7.393s] INFO:colcon.colcon_core.shell:Creating environment hook '/home/dr/amr-travelobot/ros_ws/install/odrive_description/share/odrive_description/hook/cmake_prefix_path.ps1'
[7.396s] INFO:colcon.colcon_core.shell:Creating environment descriptor '/home/dr/amr-travelobot/ros_ws/install/odrive_description/share/odrive_description/hook/cmake_prefix_path.dsv'
[7.397s] INFO:colcon.colcon_core.shell:Creating environment hook '/home/dr/amr-travelobot/ros_ws/install/odrive_description/share/odrive_description/hook/cmake_prefix_path.sh'
[7.400s] Level 1:colcon.colcon_core.environment:checking '/home/dr/amr-travelobot/ros_ws/install/odrive_description/bin'
[7.400s] Level 1:colcon.colcon_core.environment:checking '/home/dr/amr-travelobot/ros_ws/install/odrive_description/lib/pkgconfig/odrive_description.pc'
[7.402s] Level 1:colcon.colcon_core.environment:checking '/home/dr/amr-travelobot/ros_ws/install/odrive_description/lib/python3.8/site-packages'
[7.403s] Level 1:colcon.colcon_core.environment:checking '/home/dr/amr-travelobot/ros_ws/install/odrive_description/bin'
[7.411s] INFO:colcon.colcon_core.shell:Creating package script '/home/dr/amr-travelobot/ros_ws/install/odrive_description/share/odrive_description/package.ps1'
[7.414s] INFO:colcon.colcon_core.shell:Creating package descriptor '/home/dr/amr-travelobot/ros_ws/install/odrive_description/share/odrive_description/package.dsv'
[7.416s] INFO:colcon.colcon_core.shell:Creating package script '/home/dr/amr-travelobot/ros_ws/install/odrive_description/share/odrive_description/package.sh'
[7.419s] INFO:colcon.colcon_core.shell:Creating package script '/home/dr/amr-travelobot/ros_ws/install/odrive_description/share/odrive_description/package.bash'
[7.421s] INFO:colcon.colcon_core.shell:Creating package script '/home/dr/amr-travelobot/ros_ws/install/odrive_description/share/odrive_description/package.zsh'
[7.423s] Level 1:colcon.colcon_core.environment:create_file_with_runtime_dependencies(/home/dr/amr-travelobot/ros_ws/install/odrive_description/share/colcon-core/packages/odrive_description)
[7.425s] INFO:colcon.colcon_ros.task.ament_cmake.build:Building ROS package in '/home/dr/amr-travelobot/ros_ws/src/teleop_twist_joy' with build type 'ament_cmake'
[7.426s] INFO:colcon.colcon_cmake.task.cmake.build:Building CMake package in '/home/dr/amr-travelobot/ros_ws/src/teleop_twist_joy'
[7.435s] INFO:colcon.colcon_core.shell:Skip shell extension 'powershell' for command environment: Not usable outside of PowerShell
[7.436s] DEBUG:colcon.colcon_core.shell:Skip shell extension 'dsv' for command environment
[7.491s] Level 1:colcon.colcon_core.environment:create_environment_scripts_only(rosbot_description)
[7.506s] Level 1:colcon.colcon_core.environment:checking '/home/dr/amr-travelobot/ros_ws/install/rosbot_description' for CMake module files
[7.509s] Level 1:colcon.colcon_core.environment:checking '/home/dr/amr-travelobot/ros_ws/install/rosbot_description' for CMake config files
[7.510s] Level 1:colcon.colcon_core.shell:create_environment_hook('rosbot_description', 'cmake_prefix_path')
[7.518s] INFO:colcon.colcon_core.shell:Creating environment hook '/home/dr/amr-travelobot/ros_ws/install/rosbot_description/share/rosbot_description/hook/cmake_prefix_path.ps1'
[7.520s] INFO:colcon.colcon_core.shell:Creating environment descriptor '/home/dr/amr-travelobot/ros_ws/install/rosbot_description/share/rosbot_description/hook/cmake_prefix_path.dsv'
[7.522s] INFO:colcon.colcon_core.shell:Creating environment hook '/home/dr/amr-travelobot/ros_ws/install/rosbot_description/share/rosbot_description/hook/cmake_prefix_path.sh'
[7.525s] Level 1:colcon.colcon_core.environment:checking '/home/dr/amr-travelobot/ros_ws/install/rosbot_description/bin'
[7.526s] Level 1:colcon.colcon_core.environment:checking '/home/dr/amr-travelobot/ros_ws/install/rosbot_description/lib/pkgconfig/rosbot_description.pc'
[7.527s] Level 1:colcon.colcon_core.environment:checking '/home/dr/amr-travelobot/ros_ws/install/rosbot_description/lib/python3.8/site-packages'
[7.528s] Level 1:colcon.colcon_core.environment:checking '/home/dr/amr-travelobot/ros_ws/install/rosbot_description/bin'
[7.540s] INFO:colcon.colcon_core.shell:Creating package script '/home/dr/amr-travelobot/ros_ws/install/rosbot_description/share/rosbot_description/package.ps1'
[7.543s] INFO:colcon.colcon_core.shell:Creating package descriptor '/home/dr/amr-travelobot/ros_ws/install/rosbot_description/share/rosbot_description/package.dsv'
[7.548s] INFO:colcon.colcon_core.shell:Creating package script '/home/dr/amr-travelobot/ros_ws/install/rosbot_description/share/rosbot_description/package.sh'
[7.551s] INFO:colcon.colcon_core.shell:Creating package script '/home/dr/amr-travelobot/ros_ws/install/rosbot_description/share/rosbot_description/package.bash'
[7.553s] INFO:colcon.colcon_core.shell:Creating package script '/home/dr/amr-travelobot/ros_ws/install/rosbot_description/share/rosbot_description/package.zsh'
[7.556s] Level 1:colcon.colcon_core.environment:create_file_with_runtime_dependencies(/home/dr/amr-travelobot/ros_ws/install/rosbot_description/share/colcon-core/packages/rosbot_description)
[7.561s] INFO:colcon.colcon_ros.task.ament_cmake.build:Building ROS package in '/home/dr/amr-travelobot/ros_ws/src/odrive_ros2_control/odrive_bringup' with build type 'ament_cmake'
[7.562s] INFO:colcon.colcon_cmake.task.cmake.build:Building CMake package in '/home/dr/amr-travelobot/ros_ws/src/odrive_ros2_control/odrive_bringup'
[7.572s] INFO:colcon.colcon_core.shell:Skip shell extension 'powershell' for command environment: Not usable outside of PowerShell
[7.572s] DEBUG:colcon.colcon_core.shell:Skip shell extension 'dsv' for command environment
[7.625s] DEBUG:colcon.colcon_core.event_handler.log_command:Invoking command in '/home/dr/amr-travelobot/ros_ws/build/teleop_twist_joy': CMAKE_PREFIX_PATH=${CMAKE_PREFIX_PATH}:/home/dr/amr-travelobot/ros_ws/install/bno055:/opt/ros/galactic /usr/bin/cmake /home/dr/amr-travelobot/ros_ws/src/teleop_twist_joy -DCMAKE_INSTALL_PREFIX=/home/dr/amr-travelobot/ros_ws/install/teleop_twist_joy
[7.678s] DEBUG:colcon.colcon_core.event_handler.log_command:Invoking command in '/home/dr/amr-travelobot/ros_ws/build/odrive_bringup': CMAKE_PREFIX_PATH=/home/dr/amr-travelobot/ros_ws/install/odrive_description:/home/dr/amr-travelobot/ros_ws/install/turtlesim:/home/dr/amr-travelobot/ros_ws/install/rosbot_bringup:/home/dr/amr-travelobot/ros_ws/install/teleop_twist_joy:/home/dr/amr-travelobot/ros_ws/install/rplidar_ros2:/home/dr/amr-travelobot/ros_ws/install/rosbot_description:/home/dr/amr-travelobot/ros_ws/install/odrive_ros2_control:/home/dr/amr-travelobot/ros_ws/install/odrive_hardware_interface:/home/dr/amr-travelobot/ros_ws/install/odrive_bringup:/home/dr/amr-travelobot/ros_ws/install/joint_state_controller:/home/dr/amr-travelobot/ros_ws/install/joint_state_broadcaster:/home/dr/amr-travelobot/ros_ws/install/imu_sensor_broadcaster:/home/dr/amr-travelobot/ros_ws/install/effort_controllers:/home/dr/amr-travelobot/ros_ws/install/forward_command_controller:/home/dr/amr-travelobot/ros_ws/install/force_torque_sensor_broadcaster:/home/dr/amr-travelobot/ros_ws/install/diff_drive_controller:/home/dr/amr-travelobot/ros_ws/install/bno055:/opt/ros/galactic /usr/bin/cmake /home/dr/amr-travelobot/ros_ws/src/odrive_ros2_control/odrive_bringup -DCMAKE_INSTALL_PREFIX=/home/dr/amr-travelobot/ros_ws/install/odrive_bringup
[10.739s] DEBUG:colcon.colcon_core.event_handler.log_command:Invoked command in '/home/dr/amr-travelobot/ros_ws/build/odrive_bringup' returned '0': CMAKE_PREFIX_PATH=/home/dr/amr-travelobot/ros_ws/install/odrive_description:/home/dr/amr-travelobot/ros_ws/install/turtlesim:/home/dr/amr-travelobot/ros_ws/install/rosbot_bringup:/home/dr/amr-travelobot/ros_ws/install/teleop_twist_joy:/home/dr/amr-travelobot/ros_ws/install/rplidar_ros2:/home/dr/amr-travelobot/ros_ws/install/rosbot_description:/home/dr/amr-travelobot/ros_ws/install/odrive_ros2_control:/home/dr/amr-travelobot/ros_ws/install/odrive_hardware_interface:/home/dr/amr-travelobot/ros_ws/install/odrive_bringup:/home/dr/amr-travelobot/ros_ws/install/joint_state_controller:/home/dr/amr-travelobot/ros_ws/install/joint_state_broadcaster:/home/dr/amr-travelobot/ros_ws/install/imu_sensor_broadcaster:/home/dr/amr-travelobot/ros_ws/install/effort_controllers:/home/dr/amr-travelobot/ros_ws/install/forward_command_controller:/home/dr/amr-travelobot/ros_ws/install/force_torque_sensor_broadcaster:/home/dr/amr-travelobot/ros_ws/install/diff_drive_controller:/home/dr/amr-travelobot/ros_ws/install/bno055:/opt/ros/galactic /usr/bin/cmake /home/dr/amr-travelobot/ros_ws/src/odrive_ros2_control/odrive_bringup -DCMAKE_INSTALL_PREFIX=/home/dr/amr-travelobot/ros_ws/install/odrive_bringup
[10.741s] DEBUG:colcon.colcon_core.event_handler.log_command:Invoking command in '/home/dr/amr-travelobot/ros_ws/build/odrive_bringup': CMAKE_PREFIX_PATH=/home/dr/amr-travelobot/ros_ws/install/odrive_description:/home/dr/amr-travelobot/ros_ws/install/turtlesim:/home/dr/amr-travelobot/ros_ws/install/rosbot_bringup:/home/dr/amr-travelobot/ros_ws/install/teleop_twist_joy:/home/dr/amr-travelobot/ros_ws/install/rplidar_ros2:/home/dr/amr-travelobot/ros_ws/install/rosbot_description:/home/dr/amr-travelobot/ros_ws/install/odrive_ros2_control:/home/dr/amr-travelobot/ros_ws/install/odrive_hardware_interface:/home/dr/amr-travelobot/ros_ws/install/odrive_bringup:/home/dr/amr-travelobot/ros_ws/install/joint_state_controller:/home/dr/amr-travelobot/ros_ws/install/joint_state_broadcaster:/home/dr/amr-travelobot/ros_ws/install/imu_sensor_broadcaster:/home/dr/amr-travelobot/ros_ws/install/effort_controllers:/home/dr/amr-travelobot/ros_ws/install/forward_command_controller:/home/dr/amr-travelobot/ros_ws/install/force_torque_sensor_broadcaster:/home/dr/amr-travelobot/ros_ws/install/diff_drive_controller:/home/dr/amr-travelobot/ros_ws/install/bno055:/opt/ros/galactic /usr/bin/cmake --build /home/dr/amr-travelobot/ros_ws/build/odrive_bringup -- -j4 -l4
[10.927s] DEBUG:colcon.colcon_core.event_handler.log_command:Invoked command in '/home/dr/amr-travelobot/ros_ws/build/odrive_bringup' returned '0': CMAKE_PREFIX_PATH=/home/dr/amr-travelobot/ros_ws/install/odrive_description:/home/dr/amr-travelobot/ros_ws/install/turtlesim:/home/dr/amr-travelobot/ros_ws/install/rosbot_bringup:/home/dr/amr-travelobot/ros_ws/install/teleop_twist_joy:/home/dr/amr-travelobot/ros_ws/install/rplidar_ros2:/home/dr/amr-travelobot/ros_ws/install/rosbot_description:/home/dr/amr-travelobot/ros_ws/install/odrive_ros2_control:/home/dr/amr-travelobot/ros_ws/install/odrive_hardware_interface:/home/dr/amr-travelobot/ros_ws/install/odrive_bringup:/home/dr/amr-travelobot/ros_ws/install/joint_state_controller:/home/dr/amr-travelobot/ros_ws/install/joint_state_broadcaster:/home/dr/amr-travelobot/ros_ws/install/imu_sensor_broadcaster:/home/dr/amr-travelobot/ros_ws/install/effort_controllers:/home/dr/amr-travelobot/ros_ws/install/forward_command_controller:/home/dr/amr-travelobot/ros_ws/install/force_torque_sensor_broadcaster:/home/dr/amr-travelobot/ros_ws/install/diff_drive_controller:/home/dr/amr-travelobot/ros_ws/install/bno055:/opt/ros/galactic /usr/bin/cmake --build /home/dr/amr-travelobot/ros_ws/build/odrive_bringup -- -j4 -l4
[11.029s] DEBUG:colcon.colcon_core.event_handler.log_command:Invoking command in '/home/dr/amr-travelobot/ros_ws/build/odrive_bringup': CMAKE_PREFIX_PATH=/home/dr/amr-travelobot/ros_ws/install/odrive_description:/home/dr/amr-travelobot/ros_ws/install/turtlesim:/home/dr/amr-travelobot/ros_ws/install/rosbot_bringup:/home/dr/amr-travelobot/ros_ws/install/teleop_twist_joy:/home/dr/amr-travelobot/ros_ws/install/rplidar_ros2:/home/dr/amr-travelobot/ros_ws/install/rosbot_description:/home/dr/amr-travelobot/ros_ws/install/odrive_ros2_control:/home/dr/amr-travelobot/ros_ws/install/odrive_hardware_interface:/home/dr/amr-travelobot/ros_ws/install/odrive_bringup:/home/dr/amr-travelobot/ros_ws/install/joint_state_controller:/home/dr/amr-travelobot/ros_ws/install/joint_state_broadcaster:/home/dr/amr-travelobot/ros_ws/install/imu_sensor_broadcaster:/home/dr/amr-travelobot/ros_ws/install/effort_controllers:/home/dr/amr-travelobot/ros_ws/install/forward_command_controller:/home/dr/amr-travelobot/ros_ws/install/force_torque_sensor_broadcaster:/home/dr/amr-travelobot/ros_ws/install/diff_drive_controller:/home/dr/amr-travelobot/ros_ws/install/bno055:/opt/ros/galactic /usr/bin/cmake --install /home/dr/amr-travelobot/ros_ws/build/odrive_bringup
[11.107s] Level 1:colcon.colcon_core.environment:create_environment_scripts_only(odrive_bringup)
[11.115s] DEBUG:colcon.colcon_core.event_handler.log_command:Invoked command in '/home/dr/amr-travelobot/ros_ws/build/odrive_bringup' returned '0': CMAKE_PREFIX_PATH=/home/dr/amr-travelobot/ros_ws/install/odrive_description:/home/dr/amr-travelobot/ros_ws/install/turtlesim:/home/dr/amr-travelobot/ros_ws/install/rosbot_bringup:/home/dr/amr-travelobot/ros_ws/install/teleop_twist_joy:/home/dr/amr-travelobot/ros_ws/install/rplidar_ros2:/home/dr/amr-travelobot/ros_ws/install/rosbot_description:/home/dr/amr-travelobot/ros_ws/install/odrive_ros2_control:/home/dr/amr-travelobot/ros_ws/install/odrive_hardware_interface:/home/dr/amr-travelobot/ros_ws/install/odrive_bringup:/home/dr/amr-travelobot/ros_ws/install/joint_state_controller:/home/dr/amr-travelobot/ros_ws/install/joint_state_broadcaster:/home/dr/amr-travelobot/ros_ws/install/imu_sensor_broadcaster:/home/dr/amr-travelobot/ros_ws/install/effort_controllers:/home/dr/amr-travelobot/ros_ws/install/forward_command_controller:/home/dr/amr-travelobot/ros_ws/install/force_torque_sensor_broadcaster:/home/dr/amr-travelobot/ros_ws/install/diff_drive_controller:/home/dr/amr-travelobot/ros_ws/install/bno055:/opt/ros/galactic /usr/bin/cmake --install /home/dr/amr-travelobot/ros_ws/build/odrive_bringup
[11.123s] Level 1:colcon.colcon_core.environment:checking '/home/dr/amr-travelobot/ros_ws/install/odrive_bringup' for CMake module files
[11.126s] Level 1:colcon.colcon_core.environment:checking '/home/dr/amr-travelobot/ros_ws/install/odrive_bringup' for CMake config files
[11.127s] Level 1:colcon.colcon_core.shell:create_environment_hook('odrive_bringup', 'cmake_prefix_path')
[11.136s] INFO:colcon.colcon_core.shell:Creating environment hook '/home/dr/amr-travelobot/ros_ws/install/odrive_bringup/share/odrive_bringup/hook/cmake_prefix_path.ps1'
[11.138s] INFO:colcon.colcon_core.shell:Creating environment descriptor '/home/dr/amr-travelobot/ros_ws/install/odrive_bringup/share/odrive_bringup/hook/cmake_prefix_path.dsv'
[11.140s] INFO:colcon.colcon_core.shell:Creating environment hook '/home/dr/amr-travelobot/ros_ws/install/odrive_bringup/share/odrive_bringup/hook/cmake_prefix_path.sh'
[11.142s] Level 1:colcon.colcon_core.environment:checking '/home/dr/amr-travelobot/ros_ws/install/odrive_bringup/bin'
[11.142s] Level 1:colcon.colcon_core.environment:checking '/home/dr/amr-travelobot/ros_ws/install/odrive_bringup/lib/pkgconfig/odrive_bringup.pc'
[11.143s] Level 1:colcon.colcon_core.environment:checking '/home/dr/amr-travelobot/ros_ws/install/odrive_bringup/lib/python3.8/site-packages'
[11.144s] Level 1:colcon.colcon_core.environment:checking '/home/dr/amr-travelobot/ros_ws/install/odrive_bringup/bin'
[11.152s] INFO:colcon.colcon_core.shell:Creating package script '/home/dr/amr-travelobot/ros_ws/install/odrive_bringup/share/odrive_bringup/package.ps1'
[11.155s] INFO:colcon.colcon_core.shell:Creating package descriptor '/home/dr/amr-travelobot/ros_ws/install/odrive_bringup/share/odrive_bringup/package.dsv'
[11.156s] INFO:colcon.colcon_core.shell:Creating package script '/home/dr/amr-travelobot/ros_ws/install/odrive_bringup/share/odrive_bringup/package.sh'
[11.158s] INFO:colcon.colcon_core.shell:Creating package script '/home/dr/amr-travelobot/ros_ws/install/odrive_bringup/share/odrive_bringup/package.bash'
[11.160s] INFO:colcon.colcon_core.shell:Creating package script '/home/dr/amr-travelobot/ros_ws/install/odrive_bringup/share/odrive_bringup/package.zsh'
[11.162s] Level 1:colcon.colcon_core.environment:create_file_with_runtime_dependencies(/home/dr/amr-travelobot/ros_ws/install/odrive_bringup/share/colcon-core/packages/odrive_bringup)
[11.307s] Level 1:colcon.colcon_core.environment:create_environment_scripts_only(odrive_bringup)
[11.322s] Level 1:colcon.colcon_core.environment:checking '/home/dr/amr-travelobot/ros_ws/install/odrive_bringup' for CMake module files
[11.325s] Level 1:colcon.colcon_core.environment:checking '/home/dr/amr-travelobot/ros_ws/install/odrive_bringup' for CMake config files
[11.327s] Level 1:colcon.colcon_core.shell:create_environment_hook('odrive_bringup', 'cmake_prefix_path')
[11.335s] INFO:colcon.colcon_core.shell:Creating environment hook '/home/dr/amr-travelobot/ros_ws/install/odrive_bringup/share/odrive_bringup/hook/cmake_prefix_path.ps1'
[11.337s] INFO:colcon.colcon_core.shell:Creating environment descriptor '/home/dr/amr-travelobot/ros_ws/install/odrive_bringup/share/odrive_bringup/hook/cmake_prefix_path.dsv'
[11.339s] INFO:colcon.colcon_core.shell:Creating environment hook '/home/dr/amr-travelobot/ros_ws/install/odrive_bringup/share/odrive_bringup/hook/cmake_prefix_path.sh'
[11.342s] Level 1:colcon.colcon_core.environment:checking '/home/dr/amr-travelobot/ros_ws/install/odrive_bringup/bin'
[11.342s] Level 1:colcon.colcon_core.environment:checking '/home/dr/amr-travelobot/ros_ws/install/odrive_bringup/lib/pkgconfig/odrive_bringup.pc'
[11.343s] Level 1:colcon.colcon_core.environment:checking '/home/dr/amr-travelobot/ros_ws/install/odrive_bringup/lib/python3.8/site-packages'
[11.345s] Level 1:colcon.colcon_core.environment:checking '/home/dr/amr-travelobot/ros_ws/install/odrive_bringup/bin'
[11.354s] INFO:colcon.colcon_core.shell:Creating package script '/home/dr/amr-travelobot/ros_ws/install/odrive_bringup/share/odrive_bringup/package.ps1'
[11.356s] INFO:colcon.colcon_core.shell:Creating package descriptor '/home/dr/amr-travelobot/ros_ws/install/odrive_bringup/share/odrive_bringup/package.dsv'
[11.359s] INFO:colcon.colcon_core.shell:Creating package script '/home/dr/amr-travelobot/ros_ws/install/odrive_bringup/share/odrive_bringup/package.sh'
[11.362s] INFO:colcon.colcon_core.shell:Creating package script '/home/dr/amr-travelobot/ros_ws/install/odrive_bringup/share/odrive_bringup/package.bash'
[11.365s] INFO:colcon.colcon_core.shell:Creating package script '/home/dr/amr-travelobot/ros_ws/install/odrive_bringup/share/odrive_bringup/package.zsh'
[11.367s] Level 1:colcon.colcon_core.environment:create_file_with_runtime_dependencies(/home/dr/amr-travelobot/ros_ws/install/odrive_bringup/share/colcon-core/packages/odrive_bringup)
[11.370s] INFO:colcon.colcon_ros.task.ament_python.build:Building ROS package in '/home/dr/amr-travelobot/ros_ws/src/bno055' with build type 'ament_python'
[11.381s] Level 1:colcon.colcon_core.shell:create_environment_hook('bno055', 'ament_prefix_path')
[11.392s] INFO:colcon.colcon_core.shell:Creating environment hook '/home/dr/amr-travelobot/ros_ws/install/bno055/share/bno055/hook/ament_prefix_path.ps1'
[11.395s] INFO:colcon.colcon_core.shell:Creating environment descriptor '/home/dr/amr-travelobot/ros_ws/install/bno055/share/bno055/hook/ament_prefix_path.dsv'
[11.397s] INFO:colcon.colcon_core.shell:Creating environment hook '/home/dr/amr-travelobot/ros_ws/install/bno055/share/bno055/hook/ament_prefix_path.sh'
[11.406s] INFO:colcon.colcon_core.shell:Skip shell extension 'powershell' for command environment: Not usable outside of PowerShell
[11.407s] DEBUG:colcon.colcon_core.shell:Skip shell extension 'dsv' for command environment
[13.003s] INFO:colcon.colcon_core.task.python.build:Building Python package in '/home/dr/amr-travelobot/ros_ws/src/bno055'
[13.013s] INFO:colcon.colcon_core.shell:Skip shell extension 'powershell' for command environment: Not usable outside of PowerShell
[13.013s] DEBUG:colcon.colcon_core.shell:Skip shell extension 'dsv' for command environment
[13.053s] DEBUG:colcon.colcon_core.event_handler.log_command:Invoked command in '/home/dr/amr-travelobot/ros_ws/build/rplidar_ros2' returned '0': CMAKE_PREFIX_PATH=${CMAKE_PREFIX_PATH}:/home/dr/amr-travelobot/ros_ws/install/bno055:/opt/ros/galactic /usr/bin/cmake /home/dr/amr-travelobot/ros_ws/src/rplidar_ros -DCMAKE_INSTALL_PREFIX=/home/dr/amr-travelobot/ros_ws/install/rplidar_ros2
[13.062s] DEBUG:colcon.colcon_core.event_handler.log_command:Invoking command in '/home/dr/amr-travelobot/ros_ws/build/rplidar_ros2': CMAKE_PREFIX_PATH=${CMAKE_PREFIX_PATH}:/home/dr/amr-travelobot/ros_ws/install/bno055:/opt/ros/galactic /usr/bin/cmake --build /home/dr/amr-travelobot/ros_ws/build/rplidar_ros2 -- -j4 -l4
[15.642s] DEBUG:colcon.colcon_core.event_handler.log_command:Invoked command in '/home/dr/amr-travelobot/ros_ws/build/odrive_hardware_interface' returned '0': CMAKE_PREFIX_PATH=${CMAKE_PREFIX_PATH}:/home/dr/amr-travelobot/ros_ws/install/bno055:/opt/ros/galactic /usr/bin/cmake /home/dr/amr-travelobot/ros_ws/src/odrive_ros2_control/odrive_hardware_interface -DCMAKE_INSTALL_PREFIX=/home/dr/amr-travelobot/ros_ws/install/odrive_hardware_interface
[15.648s] DEBUG:colcon.colcon_core.event_handler.log_command:Invoking command in '/home/dr/amr-travelobot/ros_ws/build/odrive_hardware_interface': CMAKE_PREFIX_PATH=${CMAKE_PREFIX_PATH}:/home/dr/amr-travelobot/ros_ws/install/bno055:/opt/ros/galactic /usr/bin/cmake --build /home/dr/amr-travelobot/ros_ws/build/odrive_hardware_interface -- -j4 -l4
[16.979s] DEBUG:colcon.colcon_core.event_handler.log_command:Invoking command in '/home/dr/amr-travelobot/ros_ws/src/bno055': PYTHONPATH=/home/dr/amr-travelobot/ros_ws/install/bno055/lib/python3.8/site-packages:${PYTHONPATH} /usr/bin/python3 setup.py egg_info --egg-base ../../build/bno055 build --build-base /home/dr/amr-travelobot/ros_ws/build/bno055/build install --prefix /home/dr/amr-travelobot/ros_ws/install/bno055 --record /home/dr/amr-travelobot/ros_ws/build/bno055/install.log --single-version-externally-managed
[21.272s] DEBUG:colcon.colcon_core.event_handler.log_command:Invoked command in '/home/dr/amr-travelobot/ros_ws/src/bno055' returned '0': PYTHONPATH=/home/dr/amr-travelobot/ros_ws/install/bno055/lib/python3.8/site-packages:${PYTHONPATH} /usr/bin/python3 setup.py egg_info --egg-base ../../build/bno055 build --build-base /home/dr/amr-travelobot/ros_ws/build/bno055/build install --prefix /home/dr/amr-travelobot/ros_ws/install/bno055 --record /home/dr/amr-travelobot/ros_ws/build/bno055/install.log --single-version-externally-managed
[21.275s] Level 1:colcon.colcon_core.environment:checking '/home/dr/amr-travelobot/ros_ws/install/bno055' for CMake module files
[21.278s] Level 1:colcon.colcon_core.environment:checking '/home/dr/amr-travelobot/ros_ws/install/bno055' for CMake config files
[21.282s] Level 1:colcon.colcon_core.environment:checking '/home/dr/amr-travelobot/ros_ws/install/bno055/lib'
[21.283s] Level 1:colcon.colcon_core.environment:checking '/home/dr/amr-travelobot/ros_ws/install/bno055/bin'
[21.284s] Level 1:colcon.colcon_core.environment:checking '/home/dr/amr-travelobot/ros_ws/install/bno055/lib/pkgconfig/bno055.pc'
[21.285s] Level 1:colcon.colcon_core.environment:checking '/home/dr/amr-travelobot/ros_ws/install/bno055/lib/python3.8/site-packages'
[21.286s] Level 1:colcon.colcon_core.shell:create_environment_hook('bno055', 'pythonpath')
[21.302s] INFO:colcon.colcon_core.shell:Creating environment hook '/home/dr/amr-travelobot/ros_ws/install/bno055/share/bno055/hook/pythonpath.ps1'
[21.306s] INFO:colcon.colcon_core.shell:Creating environment descriptor '/home/dr/amr-travelobot/ros_ws/install/bno055/share/bno055/hook/pythonpath.dsv'
[21.312s] INFO:colcon.colcon_core.shell:Creating environment hook '/home/dr/amr-travelobot/ros_ws/install/bno055/share/bno055/hook/pythonpath.sh'
[21.320s] Level 1:colcon.colcon_core.environment:checking '/home/dr/amr-travelobot/ros_ws/install/bno055/bin'
[21.320s] Level 1:colcon.colcon_core.environment:create_environment_scripts_only(bno055)
[21.338s] INFO:colcon.colcon_core.shell:Creating package script '/home/dr/amr-travelobot/ros_ws/install/bno055/share/bno055/package.ps1'
[21.340s] INFO:colcon.colcon_core.shell:Creating package descriptor '/home/dr/amr-travelobot/ros_ws/install/bno055/share/bno055/package.dsv'
[21.353s] INFO:colcon.colcon_core.shell:Creating package script '/home/dr/amr-travelobot/ros_ws/install/bno055/share/bno055/package.sh'
[21.356s] INFO:colcon.colcon_core.shell:Creating package script '/home/dr/amr-travelobot/ros_ws/install/bno055/share/bno055/package.bash'
[21.358s] INFO:colcon.colcon_core.shell:Creating package script '/home/dr/amr-travelobot/ros_ws/install/bno055/share/bno055/package.zsh'
[21.359s] Level 1:colcon.colcon_core.environment:create_file_with_runtime_dependencies(/home/dr/amr-travelobot/ros_ws/install/bno055/share/colcon-core/packages/bno055)
[21.368s] INFO:colcon.colcon_ros.task.ament_cmake.build:Building ROS package in '/home/dr/amr-travelobot/ros_ws/src/ros_tutorials/turtlesim' with build type 'ament_cmake'
[21.370s] INFO:colcon.colcon_cmake.task.cmake.build:Building CMake package in '/home/dr/amr-travelobot/ros_ws/src/ros_tutorials/turtlesim'
[21.387s] INFO:colcon.colcon_core.shell:Skip shell extension 'powershell' for command environment: Not usable outside of PowerShell
[21.387s] DEBUG:colcon.colcon_core.shell:Skip shell extension 'dsv' for command environment
[21.507s] DEBUG:colcon.colcon_core.event_handler.log_command:Invoking command in '/home/dr/amr-travelobot/ros_ws/build/turtlesim': CMAKE_PREFIX_PATH=${CMAKE_PREFIX_PATH}:/home/dr/amr-travelobot/ros_ws/install/bno055:/opt/ros/galactic /usr/bin/cmake /home/dr/amr-travelobot/ros_ws/src/ros_tutorials/turtlesim -DCMAKE_INSTALL_PREFIX=/home/dr/amr-travelobot/ros_ws/install/turtlesim
[21.870s] DEBUG:colcon.colcon_core.event_handler.log_command:Invoked command in '/home/dr/amr-travelobot/ros_ws/build/teleop_twist_joy' returned '0': CMAKE_PREFIX_PATH=${CMAKE_PREFIX_PATH}:/home/dr/amr-travelobot/ros_ws/install/bno055:/opt/ros/galactic /usr/bin/cmake /home/dr/amr-travelobot/ros_ws/src/teleop_twist_joy -DCMAKE_INSTALL_PREFIX=/home/dr/amr-travelobot/ros_ws/install/teleop_twist_joy
[21.886s] DEBUG:colcon.colcon_core.event_handler.log_command:Invoking command in '/home/dr/amr-travelobot/ros_ws/build/teleop_twist_joy': CMAKE_PREFIX_PATH=${CMAKE_PREFIX_PATH}:/home/dr/amr-travelobot/ros_ws/install/bno055:/opt/ros/galactic /usr/bin/cmake --build /home/dr/amr-travelobot/ros_ws/build/teleop_twist_joy -- -j4 -l4
[23.745s] DEBUG:colcon.colcon_core.event_handler.log_command:Invoked command in '/home/dr/amr-travelobot/ros_ws/build/odrive_hardware_interface' returned '2': CMAKE_PREFIX_PATH=${CMAKE_PREFIX_PATH}:/home/dr/amr-travelobot/ros_ws/install/bno055:/opt/ros/galactic /usr/bin/cmake --build /home/dr/amr-travelobot/ros_ws/build/odrive_hardware_interface -- -j4 -l4
[24.161s] Level 1:colcon.colcon_core.environment:create_environment_scripts_only(odrive_hardware_interface)
[24.192s] Level 1:colcon.colcon_core.environment:checking '/home/dr/amr-travelobot/ros_ws/install/odrive_hardware_interface' for CMake module files
[24.194s] Level 1:colcon.colcon_core.environment:checking '/home/dr/amr-travelobot/ros_ws/install/odrive_hardware_interface' for CMake config files
[24.195s] Level 1:colcon.colcon_core.environment:checking '/home/dr/amr-travelobot/ros_ws/install/odrive_hardware_interface/bin'
[24.196s] Level 1:colcon.colcon_core.environment:checking '/home/dr/amr-travelobot/ros_ws/install/odrive_hardware_interface/lib/pkgconfig/odrive_hardware_interface.pc'
[24.197s] Level 1:colcon.colcon_core.environment:checking '/home/dr/amr-travelobot/ros_ws/install/odrive_hardware_interface/lib/python3.8/site-packages'
[24.206s] Level 1:colcon.colcon_core.environment:checking '/home/dr/amr-travelobot/ros_ws/install/odrive_hardware_interface/bin'
[24.224s] INFO:colcon.colcon_core.shell:Creating package script '/home/dr/amr-travelobot/ros_ws/install/odrive_hardware_interface/share/odrive_hardware_interface/package.ps1'
[24.227s] INFO:colcon.colcon_core.shell:Creating package descriptor '/home/dr/amr-travelobot/ros_ws/install/odrive_hardware_interface/share/odrive_hardware_interface/package.dsv'
[24.238s] INFO:colcon.colcon_core.shell:Creating package script '/home/dr/amr-travelobot/ros_ws/install/odrive_hardware_interface/share/odrive_hardware_interface/package.sh'
[24.240s] INFO:colcon.colcon_core.shell:Creating package script '/home/dr/amr-travelobot/ros_ws/install/odrive_hardware_interface/share/odrive_hardware_interface/package.bash'
[24.243s] INFO:colcon.colcon_core.shell:Creating package script '/home/dr/amr-travelobot/ros_ws/install/odrive_hardware_interface/share/odrive_hardware_interface/package.zsh'
[24.245s] Level 1:colcon.colcon_core.environment:create_file_with_runtime_dependencies(/home/dr/amr-travelobot/ros_ws/install/odrive_hardware_interface/share/colcon-core/packages/odrive_hardware_interface)
[75.535s] DEBUG:colcon.colcon_parallel_executor.executor.parallel:closing loop
[75.537s] DEBUG:colcon.colcon_parallel_executor.executor.parallel:loop closed
[75.537s] DEBUG:colcon.colcon_parallel_executor.executor.parallel:run_until_complete finished with '2'
[75.538s] DEBUG:colcon.colcon_core.event_reactor:joining thread
[75.619s] INFO:colcon.colcon_core.plugin_system:Skipping extension 'colcon_notification.desktop_notification.terminal_notifier': Not used on non-Darwin systems
[75.620s] INFO:colcon.colcon_core.plugin_system:Skipping extension 'colcon_notification.desktop_notification.win32': Not used on non-Windows systems
[75.620s] INFO:colcon.colcon_notification.desktop_notification:Sending desktop notification using 'notify2'
[75.771s] DEBUG:colcon.colcon_core.event_reactor:joined thread
[75.780s] INFO:colcon.colcon_core.shell:Creating prefix script '/home/dr/amr-travelobot/ros_ws/install/local_setup.ps1'
[75.787s] INFO:colcon.colcon_core.shell:Creating prefix util module '/home/dr/amr-travelobot/ros_ws/install/_local_setup_util_ps1.py'
[75.797s] INFO:colcon.colcon_core.shell:Creating prefix chain script '/home/dr/amr-travelobot/ros_ws/install/setup.ps1'
[75.807s] INFO:colcon.colcon_core.shell:Creating prefix script '/home/dr/amr-travelobot/ros_ws/install/local_setup.sh'
[75.810s] INFO:colcon.colcon_core.shell:Creating prefix util module '/home/dr/amr-travelobot/ros_ws/install/_local_setup_util_sh.py'
[75.812s] INFO:colcon.colcon_core.shell:Creating prefix chain script '/home/dr/amr-travelobot/ros_ws/install/setup.sh'
[75.820s] INFO:colcon.colcon_core.shell:Creating prefix script '/home/dr/amr-travelobot/ros_ws/install/local_setup.bash'
[75.823s] INFO:colcon.colcon_core.shell:Creating prefix chain script '/home/dr/amr-travelobot/ros_ws/install/setup.bash'
[75.831s] INFO:colcon.colcon_core.shell:Creating prefix script '/home/dr/amr-travelobot/ros_ws/install/local_setup.zsh'
[75.833s] INFO:colcon.colcon_core.shell:Creating prefix chain script '/home/dr/amr-travelobot/ros_ws/install/setup.zsh'
