[0.115s] Invoking command in '/home/dr/amr-travelobot/ros_ws/build/rosbot_bringup': CMAKE_PREFIX_PATH=/home/dr/amr-travelobot/ros_ws/install/teleop_twist_joy:/home/dr/amr-travelobot/ros_ws/install/rplidar_ros2:/home/dr/amr-travelobot/ros_ws/install/rosbot_description:/home/dr/amr-travelobot/ros_ws/install/odrive_hardware_interface:/home/dr/amr-travelobot/ros_ws/install/rosbot_bringup:/home/dr/amr-travelobot/ros_ws/install/odrive_ros2_control:/home/dr/amr-travelobot/ros_ws/install/turtlesim:/home/dr/amr-travelobot/ros_ws/install/odrive_bringup:/home/dr/amr-travelobot/ros_ws/install/odrive_description:/home/dr/amr-travelobot/ros_ws/install/bno055:/opt/ros/foxy LD_LIBRARY_PATH=/home/dr/amr-travelobot/ros_ws/install/teleop_twist_joy/lib:/home/dr/amr-travelobot/ros_ws/install/odrive_hardware_interface/lib:/home/dr/amr-travelobot/ros_ws/install/turtlesim/lib:/opt/ros/foxy/opt/yaml_cpp_vendor/lib:/opt/ros/foxy/opt/rviz_ogre_vendor/lib:/opt/ros/foxy/lib/aarch64-linux-gnu:/opt/ros/foxy/lib /usr/bin/cmake --build /home/dr/amr-travelobot/ros_ws/build/rosbot_bringup -- -j4 -l4
[0.348s] Invoked command in '/home/dr/amr-travelobot/ros_ws/build/rosbot_bringup' returned '0': CMAKE_PREFIX_PATH=/home/dr/amr-travelobot/ros_ws/install/teleop_twist_joy:/home/dr/amr-travelobot/ros_ws/install/rplidar_ros2:/home/dr/amr-travelobot/ros_ws/install/rosbot_description:/home/dr/amr-travelobot/ros_ws/install/odrive_hardware_interface:/home/dr/amr-travelobot/ros_ws/install/rosbot_bringup:/home/dr/amr-travelobot/ros_ws/install/odrive_ros2_control:/home/dr/amr-travelobot/ros_ws/install/turtlesim:/home/dr/amr-travelobot/ros_ws/install/odrive_bringup:/home/dr/amr-travelobot/ros_ws/install/odrive_description:/home/dr/amr-travelobot/ros_ws/install/bno055:/opt/ros/foxy LD_LIBRARY_PATH=/home/dr/amr-travelobot/ros_ws/install/teleop_twist_joy/lib:/home/dr/amr-travelobot/ros_ws/install/odrive_hardware_interface/lib:/home/dr/amr-travelobot/ros_ws/install/turtlesim/lib:/opt/ros/foxy/opt/yaml_cpp_vendor/lib:/opt/ros/foxy/opt/rviz_ogre_vendor/lib:/opt/ros/foxy/lib/aarch64-linux-gnu:/opt/ros/foxy/lib /usr/bin/cmake --build /home/dr/amr-travelobot/ros_ws/build/rosbot_bringup -- -j4 -l4
[0.611s] Invoking command in '/home/dr/amr-travelobot/ros_ws/build/rosbot_bringup': CMAKE_PREFIX_PATH=/home/dr/amr-travelobot/ros_ws/install/teleop_twist_joy:/home/dr/amr-travelobot/ros_ws/install/rplidar_ros2:/home/dr/amr-travelobot/ros_ws/install/rosbot_description:/home/dr/amr-travelobot/ros_ws/install/odrive_hardware_interface:/home/dr/amr-travelobot/ros_ws/install/rosbot_bringup:/home/dr/amr-travelobot/ros_ws/install/odrive_ros2_control:/home/dr/amr-travelobot/ros_ws/install/turtlesim:/home/dr/amr-travelobot/ros_ws/install/odrive_bringup:/home/dr/amr-travelobot/ros_ws/install/odrive_description:/home/dr/amr-travelobot/ros_ws/install/bno055:/opt/ros/foxy LD_LIBRARY_PATH=/home/dr/amr-travelobot/ros_ws/install/teleop_twist_joy/lib:/home/dr/amr-travelobot/ros_ws/install/odrive_hardware_interface/lib:/home/dr/amr-travelobot/ros_ws/install/turtlesim/lib:/opt/ros/foxy/opt/yaml_cpp_vendor/lib:/opt/ros/foxy/opt/rviz_ogre_vendor/lib:/opt/ros/foxy/lib/aarch64-linux-gnu:/opt/ros/foxy/lib /usr/bin/cmake --install /home/dr/amr-travelobot/ros_ws/build/rosbot_bringup
[0.669s] -- Install configuration: ""
[0.672s] -- Up-to-date: /home/dr/amr-travelobot/ros_ws/install/rosbot_bringup/share/rosbot_bringup/launch
[0.673s] -- Up-to-date: /home/dr/amr-travelobot/ros_ws/install/rosbot_bringup/share/rosbot_bringup/launch/rviz.launch.py
[0.673s] -- Up-to-date: /home/dr/amr-travelobot/ros_ws/install/rosbot_bringup/share/rosbot_bringup/launch/robot.launch.py
[0.673s] -- Up-to-date: /home/dr/amr-travelobot/ros_ws/install/rosbot_bringup/share/rosbot_bringup/launch/slam.launch.py
[0.674s] -- Up-to-date: /home/dr/amr-travelobot/ros_ws/install/rosbot_bringup/share/rosbot_bringup/launch/navigation.launch.py
[0.674s] -- Up-to-date: /home/dr/amr-travelobot/ros_ws/install/rosbot_bringup/share/rosbot_bringup/launch/localization.launch.py
[0.675s] -- Up-to-date: /home/dr/amr-travelobot/ros_ws/install/rosbot_bringup/share/rosbot_bringup/launch/imu.launch.py
[0.680s] -- Up-to-date: /home/dr/amr-travelobot/ros_ws/install/rosbot_bringup/share/rosbot_bringup/launch/gazebo.launch.py
[0.680s] -- Up-to-date: /home/dr/amr-travelobot/ros_ws/install/rosbot_bringup/share/ament_index/resource_index/package_run_dependencies/rosbot_bringup
[0.681s] -- Up-to-date: /home/dr/amr-travelobot/ros_ws/install/rosbot_bringup/share/ament_index/resource_index/parent_prefix_path/rosbot_bringup
[0.684s] -- Up-to-date: /home/dr/amr-travelobot/ros_ws/install/rosbot_bringup/share/rosbot_bringup/environment/ament_prefix_path.sh
[0.697s] -- Up-to-date: /home/dr/amr-travelobot/ros_ws/install/rosbot_bringup/share/rosbot_bringup/environment/ament_prefix_path.dsv
[0.698s] -- Up-to-date: /home/dr/amr-travelobot/ros_ws/install/rosbot_bringup/share/rosbot_bringup/environment/path.sh
[0.699s] -- Up-to-date: /home/dr/amr-travelobot/ros_ws/install/rosbot_bringup/share/rosbot_bringup/environment/path.dsv
[0.699s] -- Up-to-date: /home/dr/amr-travelobot/ros_ws/install/rosbot_bringup/share/rosbot_bringup/local_setup.bash
[0.700s] -- Up-to-date: /home/dr/amr-travelobot/ros_ws/install/rosbot_bringup/share/rosbot_bringup/local_setup.sh
[0.701s] -- Up-to-date: /home/dr/amr-travelobot/ros_ws/install/rosbot_bringup/share/rosbot_bringup/local_setup.zsh
[0.701s] -- Up-to-date: /home/dr/amr-travelobot/ros_ws/install/rosbot_bringup/share/rosbot_bringup/local_setup.dsv
[0.702s] -- Installing: /home/dr/amr-travelobot/ros_ws/install/rosbot_bringup/share/rosbot_bringup/package.dsv
[0.702s] -- Up-to-date: /home/dr/amr-travelobot/ros_ws/install/rosbot_bringup/share/ament_index/resource_index/packages/rosbot_bringup
[0.703s] -- Up-to-date: /home/dr/amr-travelobot/ros_ws/install/rosbot_bringup/share/rosbot_bringup/cmake/rosbot_bringupConfig.cmake
[0.703s] -- Up-to-date: /home/dr/amr-travelobot/ros_ws/install/rosbot_bringup/share/rosbot_bringup/cmake/rosbot_bringupConfig-version.cmake
[0.704s] -- Up-to-date: /home/dr/amr-travelobot/ros_ws/install/rosbot_bringup/share/rosbot_bringup/package.xml
[0.705s] Invoked command in '/home/dr/amr-travelobot/ros_ws/build/rosbot_bringup' returned '0': CMAKE_PREFIX_PATH=/home/dr/amr-travelobot/ros_ws/install/teleop_twist_joy:/home/dr/amr-travelobot/ros_ws/install/rplidar_ros2:/home/dr/amr-travelobot/ros_ws/install/rosbot_description:/home/dr/amr-travelobot/ros_ws/install/odrive_hardware_interface:/home/dr/amr-travelobot/ros_ws/install/rosbot_bringup:/home/dr/amr-travelobot/ros_ws/install/odrive_ros2_control:/home/dr/amr-travelobot/ros_ws/install/turtlesim:/home/dr/amr-travelobot/ros_ws/install/odrive_bringup:/home/dr/amr-travelobot/ros_ws/install/odrive_description:/home/dr/amr-travelobot/ros_ws/install/bno055:/opt/ros/foxy LD_LIBRARY_PATH=/home/dr/amr-travelobot/ros_ws/install/teleop_twist_joy/lib:/home/dr/amr-travelobot/ros_ws/install/odrive_hardware_interface/lib:/home/dr/amr-travelobot/ros_ws/install/turtlesim/lib:/opt/ros/foxy/opt/yaml_cpp_vendor/lib:/opt/ros/foxy/opt/rviz_ogre_vendor/lib:/opt/ros/foxy/lib/aarch64-linux-gnu:/opt/ros/foxy/lib /usr/bin/cmake --install /home/dr/amr-travelobot/ros_ws/build/rosbot_bringup
