[1.148s] Invoking command in '/home/dr/amr-travelobot/ros_ws/build/rrbot_description': CMAKE_PREFIX_PATH=/opt/ros/foxy /usr/bin/cmake /home/dr/amr-travelobot/ros_ws/src/ros2_control_demos/ros2_control_demo_description/rrbot_description -DAMENT_CMAKE_SYMLINK_INSTALL=1 -DCMAKE_INSTALL_PREFIX=/home/dr/amr-travelobot/ros_ws/install/rrbot_description
[1.215s] -- Found ament_cmake: 0.9.9 (/opt/ros/foxy/share/ament_cmake/cmake)
[1.325s] -- Using PYTHON_EXECUTABLE: /usr/bin/python3
[2.322s] -- Override CMake install command with custom implementation using symlinks instead of copying resources
[2.660s] -- Configuring done
[2.683s] -- Generating done
[2.699s] -- Build files have been written to: /home/dr/amr-travelobot/ros_ws/build/rrbot_description
[2.716s] Invoked command in '/home/dr/amr-travelobot/ros_ws/build/rrbot_description' returned '0': CMAKE_PREFIX_PATH=/opt/ros/foxy /usr/bin/cmake /home/dr/amr-travelobot/ros_ws/src/ros2_control_demos/ros2_control_demo_description/rrbot_description -DAMENT_CMAKE_SYMLINK_INSTALL=1 -DCMAKE_INSTALL_PREFIX=/home/dr/amr-travelobot/ros_ws/install/rrbot_description
[2.720s] Invoking command in '/home/dr/amr-travelobot/ros_ws/build/rrbot_description': CMAKE_PREFIX_PATH=/opt/ros/foxy /usr/bin/cmake --build /home/dr/amr-travelobot/ros_ws/build/rrbot_description -- -j4 -l4
[2.926s] Invoked command in '/home/dr/amr-travelobot/ros_ws/build/rrbot_description' returned '0': CMAKE_PREFIX_PATH=/opt/ros/foxy /usr/bin/cmake --build /home/dr/amr-travelobot/ros_ws/build/rrbot_description -- -j4 -l4
[3.042s] Invoking command in '/home/dr/amr-travelobot/ros_ws/build/rrbot_description': CMAKE_PREFIX_PATH=/opt/ros/foxy /usr/bin/cmake --install /home/dr/amr-travelobot/ros_ws/build/rrbot_description
[3.084s] -- Install configuration: ""
[3.085s] -- Execute custom install script
[3.090s] -- Symlinking: /home/dr/amr-travelobot/ros_ws/install/rrbot_description/share/rrbot_description/config/rrbot.rviz
[3.131s] -- Symlinking: /home/dr/amr-travelobot/ros_ws/install/rrbot_description/share/rrbot_description/gazebo/rrbot.gazebo.xacro
[3.172s] -- Symlinking: /home/dr/amr-travelobot/ros_ws/install/rrbot_description/share/rrbot_description/gazebo/rrbot.materials.xacro
[3.216s] -- Symlinking: /home/dr/amr-travelobot/ros_ws/install/rrbot_description/share/rrbot_description/meshes/hokuyo.dae
[3.265s] -- Symlinking: /home/dr/amr-travelobot/ros_ws/install/rrbot_description/share/rrbot_description/launch/view_robot.launch.py
[3.326s] -- Symlinking: /home/dr/amr-travelobot/ros_ws/install/rrbot_description/share/rrbot_description/ros2_control/rrbot.ros2_control.xacro
[3.354s] -- Symlinking: /home/dr/amr-travelobot/ros_ws/install/rrbot_description/share/rrbot_description/ros2_control/rrbot_system_multi_interface.ros2_control.xacro
[3.402s] -- Symlinking: /home/dr/amr-travelobot/ros_ws/install/rrbot_description/share/rrbot_description/ros2_control/rrbot_system_position_only.ros2_control.xacro
[3.441s] -- Symlinking: /home/dr/amr-travelobot/ros_ws/install/rrbot_description/share/rrbot_description/ros2_control/rrbot_system_with_sensor.ros2_control.xacro
[3.479s] -- Symlinking: /home/dr/amr-travelobot/ros_ws/install/rrbot_description/share/rrbot_description/urdf/rrbot.urdf.xacro
[3.531s] -- Symlinking: /home/dr/amr-travelobot/ros_ws/install/rrbot_description/share/rrbot_description/urdf/rrbot_description.urdf.xacro
[3.566s] -- Symlinking: /home/dr/amr-travelobot/ros_ws/install/rrbot_description/share/rrbot_description/urdf/rrbot_system_multi_interface.urdf.xacro
[3.607s] -- Symlinking: /home/dr/amr-travelobot/ros_ws/install/rrbot_description/share/rrbot_description/urdf/rrbot_system_position_only.urdf.xacro
[3.645s] -- Symlinking: /home/dr/amr-travelobot/ros_ws/install/rrbot_description/share/rrbot_description/urdf/rrbot_system_with_sensor.urdf.xacro
[3.679s] -- Symlinking: /home/dr/amr-travelobot/ros_ws/install/rrbot_description/share/rrbot_description/environment/rrbot_description.dsv
[3.747s] -- Symlinking: /home/dr/amr-travelobot/ros_ws/install/rrbot_description/share/ament_index/resource_index/package_run_dependencies/rrbot_description
[3.819s] -- Symlinking: /home/dr/amr-travelobot/ros_ws/install/rrbot_description/share/ament_index/resource_index/parent_prefix_path/rrbot_description
[3.855s] -- Symlinking: /home/dr/amr-travelobot/ros_ws/install/rrbot_description/share/rrbot_description/environment/ament_prefix_path.sh
[3.895s] -- Symlinking: /home/dr/amr-travelobot/ros_ws/install/rrbot_description/share/rrbot_description/environment/ament_prefix_path.dsv
[3.926s] -- Symlinking: /home/dr/amr-travelobot/ros_ws/install/rrbot_description/share/rrbot_description/environment/path.sh
[3.959s] -- Symlinking: /home/dr/amr-travelobot/ros_ws/install/rrbot_description/share/rrbot_description/environment/path.dsv
[3.994s] -- Symlinking: /home/dr/amr-travelobot/ros_ws/install/rrbot_description/share/rrbot_description/local_setup.bash
[4.028s] -- Symlinking: /home/dr/amr-travelobot/ros_ws/install/rrbot_description/share/rrbot_description/local_setup.sh
[4.066s] -- Symlinking: /home/dr/amr-travelobot/ros_ws/install/rrbot_description/share/rrbot_description/local_setup.zsh
[4.147s] -- Symlinking: /home/dr/amr-travelobot/ros_ws/install/rrbot_description/share/rrbot_description/local_setup.dsv
[4.248s] -- Symlinking: /home/dr/amr-travelobot/ros_ws/install/rrbot_description/share/rrbot_description/package.dsv
[4.345s] -- Symlinking: /home/dr/amr-travelobot/ros_ws/install/rrbot_description/share/ament_index/resource_index/packages/rrbot_description
[4.464s] -- Symlinking: /home/dr/amr-travelobot/ros_ws/install/rrbot_description/share/rrbot_description/cmake/rrbot_descriptionConfig.cmake
[4.544s] -- Symlinking: /home/dr/amr-travelobot/ros_ws/install/rrbot_description/share/rrbot_description/cmake/rrbot_descriptionConfig-version.cmake
[4.601s] -- Symlinking: /home/dr/amr-travelobot/ros_ws/install/rrbot_description/share/rrbot_description/package.xml
[4.670s] Invoked command in '/home/dr/amr-travelobot/ros_ws/build/rrbot_description' returned '0': CMAKE_PREFIX_PATH=/opt/ros/foxy /usr/bin/cmake --install /home/dr/amr-travelobot/ros_ws/build/rrbot_description
