[ 50%] Built target odrive_usb
[ 75%] [32mBuilding CXX object CMakeFiles/odrive_hardware_interface.dir/src/odrive_hardware_interface.cpp.o[0m
In file included from [01m[K/home/dr/amr-travelobot/ros_ws/src/odrive_ros2_control/odrive_hardware_interface/src/odrive_hardware_interface.cpp:15[m[K:
[01m[K/home/dr/amr-travelobot/ros_ws/src/odrive_ros2_control/odrive_hardware_interface/include/odrive_hardware_interface/odrive_hardware_interface.hpp:45:73:[m[K [01;31m[Kerror: [m[Kexpected template-name before ‘[01m[K<[m[K’ token
   45 | class ODriveHardwareInterface : public hardware_interface::BaseInterface[01;31m[K<[m[Khardware_interface::SystemInterface>
      |                                                                         [01;31m[K^[m[K
[01m[K/home/dr/amr-travelobot/ros_ws/src/odrive_ros2_control/odrive_hardware_interface/include/odrive_hardware_interface/odrive_hardware_interface.hpp:45:73:[m[K [01;31m[Kerror: [m[Kexpected ‘[01m[K{[m[K’ before ‘[01m[K<[m[K’ token
[01m[K/home/dr/amr-travelobot/ros_ws/src/odrive_ros2_control/odrive_hardware_interface/include/odrive_hardware_interface/odrive_hardware_interface.hpp:45:73:[m[K [01;31m[Kerror: [m[Kexpected unqualified-id before ‘[01m[K<[m[K’ token
[01m[K/home/dr/amr-travelobot/ros_ws/src/odrive_ros2_control/odrive_hardware_interface/src/odrive_hardware_interface.cpp:20:92:[m[K [01;31m[Kerror: [m[Kinvalid use of incomplete type ‘[01m[Kclass odrive_hardware_interface::ODriveHardwareInterface[m[K’
   20 | return_type ODriveHardwareInterface::configure(const hardware_interface::HardwareInfo& info[01;31m[K)[m[K
      |                                                                                            [01;31m[K^[m[K
In file included from [01m[K/home/dr/amr-travelobot/ros_ws/src/odrive_ros2_control/odrive_hardware_interface/src/odrive_hardware_interface.cpp:15[m[K:
[01m[K/home/dr/amr-travelobot/ros_ws/src/odrive_ros2_control/odrive_hardware_interface/include/odrive_hardware_interface/odrive_hardware_interface.hpp:45:7:[m[K [01;36m[Knote: [m[Kforward declaration of ‘[01m[Kclass odrive_hardware_interface::ODriveHardwareInterface[m[K’
   45 | class [01;36m[KODriveHardwareInterface[m[K : public hardware_interface::BaseInterface<hardware_interface::SystemInterface>
      |       [01;36m[K^~~~~~~~~~~~~~~~~~~~~~~[m[K
[01m[K/home/dr/amr-travelobot/ros_ws/src/odrive_ros2_control/odrive_hardware_interface/src/odrive_hardware_interface.cpp:81:98:[m[K [01;31m[Kerror: [m[Kinvalid use of incomplete type ‘[01m[Kclass odrive_hardware_interface::ODriveHardwareInterface[m[K’
   81 | std::vector<hardware_interface::StateInterface> ODriveHardwareInterface::export_state_interfaces([01;31m[K)[m[K
      |                                                                                                  [01;31m[K^[m[K
In file included from [01m[K/home/dr/amr-travelobot/ros_ws/src/odrive_ros2_control/odrive_hardware_interface/src/odrive_hardware_interface.cpp:15[m[K:
[01m[K/home/dr/amr-travelobot/ros_ws/src/odrive_ros2_control/odrive_hardware_interface/include/odrive_hardware_interface/odrive_hardware_interface.hpp:45:7:[m[K [01;36m[Knote: [m[Kforward declaration of ‘[01m[Kclass odrive_hardware_interface::ODriveHardwareInterface[m[K’
   45 | class [01;36m[KODriveHardwareInterface[m[K : public hardware_interface::BaseInterface<hardware_interface::SystemInterface>
      |       [01;36m[K^~~~~~~~~~~~~~~~~~~~~~~[m[K
[01m[K/home/dr/amr-travelobot/ros_ws/src/odrive_ros2_control/odrive_hardware_interface/src/odrive_hardware_interface.cpp:115:102:[m[K [01;31m[Kerror: [m[Kinvalid use of incomplete type ‘[01m[Kclass odrive_hardware_interface::ODriveHardwareInterface[m[K’
  115 | std::vector<hardware_interface::CommandInterface> ODriveHardwareInterface::export_command_interfaces([01;31m[K)[m[K
      |                                                                                                      [01;31m[K^[m[K
In file included from [01m[K/home/dr/amr-travelobot/ros_ws/src/odrive_ros2_control/odrive_hardware_interface/src/odrive_hardware_interface.cpp:15[m[K:
[01m[K/home/dr/amr-travelobot/ros_ws/src/odrive_ros2_control/odrive_hardware_interface/include/odrive_hardware_interface/odrive_hardware_interface.hpp:45:7:[m[K [01;36m[Knote: [m[Kforward declaration of ‘[01m[Kclass odrive_hardware_interface::ODriveHardwareInterface[m[K’
   45 | class [01;36m[KODriveHardwareInterface[m[K : public hardware_interface::BaseInterface<hardware_interface::SystemInterface>
      |       [01;36m[K^~~~~~~~~~~~~~~~~~~~~~~[m[K
[01m[K/home/dr/amr-travelobot/ros_ws/src/odrive_ros2_control/odrive_hardware_interface/src/odrive_hardware_interface.cpp:132:113:[m[K [01;31m[Kerror: [m[Kinvalid use of incomplete type ‘[01m[Kclass odrive_hardware_interface::ODriveHardwareInterface[m[K’
  132 |                                                                  const std::vector<std::string>& stop_interfaces[01;31m[K)[m[K
      |                                                                                                                 [01;31m[K^[m[K
In file included from [01m[K/home/dr/amr-travelobot/ros_ws/src/odrive_ros2_control/odrive_hardware_interface/src/odrive_hardware_interface.cpp:15[m[K:
[01m[K/home/dr/amr-travelobot/ros_ws/src/odrive_ros2_control/odrive_hardware_interface/include/odrive_hardware_interface/odrive_hardware_interface.hpp:45:7:[m[K [01;36m[Knote: [m[Kforward declaration of ‘[01m[Kclass odrive_hardware_interface::ODriveHardwareInterface[m[K’
   45 | class [01;36m[KODriveHardwareInterface[m[K : public hardware_interface::BaseInterface<hardware_interface::SystemInterface>
      |       [01;36m[K^~~~~~~~~~~~~~~~~~~~~~~[m[K
[01m[K/home/dr/amr-travelobot/ros_ws/src/odrive_ros2_control/odrive_hardware_interface/src/odrive_hardware_interface.cpp:238:44:[m[K [01;31m[Kerror: [m[Kinvalid use of incomplete type ‘[01m[Kclass odrive_hardware_interface::ODriveHardwareInterface[m[K’
  238 | return_type ODriveHardwareInterface::start([01;31m[K)[m[K
      |                                            [01;31m[K^[m[K
In file included from [01m[K/home/dr/amr-travelobot/ros_ws/src/odrive_ros2_control/odrive_hardware_interface/src/odrive_hardware_interface.cpp:15[m[K:
[01m[K/home/dr/amr-travelobot/ros_ws/src/odrive_ros2_control/odrive_hardware_interface/include/odrive_hardware_interface/odrive_hardware_interface.hpp:45:7:[m[K [01;36m[Knote: [m[Kforward declaration of ‘[01m[Kclass odrive_hardware_interface::ODriveHardwareInterface[m[K’
   45 | class [01;36m[KODriveHardwareInterface[m[K : public hardware_interface::BaseInterface<hardware_interface::SystemInterface>
      |       [01;36m[K^~~~~~~~~~~~~~~~~~~~~~~[m[K
[01m[K/home/dr/amr-travelobot/ros_ws/src/odrive_ros2_control/odrive_hardware_interface/src/odrive_hardware_interface.cpp:253:43:[m[K [01;31m[Kerror: [m[Kinvalid use of incomplete type ‘[01m[Kclass odrive_hardware_interface::ODriveHardwareInterface[m[K’
  253 | return_type ODriveHardwareInterface::stop([01;31m[K)[m[K
      |                                           [01;31m[K^[m[K
In file included from [01m[K/home/dr/amr-travelobot/ros_ws/src/odrive_ros2_control/odrive_hardware_interface/src/odrive_hardware_interface.cpp:15[m[K:
[01m[K/home/dr/amr-travelobot/ros_ws/src/odrive_ros2_control/odrive_hardware_interface/include/odrive_hardware_interface/odrive_hardware_interface.hpp:45:7:[m[K [01;36m[Knote: [m[Kforward declaration of ‘[01m[Kclass odrive_hardware_interface::ODriveHardwareInterface[m[K’
   45 | class [01;36m[KODriveHardwareInterface[m[K : public hardware_interface::BaseInterface<hardware_interface::SystemInterface>
      |       [01;36m[K^~~~~~~~~~~~~~~~~~~~~~~[m[K
[01m[K/home/dr/amr-travelobot/ros_ws/src/odrive_ros2_control/odrive_hardware_interface/src/odrive_hardware_interface.cpp:265:43:[m[K [01;31m[Kerror: [m[Kinvalid use of incomplete type ‘[01m[Kclass odrive_hardware_interface::ODriveHardwareInterface[m[K’
  265 | return_type ODriveHardwareInterface::read([01;31m[K)[m[K
      |                                           [01;31m[K^[m[K
In file included from [01m[K/home/dr/amr-travelobot/ros_ws/src/odrive_ros2_control/odrive_hardware_interface/src/odrive_hardware_interface.cpp:15[m[K:
[01m[K/home/dr/amr-travelobot/ros_ws/src/odrive_ros2_control/odrive_hardware_interface/include/odrive_hardware_interface/odrive_hardware_interface.hpp:45:7:[m[K [01;36m[Knote: [m[Kforward declaration of ‘[01m[Kclass odrive_hardware_interface::ODriveHardwareInterface[m[K’
   45 | class [01;36m[KODriveHardwareInterface[m[K : public hardware_interface::BaseInterface<hardware_interface::SystemInterface>
      |       [01;36m[K^~~~~~~~~~~~~~~~~~~~~~~[m[K
[01m[K/home/dr/amr-travelobot/ros_ws/src/odrive_ros2_control/odrive_hardware_interface/src/odrive_hardware_interface.cpp:317:44:[m[K [01;31m[Kerror: [m[Kinvalid use of incomplete type ‘[01m[Kclass odrive_hardware_interface::ODriveHardwareInterface[m[K’
  317 | return_type ODriveHardwareInterface::write([01;31m[K)[m[K
      |                                            [01;31m[K^[m[K
In file included from [01m[K/home/dr/amr-travelobot/ros_ws/src/odrive_ros2_control/odrive_hardware_interface/src/odrive_hardware_interface.cpp:15[m[K:
[01m[K/home/dr/amr-travelobot/ros_ws/src/odrive_ros2_control/odrive_hardware_interface/include/odrive_hardware_interface/odrive_hardware_interface.hpp:45:7:[m[K [01;36m[Knote: [m[Kforward declaration of ‘[01m[Kclass odrive_hardware_interface::ODriveHardwareInterface[m[K’
   45 | class [01;36m[KODriveHardwareInterface[m[K : public hardware_interface::BaseInterface<hardware_interface::SystemInterface>
      |       [01;36m[K^~~~~~~~~~~~~~~~~~~~~~~[m[K
In file included from [01m[K/opt/ros/galactic/include/class_loader/class_loader_core.hpp:57[m[K,
                 from [01m[K/opt/ros/galactic/include/class_loader/class_loader.hpp:55[m[K,
                 from [01m[K/opt/ros/galactic/include/pluginlib/class_list_macros.hpp:40[m[K,
                 from [01m[K/home/dr/amr-travelobot/ros_ws/src/odrive_ros2_control/odrive_hardware_interface/src/odrive_hardware_interface.cpp:16[m[K:
/opt/ros/galactic/include/class_loader/meta_object.hpp: In instantiation of ‘[01m[KB* class_loader::impl::MetaObject<C, B>::create() const [with C = odrive_hardware_interface::ODriveHardwareInterface; B = hardware_interface::SystemInterface][m[K’:
[01m[K/opt/ros/galactic/include/class_loader/meta_object.hpp:216:7:[m[K   required from here
[01m[K/opt/ros/galactic/include/class_loader/meta_object.hpp:218:12:[m[K [01;31m[Kerror: [m[Kinvalid use of incomplete type ‘[01m[Kclass odrive_hardware_interface::ODriveHardwareInterface[m[K’
  218 |     return [01;31m[Knew C[m[K;
      |            [01;31m[K^~~~~[m[K
In file included from [01m[K/home/dr/amr-travelobot/ros_ws/src/odrive_ros2_control/odrive_hardware_interface/src/odrive_hardware_interface.cpp:15[m[K:
[01m[K/home/dr/amr-travelobot/ros_ws/src/odrive_ros2_control/odrive_hardware_interface/include/odrive_hardware_interface/odrive_hardware_interface.hpp:45:7:[m[K [01;36m[Knote: [m[Kforward declaration of ‘[01m[Kclass odrive_hardware_interface::ODriveHardwareInterface[m[K’
   45 | class [01;36m[KODriveHardwareInterface[m[K : public hardware_interface::BaseInterface<hardware_interface::SystemInterface>
      |       [01;36m[K^~~~~~~~~~~~~~~~~~~~~~~[m[K
make[2]: *** [CMakeFiles/odrive_hardware_interface.dir/build.make:63: CMakeFiles/odrive_hardware_interface.dir/src/odrive_hardware_interface.cpp.o] Error 1
make[1]: *** [CMakeFiles/Makefile2:80: CMakeFiles/odrive_hardware_interface.dir/all] Error 2
make: *** [Makefile:141: all] Error 2
