[0.246s] Invoking command in '/home/dr/amr-travelobot/ros_ws/build/odrive_hardware_interface': CMAKE_PREFIX_PATH=${CMAKE_PREFIX_PATH}:/home/dr/amr-travelobot/ros_ws/install/bno055:/opt/ros/galactic /usr/bin/cmake --build /home/dr/amr-travelobot/ros_ws/build/odrive_hardware_interface -- -j4 -l4
[0.873s] [ 50%] Built target odrive_usb
[1.013s] [ 75%] [32mBuilding CXX object CMakeFiles/odrive_hardware_interface.dir/src/odrive_hardware_interface.cpp.o[0m
[13.299s] In file included from [01m[K/home/dr/amr-travelobot/ros_ws/src/odrive_ros2_control/odrive_hardware_interface/src/odrive_hardware_interface.cpp:15[m[K:
[13.299s] [01m[K/home/dr/amr-travelobot/ros_ws/src/odrive_ros2_control/odrive_hardware_interface/include/odrive_hardware_interface/odrive_hardware_interface.hpp:45:73:[m[K [01;31m[Kerror: [m[Kexpected template-name before ‘[01m[K<[m[K’ token
[13.300s]    45 | class ODriveHardwareInterface : public hardware_interface::BaseInterface[01;31m[K<[m[Khardware_interface::SystemInterface>
[13.300s]       |                                                                         [01;31m[K^[m[K
[13.301s] [01m[K/home/dr/amr-travelobot/ros_ws/src/odrive_ros2_control/odrive_hardware_interface/include/odrive_hardware_interface/odrive_hardware_interface.hpp:45:73:[m[K [01;31m[Kerror: [m[Kexpected ‘[01m[K{[m[K’ before ‘[01m[K<[m[K’ token
[13.301s] [01m[K/home/dr/amr-travelobot/ros_ws/src/odrive_ros2_control/odrive_hardware_interface/include/odrive_hardware_interface/odrive_hardware_interface.hpp:45:73:[m[K [01;31m[Kerror: [m[Kexpected unqualified-id before ‘[01m[K<[m[K’ token
[13.350s] [01m[K/home/dr/amr-travelobot/ros_ws/src/odrive_ros2_control/odrive_hardware_interface/src/odrive_hardware_interface.cpp:20:92:[m[K [01;31m[Kerror: [m[Kinvalid use of incomplete type ‘[01m[Kclass odrive_hardware_interface::ODriveHardwareInterface[m[K’
[13.351s]    20 | return_type ODriveHardwareInterface::configure(const hardware_interface::HardwareInfo& info[01;31m[K)[m[K
[13.351s]       |                                                                                            [01;31m[K^[m[K
[13.352s] In file included from [01m[K/home/dr/amr-travelobot/ros_ws/src/odrive_ros2_control/odrive_hardware_interface/src/odrive_hardware_interface.cpp:15[m[K:
[13.352s] [01m[K/home/dr/amr-travelobot/ros_ws/src/odrive_ros2_control/odrive_hardware_interface/include/odrive_hardware_interface/odrive_hardware_interface.hpp:45:7:[m[K [01;36m[Knote: [m[Kforward declaration of ‘[01m[Kclass odrive_hardware_interface::ODriveHardwareInterface[m[K’
[13.352s]    45 | class [01;36m[KODriveHardwareInterface[m[K : public hardware_interface::BaseInterface<hardware_interface::SystemInterface>
[13.353s]       |       [01;36m[K^~~~~~~~~~~~~~~~~~~~~~~[m[K
[13.353s] [01m[K/home/dr/amr-travelobot/ros_ws/src/odrive_ros2_control/odrive_hardware_interface/src/odrive_hardware_interface.cpp:81:98:[m[K [01;31m[Kerror: [m[Kinvalid use of incomplete type ‘[01m[Kclass odrive_hardware_interface::ODriveHardwareInterface[m[K’
[13.354s]    81 | std::vector<hardware_interface::StateInterface> ODriveHardwareInterface::export_state_interfaces([01;31m[K)[m[K
[13.354s]       |                                                                                                  [01;31m[K^[m[K
[13.354s] In file included from [01m[K/home/dr/amr-travelobot/ros_ws/src/odrive_ros2_control/odrive_hardware_interface/src/odrive_hardware_interface.cpp:15[m[K:
[13.355s] [01m[K/home/dr/amr-travelobot/ros_ws/src/odrive_ros2_control/odrive_hardware_interface/include/odrive_hardware_interface/odrive_hardware_interface.hpp:45:7:[m[K [01;36m[Knote: [m[Kforward declaration of ‘[01m[Kclass odrive_hardware_interface::ODriveHardwareInterface[m[K’
[13.355s]    45 | class [01;36m[KODriveHardwareInterface[m[K : public hardware_interface::BaseInterface<hardware_interface::SystemInterface>
[13.355s]       |       [01;36m[K^~~~~~~~~~~~~~~~~~~~~~~[m[K
[13.356s] [01m[K/home/dr/amr-travelobot/ros_ws/src/odrive_ros2_control/odrive_hardware_interface/src/odrive_hardware_interface.cpp:115:102:[m[K [01;31m[Kerror: [m[Kinvalid use of incomplete type ‘[01m[Kclass odrive_hardware_interface::ODriveHardwareInterface[m[K’
[13.356s]   115 | std::vector<hardware_interface::CommandInterface> ODriveHardwareInterface::export_command_interfaces([01;31m[K)[m[K
[13.357s]       |                                                                                                      [01;31m[K^[m[K
[13.357s] In file included from [01m[K/home/dr/amr-travelobot/ros_ws/src/odrive_ros2_control/odrive_hardware_interface/src/odrive_hardware_interface.cpp:15[m[K:
[13.358s] [01m[K/home/dr/amr-travelobot/ros_ws/src/odrive_ros2_control/odrive_hardware_interface/include/odrive_hardware_interface/odrive_hardware_interface.hpp:45:7:[m[K [01;36m[Knote: [m[Kforward declaration of ‘[01m[Kclass odrive_hardware_interface::ODriveHardwareInterface[m[K’
[13.358s]    45 | class [01;36m[KODriveHardwareInterface[m[K : public hardware_interface::BaseInterface<hardware_interface::SystemInterface>
[13.358s]       |       [01;36m[K^~~~~~~~~~~~~~~~~~~~~~~[m[K
[13.359s] [01m[K/home/dr/amr-travelobot/ros_ws/src/odrive_ros2_control/odrive_hardware_interface/src/odrive_hardware_interface.cpp:132:113:[m[K [01;31m[Kerror: [m[Kinvalid use of incomplete type ‘[01m[Kclass odrive_hardware_interface::ODriveHardwareInterface[m[K’
[13.359s]   132 |                                                                  const std::vector<std::string>& stop_interfaces[01;31m[K)[m[K
[13.359s]       |                                                                                                                 [01;31m[K^[m[K
[13.360s] In file included from [01m[K/home/dr/amr-travelobot/ros_ws/src/odrive_ros2_control/odrive_hardware_interface/src/odrive_hardware_interface.cpp:15[m[K:
[13.360s] [01m[K/home/dr/amr-travelobot/ros_ws/src/odrive_ros2_control/odrive_hardware_interface/include/odrive_hardware_interface/odrive_hardware_interface.hpp:45:7:[m[K [01;36m[Knote: [m[Kforward declaration of ‘[01m[Kclass odrive_hardware_interface::ODriveHardwareInterface[m[K’
[13.361s]    45 | class [01;36m[KODriveHardwareInterface[m[K : public hardware_interface::BaseInterface<hardware_interface::SystemInterface>
[13.361s]       |       [01;36m[K^~~~~~~~~~~~~~~~~~~~~~~[m[K
[13.361s] [01m[K/home/dr/amr-travelobot/ros_ws/src/odrive_ros2_control/odrive_hardware_interface/src/odrive_hardware_interface.cpp:238:44:[m[K [01;31m[Kerror: [m[Kinvalid use of incomplete type ‘[01m[Kclass odrive_hardware_interface::ODriveHardwareInterface[m[K’
[13.362s]   238 | return_type ODriveHardwareInterface::start([01;31m[K)[m[K
[13.362s]       |                                            [01;31m[K^[m[K
[13.362s] In file included from [01m[K/home/dr/amr-travelobot/ros_ws/src/odrive_ros2_control/odrive_hardware_interface/src/odrive_hardware_interface.cpp:15[m[K:
[13.363s] [01m[K/home/dr/amr-travelobot/ros_ws/src/odrive_ros2_control/odrive_hardware_interface/include/odrive_hardware_interface/odrive_hardware_interface.hpp:45:7:[m[K [01;36m[Knote: [m[Kforward declaration of ‘[01m[Kclass odrive_hardware_interface::ODriveHardwareInterface[m[K’
[13.363s]    45 | class [01;36m[KODriveHardwareInterface[m[K : public hardware_interface::BaseInterface<hardware_interface::SystemInterface>
[13.363s]       |       [01;36m[K^~~~~~~~~~~~~~~~~~~~~~~[m[K
[13.364s] [01m[K/home/dr/amr-travelobot/ros_ws/src/odrive_ros2_control/odrive_hardware_interface/src/odrive_hardware_interface.cpp:253:43:[m[K [01;31m[Kerror: [m[Kinvalid use of incomplete type ‘[01m[Kclass odrive_hardware_interface::ODriveHardwareInterface[m[K’
[13.364s]   253 | return_type ODriveHardwareInterface::stop([01;31m[K)[m[K
[13.364s]       |                                           [01;31m[K^[m[K
[13.365s] In file included from [01m[K/home/dr/amr-travelobot/ros_ws/src/odrive_ros2_control/odrive_hardware_interface/src/odrive_hardware_interface.cpp:15[m[K:
[13.365s] [01m[K/home/dr/amr-travelobot/ros_ws/src/odrive_ros2_control/odrive_hardware_interface/include/odrive_hardware_interface/odrive_hardware_interface.hpp:45:7:[m[K [01;36m[Knote: [m[Kforward declaration of ‘[01m[Kclass odrive_hardware_interface::ODriveHardwareInterface[m[K’
[13.366s]    45 | class [01;36m[KODriveHardwareInterface[m[K : public hardware_interface::BaseInterface<hardware_interface::SystemInterface>
[13.366s]       |       [01;36m[K^~~~~~~~~~~~~~~~~~~~~~~[m[K
[13.366s] [01m[K/home/dr/amr-travelobot/ros_ws/src/odrive_ros2_control/odrive_hardware_interface/src/odrive_hardware_interface.cpp:265:43:[m[K [01;31m[Kerror: [m[Kinvalid use of incomplete type ‘[01m[Kclass odrive_hardware_interface::ODriveHardwareInterface[m[K’
[13.367s]   265 | return_type ODriveHardwareInterface::read([01;31m[K)[m[K
[13.367s]       |                                           [01;31m[K^[m[K
[13.367s] In file included from [01m[K/home/dr/amr-travelobot/ros_ws/src/odrive_ros2_control/odrive_hardware_interface/src/odrive_hardware_interface.cpp:15[m[K:
[13.368s] [01m[K/home/dr/amr-travelobot/ros_ws/src/odrive_ros2_control/odrive_hardware_interface/include/odrive_hardware_interface/odrive_hardware_interface.hpp:45:7:[m[K [01;36m[Knote: [m[Kforward declaration of ‘[01m[Kclass odrive_hardware_interface::ODriveHardwareInterface[m[K’
[13.368s]    45 | class [01;36m[KODriveHardwareInterface[m[K : public hardware_interface::BaseInterface<hardware_interface::SystemInterface>
[13.368s]       |       [01;36m[K^~~~~~~~~~~~~~~~~~~~~~~[m[K
[13.369s] [01m[K/home/dr/amr-travelobot/ros_ws/src/odrive_ros2_control/odrive_hardware_interface/src/odrive_hardware_interface.cpp:317:44:[m[K [01;31m[Kerror: [m[Kinvalid use of incomplete type ‘[01m[Kclass odrive_hardware_interface::ODriveHardwareInterface[m[K’
[13.369s]   317 | return_type ODriveHardwareInterface::write([01;31m[K)[m[K
[13.370s]       |                                            [01;31m[K^[m[K
[13.370s] In file included from [01m[K/home/dr/amr-travelobot/ros_ws/src/odrive_ros2_control/odrive_hardware_interface/src/odrive_hardware_interface.cpp:15[m[K:
[13.370s] [01m[K/home/dr/amr-travelobot/ros_ws/src/odrive_ros2_control/odrive_hardware_interface/include/odrive_hardware_interface/odrive_hardware_interface.hpp:45:7:[m[K [01;36m[Knote: [m[Kforward declaration of ‘[01m[Kclass odrive_hardware_interface::ODriveHardwareInterface[m[K’
[13.371s]    45 | class [01;36m[KODriveHardwareInterface[m[K : public hardware_interface::BaseInterface<hardware_interface::SystemInterface>
[13.371s]       |       [01;36m[K^~~~~~~~~~~~~~~~~~~~~~~[m[K
[15.382s] In file included from [01m[K/opt/ros/galactic/include/class_loader/class_loader_core.hpp:57[m[K,
[15.383s]                  from [01m[K/opt/ros/galactic/include/class_loader/class_loader.hpp:55[m[K,
[15.383s]                  from [01m[K/opt/ros/galactic/include/pluginlib/class_list_macros.hpp:40[m[K,
[15.383s]                  from [01m[K/home/dr/amr-travelobot/ros_ws/src/odrive_ros2_control/odrive_hardware_interface/src/odrive_hardware_interface.cpp:16[m[K:
[15.384s] /opt/ros/galactic/include/class_loader/meta_object.hpp: In instantiation of ‘[01m[KB* class_loader::impl::MetaObject<C, B>::create() const [with C = odrive_hardware_interface::ODriveHardwareInterface; B = hardware_interface::SystemInterface][m[K’:
[15.384s] [01m[K/opt/ros/galactic/include/class_loader/meta_object.hpp:216:7:[m[K   required from here
[15.385s] [01m[K/opt/ros/galactic/include/class_loader/meta_object.hpp:218:12:[m[K [01;31m[Kerror: [m[Kinvalid use of incomplete type ‘[01m[Kclass odrive_hardware_interface::ODriveHardwareInterface[m[K’
[15.385s]   218 |     return [01;31m[Knew C[m[K;
[15.385s]       |            [01;31m[K^~~~~[m[K
[15.386s] In file included from [01m[K/home/dr/amr-travelobot/ros_ws/src/odrive_ros2_control/odrive_hardware_interface/src/odrive_hardware_interface.cpp:15[m[K:
[15.386s] [01m[K/home/dr/amr-travelobot/ros_ws/src/odrive_ros2_control/odrive_hardware_interface/include/odrive_hardware_interface/odrive_hardware_interface.hpp:45:7:[m[K [01;36m[Knote: [m[Kforward declaration of ‘[01m[Kclass odrive_hardware_interface::ODriveHardwareInterface[m[K’
[15.387s]    45 | class [01;36m[KODriveHardwareInterface[m[K : public hardware_interface::BaseInterface<hardware_interface::SystemInterface>
[15.387s]       |       [01;36m[K^~~~~~~~~~~~~~~~~~~~~~~[m[K
[15.706s] make[2]: *** [CMakeFiles/odrive_hardware_interface.dir/build.make:63: CMakeFiles/odrive_hardware_interface.dir/src/odrive_hardware_interface.cpp.o] Error 1
[15.708s] make[1]: *** [CMakeFiles/Makefile2:80: CMakeFiles/odrive_hardware_interface.dir/all] Error 2
[15.709s] make: *** [Makefile:141: all] Error 2
[15.727s] Invoked command in '/home/dr/amr-travelobot/ros_ws/build/odrive_hardware_interface' returned '2': CMAKE_PREFIX_PATH=${CMAKE_PREFIX_PATH}:/home/dr/amr-travelobot/ros_ws/install/bno055:/opt/ros/galactic /usr/bin/cmake --build /home/dr/amr-travelobot/ros_ws/build/odrive_hardware_interface -- -j4 -l4
