[0.187s] Invoking command in '/home/dr/amr-travelobot/ros_ws/build/diffbot_description': CMAKE_PREFIX_PATH=/opt/ros/foxy /usr/bin/cmake /home/dr/amr-travelobot/ros_ws/src/ros2_control_demos/ros2_control_demo_description/diffbot_description -DCMAKE_INSTALL_PREFIX=/home/dr/amr-travelobot/ros_ws/install/diffbot_description
[1.095s] -- The C compiler identification is GNU 9.4.0
[1.600s] -- The CXX compiler identification is GNU 9.4.0
[1.627s] -- Check for working C compiler: /usr/bin/cc
[1.902s] -- Check for working C compiler: /usr/bin/cc -- works
[1.906s] -- Detecting C compiler ABI info
[2.180s] -- Detecting C compiler ABI info - done
[2.231s] -- Detecting C compile features
[2.233s] -- Detecting C compile features - done
[2.249s] -- Check for working CXX compiler: /usr/bin/c++
[2.555s] -- Check for working CXX compiler: /usr/bin/c++ -- works
[2.564s] -- Detecting CXX compiler ABI info
[2.924s] -- Detecting CXX compiler ABI info - done
[2.983s] -- Detecting CXX compile features
[2.984s] -- Detecting CXX compile features - done
[2.999s] -- Found ament_cmake: 0.9.9 (/opt/ros/foxy/share/ament_cmake/cmake)
[3.132s] -- Found PythonInterp: /usr/bin/python3 (found suitable version "3.8.10", minimum required is "3") 
[3.138s] -- Using PYTHON_EXECUTABLE: /usr/bin/python3
[4.633s] -- Configuring done
[4.643s] -- Generating done
[4.648s] -- Build files have been written to: /home/dr/amr-travelobot/ros_ws/build/diffbot_description
[4.669s] Invoked command in '/home/dr/amr-travelobot/ros_ws/build/diffbot_description' returned '0': CMAKE_PREFIX_PATH=/opt/ros/foxy /usr/bin/cmake /home/dr/amr-travelobot/ros_ws/src/ros2_control_demos/ros2_control_demo_description/diffbot_description -DCMAKE_INSTALL_PREFIX=/home/dr/amr-travelobot/ros_ws/install/diffbot_description
[4.672s] Invoking command in '/home/dr/amr-travelobot/ros_ws/build/diffbot_description': CMAKE_PREFIX_PATH=/opt/ros/foxy /usr/bin/cmake --build /home/dr/amr-travelobot/ros_ws/build/diffbot_description -- -j4 -l4
[4.881s] Invoked command in '/home/dr/amr-travelobot/ros_ws/build/diffbot_description' returned '0': CMAKE_PREFIX_PATH=/opt/ros/foxy /usr/bin/cmake --build /home/dr/amr-travelobot/ros_ws/build/diffbot_description -- -j4 -l4
[5.011s] Invoking command in '/home/dr/amr-travelobot/ros_ws/build/diffbot_description': CMAKE_PREFIX_PATH=/opt/ros/foxy /usr/bin/cmake --install /home/dr/amr-travelobot/ros_ws/build/diffbot_description
[5.013s] -- Install configuration: ""
[5.013s] -- Installing: /home/dr/amr-travelobot/ros_ws/install/diffbot_description/share/diffbot_description/config
[5.014s] -- Installing: /home/dr/amr-travelobot/ros_ws/install/diffbot_description/share/diffbot_description/config/diffbot.rviz
[5.015s] -- Installing: /home/dr/amr-travelobot/ros_ws/install/diffbot_description/share/diffbot_description/config/diffbot_view.rviz
[5.016s] -- Installing: /home/dr/amr-travelobot/ros_ws/install/diffbot_description/share/diffbot_description/gazebo
[5.016s] -- Installing: /home/dr/amr-travelobot/ros_ws/install/diffbot_description/share/diffbot_description/gazebo/diffbot.materials.xacro
[5.017s] -- Installing: /home/dr/amr-travelobot/ros_ws/install/diffbot_description/share/diffbot_description/gazebo/diffbot.gazebo.xacro
[5.017s] -- Installing: /home/dr/amr-travelobot/ros_ws/install/diffbot_description/share/diffbot_description/launch
[5.018s] -- Installing: /home/dr/amr-travelobot/ros_ws/install/diffbot_description/share/diffbot_description/launch/view_robot.launch.py
[5.021s] -- Installing: /home/dr/amr-travelobot/ros_ws/install/diffbot_description/share/diffbot_description/ros2_control
[5.022s] -- Installing: /home/dr/amr-travelobot/ros_ws/install/diffbot_description/share/diffbot_description/ros2_control/diffbot.ros2_control.xacro
[5.023s] -- Installing: /home/dr/amr-travelobot/ros_ws/install/diffbot_description/share/diffbot_description/ros2_control/diffbot_system.ros2_control.xacro
[5.023s] -- Installing: /home/dr/amr-travelobot/ros_ws/install/diffbot_description/share/diffbot_description/urdf
[5.025s] -- Installing: /home/dr/amr-travelobot/ros_ws/install/diffbot_description/share/diffbot_description/urdf/diffbot_system.urdf.xacro
[5.025s] -- Installing: /home/dr/amr-travelobot/ros_ws/install/diffbot_description/share/diffbot_description/urdf/diffbot_description.urdf.xacro
[5.026s] -- Installing: /home/dr/amr-travelobot/ros_ws/install/diffbot_description/share/diffbot_description/urdf/diffbot.urdf.xacro
[5.026s] -- Installing: /home/dr/amr-travelobot/ros_ws/install/diffbot_description/share/ament_index/resource_index/package_run_dependencies/diffbot_description
[5.027s] -- Installing: /home/dr/amr-travelobot/ros_ws/install/diffbot_description/share/ament_index/resource_index/parent_prefix_path/diffbot_description
[5.027s] -- Installing: /home/dr/amr-travelobot/ros_ws/install/diffbot_description/share/diffbot_description/environment/ament_prefix_path.sh
[5.028s] -- Installing: /home/dr/amr-travelobot/ros_ws/install/diffbot_description/share/diffbot_description/environment/ament_prefix_path.dsv
[5.028s] -- Installing: /home/dr/amr-travelobot/ros_ws/install/diffbot_description/share/diffbot_description/environment/path.sh
[5.029s] -- Installing: /home/dr/amr-travelobot/ros_ws/install/diffbot_description/share/diffbot_description/environment/path.dsv
[5.030s] -- Installing: /home/dr/amr-travelobot/ros_ws/install/diffbot_description/share/diffbot_description/local_setup.bash
[5.032s] -- Installing: /home/dr/amr-travelobot/ros_ws/install/diffbot_description/share/diffbot_description/local_setup.sh
[5.044s] -- Installing: /home/dr/amr-travelobot/ros_ws/install/diffbot_description/share/diffbot_description/local_setup.zsh
[5.057s] -- Installing: /home/dr/amr-travelobot/ros_ws/install/diffbot_description/share/diffbot_description/local_setup.dsv
[5.058s] -- Installing: /home/dr/amr-travelobot/ros_ws/install/diffbot_description/share/diffbot_description/package.dsv
[5.058s] -- Installing: /home/dr/amr-travelobot/ros_ws/install/diffbot_description/share/ament_index/resource_index/packages/diffbot_description
[5.059s] -- Installing: /home/dr/amr-travelobot/ros_ws/install/diffbot_description/share/diffbot_description/cmake/diffbot_descriptionConfig.cmake
[5.060s] -- Installing: /home/dr/amr-travelobot/ros_ws/install/diffbot_description/share/diffbot_description/cmake/diffbot_descriptionConfig-version.cmake
[5.073s] -- Installing: /home/dr/amr-travelobot/ros_ws/install/diffbot_description/share/diffbot_description/package.xml
[5.074s] Invoked command in '/home/dr/amr-travelobot/ros_ws/build/diffbot_description' returned '0': CMAKE_PREFIX_PATH=/opt/ros/foxy /usr/bin/cmake --install /home/dr/amr-travelobot/ros_ws/build/diffbot_description
