[0.212s] Invoking command in '/home/dr/amr-travelobot/ros_ws/build/turtlesim': CMAKE_PREFIX_PATH=${CMAKE_PREFIX_PATH}:/home/dr/amr-travelobot/ros_ws/install/bno055:/opt/ros/galactic /usr/bin/cmake --build /home/dr/amr-travelobot/ros_ws/build/turtlesim -- -j4 -l4
[0.635s] [ 10%] Built target turtlesim__rosidl_generator_c
[0.637s] [ 11%] Built target turtlesim__cpp
[0.773s] [ 21%] Built target turtlesim__rosidl_typesupport_c
[0.789s] [ 31%] Built target turtlesim__rosidl_typesupport_introspection_c
[1.019s] [ 41%] Built target turtlesim__rosidl_typesupport_introspection_cpp
[1.021s] [ 51%] Built target turtlesim__rosidl_typesupport_cpp
[1.089s] [ 61%] Built target turtlesim__rosidl_typesupport_fastrtps_cpp
[1.244s] [ 71%] Built target turtlesim__rosidl_typesupport_fastrtps_c
[1.336s] [ 71%] Built target turtlesim
[1.579s] [ 73%] Built target mimic
[1.616s] [ 74%] Built target turtlesim__py
[1.627s] [ 76%] Built target draw_square
[1.669s] [ 78%] Built target turtle_teleop_key
[1.848s] [ 87%] Built target turtlesim__python
[1.870s] [ 93%] Built target turtlesim_node
[2.020s] [ 95%] Built target turtlesim__rosidl_typesupport_fastrtps_c__pyext
[2.239s] [ 98%] Built target turtlesim__rosidl_typesupport_introspection_c__pyext
[2.240s] [100%] Built target turtlesim__rosidl_typesupport_c__pyext
[2.298s] Invoked command in '/home/dr/amr-travelobot/ros_ws/build/turtlesim' returned '0': CMAKE_PREFIX_PATH=${CMAKE_PREFIX_PATH}:/home/dr/amr-travelobot/ros_ws/install/bno055:/opt/ros/galactic /usr/bin/cmake --build /home/dr/amr-travelobot/ros_ws/build/turtlesim -- -j4 -l4
[3.180s] Invoking command in '/home/dr/amr-travelobot/ros_ws/build/turtlesim': CMAKE_PREFIX_PATH=${CMAKE_PREFIX_PATH}:/home/dr/amr-travelobot/ros_ws/install/bno055:/opt/ros/galactic /usr/bin/cmake --install /home/dr/amr-travelobot/ros_ws/build/turtlesim
[3.229s] -- Install configuration: ""
[3.230s] -- Installing: /home/dr/amr-travelobot/ros_ws/install/turtlesim/share/ament_index/resource_index/rosidl_interfaces/turtlesim
[3.231s] -- Installing: /home/dr/amr-travelobot/ros_ws/install/turtlesim/include/turtlesim
[3.232s] -- Installing: /home/dr/amr-travelobot/ros_ws/install/turtlesim/include/turtlesim/msg
[3.233s] -- Installing: /home/dr/amr-travelobot/ros_ws/install/turtlesim/include/turtlesim/msg/rosidl_generator_c__visibility_control.h
[3.233s] -- Installing: /home/dr/amr-travelobot/ros_ws/install/turtlesim/include/turtlesim/msg/detail
[3.234s] -- Installing: /home/dr/amr-travelobot/ros_ws/install/turtlesim/include/turtlesim/msg/detail/pose__functions.c
[3.235s] -- Installing: /home/dr/amr-travelobot/ros_ws/install/turtlesim/include/turtlesim/msg/detail/pose__type_support.h
[3.236s] -- Installing: /home/dr/amr-travelobot/ros_ws/install/turtlesim/include/turtlesim/msg/detail/pose__functions.h
[3.237s] -- Installing: /home/dr/amr-travelobot/ros_ws/install/turtlesim/include/turtlesim/msg/detail/color__functions.c
[3.238s] -- Installing: /home/dr/amr-travelobot/ros_ws/install/turtlesim/include/turtlesim/msg/detail/color__functions.h
[3.239s] -- Installing: /home/dr/amr-travelobot/ros_ws/install/turtlesim/include/turtlesim/msg/detail/color__type_support.h
[3.240s] -- Installing: /home/dr/amr-travelobot/ros_ws/install/turtlesim/include/turtlesim/msg/detail/pose__struct.h
[3.241s] -- Installing: /home/dr/amr-travelobot/ros_ws/install/turtlesim/include/turtlesim/msg/detail/color__struct.h
[3.242s] -- Installing: /home/dr/amr-travelobot/ros_ws/install/turtlesim/include/turtlesim/msg/color.h
[3.243s] -- Installing: /home/dr/amr-travelobot/ros_ws/install/turtlesim/include/turtlesim/msg/pose.h
[3.244s] -- Installing: /home/dr/amr-travelobot/ros_ws/install/turtlesim/include/turtlesim/srv
[3.245s] -- Installing: /home/dr/amr-travelobot/ros_ws/install/turtlesim/include/turtlesim/srv/set_pen.h
[3.245s] -- Installing: /home/dr/amr-travelobot/ros_ws/install/turtlesim/include/turtlesim/srv/detail
[3.246s] -- Installing: /home/dr/amr-travelobot/ros_ws/install/turtlesim/include/turtlesim/srv/detail/set_pen__functions.c
[3.247s] -- Installing: /home/dr/amr-travelobot/ros_ws/install/turtlesim/include/turtlesim/srv/detail/set_pen__functions.h
[3.248s] -- Installing: /home/dr/amr-travelobot/ros_ws/install/turtlesim/include/turtlesim/srv/detail/teleport_relative__functions.h
[3.249s] -- Installing: /home/dr/amr-travelobot/ros_ws/install/turtlesim/include/turtlesim/srv/detail/spawn__functions.c
[3.250s] -- Installing: /home/dr/amr-travelobot/ros_ws/install/turtlesim/include/turtlesim/srv/detail/teleport_relative__struct.h
[3.251s] -- Installing: /home/dr/amr-travelobot/ros_ws/install/turtlesim/include/turtlesim/srv/detail/teleport_absolute__functions.c
[3.252s] -- Installing: /home/dr/amr-travelobot/ros_ws/install/turtlesim/include/turtlesim/srv/detail/set_pen__type_support.h
[3.253s] -- Installing: /home/dr/amr-travelobot/ros_ws/install/turtlesim/include/turtlesim/srv/detail/spawn__type_support.h
[3.254s] -- Installing: /home/dr/amr-travelobot/ros_ws/install/turtlesim/include/turtlesim/srv/detail/kill__functions.h
[3.255s] -- Installing: /home/dr/amr-travelobot/ros_ws/install/turtlesim/include/turtlesim/srv/detail/set_pen__struct.h
[3.256s] -- Installing: /home/dr/amr-travelobot/ros_ws/install/turtlesim/include/turtlesim/srv/detail/kill__struct.h
[3.257s] -- Installing: /home/dr/amr-travelobot/ros_ws/install/turtlesim/include/turtlesim/srv/detail/teleport_absolute__functions.h
[3.258s] -- Installing: /home/dr/amr-travelobot/ros_ws/install/turtlesim/include/turtlesim/srv/detail/teleport_relative__functions.c
[3.260s] -- Installing: /home/dr/amr-travelobot/ros_ws/install/turtlesim/include/turtlesim/srv/detail/teleport_absolute__struct.h
[3.260s] -- Installing: /home/dr/amr-travelobot/ros_ws/install/turtlesim/include/turtlesim/srv/detail/spawn__functions.h
[3.262s] -- Installing: /home/dr/amr-travelobot/ros_ws/install/turtlesim/include/turtlesim/srv/detail/teleport_relative__type_support.h
[3.262s] -- Installing: /home/dr/amr-travelobot/ros_ws/install/turtlesim/include/turtlesim/srv/detail/kill__type_support.h
[3.264s] -- Installing: /home/dr/amr-travelobot/ros_ws/install/turtlesim/include/turtlesim/srv/detail/teleport_absolute__type_support.h
[3.264s] -- Installing: /home/dr/amr-travelobot/ros_ws/install/turtlesim/include/turtlesim/srv/detail/kill__functions.c
[3.266s] -- Installing: /home/dr/amr-travelobot/ros_ws/install/turtlesim/include/turtlesim/srv/detail/spawn__struct.h
[3.267s] -- Installing: /home/dr/amr-travelobot/ros_ws/install/turtlesim/include/turtlesim/srv/kill.h
[3.268s] -- Installing: /home/dr/amr-travelobot/ros_ws/install/turtlesim/include/turtlesim/srv/teleport_absolute.h
[3.269s] -- Installing: /home/dr/amr-travelobot/ros_ws/install/turtlesim/include/turtlesim/srv/teleport_relative.h
[3.269s] -- Installing: /home/dr/amr-travelobot/ros_ws/install/turtlesim/include/turtlesim/srv/spawn.h
[3.270s] -- Installing: /home/dr/amr-travelobot/ros_ws/install/turtlesim/include/turtlesim/action
[3.271s] -- Installing: /home/dr/amr-travelobot/ros_ws/install/turtlesim/include/turtlesim/action/detail
[3.272s] -- Installing: /home/dr/amr-travelobot/ros_ws/install/turtlesim/include/turtlesim/action/detail/rotate_absolute__functions.c
[3.273s] -- Installing: /home/dr/amr-travelobot/ros_ws/install/turtlesim/include/turtlesim/action/detail/rotate_absolute__type_support.h
[3.275s] -- Installing: /home/dr/amr-travelobot/ros_ws/install/turtlesim/include/turtlesim/action/detail/rotate_absolute__struct.h
[3.276s] -- Installing: /home/dr/amr-travelobot/ros_ws/install/turtlesim/include/turtlesim/action/detail/rotate_absolute__functions.h
[3.278s] -- Installing: /home/dr/amr-travelobot/ros_ws/install/turtlesim/include/turtlesim/action/rotate_absolute.h
[3.279s] -- Installing: /home/dr/amr-travelobot/ros_ws/install/turtlesim/share/turtlesim/environment/library_path.sh
[3.281s] -- Installing: /home/dr/amr-travelobot/ros_ws/install/turtlesim/share/turtlesim/environment/library_path.dsv
[3.282s] -- Installing: /home/dr/amr-travelobot/ros_ws/install/turtlesim/lib/libturtlesim__rosidl_generator_c.so
[3.287s] -- Set runtime path of "/home/dr/amr-travelobot/ros_ws/install/turtlesim/lib/libturtlesim__rosidl_generator_c.so" to ""
[3.292s] -- Up-to-date: /home/dr/amr-travelobot/ros_ws/install/turtlesim/include/turtlesim
[3.293s] -- Up-to-date: /home/dr/amr-travelobot/ros_ws/install/turtlesim/include/turtlesim/msg
[3.294s] -- Up-to-date: /home/dr/amr-travelobot/ros_ws/install/turtlesim/include/turtlesim/msg/detail
[3.295s] -- Installing: /home/dr/amr-travelobot/ros_ws/install/turtlesim/include/turtlesim/msg/detail/pose__rosidl_typesupport_fastrtps_c.h
[3.296s] -- Installing: /home/dr/amr-travelobot/ros_ws/install/turtlesim/include/turtlesim/msg/detail/color__rosidl_typesupport_fastrtps_c.h
[3.296s] -- Installing: /home/dr/amr-travelobot/ros_ws/install/turtlesim/include/turtlesim/msg/rosidl_typesupport_fastrtps_c__visibility_control.h
[3.297s] -- Up-to-date: /home/dr/amr-travelobot/ros_ws/install/turtlesim/include/turtlesim/srv
[3.297s] -- Up-to-date: /home/dr/amr-travelobot/ros_ws/install/turtlesim/include/turtlesim/srv/detail
[3.298s] -- Installing: /home/dr/amr-travelobot/ros_ws/install/turtlesim/include/turtlesim/srv/detail/teleport_relative__rosidl_typesupport_fastrtps_c.h
[3.299s] -- Installing: /home/dr/amr-travelobot/ros_ws/install/turtlesim/include/turtlesim/srv/detail/teleport_absolute__rosidl_typesupport_fastrtps_c.h
[3.299s] -- Installing: /home/dr/amr-travelobot/ros_ws/install/turtlesim/include/turtlesim/srv/detail/spawn__rosidl_typesupport_fastrtps_c.h
[3.300s] -- Installing: /home/dr/amr-travelobot/ros_ws/install/turtlesim/include/turtlesim/srv/detail/kill__rosidl_typesupport_fastrtps_c.h
[3.300s] -- Installing: /home/dr/amr-travelobot/ros_ws/install/turtlesim/include/turtlesim/srv/detail/set_pen__rosidl_typesupport_fastrtps_c.h
[3.301s] -- Up-to-date: /home/dr/amr-travelobot/ros_ws/install/turtlesim/include/turtlesim/action
[3.301s] -- Up-to-date: /home/dr/amr-travelobot/ros_ws/install/turtlesim/include/turtlesim/action/detail
[3.302s] -- Installing: /home/dr/amr-travelobot/ros_ws/install/turtlesim/include/turtlesim/action/detail/rotate_absolute__rosidl_typesupport_fastrtps_c.h
[3.303s] -- Installing: /home/dr/amr-travelobot/ros_ws/install/turtlesim/lib/libturtlesim__rosidl_typesupport_fastrtps_c.so
[3.304s] -- Set runtime path of "/home/dr/amr-travelobot/ros_ws/install/turtlesim/lib/libturtlesim__rosidl_typesupport_fastrtps_c.so" to ""
[3.304s] -- Up-to-date: /home/dr/amr-travelobot/ros_ws/install/turtlesim/include/turtlesim
[3.305s] -- Up-to-date: /home/dr/amr-travelobot/ros_ws/install/turtlesim/include/turtlesim/msg
[3.306s] -- Up-to-date: /home/dr/amr-travelobot/ros_ws/install/turtlesim/include/turtlesim/msg/detail
[3.307s] -- Installing: /home/dr/amr-travelobot/ros_ws/install/turtlesim/include/turtlesim/msg/detail/pose__rosidl_typesupport_fastrtps_cpp.hpp
[3.308s] -- Installing: /home/dr/amr-travelobot/ros_ws/install/turtlesim/include/turtlesim/msg/detail/dds_fastrtps
[3.308s] -- Installing: /home/dr/amr-travelobot/ros_ws/install/turtlesim/include/turtlesim/msg/detail/color__rosidl_typesupport_fastrtps_cpp.hpp
[3.317s] -- Installing: /home/dr/amr-travelobot/ros_ws/install/turtlesim/include/turtlesim/msg/rosidl_typesupport_fastrtps_cpp__visibility_control.h
[3.317s] -- Up-to-date: /home/dr/amr-travelobot/ros_ws/install/turtlesim/include/turtlesim/srv
[3.318s] -- Up-to-date: /home/dr/amr-travelobot/ros_ws/install/turtlesim/include/turtlesim/srv/detail
[3.318s] -- Installing: /home/dr/amr-travelobot/ros_ws/install/turtlesim/include/turtlesim/srv/detail/teleport_absolute__rosidl_typesupport_fastrtps_cpp.hpp
[3.319s] -- Installing: /home/dr/amr-travelobot/ros_ws/install/turtlesim/include/turtlesim/srv/detail/kill__rosidl_typesupport_fastrtps_cpp.hpp
[3.319s] -- Installing: /home/dr/amr-travelobot/ros_ws/install/turtlesim/include/turtlesim/srv/detail/dds_fastrtps
[3.320s] -- Installing: /home/dr/amr-travelobot/ros_ws/install/turtlesim/include/turtlesim/srv/detail/teleport_relative__rosidl_typesupport_fastrtps_cpp.hpp
[3.321s] -- Installing: /home/dr/amr-travelobot/ros_ws/install/turtlesim/include/turtlesim/srv/detail/spawn__rosidl_typesupport_fastrtps_cpp.hpp
[3.322s] -- Installing: /home/dr/amr-travelobot/ros_ws/install/turtlesim/include/turtlesim/srv/detail/set_pen__rosidl_typesupport_fastrtps_cpp.hpp
[3.323s] -- Up-to-date: /home/dr/amr-travelobot/ros_ws/install/turtlesim/include/turtlesim/action
[3.323s] -- Up-to-date: /home/dr/amr-travelobot/ros_ws/install/turtlesim/include/turtlesim/action/detail
[3.324s] -- Installing: /home/dr/amr-travelobot/ros_ws/install/turtlesim/include/turtlesim/action/detail/rotate_absolute__rosidl_typesupport_fastrtps_cpp.hpp
[3.325s] -- Installing: /home/dr/amr-travelobot/ros_ws/install/turtlesim/include/turtlesim/action/detail/dds_fastrtps
[3.326s] -- Installing: /home/dr/amr-travelobot/ros_ws/install/turtlesim/lib/libturtlesim__rosidl_typesupport_fastrtps_cpp.so
[3.326s] -- Set runtime path of "/home/dr/amr-travelobot/ros_ws/install/turtlesim/lib/libturtlesim__rosidl_typesupport_fastrtps_cpp.so" to ""
[3.327s] -- Up-to-date: /home/dr/amr-travelobot/ros_ws/install/turtlesim/include/turtlesim
[3.328s] -- Up-to-date: /home/dr/amr-travelobot/ros_ws/install/turtlesim/include/turtlesim/msg
[3.329s] -- Up-to-date: /home/dr/amr-travelobot/ros_ws/install/turtlesim/include/turtlesim/msg/detail
[3.329s] -- Installing: /home/dr/amr-travelobot/ros_ws/install/turtlesim/include/turtlesim/msg/detail/color__type_support.c
[3.330s] -- Installing: /home/dr/amr-travelobot/ros_ws/install/turtlesim/include/turtlesim/msg/detail/pose__type_support.c
[3.331s] -- Installing: /home/dr/amr-travelobot/ros_ws/install/turtlesim/include/turtlesim/msg/detail/pose__rosidl_typesupport_introspection_c.h
[3.332s] -- Installing: /home/dr/amr-travelobot/ros_ws/install/turtlesim/include/turtlesim/msg/detail/color__rosidl_typesupport_introspection_c.h
[3.332s] -- Installing: /home/dr/amr-travelobot/ros_ws/install/turtlesim/include/turtlesim/msg/rosidl_typesupport_introspection_c__visibility_control.h
[3.333s] -- Up-to-date: /home/dr/amr-travelobot/ros_ws/install/turtlesim/include/turtlesim/srv
[3.334s] -- Up-to-date: /home/dr/amr-travelobot/ros_ws/install/turtlesim/include/turtlesim/srv/detail
[3.335s] -- Installing: /home/dr/amr-travelobot/ros_ws/install/turtlesim/include/turtlesim/srv/detail/spawn__type_support.c
[3.335s] -- Installing: /home/dr/amr-travelobot/ros_ws/install/turtlesim/include/turtlesim/srv/detail/set_pen__type_support.c
[3.336s] -- Installing: /home/dr/amr-travelobot/ros_ws/install/turtlesim/include/turtlesim/srv/detail/teleport_relative__rosidl_typesupport_introspection_c.h
[3.336s] -- Installing: /home/dr/amr-travelobot/ros_ws/install/turtlesim/include/turtlesim/srv/detail/kill__rosidl_typesupport_introspection_c.h
[3.337s] -- Installing: /home/dr/amr-travelobot/ros_ws/install/turtlesim/include/turtlesim/srv/detail/teleport_absolute__rosidl_typesupport_introspection_c.h
[3.338s] -- Installing: /home/dr/amr-travelobot/ros_ws/install/turtlesim/include/turtlesim/srv/detail/kill__type_support.c
[3.339s] -- Installing: /home/dr/amr-travelobot/ros_ws/install/turtlesim/include/turtlesim/srv/detail/spawn__rosidl_typesupport_introspection_c.h
[3.339s] -- Installing: /home/dr/amr-travelobot/ros_ws/install/turtlesim/include/turtlesim/srv/detail/teleport_relative__type_support.c
[3.340s] -- Installing: /home/dr/amr-travelobot/ros_ws/install/turtlesim/include/turtlesim/srv/detail/teleport_absolute__type_support.c
[3.340s] -- Installing: /home/dr/amr-travelobot/ros_ws/install/turtlesim/include/turtlesim/srv/detail/set_pen__rosidl_typesupport_introspection_c.h
[3.342s] -- Up-to-date: /home/dr/amr-travelobot/ros_ws/install/turtlesim/include/turtlesim/action
[3.342s] -- Up-to-date: /home/dr/amr-travelobot/ros_ws/install/turtlesim/include/turtlesim/action/detail
[3.343s] -- Installing: /home/dr/amr-travelobot/ros_ws/install/turtlesim/include/turtlesim/action/detail/rotate_absolute__rosidl_typesupport_introspection_c.h
[3.344s] -- Installing: /home/dr/amr-travelobot/ros_ws/install/turtlesim/include/turtlesim/action/detail/rotate_absolute__type_support.c
[3.346s] -- Installing: /home/dr/amr-travelobot/ros_ws/install/turtlesim/lib/libturtlesim__rosidl_typesupport_introspection_c.so
[3.350s] -- Set runtime path of "/home/dr/amr-travelobot/ros_ws/install/turtlesim/lib/libturtlesim__rosidl_typesupport_introspection_c.so" to ""
[3.351s] -- Installing: /home/dr/amr-travelobot/ros_ws/install/turtlesim/lib/libturtlesim__rosidl_typesupport_c.so
[3.354s] -- Set runtime path of "/home/dr/amr-travelobot/ros_ws/install/turtlesim/lib/libturtlesim__rosidl_typesupport_c.so" to ""
[3.355s] -- Up-to-date: /home/dr/amr-travelobot/ros_ws/install/turtlesim/include/turtlesim
[3.356s] -- Up-to-date: /home/dr/amr-travelobot/ros_ws/install/turtlesim/include/turtlesim/msg
[3.356s] -- Up-to-date: /home/dr/amr-travelobot/ros_ws/install/turtlesim/include/turtlesim/msg/detail
[3.357s] -- Installing: /home/dr/amr-travelobot/ros_ws/install/turtlesim/include/turtlesim/msg/detail/pose__traits.hpp
[3.358s] -- Installing: /home/dr/amr-travelobot/ros_ws/install/turtlesim/include/turtlesim/msg/detail/color__traits.hpp
[3.358s] -- Installing: /home/dr/amr-travelobot/ros_ws/install/turtlesim/include/turtlesim/msg/detail/color__builder.hpp
[3.359s] -- Installing: /home/dr/amr-travelobot/ros_ws/install/turtlesim/include/turtlesim/msg/detail/pose__struct.hpp
[3.360s] -- Installing: /home/dr/amr-travelobot/ros_ws/install/turtlesim/include/turtlesim/msg/detail/pose__builder.hpp
[3.361s] -- Installing: /home/dr/amr-travelobot/ros_ws/install/turtlesim/include/turtlesim/msg/detail/color__struct.hpp
[3.361s] -- Installing: /home/dr/amr-travelobot/ros_ws/install/turtlesim/include/turtlesim/msg/pose.hpp
[3.362s] -- Installing: /home/dr/amr-travelobot/ros_ws/install/turtlesim/include/turtlesim/msg/color.hpp
[3.363s] -- Up-to-date: /home/dr/amr-travelobot/ros_ws/install/turtlesim/include/turtlesim/srv
[3.364s] -- Up-to-date: /home/dr/amr-travelobot/ros_ws/install/turtlesim/include/turtlesim/srv/detail
[3.364s] -- Installing: /home/dr/amr-travelobot/ros_ws/install/turtlesim/include/turtlesim/srv/detail/teleport_absolute__struct.hpp
[3.365s] -- Installing: /home/dr/amr-travelobot/ros_ws/install/turtlesim/include/turtlesim/srv/detail/spawn__builder.hpp
[3.366s] -- Installing: /home/dr/amr-travelobot/ros_ws/install/turtlesim/include/turtlesim/srv/detail/spawn__traits.hpp
[3.366s] -- Installing: /home/dr/amr-travelobot/ros_ws/install/turtlesim/include/turtlesim/srv/detail/teleport_relative__builder.hpp
[3.367s] -- Installing: /home/dr/amr-travelobot/ros_ws/install/turtlesim/include/turtlesim/srv/detail/set_pen__builder.hpp
[3.368s] -- Installing: /home/dr/amr-travelobot/ros_ws/install/turtlesim/include/turtlesim/srv/detail/kill__struct.hpp
[3.369s] -- Installing: /home/dr/amr-travelobot/ros_ws/install/turtlesim/include/turtlesim/srv/detail/teleport_relative__traits.hpp
[3.370s] -- Installing: /home/dr/amr-travelobot/ros_ws/install/turtlesim/include/turtlesim/srv/detail/kill__traits.hpp
[3.371s] -- Installing: /home/dr/amr-travelobot/ros_ws/install/turtlesim/include/turtlesim/srv/detail/teleport_absolute__traits.hpp
[3.372s] -- Installing: /home/dr/amr-travelobot/ros_ws/install/turtlesim/include/turtlesim/srv/detail/set_pen__struct.hpp
[3.374s] -- Installing: /home/dr/amr-travelobot/ros_ws/install/turtlesim/include/turtlesim/srv/detail/kill__builder.hpp
[3.374s] -- Installing: /home/dr/amr-travelobot/ros_ws/install/turtlesim/include/turtlesim/srv/detail/set_pen__traits.hpp
[3.375s] -- Installing: /home/dr/amr-travelobot/ros_ws/install/turtlesim/include/turtlesim/srv/detail/teleport_absolute__builder.hpp
[3.376s] -- Installing: /home/dr/amr-travelobot/ros_ws/install/turtlesim/include/turtlesim/srv/detail/spawn__struct.hpp
[3.378s] -- Installing: /home/dr/amr-travelobot/ros_ws/install/turtlesim/include/turtlesim/srv/detail/teleport_relative__struct.hpp
[3.379s] -- Installing: /home/dr/amr-travelobot/ros_ws/install/turtlesim/include/turtlesim/srv/teleport_absolute.hpp
[3.380s] -- Installing: /home/dr/amr-travelobot/ros_ws/install/turtlesim/include/turtlesim/srv/spawn.hpp
[3.381s] -- Installing: /home/dr/amr-travelobot/ros_ws/install/turtlesim/include/turtlesim/srv/set_pen.hpp
[3.382s] -- Installing: /home/dr/amr-travelobot/ros_ws/install/turtlesim/include/turtlesim/srv/teleport_relative.hpp
[3.383s] -- Installing: /home/dr/amr-travelobot/ros_ws/install/turtlesim/include/turtlesim/srv/kill.hpp
[3.384s] -- Up-to-date: /home/dr/amr-travelobot/ros_ws/install/turtlesim/include/turtlesim/action
[3.384s] -- Up-to-date: /home/dr/amr-travelobot/ros_ws/install/turtlesim/include/turtlesim/action/detail
[3.385s] -- Installing: /home/dr/amr-travelobot/ros_ws/install/turtlesim/include/turtlesim/action/detail/rotate_absolute__builder.hpp
[3.386s] -- Installing: /home/dr/amr-travelobot/ros_ws/install/turtlesim/include/turtlesim/action/detail/rotate_absolute__struct.hpp
[3.388s] -- Installing: /home/dr/amr-travelobot/ros_ws/install/turtlesim/include/turtlesim/action/detail/rotate_absolute__traits.hpp
[3.393s] -- Installing: /home/dr/amr-travelobot/ros_ws/install/turtlesim/include/turtlesim/action/rotate_absolute.hpp
[3.394s] -- Up-to-date: /home/dr/amr-travelobot/ros_ws/install/turtlesim/include/turtlesim
[3.395s] -- Up-to-date: /home/dr/amr-travelobot/ros_ws/install/turtlesim/include/turtlesim/msg
[3.396s] -- Up-to-date: /home/dr/amr-travelobot/ros_ws/install/turtlesim/include/turtlesim/msg/detail
[3.396s] -- Installing: /home/dr/amr-travelobot/ros_ws/install/turtlesim/include/turtlesim/msg/detail/pose__rosidl_typesupport_introspection_cpp.hpp
[3.397s] -- Installing: /home/dr/amr-travelobot/ros_ws/install/turtlesim/include/turtlesim/msg/detail/color__type_support.cpp
[3.398s] -- Installing: /home/dr/amr-travelobot/ros_ws/install/turtlesim/include/turtlesim/msg/detail/pose__type_support.cpp
[3.399s] -- Installing: /home/dr/amr-travelobot/ros_ws/install/turtlesim/include/turtlesim/msg/detail/color__rosidl_typesupport_introspection_cpp.hpp
[3.400s] -- Up-to-date: /home/dr/amr-travelobot/ros_ws/install/turtlesim/include/turtlesim/srv
[3.400s] -- Up-to-date: /home/dr/amr-travelobot/ros_ws/install/turtlesim/include/turtlesim/srv/detail
[3.401s] -- Installing: /home/dr/amr-travelobot/ros_ws/install/turtlesim/include/turtlesim/srv/detail/set_pen__type_support.cpp
[3.402s] -- Installing: /home/dr/amr-travelobot/ros_ws/install/turtlesim/include/turtlesim/srv/detail/teleport_absolute__type_support.cpp
[3.403s] -- Installing: /home/dr/amr-travelobot/ros_ws/install/turtlesim/include/turtlesim/srv/detail/teleport_absolute__rosidl_typesupport_introspection_cpp.hpp
[3.404s] -- Installing: /home/dr/amr-travelobot/ros_ws/install/turtlesim/include/turtlesim/srv/detail/set_pen__rosidl_typesupport_introspection_cpp.hpp
[3.405s] -- Installing: /home/dr/amr-travelobot/ros_ws/install/turtlesim/include/turtlesim/srv/detail/kill__type_support.cpp
[3.406s] -- Installing: /home/dr/amr-travelobot/ros_ws/install/turtlesim/include/turtlesim/srv/detail/spawn__type_support.cpp
[3.408s] -- Installing: /home/dr/amr-travelobot/ros_ws/install/turtlesim/include/turtlesim/srv/detail/teleport_relative__rosidl_typesupport_introspection_cpp.hpp
[3.415s] -- Installing: /home/dr/amr-travelobot/ros_ws/install/turtlesim/include/turtlesim/srv/detail/teleport_relative__type_support.cpp
[3.416s] -- Installing: /home/dr/amr-travelobot/ros_ws/install/turtlesim/include/turtlesim/srv/detail/spawn__rosidl_typesupport_introspection_cpp.hpp
[3.417s] -- Installing: /home/dr/amr-travelobot/ros_ws/install/turtlesim/include/turtlesim/srv/detail/kill__rosidl_typesupport_introspection_cpp.hpp
[3.417s] -- Up-to-date: /home/dr/amr-travelobot/ros_ws/install/turtlesim/include/turtlesim/action
[3.418s] -- Up-to-date: /home/dr/amr-travelobot/ros_ws/install/turtlesim/include/turtlesim/action/detail
[3.419s] -- Installing: /home/dr/amr-travelobot/ros_ws/install/turtlesim/include/turtlesim/action/detail/rotate_absolute__rosidl_typesupport_introspection_cpp.hpp
[3.419s] -- Installing: /home/dr/amr-travelobot/ros_ws/install/turtlesim/include/turtlesim/action/detail/rotate_absolute__type_support.cpp
[3.420s] -- Installing: /home/dr/amr-travelobot/ros_ws/install/turtlesim/lib/libturtlesim__rosidl_typesupport_introspection_cpp.so
[3.424s] -- Set runtime path of "/home/dr/amr-travelobot/ros_ws/install/turtlesim/lib/libturtlesim__rosidl_typesupport_introspection_cpp.so" to ""
[3.424s] -- Installing: /home/dr/amr-travelobot/ros_ws/install/turtlesim/lib/libturtlesim__rosidl_typesupport_cpp.so
[3.428s] -- Set runtime path of "/home/dr/amr-travelobot/ros_ws/install/turtlesim/lib/libturtlesim__rosidl_typesupport_cpp.so" to ""
[3.429s] -- Installing: /home/dr/amr-travelobot/ros_ws/install/turtlesim/share/turtlesim/environment/pythonpath.sh
[3.430s] -- Installing: /home/dr/amr-travelobot/ros_ws/install/turtlesim/share/turtlesim/environment/pythonpath.dsv
[3.431s] -- Installing: /home/dr/amr-travelobot/ros_ws/install/turtlesim/lib/python3.8/site-packages/turtlesim/__init__.py
[3.594s] Compiling '/home/dr/amr-travelobot/ros_ws/install/turtlesim/lib/python3.8/site-packages/turtlesim/__init__.py'...
[3.622s] -- Installing: /home/dr/amr-travelobot/ros_ws/install/turtlesim/lib/python3.8/site-packages/turtlesim/action
[3.623s] -- Installing: /home/dr/amr-travelobot/ros_ws/install/turtlesim/lib/python3.8/site-packages/turtlesim/action/_rotate_absolute_s.c
[3.624s] -- Installing: /home/dr/amr-travelobot/ros_ws/install/turtlesim/lib/python3.8/site-packages/turtlesim/action/__init__.py
[3.625s] -- Installing: /home/dr/amr-travelobot/ros_ws/install/turtlesim/lib/python3.8/site-packages/turtlesim/action/_rotate_absolute.py
[3.627s] -- Installing: /home/dr/amr-travelobot/ros_ws/install/turtlesim/lib/python3.8/site-packages/turtlesim/msg
[3.628s] -- Installing: /home/dr/amr-travelobot/ros_ws/install/turtlesim/lib/python3.8/site-packages/turtlesim/msg/_pose.py
[3.629s] -- Installing: /home/dr/amr-travelobot/ros_ws/install/turtlesim/lib/python3.8/site-packages/turtlesim/msg/_pose_s.c
[3.630s] -- Installing: /home/dr/amr-travelobot/ros_ws/install/turtlesim/lib/python3.8/site-packages/turtlesim/msg/__init__.py
[3.631s] -- Installing: /home/dr/amr-travelobot/ros_ws/install/turtlesim/lib/python3.8/site-packages/turtlesim/msg/_color.py
[3.632s] -- Installing: /home/dr/amr-travelobot/ros_ws/install/turtlesim/lib/python3.8/site-packages/turtlesim/msg/_color_s.c
[3.633s] -- Installing: /home/dr/amr-travelobot/ros_ws/install/turtlesim/lib/python3.8/site-packages/turtlesim/srv
[3.634s] -- Installing: /home/dr/amr-travelobot/ros_ws/install/turtlesim/lib/python3.8/site-packages/turtlesim/srv/_set_pen_s.c
[3.635s] -- Installing: /home/dr/amr-travelobot/ros_ws/install/turtlesim/lib/python3.8/site-packages/turtlesim/srv/_set_pen.py
[3.636s] -- Installing: /home/dr/amr-travelobot/ros_ws/install/turtlesim/lib/python3.8/site-packages/turtlesim/srv/_kill_s.c
[3.637s] -- Installing: /home/dr/amr-travelobot/ros_ws/install/turtlesim/lib/python3.8/site-packages/turtlesim/srv/_kill.py
[3.638s] -- Installing: /home/dr/amr-travelobot/ros_ws/install/turtlesim/lib/python3.8/site-packages/turtlesim/srv/_spawn.py
[3.639s] -- Installing: /home/dr/amr-travelobot/ros_ws/install/turtlesim/lib/python3.8/site-packages/turtlesim/srv/__init__.py
[3.640s] -- Installing: /home/dr/amr-travelobot/ros_ws/install/turtlesim/lib/python3.8/site-packages/turtlesim/srv/_teleport_relative_s.c
[3.642s] -- Installing: /home/dr/amr-travelobot/ros_ws/install/turtlesim/lib/python3.8/site-packages/turtlesim/srv/_teleport_absolute_s.c
[3.643s] -- Installing: /home/dr/amr-travelobot/ros_ws/install/turtlesim/lib/python3.8/site-packages/turtlesim/srv/_teleport_absolute.py
[3.644s] -- Installing: /home/dr/amr-travelobot/ros_ws/install/turtlesim/lib/python3.8/site-packages/turtlesim/srv/_teleport_relative.py
[3.645s] -- Installing: /home/dr/amr-travelobot/ros_ws/install/turtlesim/lib/python3.8/site-packages/turtlesim/srv/_spawn_s.c
[3.647s] -- Installing: /home/dr/amr-travelobot/ros_ws/install/turtlesim/lib/python3.8/site-packages/turtlesim/turtlesim_s__rosidl_typesupport_fastrtps_c.cpython-38-aarch64-linux-gnu.so
[3.652s] -- Set runtime path of "/home/dr/amr-travelobot/ros_ws/install/turtlesim/lib/python3.8/site-packages/turtlesim/turtlesim_s__rosidl_typesupport_fastrtps_c.cpython-38-aarch64-linux-gnu.so" to ""
[3.653s] -- Installing: /home/dr/amr-travelobot/ros_ws/install/turtlesim/lib/python3.8/site-packages/turtlesim/turtlesim_s__rosidl_typesupport_introspection_c.cpython-38-aarch64-linux-gnu.so
[3.656s] -- Set runtime path of "/home/dr/amr-travelobot/ros_ws/install/turtlesim/lib/python3.8/site-packages/turtlesim/turtlesim_s__rosidl_typesupport_introspection_c.cpython-38-aarch64-linux-gnu.so" to ""
[3.657s] -- Installing: /home/dr/amr-travelobot/ros_ws/install/turtlesim/lib/python3.8/site-packages/turtlesim/turtlesim_s__rosidl_typesupport_c.cpython-38-aarch64-linux-gnu.so
[3.661s] -- Set runtime path of "/home/dr/amr-travelobot/ros_ws/install/turtlesim/lib/python3.8/site-packages/turtlesim/turtlesim_s__rosidl_typesupport_c.cpython-38-aarch64-linux-gnu.so" to ""
[3.662s] -- Installing: /home/dr/amr-travelobot/ros_ws/install/turtlesim/lib/libturtlesim__python.so
[3.665s] -- Set runtime path of "/home/dr/amr-travelobot/ros_ws/install/turtlesim/lib/libturtlesim__python.so" to ""
[3.666s] -- Installing: /home/dr/amr-travelobot/ros_ws/install/turtlesim/share/turtlesim/action/RotateAbsolute.idl
[3.667s] -- Installing: /home/dr/amr-travelobot/ros_ws/install/turtlesim/share/turtlesim/msg/Color.idl
[3.668s] -- Installing: /home/dr/amr-travelobot/ros_ws/install/turtlesim/share/turtlesim/msg/Pose.idl
[3.669s] -- Installing: /home/dr/amr-travelobot/ros_ws/install/turtlesim/share/turtlesim/srv/Kill.idl
[3.670s] -- Installing: /home/dr/amr-travelobot/ros_ws/install/turtlesim/share/turtlesim/srv/SetPen.idl
[3.672s] -- Installing: /home/dr/amr-travelobot/ros_ws/install/turtlesim/share/turtlesim/srv/Spawn.idl
[3.673s] -- Installing: /home/dr/amr-travelobot/ros_ws/install/turtlesim/share/turtlesim/srv/TeleportAbsolute.idl
[3.674s] -- Installing: /home/dr/amr-travelobot/ros_ws/install/turtlesim/share/turtlesim/srv/TeleportRelative.idl
[3.675s] -- Installing: /home/dr/amr-travelobot/ros_ws/install/turtlesim/share/turtlesim/action/RotateAbsolute.action
[3.676s] -- Installing: /home/dr/amr-travelobot/ros_ws/install/turtlesim/share/turtlesim/msg/Color.msg
[3.677s] -- Installing: /home/dr/amr-travelobot/ros_ws/install/turtlesim/share/turtlesim/msg/Pose.msg
[3.678s] -- Installing: /home/dr/amr-travelobot/ros_ws/install/turtlesim/share/turtlesim/srv/Kill.srv
[3.680s] -- Installing: /home/dr/amr-travelobot/ros_ws/install/turtlesim/share/turtlesim/srv/Kill_Request.msg
[3.680s] -- Installing: /home/dr/amr-travelobot/ros_ws/install/turtlesim/share/turtlesim/srv/Kill_Response.msg
[3.681s] -- Installing: /home/dr/amr-travelobot/ros_ws/install/turtlesim/share/turtlesim/srv/SetPen.srv
[3.683s] -- Installing: /home/dr/amr-travelobot/ros_ws/install/turtlesim/share/turtlesim/srv/SetPen_Request.msg
[3.684s] -- Installing: /home/dr/amr-travelobot/ros_ws/install/turtlesim/share/turtlesim/srv/SetPen_Response.msg
[3.685s] -- Installing: /home/dr/amr-travelobot/ros_ws/install/turtlesim/share/turtlesim/srv/Spawn.srv
[3.686s] -- Installing: /home/dr/amr-travelobot/ros_ws/install/turtlesim/share/turtlesim/srv/Spawn_Request.msg
[3.687s] -- Installing: /home/dr/amr-travelobot/ros_ws/install/turtlesim/share/turtlesim/srv/Spawn_Response.msg
[3.688s] -- Installing: /home/dr/amr-travelobot/ros_ws/install/turtlesim/share/turtlesim/srv/TeleportAbsolute.srv
[3.690s] -- Installing: /home/dr/amr-travelobot/ros_ws/install/turtlesim/share/turtlesim/srv/TeleportAbsolute_Request.msg
[3.695s] -- Installing: /home/dr/amr-travelobot/ros_ws/install/turtlesim/share/turtlesim/srv/TeleportAbsolute_Response.msg
[3.696s] -- Installing: /home/dr/amr-travelobot/ros_ws/install/turtlesim/share/turtlesim/srv/TeleportRelative.srv
[3.697s] -- Installing: /home/dr/amr-travelobot/ros_ws/install/turtlesim/share/turtlesim/srv/TeleportRelative_Request.msg
[3.698s] -- Installing: /home/dr/amr-travelobot/ros_ws/install/turtlesim/share/turtlesim/srv/TeleportRelative_Response.msg
[3.700s] -- Installing: /home/dr/amr-travelobot/ros_ws/install/turtlesim/lib/turtlesim/turtlesim_node
[3.767s] -- Set runtime path of "/home/dr/amr-travelobot/ros_ws/install/turtlesim/lib/turtlesim/turtlesim_node" to ""
[3.768s] -- Installing: /home/dr/amr-travelobot/ros_ws/install/turtlesim/lib/turtlesim/turtle_teleop_key
[3.788s] -- Set runtime path of "/home/dr/amr-travelobot/ros_ws/install/turtlesim/lib/turtlesim/turtle_teleop_key" to ""
[3.789s] -- Installing: /home/dr/amr-travelobot/ros_ws/install/turtlesim/lib/turtlesim/draw_square
[3.830s] -- Set runtime path of "/home/dr/amr-travelobot/ros_ws/install/turtlesim/lib/turtlesim/draw_square" to ""
[3.830s] -- Installing: /home/dr/amr-travelobot/ros_ws/install/turtlesim/lib/turtlesim/mimic
[3.866s] -- Set runtime path of "/home/dr/amr-travelobot/ros_ws/install/turtlesim/lib/turtlesim/mimic" to ""
[3.867s] -- Installing: /home/dr/amr-travelobot/ros_ws/install/turtlesim/share/turtlesim/images
[3.869s] -- Installing: /home/dr/amr-travelobot/ros_ws/install/turtlesim/share/turtlesim/images/dashing.png
[3.871s] -- Installing: /home/dr/amr-travelobot/ros_ws/install/turtlesim/share/turtlesim/images/eloquent.png
[3.873s] -- Installing: /home/dr/amr-travelobot/ros_ws/install/turtlesim/share/turtlesim/images/foxy.png
[3.874s] -- Installing: /home/dr/amr-travelobot/ros_ws/install/turtlesim/share/turtlesim/images/bouncy.png
[3.876s] -- Installing: /home/dr/amr-travelobot/ros_ws/install/turtlesim/share/turtlesim/images/ardent.png
[3.880s] -- Installing: /home/dr/amr-travelobot/ros_ws/install/turtlesim/share/turtlesim/images/crystal.png
[3.883s] -- Installing: /home/dr/amr-travelobot/ros_ws/install/turtlesim/share/turtlesim/launch
[3.884s] -- Installing: /home/dr/amr-travelobot/ros_ws/install/turtlesim/share/turtlesim/launch/multisim.launch.py
[3.887s] -- Installing: /home/dr/amr-travelobot/ros_ws/install/turtlesim/share/ament_index/resource_index/package_run_dependencies/turtlesim
[3.890s] -- Installing: /home/dr/amr-travelobot/ros_ws/install/turtlesim/share/ament_index/resource_index/parent_prefix_path/turtlesim
[3.897s] -- Installing: /home/dr/amr-travelobot/ros_ws/install/turtlesim/share/turtlesim/environment/ament_prefix_path.sh
[3.899s] -- Installing: /home/dr/amr-travelobot/ros_ws/install/turtlesim/share/turtlesim/environment/ament_prefix_path.dsv
[3.902s] -- Installing: /home/dr/amr-travelobot/ros_ws/install/turtlesim/share/turtlesim/environment/path.sh
[3.904s] -- Installing: /home/dr/amr-travelobot/ros_ws/install/turtlesim/share/turtlesim/environment/path.dsv
[3.907s] -- Installing: /home/dr/amr-travelobot/ros_ws/install/turtlesim/share/turtlesim/local_setup.bash
[3.910s] -- Installing: /home/dr/amr-travelobot/ros_ws/install/turtlesim/share/turtlesim/local_setup.sh
[3.920s] -- Installing: /home/dr/amr-travelobot/ros_ws/install/turtlesim/share/turtlesim/local_setup.zsh
[3.921s] -- Installing: /home/dr/amr-travelobot/ros_ws/install/turtlesim/share/turtlesim/local_setup.dsv
[3.923s] -- Installing: /home/dr/amr-travelobot/ros_ws/install/turtlesim/share/turtlesim/package.dsv
[3.924s] -- Installing: /home/dr/amr-travelobot/ros_ws/install/turtlesim/share/ament_index/resource_index/packages/turtlesim
[3.926s] -- Installing: /home/dr/amr-travelobot/ros_ws/install/turtlesim/share/turtlesim/cmake/turtlesim__rosidl_generator_cExport.cmake
[3.928s] -- Installing: /home/dr/amr-travelobot/ros_ws/install/turtlesim/share/turtlesim/cmake/turtlesim__rosidl_generator_cExport-noconfig.cmake
[3.929s] -- Installing: /home/dr/amr-travelobot/ros_ws/install/turtlesim/share/turtlesim/cmake/turtlesim__rosidl_typesupport_introspection_cExport.cmake
[3.931s] -- Installing: /home/dr/amr-travelobot/ros_ws/install/turtlesim/share/turtlesim/cmake/turtlesim__rosidl_typesupport_introspection_cExport-noconfig.cmake
[3.932s] -- Installing: /home/dr/amr-travelobot/ros_ws/install/turtlesim/share/turtlesim/cmake/turtlesim__rosidl_typesupport_cExport.cmake
[3.934s] -- Installing: /home/dr/amr-travelobot/ros_ws/install/turtlesim/share/turtlesim/cmake/turtlesim__rosidl_typesupport_cExport-noconfig.cmake
[3.935s] -- Installing: /home/dr/amr-travelobot/ros_ws/install/turtlesim/share/turtlesim/cmake/turtlesim__rosidl_generator_cppExport.cmake
[3.937s] -- Installing: /home/dr/amr-travelobot/ros_ws/install/turtlesim/share/turtlesim/cmake/turtlesim__rosidl_typesupport_introspection_cppExport.cmake
[3.938s] -- Installing: /home/dr/amr-travelobot/ros_ws/install/turtlesim/share/turtlesim/cmake/turtlesim__rosidl_typesupport_introspection_cppExport-noconfig.cmake
[3.940s] -- Installing: /home/dr/amr-travelobot/ros_ws/install/turtlesim/share/turtlesim/cmake/turtlesim__rosidl_typesupport_cppExport.cmake
[3.943s] -- Installing: /home/dr/amr-travelobot/ros_ws/install/turtlesim/share/turtlesim/cmake/turtlesim__rosidl_typesupport_cppExport-noconfig.cmake
[3.944s] -- Installing: /home/dr/amr-travelobot/ros_ws/install/turtlesim/share/turtlesim/cmake/rosidl_cmake-extras.cmake
[3.945s] -- Installing: /home/dr/amr-travelobot/ros_ws/install/turtlesim/share/turtlesim/cmake/ament_cmake_export_dependencies-extras.cmake
[3.946s] -- Installing: /home/dr/amr-travelobot/ros_ws/install/turtlesim/share/turtlesim/cmake/ament_cmake_export_libraries-extras.cmake
[3.947s] -- Installing: /home/dr/amr-travelobot/ros_ws/install/turtlesim/share/turtlesim/cmake/ament_cmake_export_targets-extras.cmake
[3.948s] -- Installing: /home/dr/amr-travelobot/ros_ws/install/turtlesim/share/turtlesim/cmake/ament_cmake_export_include_directories-extras.cmake
[3.950s] -- Installing: /home/dr/amr-travelobot/ros_ws/install/turtlesim/share/turtlesim/cmake/rosidl_cmake_export_typesupport_libraries-extras.cmake
[3.951s] -- Installing: /home/dr/amr-travelobot/ros_ws/install/turtlesim/share/turtlesim/cmake/rosidl_cmake_export_typesupport_targets-extras.cmake
[3.952s] -- Installing: /home/dr/amr-travelobot/ros_ws/install/turtlesim/share/turtlesim/cmake/turtlesimConfig.cmake
[3.953s] -- Installing: /home/dr/amr-travelobot/ros_ws/install/turtlesim/share/turtlesim/cmake/turtlesimConfig-version.cmake
[3.954s] -- Installing: /home/dr/amr-travelobot/ros_ws/install/turtlesim/share/turtlesim/package.xml
[3.979s] Invoked command in '/home/dr/amr-travelobot/ros_ws/build/turtlesim' returned '0': CMAKE_PREFIX_PATH=${CMAKE_PREFIX_PATH}:/home/dr/amr-travelobot/ros_ws/install/bno055:/opt/ros/galactic /usr/bin/cmake --install /home/dr/amr-travelobot/ros_ws/build/turtlesim
