[0.241s] Invoking command in '/home/dr/amr-travelobot/ros_ws/build/odrive_description': CMAKE_PREFIX_PATH=${CMAKE_PREFIX_PATH}:/home/dr/amr-travelobot/ros_ws/install/ros2_control_test_nodes:/home/dr/amr-travelobot/ros_ws/install/bno055:/opt/ros/foxy /usr/bin/cmake --build /home/dr/amr-travelobot/ros_ws/build/odrive_description -- -j4 -l4
[0.522s] Invoked command in '/home/dr/amr-travelobot/ros_ws/build/odrive_description' returned '0': CMAKE_PREFIX_PATH=${CMAKE_PREFIX_PATH}:/home/dr/amr-travelobot/ros_ws/install/ros2_control_test_nodes:/home/dr/amr-travelobot/ros_ws/install/bno055:/opt/ros/foxy /usr/bin/cmake --build /home/dr/amr-travelobot/ros_ws/build/odrive_description -- -j4 -l4
[0.665s] Invoking command in '/home/dr/amr-travelobot/ros_ws/build/odrive_description': CMAKE_PREFIX_PATH=${CMAKE_PREFIX_PATH}:/home/dr/amr-travelobot/ros_ws/install/ros2_control_test_nodes:/home/dr/amr-travelobot/ros_ws/install/bno055:/opt/ros/foxy /usr/bin/cmake --install /home/dr/amr-travelobot/ros_ws/build/odrive_description
[0.703s] -- Install configuration: ""
[0.705s] -- Execute custom install script
[0.710s] -- Up-to-date symlink: /home/dr/amr-travelobot/ros_ws/install/odrive_description/share/odrive_description/urdf/odrive.ros2_control.xacro
[0.712s] -- Up-to-date symlink: /home/dr/amr-travelobot/ros_ws/install/odrive_description/share/odrive_description/urdf/odrive.urdf.xacro
[0.713s] -- Up-to-date symlink: /home/dr/amr-travelobot/ros_ws/install/odrive_description/share/ament_index/resource_index/package_run_dependencies/odrive_description
[0.716s] -- Up-to-date symlink: /home/dr/amr-travelobot/ros_ws/install/odrive_description/share/ament_index/resource_index/parent_prefix_path/odrive_description
[0.720s] -- Up-to-date symlink: /home/dr/amr-travelobot/ros_ws/install/odrive_description/share/odrive_description/environment/ament_prefix_path.sh
[0.721s] -- Up-to-date symlink: /home/dr/amr-travelobot/ros_ws/install/odrive_description/share/odrive_description/environment/ament_prefix_path.dsv
[0.738s] -- Up-to-date symlink: /home/dr/amr-travelobot/ros_ws/install/odrive_description/share/odrive_description/environment/path.sh
[0.739s] -- Up-to-date symlink: /home/dr/amr-travelobot/ros_ws/install/odrive_description/share/odrive_description/environment/path.dsv
[0.740s] -- Up-to-date symlink: /home/dr/amr-travelobot/ros_ws/install/odrive_description/share/odrive_description/local_setup.bash
[0.741s] -- Up-to-date symlink: /home/dr/amr-travelobot/ros_ws/install/odrive_description/share/odrive_description/local_setup.sh
[0.750s] -- Up-to-date symlink: /home/dr/amr-travelobot/ros_ws/install/odrive_description/share/odrive_description/local_setup.zsh
[0.750s] -- Up-to-date symlink: /home/dr/amr-travelobot/ros_ws/install/odrive_description/share/odrive_description/local_setup.dsv
[0.751s] -- Symlinking: /home/dr/amr-travelobot/ros_ws/install/odrive_description/share/odrive_description/package.dsv
[0.789s] -- Up-to-date symlink: /home/dr/amr-travelobot/ros_ws/install/odrive_description/share/ament_index/resource_index/packages/odrive_description
[0.792s] -- Up-to-date symlink: /home/dr/amr-travelobot/ros_ws/install/odrive_description/share/odrive_description/cmake/odrive_descriptionConfig.cmake
[0.793s] -- Up-to-date symlink: /home/dr/amr-travelobot/ros_ws/install/odrive_description/share/odrive_description/cmake/odrive_descriptionConfig-version.cmake
[0.795s] -- Up-to-date symlink: /home/dr/amr-travelobot/ros_ws/install/odrive_description/share/odrive_description/package.xml
[0.804s] Invoked command in '/home/dr/amr-travelobot/ros_ws/build/odrive_description' returned '0': CMAKE_PREFIX_PATH=${CMAKE_PREFIX_PATH}:/home/dr/amr-travelobot/ros_ws/install/ros2_control_test_nodes:/home/dr/amr-travelobot/ros_ws/install/bno055:/opt/ros/foxy /usr/bin/cmake --install /home/dr/amr-travelobot/ros_ws/build/odrive_description
