[1.101s] Invoking command in '/home/dr/amr-travelobot/ros_ws/build/turtlesim': CMAKE_PREFIX_PATH=${CMAKE_PREFIX_PATH}:/home/dr/amr-travelobot/ros_ws/install/bno055:/opt/ros/foxy /usr/bin/cmake --build /home/dr/amr-travelobot/ros_ws/build/turtlesim -- -j4 -l4
[1.368s] [  1%] Built target turtlesim__cpp
[1.391s] [ 11%] Built target turtlesim__rosidl_generator_c
[1.632s] [ 21%] Built target turtlesim__rosidl_typesupport_cpp
[1.656s] [ 31%] Built target turtlesim__rosidl_typesupport_introspection_cpp
[1.690s] [ 41%] Built target turtlesim__rosidl_typesupport_fastrtps_cpp
[1.756s] [ 51%] Built target turtlesim__rosidl_typesupport_c
[1.823s] [ 61%] Built target turtlesim__rosidl_typesupport_introspection_c
[1.906s] [ 71%] Built target turtlesim__rosidl_typesupport_fastrtps_c
[2.019s] [ 71%] Built target turtlesim
[2.241s] [ 73%] Built target mimic
[2.282s] [ 74%] Built target turtlesim__py
[2.355s] [ 76%] Built target draw_square
[2.517s] [ 78%] Built target turtle_teleop_key
[2.604s] [ 87%] Built target turtlesim__python
[2.608s] [ 93%] Built target turtlesim_node
[2.809s] [ 95%] Built target turtlesim__rosidl_typesupport_c__pyext
[2.830s] [ 97%] Built target turtlesim__rosidl_typesupport_fastrtps_c__pyext
[2.844s] [100%] Built target turtlesim__rosidl_typesupport_introspection_c__pyext
[2.932s] Invoked command in '/home/dr/amr-travelobot/ros_ws/build/turtlesim' returned '0': CMAKE_PREFIX_PATH=${CMAKE_PREFIX_PATH}:/home/dr/amr-travelobot/ros_ws/install/bno055:/opt/ros/foxy /usr/bin/cmake --build /home/dr/amr-travelobot/ros_ws/build/turtlesim -- -j4 -l4
[3.711s] Invoking command in '/home/dr/amr-travelobot/ros_ws/build/turtlesim': CMAKE_PREFIX_PATH=${CMAKE_PREFIX_PATH}:/home/dr/amr-travelobot/ros_ws/install/bno055:/opt/ros/foxy /usr/bin/cmake --install /home/dr/amr-travelobot/ros_ws/build/turtlesim
[3.747s] -- Install configuration: ""
[3.748s] -- Up-to-date: /home/dr/amr-travelobot/ros_ws/install/turtlesim/share/ament_index/resource_index/rosidl_interfaces/turtlesim
[3.749s] -- Up-to-date: /home/dr/amr-travelobot/ros_ws/install/turtlesim/include/turtlesim
[3.749s] -- Up-to-date: /home/dr/amr-travelobot/ros_ws/install/turtlesim/include/turtlesim/msg
[3.750s] -- Up-to-date: /home/dr/amr-travelobot/ros_ws/install/turtlesim/include/turtlesim/msg/rosidl_generator_c__visibility_control.h
[3.750s] -- Up-to-date: /home/dr/amr-travelobot/ros_ws/install/turtlesim/include/turtlesim/msg/detail
[3.751s] -- Up-to-date: /home/dr/amr-travelobot/ros_ws/install/turtlesim/include/turtlesim/msg/detail/pose__functions.c
[3.752s] -- Up-to-date: /home/dr/amr-travelobot/ros_ws/install/turtlesim/include/turtlesim/msg/detail/pose__type_support.h
[3.752s] -- Up-to-date: /home/dr/amr-travelobot/ros_ws/install/turtlesim/include/turtlesim/msg/detail/pose__functions.h
[3.753s] -- Up-to-date: /home/dr/amr-travelobot/ros_ws/install/turtlesim/include/turtlesim/msg/detail/color__functions.c
[3.754s] -- Up-to-date: /home/dr/amr-travelobot/ros_ws/install/turtlesim/include/turtlesim/msg/detail/color__functions.h
[3.754s] -- Up-to-date: /home/dr/amr-travelobot/ros_ws/install/turtlesim/include/turtlesim/msg/detail/color__type_support.h
[3.754s] -- Up-to-date: /home/dr/amr-travelobot/ros_ws/install/turtlesim/include/turtlesim/msg/detail/pose__struct.h
[3.755s] -- Up-to-date: /home/dr/amr-travelobot/ros_ws/install/turtlesim/include/turtlesim/msg/detail/color__struct.h
[3.755s] -- Up-to-date: /home/dr/amr-travelobot/ros_ws/install/turtlesim/include/turtlesim/msg/color.h
[3.756s] -- Up-to-date: /home/dr/amr-travelobot/ros_ws/install/turtlesim/include/turtlesim/msg/pose.h
[3.756s] -- Up-to-date: /home/dr/amr-travelobot/ros_ws/install/turtlesim/include/turtlesim/srv
[3.757s] -- Up-to-date: /home/dr/amr-travelobot/ros_ws/install/turtlesim/include/turtlesim/srv/set_pen.h
[3.757s] -- Up-to-date: /home/dr/amr-travelobot/ros_ws/install/turtlesim/include/turtlesim/srv/detail
[3.758s] -- Up-to-date: /home/dr/amr-travelobot/ros_ws/install/turtlesim/include/turtlesim/srv/detail/set_pen__functions.c
[3.758s] -- Up-to-date: /home/dr/amr-travelobot/ros_ws/install/turtlesim/include/turtlesim/srv/detail/set_pen__functions.h
[3.759s] -- Up-to-date: /home/dr/amr-travelobot/ros_ws/install/turtlesim/include/turtlesim/srv/detail/teleport_relative__functions.h
[3.759s] -- Up-to-date: /home/dr/amr-travelobot/ros_ws/install/turtlesim/include/turtlesim/srv/detail/spawn__functions.c
[3.760s] -- Up-to-date: /home/dr/amr-travelobot/ros_ws/install/turtlesim/include/turtlesim/srv/detail/teleport_relative__struct.h
[3.761s] -- Up-to-date: /home/dr/amr-travelobot/ros_ws/install/turtlesim/include/turtlesim/srv/detail/teleport_absolute__functions.c
[3.761s] -- Up-to-date: /home/dr/amr-travelobot/ros_ws/install/turtlesim/include/turtlesim/srv/detail/set_pen__type_support.h
[3.762s] -- Up-to-date: /home/dr/amr-travelobot/ros_ws/install/turtlesim/include/turtlesim/srv/detail/spawn__type_support.h
[3.762s] -- Up-to-date: /home/dr/amr-travelobot/ros_ws/install/turtlesim/include/turtlesim/srv/detail/kill__functions.h
[3.763s] -- Up-to-date: /home/dr/amr-travelobot/ros_ws/install/turtlesim/include/turtlesim/srv/detail/set_pen__struct.h
[3.763s] -- Up-to-date: /home/dr/amr-travelobot/ros_ws/install/turtlesim/include/turtlesim/srv/detail/kill__struct.h
[3.764s] -- Up-to-date: /home/dr/amr-travelobot/ros_ws/install/turtlesim/include/turtlesim/srv/detail/teleport_absolute__functions.h
[3.764s] -- Up-to-date: /home/dr/amr-travelobot/ros_ws/install/turtlesim/include/turtlesim/srv/detail/teleport_relative__functions.c
[3.765s] -- Up-to-date: /home/dr/amr-travelobot/ros_ws/install/turtlesim/include/turtlesim/srv/detail/teleport_absolute__struct.h
[3.765s] -- Up-to-date: /home/dr/amr-travelobot/ros_ws/install/turtlesim/include/turtlesim/srv/detail/spawn__functions.h
[3.766s] -- Up-to-date: /home/dr/amr-travelobot/ros_ws/install/turtlesim/include/turtlesim/srv/detail/teleport_relative__type_support.h
[3.766s] -- Up-to-date: /home/dr/amr-travelobot/ros_ws/install/turtlesim/include/turtlesim/srv/detail/kill__type_support.h
[3.767s] -- Up-to-date: /home/dr/amr-travelobot/ros_ws/install/turtlesim/include/turtlesim/srv/detail/teleport_absolute__type_support.h
[3.767s] -- Up-to-date: /home/dr/amr-travelobot/ros_ws/install/turtlesim/include/turtlesim/srv/detail/kill__functions.c
[3.768s] -- Up-to-date: /home/dr/amr-travelobot/ros_ws/install/turtlesim/include/turtlesim/srv/detail/spawn__struct.h
[3.768s] -- Up-to-date: /home/dr/amr-travelobot/ros_ws/install/turtlesim/include/turtlesim/srv/kill.h
[3.769s] -- Up-to-date: /home/dr/amr-travelobot/ros_ws/install/turtlesim/include/turtlesim/srv/teleport_absolute.h
[3.769s] -- Up-to-date: /home/dr/amr-travelobot/ros_ws/install/turtlesim/include/turtlesim/srv/teleport_relative.h
[3.769s] -- Up-to-date: /home/dr/amr-travelobot/ros_ws/install/turtlesim/include/turtlesim/srv/spawn.h
[3.770s] -- Up-to-date: /home/dr/amr-travelobot/ros_ws/install/turtlesim/include/turtlesim/action
[3.770s] -- Up-to-date: /home/dr/amr-travelobot/ros_ws/install/turtlesim/include/turtlesim/action/detail
[3.771s] -- Up-to-date: /home/dr/amr-travelobot/ros_ws/install/turtlesim/include/turtlesim/action/detail/rotate_absolute__functions.c
[3.771s] -- Up-to-date: /home/dr/amr-travelobot/ros_ws/install/turtlesim/include/turtlesim/action/detail/rotate_absolute__type_support.h
[3.772s] -- Up-to-date: /home/dr/amr-travelobot/ros_ws/install/turtlesim/include/turtlesim/action/detail/rotate_absolute__struct.h
[3.772s] -- Up-to-date: /home/dr/amr-travelobot/ros_ws/install/turtlesim/include/turtlesim/action/detail/rotate_absolute__functions.h
[3.773s] -- Up-to-date: /home/dr/amr-travelobot/ros_ws/install/turtlesim/include/turtlesim/action/rotate_absolute.h
[3.773s] -- Up-to-date: /home/dr/amr-travelobot/ros_ws/install/turtlesim/share/turtlesim/environment/library_path.sh
[3.774s] -- Up-to-date: /home/dr/amr-travelobot/ros_ws/install/turtlesim/share/turtlesim/environment/library_path.dsv
[3.774s] -- Up-to-date: /home/dr/amr-travelobot/ros_ws/install/turtlesim/lib/libturtlesim__rosidl_generator_c.so
[3.775s] -- Up-to-date: /home/dr/amr-travelobot/ros_ws/install/turtlesim/include/turtlesim
[3.776s] -- Up-to-date: /home/dr/amr-travelobot/ros_ws/install/turtlesim/include/turtlesim/msg
[3.776s] -- Up-to-date: /home/dr/amr-travelobot/ros_ws/install/turtlesim/include/turtlesim/msg/detail
[3.777s] -- Up-to-date: /home/dr/amr-travelobot/ros_ws/install/turtlesim/include/turtlesim/msg/detail/pose__rosidl_typesupport_fastrtps_c.h
[3.777s] -- Up-to-date: /home/dr/amr-travelobot/ros_ws/install/turtlesim/include/turtlesim/msg/detail/color__rosidl_typesupport_fastrtps_c.h
[3.778s] -- Up-to-date: /home/dr/amr-travelobot/ros_ws/install/turtlesim/include/turtlesim/msg/rosidl_typesupport_fastrtps_c__visibility_control.h
[3.778s] -- Up-to-date: /home/dr/amr-travelobot/ros_ws/install/turtlesim/include/turtlesim/srv
[3.779s] -- Up-to-date: /home/dr/amr-travelobot/ros_ws/install/turtlesim/include/turtlesim/srv/detail
[3.779s] -- Up-to-date: /home/dr/amr-travelobot/ros_ws/install/turtlesim/include/turtlesim/srv/detail/teleport_relative__rosidl_typesupport_fastrtps_c.h
[3.780s] -- Up-to-date: /home/dr/amr-travelobot/ros_ws/install/turtlesim/include/turtlesim/srv/detail/teleport_absolute__rosidl_typesupport_fastrtps_c.h
[3.780s] -- Up-to-date: /home/dr/amr-travelobot/ros_ws/install/turtlesim/include/turtlesim/srv/detail/spawn__rosidl_typesupport_fastrtps_c.h
[3.780s] -- Up-to-date: /home/dr/amr-travelobot/ros_ws/install/turtlesim/include/turtlesim/srv/detail/kill__rosidl_typesupport_fastrtps_c.h
[3.781s] -- Up-to-date: /home/dr/amr-travelobot/ros_ws/install/turtlesim/include/turtlesim/srv/detail/set_pen__rosidl_typesupport_fastrtps_c.h
[3.781s] -- Up-to-date: /home/dr/amr-travelobot/ros_ws/install/turtlesim/include/turtlesim/action
[3.782s] -- Up-to-date: /home/dr/amr-travelobot/ros_ws/install/turtlesim/include/turtlesim/action/detail
[3.782s] -- Up-to-date: /home/dr/amr-travelobot/ros_ws/install/turtlesim/include/turtlesim/action/detail/rotate_absolute__rosidl_typesupport_fastrtps_c.h
[3.783s] -- Up-to-date: /home/dr/amr-travelobot/ros_ws/install/turtlesim/lib/libturtlesim__rosidl_typesupport_fastrtps_c.so
[3.783s] -- Up-to-date: /home/dr/amr-travelobot/ros_ws/install/turtlesim/include/turtlesim
[3.784s] -- Up-to-date: /home/dr/amr-travelobot/ros_ws/install/turtlesim/include/turtlesim/msg
[3.784s] -- Up-to-date: /home/dr/amr-travelobot/ros_ws/install/turtlesim/include/turtlesim/msg/detail
[3.785s] -- Up-to-date: /home/dr/amr-travelobot/ros_ws/install/turtlesim/include/turtlesim/msg/detail/pose__rosidl_typesupport_fastrtps_cpp.hpp
[3.785s] -- Up-to-date: /home/dr/amr-travelobot/ros_ws/install/turtlesim/include/turtlesim/msg/detail/dds_fastrtps
[3.785s] -- Up-to-date: /home/dr/amr-travelobot/ros_ws/install/turtlesim/include/turtlesim/msg/detail/color__rosidl_typesupport_fastrtps_cpp.hpp
[3.786s] -- Up-to-date: /home/dr/amr-travelobot/ros_ws/install/turtlesim/include/turtlesim/msg/rosidl_typesupport_fastrtps_cpp__visibility_control.h
[3.786s] -- Up-to-date: /home/dr/amr-travelobot/ros_ws/install/turtlesim/include/turtlesim/srv
[3.787s] -- Up-to-date: /home/dr/amr-travelobot/ros_ws/install/turtlesim/include/turtlesim/srv/detail
[3.787s] -- Up-to-date: /home/dr/amr-travelobot/ros_ws/install/turtlesim/include/turtlesim/srv/detail/teleport_absolute__rosidl_typesupport_fastrtps_cpp.hpp
[3.788s] -- Up-to-date: /home/dr/amr-travelobot/ros_ws/install/turtlesim/include/turtlesim/srv/detail/kill__rosidl_typesupport_fastrtps_cpp.hpp
[3.788s] -- Up-to-date: /home/dr/amr-travelobot/ros_ws/install/turtlesim/include/turtlesim/srv/detail/dds_fastrtps
[3.789s] -- Up-to-date: /home/dr/amr-travelobot/ros_ws/install/turtlesim/include/turtlesim/srv/detail/teleport_relative__rosidl_typesupport_fastrtps_cpp.hpp
[3.789s] -- Up-to-date: /home/dr/amr-travelobot/ros_ws/install/turtlesim/include/turtlesim/srv/detail/spawn__rosidl_typesupport_fastrtps_cpp.hpp
[3.790s] -- Up-to-date: /home/dr/amr-travelobot/ros_ws/install/turtlesim/include/turtlesim/srv/detail/set_pen__rosidl_typesupport_fastrtps_cpp.hpp
[3.790s] -- Up-to-date: /home/dr/amr-travelobot/ros_ws/install/turtlesim/include/turtlesim/action
[3.791s] -- Up-to-date: /home/dr/amr-travelobot/ros_ws/install/turtlesim/include/turtlesim/action/detail
[3.791s] -- Up-to-date: /home/dr/amr-travelobot/ros_ws/install/turtlesim/include/turtlesim/action/detail/rotate_absolute__rosidl_typesupport_fastrtps_cpp.hpp
[3.792s] -- Up-to-date: /home/dr/amr-travelobot/ros_ws/install/turtlesim/include/turtlesim/action/detail/dds_fastrtps
[3.792s] -- Up-to-date: /home/dr/amr-travelobot/ros_ws/install/turtlesim/lib/libturtlesim__rosidl_typesupport_fastrtps_cpp.so
[3.793s] -- Up-to-date: /home/dr/amr-travelobot/ros_ws/install/turtlesim/include/turtlesim
[3.793s] -- Up-to-date: /home/dr/amr-travelobot/ros_ws/install/turtlesim/include/turtlesim/msg
[3.793s] -- Up-to-date: /home/dr/amr-travelobot/ros_ws/install/turtlesim/include/turtlesim/msg/detail
[3.794s] -- Up-to-date: /home/dr/amr-travelobot/ros_ws/install/turtlesim/include/turtlesim/msg/detail/color__type_support.c
[3.794s] -- Up-to-date: /home/dr/amr-travelobot/ros_ws/install/turtlesim/include/turtlesim/msg/detail/pose__type_support.c
[3.795s] -- Up-to-date: /home/dr/amr-travelobot/ros_ws/install/turtlesim/include/turtlesim/msg/detail/pose__rosidl_typesupport_introspection_c.h
[3.795s] -- Up-to-date: /home/dr/amr-travelobot/ros_ws/install/turtlesim/include/turtlesim/msg/detail/color__rosidl_typesupport_introspection_c.h
[3.795s] -- Up-to-date: /home/dr/amr-travelobot/ros_ws/install/turtlesim/include/turtlesim/msg/rosidl_typesupport_introspection_c__visibility_control.h
[3.796s] -- Up-to-date: /home/dr/amr-travelobot/ros_ws/install/turtlesim/include/turtlesim/srv
[3.796s] -- Up-to-date: /home/dr/amr-travelobot/ros_ws/install/turtlesim/include/turtlesim/srv/detail
[3.797s] -- Up-to-date: /home/dr/amr-travelobot/ros_ws/install/turtlesim/include/turtlesim/srv/detail/spawn__type_support.c
[3.797s] -- Up-to-date: /home/dr/amr-travelobot/ros_ws/install/turtlesim/include/turtlesim/srv/detail/set_pen__type_support.c
[3.797s] -- Up-to-date: /home/dr/amr-travelobot/ros_ws/install/turtlesim/include/turtlesim/srv/detail/teleport_relative__rosidl_typesupport_introspection_c.h
[3.798s] -- Up-to-date: /home/dr/amr-travelobot/ros_ws/install/turtlesim/include/turtlesim/srv/detail/kill__rosidl_typesupport_introspection_c.h
[3.798s] -- Up-to-date: /home/dr/amr-travelobot/ros_ws/install/turtlesim/include/turtlesim/srv/detail/teleport_absolute__rosidl_typesupport_introspection_c.h
[3.798s] -- Up-to-date: /home/dr/amr-travelobot/ros_ws/install/turtlesim/include/turtlesim/srv/detail/kill__type_support.c
[3.801s] -- Up-to-date: /home/dr/amr-travelobot/ros_ws/install/turtlesim/include/turtlesim/srv/detail/spawn__rosidl_typesupport_introspection_c.h
[3.802s] -- Up-to-date: /home/dr/amr-travelobot/ros_ws/install/turtlesim/include/turtlesim/srv/detail/teleport_relative__type_support.c
[3.802s] -- Up-to-date: /home/dr/amr-travelobot/ros_ws/install/turtlesim/include/turtlesim/srv/detail/teleport_absolute__type_support.c
[3.803s] -- Up-to-date: /home/dr/amr-travelobot/ros_ws/install/turtlesim/include/turtlesim/srv/detail/set_pen__rosidl_typesupport_introspection_c.h
[3.803s] -- Up-to-date: /home/dr/amr-travelobot/ros_ws/install/turtlesim/include/turtlesim/action
[3.803s] -- Up-to-date: /home/dr/amr-travelobot/ros_ws/install/turtlesim/include/turtlesim/action/detail
[3.804s] -- Up-to-date: /home/dr/amr-travelobot/ros_ws/install/turtlesim/include/turtlesim/action/detail/rotate_absolute__rosidl_typesupport_introspection_c.h
[3.804s] -- Up-to-date: /home/dr/amr-travelobot/ros_ws/install/turtlesim/include/turtlesim/action/detail/rotate_absolute__type_support.c
[3.805s] -- Up-to-date: /home/dr/amr-travelobot/ros_ws/install/turtlesim/lib/libturtlesim__rosidl_typesupport_introspection_c.so
[3.805s] -- Up-to-date: /home/dr/amr-travelobot/ros_ws/install/turtlesim/lib/libturtlesim__rosidl_typesupport_c.so
[3.805s] -- Up-to-date: /home/dr/amr-travelobot/ros_ws/install/turtlesim/include/turtlesim
[3.813s] -- Up-to-date: /home/dr/amr-travelobot/ros_ws/install/turtlesim/include/turtlesim/msg
[3.814s] -- Up-to-date: /home/dr/amr-travelobot/ros_ws/install/turtlesim/include/turtlesim/msg/detail
[3.814s] -- Up-to-date: /home/dr/amr-travelobot/ros_ws/install/turtlesim/include/turtlesim/msg/detail/pose__traits.hpp
[3.815s] -- Up-to-date: /home/dr/amr-travelobot/ros_ws/install/turtlesim/include/turtlesim/msg/detail/color__traits.hpp
[3.815s] -- Up-to-date: /home/dr/amr-travelobot/ros_ws/install/turtlesim/include/turtlesim/msg/detail/color__builder.hpp
[3.815s] -- Up-to-date: /home/dr/amr-travelobot/ros_ws/install/turtlesim/include/turtlesim/msg/detail/pose__struct.hpp
[3.825s] -- Up-to-date: /home/dr/amr-travelobot/ros_ws/install/turtlesim/include/turtlesim/msg/detail/pose__builder.hpp
[3.826s] -- Up-to-date: /home/dr/amr-travelobot/ros_ws/install/turtlesim/include/turtlesim/msg/detail/color__struct.hpp
[3.827s] -- Up-to-date: /home/dr/amr-travelobot/ros_ws/install/turtlesim/include/turtlesim/msg/pose.hpp
[3.827s] -- Up-to-date: /home/dr/amr-travelobot/ros_ws/install/turtlesim/include/turtlesim/msg/color.hpp
[3.828s] -- Up-to-date: /home/dr/amr-travelobot/ros_ws/install/turtlesim/include/turtlesim/srv
[3.828s] -- Up-to-date: /home/dr/amr-travelobot/ros_ws/install/turtlesim/include/turtlesim/srv/detail
[3.828s] -- Up-to-date: /home/dr/amr-travelobot/ros_ws/install/turtlesim/include/turtlesim/srv/detail/teleport_absolute__struct.hpp
[3.829s] -- Up-to-date: /home/dr/amr-travelobot/ros_ws/install/turtlesim/include/turtlesim/srv/detail/spawn__builder.hpp
[3.829s] -- Up-to-date: /home/dr/amr-travelobot/ros_ws/install/turtlesim/include/turtlesim/srv/detail/spawn__traits.hpp
[3.830s] -- Up-to-date: /home/dr/amr-travelobot/ros_ws/install/turtlesim/include/turtlesim/srv/detail/teleport_relative__builder.hpp
[3.830s] -- Up-to-date: /home/dr/amr-travelobot/ros_ws/install/turtlesim/include/turtlesim/srv/detail/set_pen__builder.hpp
[3.831s] -- Up-to-date: /home/dr/amr-travelobot/ros_ws/install/turtlesim/include/turtlesim/srv/detail/kill__struct.hpp
[3.831s] -- Up-to-date: /home/dr/amr-travelobot/ros_ws/install/turtlesim/include/turtlesim/srv/detail/teleport_relative__traits.hpp
[3.832s] -- Up-to-date: /home/dr/amr-travelobot/ros_ws/install/turtlesim/include/turtlesim/srv/detail/kill__traits.hpp
[3.832s] -- Up-to-date: /home/dr/amr-travelobot/ros_ws/install/turtlesim/include/turtlesim/srv/detail/teleport_absolute__traits.hpp
[3.833s] -- Up-to-date: /home/dr/amr-travelobot/ros_ws/install/turtlesim/include/turtlesim/srv/detail/set_pen__struct.hpp
[3.833s] -- Up-to-date: /home/dr/amr-travelobot/ros_ws/install/turtlesim/include/turtlesim/srv/detail/kill__builder.hpp
[3.834s] -- Up-to-date: /home/dr/amr-travelobot/ros_ws/install/turtlesim/include/turtlesim/srv/detail/set_pen__traits.hpp
[3.834s] -- Up-to-date: /home/dr/amr-travelobot/ros_ws/install/turtlesim/include/turtlesim/srv/detail/teleport_absolute__builder.hpp
[3.835s] -- Up-to-date: /home/dr/amr-travelobot/ros_ws/install/turtlesim/include/turtlesim/srv/detail/spawn__struct.hpp
[3.835s] -- Up-to-date: /home/dr/amr-travelobot/ros_ws/install/turtlesim/include/turtlesim/srv/detail/teleport_relative__struct.hpp
[3.835s] -- Up-to-date: /home/dr/amr-travelobot/ros_ws/install/turtlesim/include/turtlesim/srv/teleport_absolute.hpp
[3.836s] -- Up-to-date: /home/dr/amr-travelobot/ros_ws/install/turtlesim/include/turtlesim/srv/spawn.hpp
[3.836s] -- Up-to-date: /home/dr/amr-travelobot/ros_ws/install/turtlesim/include/turtlesim/srv/set_pen.hpp
[3.837s] -- Up-to-date: /home/dr/amr-travelobot/ros_ws/install/turtlesim/include/turtlesim/srv/teleport_relative.hpp
[3.837s] -- Up-to-date: /home/dr/amr-travelobot/ros_ws/install/turtlesim/include/turtlesim/srv/kill.hpp
[3.838s] -- Up-to-date: /home/dr/amr-travelobot/ros_ws/install/turtlesim/include/turtlesim/action
[3.838s] -- Up-to-date: /home/dr/amr-travelobot/ros_ws/install/turtlesim/include/turtlesim/action/detail
[3.839s] -- Up-to-date: /home/dr/amr-travelobot/ros_ws/install/turtlesim/include/turtlesim/action/detail/rotate_absolute__builder.hpp
[3.839s] -- Up-to-date: /home/dr/amr-travelobot/ros_ws/install/turtlesim/include/turtlesim/action/detail/rotate_absolute__struct.hpp
[3.839s] -- Up-to-date: /home/dr/amr-travelobot/ros_ws/install/turtlesim/include/turtlesim/action/detail/rotate_absolute__traits.hpp
[3.840s] -- Up-to-date: /home/dr/amr-travelobot/ros_ws/install/turtlesim/include/turtlesim/action/rotate_absolute.hpp
[3.840s] -- Up-to-date: /home/dr/amr-travelobot/ros_ws/install/turtlesim/include/turtlesim
[3.841s] -- Up-to-date: /home/dr/amr-travelobot/ros_ws/install/turtlesim/include/turtlesim/msg
[3.841s] -- Up-to-date: /home/dr/amr-travelobot/ros_ws/install/turtlesim/include/turtlesim/msg/detail
[3.842s] -- Up-to-date: /home/dr/amr-travelobot/ros_ws/install/turtlesim/include/turtlesim/msg/detail/pose__rosidl_typesupport_introspection_cpp.hpp
[3.860s] -- Up-to-date: /home/dr/amr-travelobot/ros_ws/install/turtlesim/include/turtlesim/msg/detail/color__type_support.cpp
[3.860s] -- Up-to-date: /home/dr/amr-travelobot/ros_ws/install/turtlesim/include/turtlesim/msg/detail/pose__type_support.cpp
[3.861s] -- Up-to-date: /home/dr/amr-travelobot/ros_ws/install/turtlesim/include/turtlesim/msg/detail/color__rosidl_typesupport_introspection_cpp.hpp
[3.861s] -- Up-to-date: /home/dr/amr-travelobot/ros_ws/install/turtlesim/include/turtlesim/srv
[3.862s] -- Up-to-date: /home/dr/amr-travelobot/ros_ws/install/turtlesim/include/turtlesim/srv/detail
[3.862s] -- Up-to-date: /home/dr/amr-travelobot/ros_ws/install/turtlesim/include/turtlesim/srv/detail/set_pen__type_support.cpp
[3.863s] -- Up-to-date: /home/dr/amr-travelobot/ros_ws/install/turtlesim/include/turtlesim/srv/detail/teleport_absolute__type_support.cpp
[3.863s] -- Up-to-date: /home/dr/amr-travelobot/ros_ws/install/turtlesim/include/turtlesim/srv/detail/teleport_absolute__rosidl_typesupport_introspection_cpp.hpp
[3.863s] -- Up-to-date: /home/dr/amr-travelobot/ros_ws/install/turtlesim/include/turtlesim/srv/detail/set_pen__rosidl_typesupport_introspection_cpp.hpp
[3.864s] -- Up-to-date: /home/dr/amr-travelobot/ros_ws/install/turtlesim/include/turtlesim/srv/detail/kill__type_support.cpp
[3.867s] -- Up-to-date: /home/dr/amr-travelobot/ros_ws/install/turtlesim/include/turtlesim/srv/detail/spawn__type_support.cpp
[3.867s] -- Up-to-date: /home/dr/amr-travelobot/ros_ws/install/turtlesim/include/turtlesim/srv/detail/teleport_relative__rosidl_typesupport_introspection_cpp.hpp
[3.868s] -- Up-to-date: /home/dr/amr-travelobot/ros_ws/install/turtlesim/include/turtlesim/srv/detail/teleport_relative__type_support.cpp
[3.868s] -- Up-to-date: /home/dr/amr-travelobot/ros_ws/install/turtlesim/include/turtlesim/srv/detail/spawn__rosidl_typesupport_introspection_cpp.hpp
[3.869s] -- Up-to-date: /home/dr/amr-travelobot/ros_ws/install/turtlesim/include/turtlesim/srv/detail/kill__rosidl_typesupport_introspection_cpp.hpp
[3.869s] -- Up-to-date: /home/dr/amr-travelobot/ros_ws/install/turtlesim/include/turtlesim/action
[3.869s] -- Up-to-date: /home/dr/amr-travelobot/ros_ws/install/turtlesim/include/turtlesim/action/detail
[3.870s] -- Up-to-date: /home/dr/amr-travelobot/ros_ws/install/turtlesim/include/turtlesim/action/detail/rotate_absolute__rosidl_typesupport_introspection_cpp.hpp
[3.870s] -- Up-to-date: /home/dr/amr-travelobot/ros_ws/install/turtlesim/include/turtlesim/action/detail/rotate_absolute__type_support.cpp
[3.871s] -- Up-to-date: /home/dr/amr-travelobot/ros_ws/install/turtlesim/lib/libturtlesim__rosidl_typesupport_introspection_cpp.so
[3.871s] -- Up-to-date: /home/dr/amr-travelobot/ros_ws/install/turtlesim/lib/libturtlesim__rosidl_typesupport_cpp.so
[3.872s] -- Up-to-date: /home/dr/amr-travelobot/ros_ws/install/turtlesim/share/turtlesim/environment/pythonpath.sh
[3.872s] -- Up-to-date: /home/dr/amr-travelobot/ros_ws/install/turtlesim/share/turtlesim/environment/pythonpath.dsv
[3.873s] -- Up-to-date: /home/dr/amr-travelobot/ros_ws/install/turtlesim/lib/python3.8/site-packages/turtlesim/__init__.py
[3.938s] -- Up-to-date: /home/dr/amr-travelobot/ros_ws/install/turtlesim/lib/python3.8/site-packages/turtlesim/action
[3.939s] -- Up-to-date: /home/dr/amr-travelobot/ros_ws/install/turtlesim/lib/python3.8/site-packages/turtlesim/action/_rotate_absolute_s.c
[3.939s] -- Up-to-date: /home/dr/amr-travelobot/ros_ws/install/turtlesim/lib/python3.8/site-packages/turtlesim/action/__init__.py
[3.940s] -- Up-to-date: /home/dr/amr-travelobot/ros_ws/install/turtlesim/lib/python3.8/site-packages/turtlesim/action/_rotate_absolute.py
[3.940s] -- Up-to-date: /home/dr/amr-travelobot/ros_ws/install/turtlesim/lib/python3.8/site-packages/turtlesim/msg
[3.947s] -- Up-to-date: /home/dr/amr-travelobot/ros_ws/install/turtlesim/lib/python3.8/site-packages/turtlesim/msg/_pose.py
[3.948s] -- Up-to-date: /home/dr/amr-travelobot/ros_ws/install/turtlesim/lib/python3.8/site-packages/turtlesim/msg/_pose_s.c
[3.948s] -- Up-to-date: /home/dr/amr-travelobot/ros_ws/install/turtlesim/lib/python3.8/site-packages/turtlesim/msg/__init__.py
[3.948s] -- Up-to-date: /home/dr/amr-travelobot/ros_ws/install/turtlesim/lib/python3.8/site-packages/turtlesim/msg/_color.py
[3.949s] -- Up-to-date: /home/dr/amr-travelobot/ros_ws/install/turtlesim/lib/python3.8/site-packages/turtlesim/msg/_color_s.c
[3.949s] -- Up-to-date: /home/dr/amr-travelobot/ros_ws/install/turtlesim/lib/python3.8/site-packages/turtlesim/srv
[3.950s] -- Up-to-date: /home/dr/amr-travelobot/ros_ws/install/turtlesim/lib/python3.8/site-packages/turtlesim/srv/_set_pen_s.c
[3.950s] -- Up-to-date: /home/dr/amr-travelobot/ros_ws/install/turtlesim/lib/python3.8/site-packages/turtlesim/srv/_set_pen.py
[3.951s] -- Up-to-date: /home/dr/amr-travelobot/ros_ws/install/turtlesim/lib/python3.8/site-packages/turtlesim/srv/_kill_s.c
[3.951s] -- Up-to-date: /home/dr/amr-travelobot/ros_ws/install/turtlesim/lib/python3.8/site-packages/turtlesim/srv/_kill.py
[3.952s] -- Up-to-date: /home/dr/amr-travelobot/ros_ws/install/turtlesim/lib/python3.8/site-packages/turtlesim/srv/_spawn.py
[3.952s] -- Up-to-date: /home/dr/amr-travelobot/ros_ws/install/turtlesim/lib/python3.8/site-packages/turtlesim/srv/__init__.py
[3.953s] -- Up-to-date: /home/dr/amr-travelobot/ros_ws/install/turtlesim/lib/python3.8/site-packages/turtlesim/srv/_teleport_relative_s.c
[3.953s] -- Up-to-date: /home/dr/amr-travelobot/ros_ws/install/turtlesim/lib/python3.8/site-packages/turtlesim/srv/_teleport_absolute_s.c
[3.953s] -- Up-to-date: /home/dr/amr-travelobot/ros_ws/install/turtlesim/lib/python3.8/site-packages/turtlesim/srv/_teleport_absolute.py
[3.954s] -- Up-to-date: /home/dr/amr-travelobot/ros_ws/install/turtlesim/lib/python3.8/site-packages/turtlesim/srv/_teleport_relative.py
[3.955s] -- Up-to-date: /home/dr/amr-travelobot/ros_ws/install/turtlesim/lib/python3.8/site-packages/turtlesim/srv/_spawn_s.c
[3.955s] -- Up-to-date: /home/dr/amr-travelobot/ros_ws/install/turtlesim/lib/python3.8/site-packages/turtlesim/turtlesim_s__rosidl_typesupport_fastrtps_c.cpython-38-aarch64-linux-gnu.so
[3.956s] -- Up-to-date: /home/dr/amr-travelobot/ros_ws/install/turtlesim/lib/python3.8/site-packages/turtlesim/turtlesim_s__rosidl_typesupport_introspection_c.cpython-38-aarch64-linux-gnu.so
[3.956s] -- Up-to-date: /home/dr/amr-travelobot/ros_ws/install/turtlesim/lib/python3.8/site-packages/turtlesim/turtlesim_s__rosidl_typesupport_c.cpython-38-aarch64-linux-gnu.so
[3.957s] -- Up-to-date: /home/dr/amr-travelobot/ros_ws/install/turtlesim/lib/libturtlesim__python.so
[3.958s] -- Up-to-date: /home/dr/amr-travelobot/ros_ws/install/turtlesim/share/turtlesim/action/RotateAbsolute.idl
[3.959s] -- Up-to-date: /home/dr/amr-travelobot/ros_ws/install/turtlesim/share/turtlesim/msg/Color.idl
[3.960s] -- Up-to-date: /home/dr/amr-travelobot/ros_ws/install/turtlesim/share/turtlesim/msg/Pose.idl
[3.961s] -- Up-to-date: /home/dr/amr-travelobot/ros_ws/install/turtlesim/share/turtlesim/srv/Kill.idl
[3.962s] -- Up-to-date: /home/dr/amr-travelobot/ros_ws/install/turtlesim/share/turtlesim/srv/SetPen.idl
[3.963s] -- Up-to-date: /home/dr/amr-travelobot/ros_ws/install/turtlesim/share/turtlesim/srv/Spawn.idl
[3.964s] -- Up-to-date: /home/dr/amr-travelobot/ros_ws/install/turtlesim/share/turtlesim/srv/TeleportAbsolute.idl
[3.964s] -- Up-to-date: /home/dr/amr-travelobot/ros_ws/install/turtlesim/share/turtlesim/srv/TeleportRelative.idl
[3.965s] -- Up-to-date: /home/dr/amr-travelobot/ros_ws/install/turtlesim/share/turtlesim/action/RotateAbsolute.action
[3.965s] -- Up-to-date: /home/dr/amr-travelobot/ros_ws/install/turtlesim/share/turtlesim/msg/Color.msg
[3.966s] -- Up-to-date: /home/dr/amr-travelobot/ros_ws/install/turtlesim/share/turtlesim/msg/Pose.msg
[3.967s] -- Up-to-date: /home/dr/amr-travelobot/ros_ws/install/turtlesim/share/turtlesim/srv/Kill.srv
[3.968s] -- Up-to-date: /home/dr/amr-travelobot/ros_ws/install/turtlesim/share/turtlesim/srv/Kill_Request.msg
[3.968s] -- Up-to-date: /home/dr/amr-travelobot/ros_ws/install/turtlesim/share/turtlesim/srv/Kill_Response.msg
[3.969s] -- Up-to-date: /home/dr/amr-travelobot/ros_ws/install/turtlesim/share/turtlesim/srv/SetPen.srv
[3.969s] -- Up-to-date: /home/dr/amr-travelobot/ros_ws/install/turtlesim/share/turtlesim/srv/SetPen_Request.msg
[3.970s] -- Up-to-date: /home/dr/amr-travelobot/ros_ws/install/turtlesim/share/turtlesim/srv/SetPen_Response.msg
[3.970s] -- Up-to-date: /home/dr/amr-travelobot/ros_ws/install/turtlesim/share/turtlesim/srv/Spawn.srv
[3.971s] -- Up-to-date: /home/dr/amr-travelobot/ros_ws/install/turtlesim/share/turtlesim/srv/Spawn_Request.msg
[3.971s] -- Up-to-date: /home/dr/amr-travelobot/ros_ws/install/turtlesim/share/turtlesim/srv/Spawn_Response.msg
[3.972s] -- Up-to-date: /home/dr/amr-travelobot/ros_ws/install/turtlesim/share/turtlesim/srv/TeleportAbsolute.srv
[3.972s] -- Up-to-date: /home/dr/amr-travelobot/ros_ws/install/turtlesim/share/turtlesim/srv/TeleportAbsolute_Request.msg
[3.973s] -- Up-to-date: /home/dr/amr-travelobot/ros_ws/install/turtlesim/share/turtlesim/srv/TeleportAbsolute_Response.msg
[3.973s] -- Up-to-date: /home/dr/amr-travelobot/ros_ws/install/turtlesim/share/turtlesim/srv/TeleportRelative.srv
[3.973s] -- Up-to-date: /home/dr/amr-travelobot/ros_ws/install/turtlesim/share/turtlesim/srv/TeleportRelative_Request.msg
[3.974s] -- Up-to-date: /home/dr/amr-travelobot/ros_ws/install/turtlesim/share/turtlesim/srv/TeleportRelative_Response.msg
[3.974s] -- Up-to-date: /home/dr/amr-travelobot/ros_ws/install/turtlesim/lib/turtlesim/turtlesim_node
[3.980s] -- Up-to-date: /home/dr/amr-travelobot/ros_ws/install/turtlesim/lib/turtlesim/turtle_teleop_key
[3.982s] -- Up-to-date: /home/dr/amr-travelobot/ros_ws/install/turtlesim/lib/turtlesim/draw_square
[3.983s] -- Up-to-date: /home/dr/amr-travelobot/ros_ws/install/turtlesim/lib/turtlesim/mimic
[3.988s] -- Up-to-date: /home/dr/amr-travelobot/ros_ws/install/turtlesim/share/turtlesim/images
[3.989s] -- Up-to-date: /home/dr/amr-travelobot/ros_ws/install/turtlesim/share/turtlesim/images/dashing.png
[3.990s] -- Up-to-date: /home/dr/amr-travelobot/ros_ws/install/turtlesim/share/turtlesim/images/eloquent.png
[3.990s] -- Up-to-date: /home/dr/amr-travelobot/ros_ws/install/turtlesim/share/turtlesim/images/foxy.png
[3.991s] -- Up-to-date: /home/dr/amr-travelobot/ros_ws/install/turtlesim/share/turtlesim/images/bouncy.png
[3.991s] -- Up-to-date: /home/dr/amr-travelobot/ros_ws/install/turtlesim/share/turtlesim/images/ardent.png
[3.992s] -- Up-to-date: /home/dr/amr-travelobot/ros_ws/install/turtlesim/share/turtlesim/images/crystal.png
[3.992s] -- Up-to-date: /home/dr/amr-travelobot/ros_ws/install/turtlesim/share/turtlesim/launch
[3.993s] -- Up-to-date: /home/dr/amr-travelobot/ros_ws/install/turtlesim/share/turtlesim/launch/multisim.launch.py
[3.993s] -- Up-to-date: /home/dr/amr-travelobot/ros_ws/install/turtlesim/share/ament_index/resource_index/package_run_dependencies/turtlesim
[3.994s] -- Up-to-date: /home/dr/amr-travelobot/ros_ws/install/turtlesim/share/ament_index/resource_index/parent_prefix_path/turtlesim
[3.994s] -- Up-to-date: /home/dr/amr-travelobot/ros_ws/install/turtlesim/share/turtlesim/environment/ament_prefix_path.sh
[3.995s] -- Up-to-date: /home/dr/amr-travelobot/ros_ws/install/turtlesim/share/turtlesim/environment/ament_prefix_path.dsv
[3.995s] -- Up-to-date: /home/dr/amr-travelobot/ros_ws/install/turtlesim/share/turtlesim/environment/path.sh
[3.995s] -- Up-to-date: /home/dr/amr-travelobot/ros_ws/install/turtlesim/share/turtlesim/environment/path.dsv
[3.996s] -- Up-to-date: /home/dr/amr-travelobot/ros_ws/install/turtlesim/share/turtlesim/local_setup.bash
[3.996s] -- Up-to-date: /home/dr/amr-travelobot/ros_ws/install/turtlesim/share/turtlesim/local_setup.sh
[3.997s] -- Up-to-date: /home/dr/amr-travelobot/ros_ws/install/turtlesim/share/turtlesim/local_setup.zsh
[3.997s] -- Up-to-date: /home/dr/amr-travelobot/ros_ws/install/turtlesim/share/turtlesim/local_setup.dsv
[3.998s] -- Installing: /home/dr/amr-travelobot/ros_ws/install/turtlesim/share/turtlesim/package.dsv
[3.998s] -- Up-to-date: /home/dr/amr-travelobot/ros_ws/install/turtlesim/share/ament_index/resource_index/packages/turtlesim
[3.999s] -- Up-to-date: /home/dr/amr-travelobot/ros_ws/install/turtlesim/share/turtlesim/cmake/turtlesim__rosidl_generator_cExport.cmake
[3.999s] -- Up-to-date: /home/dr/amr-travelobot/ros_ws/install/turtlesim/share/turtlesim/cmake/turtlesim__rosidl_generator_cExport-noconfig.cmake
[3.999s] -- Up-to-date: /home/dr/amr-travelobot/ros_ws/install/turtlesim/share/turtlesim/cmake/turtlesim__rosidl_typesupport_introspection_cExport.cmake
[4.000s] -- Up-to-date: /home/dr/amr-travelobot/ros_ws/install/turtlesim/share/turtlesim/cmake/turtlesim__rosidl_typesupport_introspection_cExport-noconfig.cmake
[4.000s] -- Up-to-date: /home/dr/amr-travelobot/ros_ws/install/turtlesim/share/turtlesim/cmake/turtlesim__rosidl_typesupport_cExport.cmake
[4.001s] -- Up-to-date: /home/dr/amr-travelobot/ros_ws/install/turtlesim/share/turtlesim/cmake/turtlesim__rosidl_typesupport_cExport-noconfig.cmake
[4.001s] -- Up-to-date: /home/dr/amr-travelobot/ros_ws/install/turtlesim/share/turtlesim/cmake/turtlesim__rosidl_generator_cppExport.cmake
[4.002s] -- Up-to-date: /home/dr/amr-travelobot/ros_ws/install/turtlesim/share/turtlesim/cmake/turtlesim__rosidl_typesupport_introspection_cppExport.cmake
[4.003s] -- Up-to-date: /home/dr/amr-travelobot/ros_ws/install/turtlesim/share/turtlesim/cmake/turtlesim__rosidl_typesupport_introspection_cppExport-noconfig.cmake
[4.003s] -- Up-to-date: /home/dr/amr-travelobot/ros_ws/install/turtlesim/share/turtlesim/cmake/turtlesim__rosidl_typesupport_cppExport.cmake
[4.003s] -- Up-to-date: /home/dr/amr-travelobot/ros_ws/install/turtlesim/share/turtlesim/cmake/turtlesim__rosidl_typesupport_cppExport-noconfig.cmake
[4.004s] -- Up-to-date: /home/dr/amr-travelobot/ros_ws/install/turtlesim/share/turtlesim/cmake/rosidl_cmake-extras.cmake
[4.004s] -- Up-to-date: /home/dr/amr-travelobot/ros_ws/install/turtlesim/share/turtlesim/cmake/ament_cmake_export_dependencies-extras.cmake
[4.005s] -- Up-to-date: /home/dr/amr-travelobot/ros_ws/install/turtlesim/share/turtlesim/cmake/ament_cmake_export_libraries-extras.cmake
[4.005s] -- Up-to-date: /home/dr/amr-travelobot/ros_ws/install/turtlesim/share/turtlesim/cmake/ament_cmake_export_targets-extras.cmake
[4.005s] -- Up-to-date: /home/dr/amr-travelobot/ros_ws/install/turtlesim/share/turtlesim/cmake/ament_cmake_export_include_directories-extras.cmake
[4.006s] -- Up-to-date: /home/dr/amr-travelobot/ros_ws/install/turtlesim/share/turtlesim/cmake/rosidl_cmake_export_typesupport_libraries-extras.cmake
[4.006s] -- Up-to-date: /home/dr/amr-travelobot/ros_ws/install/turtlesim/share/turtlesim/cmake/rosidl_cmake_export_typesupport_targets-extras.cmake
[4.007s] -- Up-to-date: /home/dr/amr-travelobot/ros_ws/install/turtlesim/share/turtlesim/cmake/turtlesimConfig.cmake
[4.008s] -- Up-to-date: /home/dr/amr-travelobot/ros_ws/install/turtlesim/share/turtlesim/cmake/turtlesimConfig-version.cmake
[4.020s] -- Up-to-date: /home/dr/amr-travelobot/ros_ws/install/turtlesim/share/turtlesim/package.xml
[4.025s] Invoked command in '/home/dr/amr-travelobot/ros_ws/build/turtlesim' returned '0': CMAKE_PREFIX_PATH=${CMAKE_PREFIX_PATH}:/home/dr/amr-travelobot/ros_ws/install/bno055:/opt/ros/foxy /usr/bin/cmake --install /home/dr/amr-travelobot/ros_ws/build/turtlesim
