[0.111s] Invoking command in '/home/dr/amr-travelobot/ros_ws/build/rplidar_ros2': CMAKE_PREFIX_PATH=${CMAKE_PREFIX_PATH}:/home/dr/amr-travelobot/ros_ws/install/ros2_control_test_nodes:/home/dr/amr-travelobot/ros_ws/install/bno055:/opt/ros/foxy /usr/bin/cmake --build /home/dr/amr-travelobot/ros_ws/build/rplidar_ros2 -- -j4 -l4
[0.557s] [100%] Built target rplidar_scan_publisher
[0.688s] Invoked command in '/home/dr/amr-travelobot/ros_ws/build/rplidar_ros2' returned '0': CMAKE_PREFIX_PATH=${CMAKE_PREFIX_PATH}:/home/dr/amr-travelobot/ros_ws/install/ros2_control_test_nodes:/home/dr/amr-travelobot/ros_ws/install/bno055:/opt/ros/foxy /usr/bin/cmake --build /home/dr/amr-travelobot/ros_ws/build/rplidar_ros2 -- -j4 -l4
[0.970s] Invoking command in '/home/dr/amr-travelobot/ros_ws/build/rplidar_ros2': CMAKE_PREFIX_PATH=${CMAKE_PREFIX_PATH}:/home/dr/amr-travelobot/ros_ws/install/ros2_control_test_nodes:/home/dr/amr-travelobot/ros_ws/install/bno055:/opt/ros/foxy /usr/bin/cmake --install /home/dr/amr-travelobot/ros_ws/build/rplidar_ros2
[1.023s] -- Install configuration: ""
[1.025s] -- Execute custom install script
[1.030s] -- Up-to-date symlink: /home/dr/amr-travelobot/ros_ws/install/rplidar_ros2/share/rplidar_ros2/launch/rplidar_a3_launch.py
[1.031s] -- Up-to-date symlink: /home/dr/amr-travelobot/ros_ws/install/rplidar_ros2/share/rplidar_ros2/launch/rplidar_launch.py
[1.032s] -- Up-to-date symlink: /home/dr/amr-travelobot/ros_ws/install/rplidar_ros2/share/rplidar_ros2/launch/rplidar_s1_launch.py
[1.033s] -- Up-to-date symlink: /home/dr/amr-travelobot/ros_ws/install/rplidar_ros2/share/rplidar_ros2/launch/rplidar_s1_tcp_launch.py
[1.034s] -- Up-to-date symlink: /home/dr/amr-travelobot/ros_ws/install/rplidar_ros2/share/rplidar_ros2/launch/rviz.py
[1.036s] -- Up-to-date symlink: /home/dr/amr-travelobot/ros_ws/install/rplidar_ros2/share/rplidar_ros2/launch/view_rplidar_a3_launch.py
[1.038s] -- Up-to-date symlink: /home/dr/amr-travelobot/ros_ws/install/rplidar_ros2/share/rplidar_ros2/launch/view_rplidar_launch.py
[1.039s] -- Up-to-date symlink: /home/dr/amr-travelobot/ros_ws/install/rplidar_ros2/share/rplidar_ros2/launch/view_rplidar_s1_launch.py
[1.040s] -- Up-to-date symlink: /home/dr/amr-travelobot/ros_ws/install/rplidar_ros2/share/rplidar_ros2/launch/view_rplidar_s1_tcp_launch.py
[1.043s] -- Up-to-date symlink: /home/dr/amr-travelobot/ros_ws/install/rplidar_ros2/share/rplidar_ros2/rviz/rplidar_ros2.rviz
[1.049s] -- Up-to-date symlink: /home/dr/amr-travelobot/ros_ws/install/rplidar_ros2/lib/rplidar_ros2/rplidar_scan_publisher
[1.050s] -- Up-to-date symlink: /home/dr/amr-travelobot/ros_ws/install/rplidar_ros2/share/ament_index/resource_index/package_run_dependencies/rplidar_ros2
[1.055s] -- Up-to-date symlink: /home/dr/amr-travelobot/ros_ws/install/rplidar_ros2/share/ament_index/resource_index/parent_prefix_path/rplidar_ros2
[1.056s] -- Up-to-date symlink: /home/dr/amr-travelobot/ros_ws/install/rplidar_ros2/share/rplidar_ros2/environment/ament_prefix_path.sh
[1.057s] -- Up-to-date symlink: /home/dr/amr-travelobot/ros_ws/install/rplidar_ros2/share/rplidar_ros2/environment/ament_prefix_path.dsv
[1.058s] -- Up-to-date symlink: /home/dr/amr-travelobot/ros_ws/install/rplidar_ros2/share/rplidar_ros2/environment/path.sh
[1.060s] -- Up-to-date symlink: /home/dr/amr-travelobot/ros_ws/install/rplidar_ros2/share/rplidar_ros2/environment/path.dsv
[1.062s] -- Up-to-date symlink: /home/dr/amr-travelobot/ros_ws/install/rplidar_ros2/share/rplidar_ros2/local_setup.bash
[1.064s] -- Up-to-date symlink: /home/dr/amr-travelobot/ros_ws/install/rplidar_ros2/share/rplidar_ros2/local_setup.sh
[1.066s] -- Up-to-date symlink: /home/dr/amr-travelobot/ros_ws/install/rplidar_ros2/share/rplidar_ros2/local_setup.zsh
[1.067s] -- Up-to-date symlink: /home/dr/amr-travelobot/ros_ws/install/rplidar_ros2/share/rplidar_ros2/local_setup.dsv
[1.068s] -- Symlinking: /home/dr/amr-travelobot/ros_ws/install/rplidar_ros2/share/rplidar_ros2/package.dsv
[1.129s] -- Up-to-date symlink: /home/dr/amr-travelobot/ros_ws/install/rplidar_ros2/share/ament_index/resource_index/packages/rplidar_ros2
[1.129s] -- Up-to-date symlink: /home/dr/amr-travelobot/ros_ws/install/rplidar_ros2/share/rplidar_ros2/cmake/ament_cmake_export_dependencies-extras.cmake
[1.131s] -- Up-to-date symlink: /home/dr/amr-travelobot/ros_ws/install/rplidar_ros2/share/rplidar_ros2/cmake/ament_cmake_export_include_directories-extras.cmake
[1.132s] -- Up-to-date symlink: /home/dr/amr-travelobot/ros_ws/install/rplidar_ros2/share/rplidar_ros2/cmake/rplidar_ros2Config.cmake
[1.132s] -- Up-to-date symlink: /home/dr/amr-travelobot/ros_ws/install/rplidar_ros2/share/rplidar_ros2/cmake/rplidar_ros2Config-version.cmake
[1.133s] -- Up-to-date symlink: /home/dr/amr-travelobot/ros_ws/install/rplidar_ros2/share/rplidar_ros2/package.xml
[1.257s] Invoked command in '/home/dr/amr-travelobot/ros_ws/build/rplidar_ros2' returned '0': CMAKE_PREFIX_PATH=${CMAKE_PREFIX_PATH}:/home/dr/amr-travelobot/ros_ws/install/ros2_control_test_nodes:/home/dr/amr-travelobot/ros_ws/install/bno055:/opt/ros/foxy /usr/bin/cmake --install /home/dr/amr-travelobot/ros_ws/build/rplidar_ros2
