[0.148s] Invoking command in '/home/dr/amr-travelobot/ros_ws/build/odrive_hardware_interface': CMAKE_PREFIX_PATH=/opt/ros/foxy /usr/bin/cmake --build /home/dr/amr-travelobot/ros_ws/build/odrive_hardware_interface -- -j4 -l4
[0.296s] -- Found ament_cmake_auto: 1.1.5 (/opt/ros/galactic/share/ament_cmake_auto/cmake)
[0.402s] -- Using PYTHON_EXECUTABLE: /usr/bin/python3
[1.863s] -- Using all available rosidl_typesupport_c: rosidl_typesupport_fastrtps_c;rosidl_typesupport_introspection_c
[1.881s] -- Found rosidl_adapter: 2.2.2 (/opt/ros/galactic/share/rosidl_adapter/cmake)
[2.689s] -- Using all available rosidl_typesupport_cpp: rosidl_typesupport_fastrtps_cpp;rosidl_typesupport_introspection_cpp
[5.645s] -- Found rmw_implementation_cmake: 3.3.1 (/opt/ros/galactic/share/rmw_implementation_cmake/cmake)
[5.665s] -- Found rmw_fastrtps_cpp: 1.3.0 (/opt/ros/foxy/share/rmw_fastrtps_cpp/cmake)
[6.397s] -- Using RMW implementation 'rmw_fastrtps_cpp' as default
[7.631s] -- Found ament_lint_auto: 0.10.7 (/opt/ros/galactic/share/ament_lint_auto/cmake)
[7.697s] -- Added test 'copyright' to check source files copyright and LICENSE
[7.703s] -- Added test 'cppcheck' to perform static code analysis on C / C++ code
[7.705s] -- Configured cppcheck include dirs: /home/dr/amr-travelobot/ros_ws/src/odrive_ros2_control/odrive_hardware_interface/include
[7.705s] -- Configured cppcheck exclude dirs and/or files: 
[7.710s] -- Added test 'cpplint' to check C / C++ code against the Google style
[7.711s] -- Configured cpplint exclude dirs and/or files: 
[7.714s] -- Added test 'lint_cmake' to check CMake code style
[7.720s] -- Added test 'uncrustify' to check C / C++ code style
[7.720s] -- Configured uncrustify additional arguments: 
[7.722s] -- Added test 'xmllint' to check XML markup files
[7.750s] -- Configuring done
[7.999s] -- Generating done
[8.007s] -- Build files have been written to: /home/dr/amr-travelobot/ros_ws/build/odrive_hardware_interface
[8.111s] [35m[1mScanning dependencies of target odrive_usb[0m
[8.151s] [ 25%] [32mBuilding CXX object CMakeFiles/odrive_usb.dir/src/odrive_usb.cpp.o[0m
[10.912s] [ 50%] [32m[1mLinking CXX shared library libodrive_usb.so[0m
[11.426s] [ 50%] Built target odrive_usb
[11.470s] [35m[1mScanning dependencies of target odrive_hardware_interface[0m
[11.599s] [ 75%] [32mBuilding CXX object CMakeFiles/odrive_hardware_interface.dir/src/odrive_hardware_interface.cpp.o[0m
[12.086s] In file included from [01m[K/home/dr/amr-travelobot/ros_ws/src/odrive_ros2_control/odrive_hardware_interface/src/odrive_hardware_interface.cpp:15[m[K:
[12.086s] [01m[K/home/dr/amr-travelobot/ros_ws/src/odrive_ros2_control/odrive_hardware_interface/include/odrive_hardware_interface/odrive_hardware_interface.hpp:20:10:[m[K [01;31m[Kfatal error: [m[Khardware_interface/base_interface.hpp: No such file or directory
[12.087s]    20 | #include [01;31m[K"hardware_interface/base_interface.hpp"[m[K
[12.087s]       |          [01;31m[K^~~~~~~~~~~~~~~~~~~~~~~~~~~~~~~~~~~~~~~[m[K
[12.087s] compilation terminated.
[12.095s] make[2]: *** [CMakeFiles/odrive_hardware_interface.dir/build.make:63: CMakeFiles/odrive_hardware_interface.dir/src/odrive_hardware_interface.cpp.o] Error 1
[12.095s] make[1]: *** [CMakeFiles/Makefile2:80: CMakeFiles/odrive_hardware_interface.dir/all] Error 2
[12.096s] make: *** [Makefile:141: all] Error 2
[12.107s] Invoked command in '/home/dr/amr-travelobot/ros_ws/build/odrive_hardware_interface' returned '2': CMAKE_PREFIX_PATH=/opt/ros/foxy /usr/bin/cmake --build /home/dr/amr-travelobot/ros_ws/build/odrive_hardware_interface -- -j4 -l4
