[0.078s] Invoking command in '/home/dr/amr-travelobot/ros_ws/build/rrbot_description': CMAKE_PREFIX_PATH=/opt/ros/foxy /usr/bin/cmake /home/dr/amr-travelobot/ros_ws/src/ros2_control_demos/ros2_control_demo_description/rrbot_description -DCMAKE_INSTALL_PREFIX=/home/dr/amr-travelobot/ros_ws/install/rrbot_description
[0.390s] -- The C compiler identification is GNU 9.4.0
[0.730s] -- The CXX compiler identification is GNU 9.4.0
[0.751s] -- Check for working C compiler: /usr/bin/cc
[1.081s] -- Check for working C compiler: /usr/bin/cc -- works
[1.087s] -- Detecting C compiler ABI info
[1.449s] -- Detecting C compiler ABI info - done
[1.526s] -- Detecting C compile features
[1.528s] -- Detecting C compile features - done
[1.552s] -- Check for working CXX compiler: /usr/bin/c++
[1.984s] -- Check for working CXX compiler: /usr/bin/c++ -- works
[2.024s] -- Detecting CXX compiler ABI info
[2.335s] -- Detecting CXX compiler ABI info - done
[2.400s] -- Detecting CXX compile features
[2.402s] -- Detecting CXX compile features - done
[2.418s] -- Found ament_cmake: 0.9.9 (/opt/ros/foxy/share/ament_cmake/cmake)
[2.542s] -- Found PythonInterp: /usr/bin/python3 (found suitable version "3.8.10", minimum required is "3") 
[2.543s] -- Using PYTHON_EXECUTABLE: /usr/bin/python3
[4.024s] -- Configuring done
[4.039s] -- Generating done
[4.040s] -- Build files have been written to: /home/dr/amr-travelobot/ros_ws/build/rrbot_description
[4.145s] Invoked command in '/home/dr/amr-travelobot/ros_ws/build/rrbot_description' returned '0': CMAKE_PREFIX_PATH=/opt/ros/foxy /usr/bin/cmake /home/dr/amr-travelobot/ros_ws/src/ros2_control_demos/ros2_control_demo_description/rrbot_description -DCMAKE_INSTALL_PREFIX=/home/dr/amr-travelobot/ros_ws/install/rrbot_description
[4.157s] Invoking command in '/home/dr/amr-travelobot/ros_ws/build/rrbot_description': CMAKE_PREFIX_PATH=/opt/ros/foxy /usr/bin/cmake --build /home/dr/amr-travelobot/ros_ws/build/rrbot_description -- -j4 -l4
[4.387s] Invoked command in '/home/dr/amr-travelobot/ros_ws/build/rrbot_description' returned '0': CMAKE_PREFIX_PATH=/opt/ros/foxy /usr/bin/cmake --build /home/dr/amr-travelobot/ros_ws/build/rrbot_description -- -j4 -l4
[4.499s] Invoking command in '/home/dr/amr-travelobot/ros_ws/build/rrbot_description': CMAKE_PREFIX_PATH=/opt/ros/foxy /usr/bin/cmake --install /home/dr/amr-travelobot/ros_ws/build/rrbot_description
[4.583s] -- Install configuration: ""
[4.584s] -- Installing: /home/dr/amr-travelobot/ros_ws/install/rrbot_description/share/rrbot_description/config
[4.590s] -- Installing: /home/dr/amr-travelobot/ros_ws/install/rrbot_description/share/rrbot_description/config/rrbot.rviz
[4.597s] -- Installing: /home/dr/amr-travelobot/ros_ws/install/rrbot_description/share/rrbot_description/gazebo
[4.598s] -- Installing: /home/dr/amr-travelobot/ros_ws/install/rrbot_description/share/rrbot_description/gazebo/rrbot.materials.xacro
[4.599s] -- Installing: /home/dr/amr-travelobot/ros_ws/install/rrbot_description/share/rrbot_description/gazebo/rrbot.gazebo.xacro
[4.600s] -- Installing: /home/dr/amr-travelobot/ros_ws/install/rrbot_description/share/rrbot_description/meshes
[4.601s] -- Installing: /home/dr/amr-travelobot/ros_ws/install/rrbot_description/share/rrbot_description/meshes/hokuyo.dae
[4.602s] -- Installing: /home/dr/amr-travelobot/ros_ws/install/rrbot_description/share/rrbot_description/launch
[4.603s] -- Installing: /home/dr/amr-travelobot/ros_ws/install/rrbot_description/share/rrbot_description/launch/view_robot.launch.py
[4.604s] -- Installing: /home/dr/amr-travelobot/ros_ws/install/rrbot_description/share/rrbot_description/ros2_control
[4.605s] -- Installing: /home/dr/amr-travelobot/ros_ws/install/rrbot_description/share/rrbot_description/ros2_control/rrbot_system_position_only.ros2_control.xacro
[4.606s] -- Installing: /home/dr/amr-travelobot/ros_ws/install/rrbot_description/share/rrbot_description/ros2_control/rrbot.ros2_control.xacro
[4.612s] -- Installing: /home/dr/amr-travelobot/ros_ws/install/rrbot_description/share/rrbot_description/ros2_control/rrbot_modular_actuators.ros2_control.xacro
[4.615s] -- Installing: /home/dr/amr-travelobot/ros_ws/install/rrbot_description/share/rrbot_description/ros2_control/rrbot_system_with_sensor.ros2_control.xacro
[4.616s] -- Installing: /home/dr/amr-travelobot/ros_ws/install/rrbot_description/share/rrbot_description/ros2_control/rrbot_system_multi_interface.ros2_control.xacro
[4.617s] -- Installing: /home/dr/amr-travelobot/ros_ws/install/rrbot_description/share/rrbot_description/ros2_control/external_rrbot_force_torque_sensor.ros2_control.xacro
[4.618s] -- Installing: /home/dr/amr-travelobot/ros_ws/install/rrbot_description/share/rrbot_description/urdf
[4.618s] -- Installing: /home/dr/amr-travelobot/ros_ws/install/rrbot_description/share/rrbot_description/urdf/rrbot_system_with_sensor.urdf.xacro
[4.619s] -- Installing: /home/dr/amr-travelobot/ros_ws/install/rrbot_description/share/rrbot_description/urdf/rrbot_system_with_external_sensor.urdf.xacro
[4.620s] -- Installing: /home/dr/amr-travelobot/ros_ws/install/rrbot_description/share/rrbot_description/urdf/rrbot_system_multi_interface.urdf.xacro
[4.621s] -- Installing: /home/dr/amr-travelobot/ros_ws/install/rrbot_description/share/rrbot_description/urdf/rrbot.urdf.xacro
[4.622s] -- Installing: /home/dr/amr-travelobot/ros_ws/install/rrbot_description/share/rrbot_description/urdf/rrbot_description.urdf.xacro
[4.622s] -- Installing: /home/dr/amr-travelobot/ros_ws/install/rrbot_description/share/rrbot_description/urdf/rrbot_modular_actuators.urdf.xacro
[4.623s] -- Installing: /home/dr/amr-travelobot/ros_ws/install/rrbot_description/share/rrbot_description/urdf/rrbot_system_position_only.urdf.xacro
[4.624s] -- Installing: /home/dr/amr-travelobot/ros_ws/install/rrbot_description/share/rrbot_description/environment/rrbot_description.dsv
[4.626s] -- Installing: /home/dr/amr-travelobot/ros_ws/install/rrbot_description/share/ament_index/resource_index/package_run_dependencies/rrbot_description
[4.636s] -- Installing: /home/dr/amr-travelobot/ros_ws/install/rrbot_description/share/ament_index/resource_index/parent_prefix_path/rrbot_description
[4.639s] -- Installing: /home/dr/amr-travelobot/ros_ws/install/rrbot_description/share/rrbot_description/environment/ament_prefix_path.sh
[4.640s] -- Installing: /home/dr/amr-travelobot/ros_ws/install/rrbot_description/share/rrbot_description/environment/ament_prefix_path.dsv
[4.641s] -- Installing: /home/dr/amr-travelobot/ros_ws/install/rrbot_description/share/rrbot_description/environment/path.sh
[4.642s] -- Installing: /home/dr/amr-travelobot/ros_ws/install/rrbot_description/share/rrbot_description/environment/path.dsv
[4.646s] -- Installing: /home/dr/amr-travelobot/ros_ws/install/rrbot_description/share/rrbot_description/local_setup.bash
[4.646s] -- Installing: /home/dr/amr-travelobot/ros_ws/install/rrbot_description/share/rrbot_description/local_setup.sh
[4.647s] -- Installing: /home/dr/amr-travelobot/ros_ws/install/rrbot_description/share/rrbot_description/local_setup.zsh
[4.648s] -- Installing: /home/dr/amr-travelobot/ros_ws/install/rrbot_description/share/rrbot_description/local_setup.dsv
[4.649s] -- Installing: /home/dr/amr-travelobot/ros_ws/install/rrbot_description/share/rrbot_description/package.dsv
[4.650s] -- Installing: /home/dr/amr-travelobot/ros_ws/install/rrbot_description/share/ament_index/resource_index/packages/rrbot_description
[4.651s] -- Installing: /home/dr/amr-travelobot/ros_ws/install/rrbot_description/share/rrbot_description/cmake/rrbot_descriptionConfig.cmake
[4.652s] -- Installing: /home/dr/amr-travelobot/ros_ws/install/rrbot_description/share/rrbot_description/cmake/rrbot_descriptionConfig-version.cmake
[4.653s] -- Installing: /home/dr/amr-travelobot/ros_ws/install/rrbot_description/share/rrbot_description/package.xml
[4.690s] Invoked command in '/home/dr/amr-travelobot/ros_ws/build/rrbot_description' returned '0': CMAKE_PREFIX_PATH=/opt/ros/foxy /usr/bin/cmake --install /home/dr/amr-travelobot/ros_ws/build/rrbot_description
