[3.553s] Invoking command in '/home/dr/amr-travelobot/ros_ws/src/bno055': PYTHONPATH=/home/dr/amr-travelobot/ros_ws/install/bno055/lib/python3.8/site-packages:${PYTHONPATH} /usr/bin/python3 setup.py egg_info --egg-base ../../build/bno055 build --build-base /home/dr/amr-travelobot/ros_ws/build/bno055/build install --prefix /home/dr/amr-travelobot/ros_ws/install/bno055 --record /home/dr/amr-travelobot/ros_ws/build/bno055/install.log --single-version-externally-managed
[4.740s] running egg_info
[4.756s] writing ../../build/bno055/bno055.egg-info/PKG-INFO
[4.759s] writing dependency_links to ../../build/bno055/bno055.egg-info/dependency_links.txt
[4.759s] writing entry points to ../../build/bno055/bno055.egg-info/entry_points.txt
[4.760s] writing requirements to ../../build/bno055/bno055.egg-info/requires.txt
[4.760s] writing top-level names to ../../build/bno055/bno055.egg-info/top_level.txt
[4.873s] reading manifest file '../../build/bno055/bno055.egg-info/SOURCES.txt'
[4.879s] writing manifest file '../../build/bno055/bno055.egg-info/SOURCES.txt'
[4.879s] running build
[4.880s] running build_py
[4.896s] running install
[4.901s] running install_lib
[4.910s] running install_data
[4.913s] running install_egg_info
[4.921s] removing '/home/dr/amr-travelobot/ros_ws/install/bno055/lib/python3.8/site-packages/bno055-0.1.0-py3.8.egg-info' (and everything under it)
[4.923s] Copying ../../build/bno055/bno055.egg-info to /home/dr/amr-travelobot/ros_ws/install/bno055/lib/python3.8/site-packages/bno055-0.1.0-py3.8.egg-info
[4.927s] running install_scripts
[5.004s] Installing bno055 script to /home/dr/amr-travelobot/ros_ws/install/bno055/lib/bno055
[5.008s] writing list of installed files to '/home/dr/amr-travelobot/ros_ws/build/bno055/install.log'
[5.129s] Invoked command in '/home/dr/amr-travelobot/ros_ws/src/bno055' returned '0': PYTHONPATH=/home/dr/amr-travelobot/ros_ws/install/bno055/lib/python3.8/site-packages:${PYTHONPATH} /usr/bin/python3 setup.py egg_info --egg-base ../../build/bno055 build --build-base /home/dr/amr-travelobot/ros_ws/build/bno055/build install --prefix /home/dr/amr-travelobot/ros_ws/install/bno055 --record /home/dr/amr-travelobot/ros_ws/build/bno055/install.log --single-version-externally-managed
