[0.071s] Invoking command in '/home/dr/amr-travelobot/ros_ws/build/teleop_twist_joy': CMAKE_PREFIX_PATH=/opt/ros/foxy /usr/bin/cmake /home/dr/amr-travelobot/ros_ws/src/teleop_twist_joy -DCMAKE_INSTALL_PREFIX=/home/dr/amr-travelobot/ros_ws/install/teleop_twist_joy
[0.294s] -- The C compiler identification is GNU 9.4.0
[0.510s] -- The CXX compiler identification is GNU 9.4.0
[0.529s] -- Check for working C compiler: /usr/bin/cc
[0.805s] -- Check for working C compiler: /usr/bin/cc -- works
[0.810s] -- Detecting C compiler ABI info
[1.086s] -- Detecting C compiler ABI info - done
[1.136s] -- Detecting C compile features
[1.138s] -- Detecting C compile features - done
[1.149s] -- Check for working CXX compiler: /usr/bin/c++
[1.458s] -- Check for working CXX compiler: /usr/bin/c++ -- works
[1.463s] -- Detecting CXX compiler ABI info
[1.773s] -- Detecting CXX compiler ABI info - done
[1.823s] -- Detecting CXX compile features
[1.826s] -- Detecting CXX compile features - done
[1.841s] -- Found ament_cmake: 0.9.9 (/opt/ros/foxy/share/ament_cmake/cmake)
[1.964s] -- Found PythonInterp: /usr/bin/python3 (found suitable version "3.8.10", minimum required is "3") 
[1.965s] -- Using PYTHON_EXECUTABLE: /usr/bin/python3
[2.962s] -- Found geometry_msgs: 2.0.5 (/opt/ros/foxy/share/geometry_msgs/cmake)
[3.139s] -- Using all available rosidl_typesupport_c: rosidl_typesupport_fastrtps_c;rosidl_typesupport_introspection_c
[3.184s] -- Found rosidl_adapter: 1.2.1 (/opt/ros/foxy/share/rosidl_adapter/cmake)
[3.588s] -- Found OpenSSL: /usr/lib/aarch64-linux-gnu/libcrypto.so (found version "1.1.1f")  
[3.782s] -- Found FastRTPS: /opt/ros/foxy/include  
[4.239s] -- Using all available rosidl_typesupport_cpp: rosidl_typesupport_fastrtps_cpp;rosidl_typesupport_introspection_cpp
[4.637s] -- Found rclcpp: 2.4.1 (/opt/ros/foxy/share/rclcpp/cmake)
[4.856s] -- Found rmw_implementation_cmake: 1.0.3 (/opt/ros/foxy/share/rmw_implementation_cmake/cmake)
[4.862s] -- Using RMW implementation 'rmw_fastrtps_cpp' as default
[4.865s] -- Looking for pthread.h
[5.147s] -- Looking for pthread.h - found
[5.147s] -- Performing Test CMAKE_HAVE_LIBC_PTHREAD
[5.425s] -- Performing Test CMAKE_HAVE_LIBC_PTHREAD - Failed
[5.426s] -- Looking for pthread_create in pthreads
[5.652s] -- Looking for pthread_create in pthreads - not found
[5.653s] -- Looking for pthread_create in pthread
[5.914s] -- Looking for pthread_create in pthread - found
[5.919s] -- Found Threads: TRUE  
[6.588s] -- Found rclcpp_components: 2.4.1 (/opt/ros/foxy/share/rclcpp_components/cmake)
[6.887s] -- Found sensor_msgs: 2.0.5 (/opt/ros/foxy/share/sensor_msgs/cmake)
[7.253s] -- Performing Test COMPILER_HAS_HIDDEN_VISIBILITY
[7.562s] -- Performing Test COMPILER_HAS_HIDDEN_VISIBILITY - Success
[7.566s] -- Performing Test COMPILER_HAS_HIDDEN_INLINE_VISIBILITY
[7.917s] -- Performing Test COMPILER_HAS_HIDDEN_INLINE_VISIBILITY - Success
[7.920s] -- Performing Test COMPILER_HAS_DEPRECATED_ATTR
[8.652s] -- Performing Test COMPILER_HAS_DEPRECATED_ATTR - Success
[8.694s] -- Found ament_lint_auto: 0.9.6 (/opt/ros/foxy/share/ament_lint_auto/cmake)
[9.679s] -- Found python_cmake_module: 0.8.1 (/opt/ros/foxy/share/python_cmake_module/cmake)
[9.911s] -- Found PythonInterp: /usr/bin/python3 (found suitable version "3.8.10", minimum required is "3.5") 
[9.954s] -- Found PythonLibs: /usr/lib/aarch64-linux-gnu/libpython3.8.so (found suitable version "3.8.10", minimum required is "3.5") 
[9.955s] -- Using PYTHON_EXECUTABLE: /usr/bin/python3
[9.956s] -- Using PYTHON_INCLUDE_DIRS: /usr/include/python3.8
[9.956s] -- Using PYTHON_LIBRARIES: /usr/lib/aarch64-linux-gnu/libpython3.8.so
[10.267s] -- Found PythonExtra: .so  
[10.551s] -- Added test 'cppcheck' to perform static code analysis on C / C++ code
[10.552s] -- Configured cppcheck include dirs: /home/dr/amr-travelobot/ros_ws/src/teleop_twist_joy/include
[10.553s] -- Configured cppcheck exclude dirs and/or files: 
[10.563s] -- Added test 'flake8' to check Python code syntax and style conventions
[10.569s] -- Added test 'lint_cmake' to check CMake code style
[10.576s] -- Added test 'pep257' to check Python code against some of the style conventions in PEP 257
[10.583s] -- Added test 'xmllint' to check XML markup files
[10.616s] -- Configuring done
[10.690s] -- Generating done
[10.699s] -- Build files have been written to: /home/dr/amr-travelobot/ros_ws/build/teleop_twist_joy
[10.755s] Invoked command in '/home/dr/amr-travelobot/ros_ws/build/teleop_twist_joy' returned '0': CMAKE_PREFIX_PATH=/opt/ros/foxy /usr/bin/cmake /home/dr/amr-travelobot/ros_ws/src/teleop_twist_joy -DCMAKE_INSTALL_PREFIX=/home/dr/amr-travelobot/ros_ws/install/teleop_twist_joy
[10.758s] Invoking command in '/home/dr/amr-travelobot/ros_ws/build/teleop_twist_joy': CMAKE_PREFIX_PATH=/opt/ros/foxy /usr/bin/cmake --build /home/dr/amr-travelobot/ros_ws/build/teleop_twist_joy -- -j4 -l4
[11.216s] [35m[1mScanning dependencies of target teleop_twist_joy[0m
[11.588s] [ 25%] [32mBuilding CXX object CMakeFiles/teleop_twist_joy.dir/src/teleop_twist_joy.cpp.o[0m
[39.066s] [ 50%] [32m[1mLinking CXX shared library libteleop_twist_joy.so[0m
[40.373s] [ 50%] Built target teleop_twist_joy
[40.407s] [35m[1mScanning dependencies of target teleop_twist_joy_node[0m
[40.541s] [ 75%] [32mBuilding CXX object CMakeFiles/teleop_twist_joy_node.dir/src/teleop_node.cpp.o[0m
[47.539s] [100%] [32m[1mLinking CXX executable teleop_node[0m
[48.254s] [100%] Built target teleop_twist_joy_node
[48.298s] Invoked command in '/home/dr/amr-travelobot/ros_ws/build/teleop_twist_joy' returned '0': CMAKE_PREFIX_PATH=/opt/ros/foxy /usr/bin/cmake --build /home/dr/amr-travelobot/ros_ws/build/teleop_twist_joy -- -j4 -l4
[48.386s] Invoking command in '/home/dr/amr-travelobot/ros_ws/build/teleop_twist_joy': CMAKE_PREFIX_PATH=/opt/ros/foxy /usr/bin/cmake --install /home/dr/amr-travelobot/ros_ws/build/teleop_twist_joy
[48.421s] -- Install configuration: ""
[48.421s] -- Installing: /home/dr/amr-travelobot/ros_ws/install/teleop_twist_joy/lib/libteleop_twist_joy.so
[48.439s] -- Set runtime path of "/home/dr/amr-travelobot/ros_ws/install/teleop_twist_joy/lib/libteleop_twist_joy.so" to ""
[48.439s] -- Installing: /home/dr/amr-travelobot/ros_ws/install/teleop_twist_joy/lib/teleop_twist_joy/teleop_node
[48.441s] -- Set runtime path of "/home/dr/amr-travelobot/ros_ws/install/teleop_twist_joy/lib/teleop_twist_joy/teleop_node" to ""
[48.442s] -- Installing: /home/dr/amr-travelobot/ros_ws/install/teleop_twist_joy/include
[48.442s] -- Installing: /home/dr/amr-travelobot/ros_ws/install/teleop_twist_joy/include/teleop_twist_joy
[48.442s] -- Installing: /home/dr/amr-travelobot/ros_ws/install/teleop_twist_joy/include/teleop_twist_joy/teleop_twist_joy.hpp
[48.443s] -- Installing: /home/dr/amr-travelobot/ros_ws/install/teleop_twist_joy/include/teleop_twist_joy/teleop_twist_joy_export.h
[48.443s] -- Installing: /home/dr/amr-travelobot/ros_ws/install/teleop_twist_joy/share/teleop_twist_joy/launch
[48.444s] -- Installing: /home/dr/amr-travelobot/ros_ws/install/teleop_twist_joy/share/teleop_twist_joy/launch/teleop.launch.py
[48.444s] -- Installing: /home/dr/amr-travelobot/ros_ws/install/teleop_twist_joy/share/teleop_twist_joy/config
[48.444s] -- Installing: /home/dr/amr-travelobot/ros_ws/install/teleop_twist_joy/share/teleop_twist_joy/config/ps3.config.yaml
[48.445s] -- Installing: /home/dr/amr-travelobot/ros_ws/install/teleop_twist_joy/share/teleop_twist_joy/config/xd3.config.yaml
[48.445s] -- Installing: /home/dr/amr-travelobot/ros_ws/install/teleop_twist_joy/share/teleop_twist_joy/config/atk3.config.yaml
[48.445s] -- Installing: /home/dr/amr-travelobot/ros_ws/install/teleop_twist_joy/share/teleop_twist_joy/config/ps3-holonomic.config.yaml
[48.446s] -- Installing: /home/dr/amr-travelobot/ros_ws/install/teleop_twist_joy/share/teleop_twist_joy/config/xbox_usb.config.yaml
[48.446s] -- Installing: /home/dr/amr-travelobot/ros_ws/install/teleop_twist_joy/share/teleop_twist_joy/config/xbox.config.yaml
[48.447s] -- Installing: /home/dr/amr-travelobot/ros_ws/install/teleop_twist_joy/share/teleop_twist_joy/environment/library_path.sh
[48.448s] -- Installing: /home/dr/amr-travelobot/ros_ws/install/teleop_twist_joy/share/teleop_twist_joy/environment/library_path.dsv
[48.448s] -- Installing: /home/dr/amr-travelobot/ros_ws/install/teleop_twist_joy/share/ament_index/resource_index/package_run_dependencies/teleop_twist_joy
[48.449s] -- Installing: /home/dr/amr-travelobot/ros_ws/install/teleop_twist_joy/share/ament_index/resource_index/parent_prefix_path/teleop_twist_joy
[48.450s] -- Installing: /home/dr/amr-travelobot/ros_ws/install/teleop_twist_joy/share/teleop_twist_joy/environment/ament_prefix_path.sh
[48.451s] -- Installing: /home/dr/amr-travelobot/ros_ws/install/teleop_twist_joy/share/teleop_twist_joy/environment/ament_prefix_path.dsv
[48.451s] -- Installing: /home/dr/amr-travelobot/ros_ws/install/teleop_twist_joy/share/teleop_twist_joy/environment/path.sh
[48.452s] -- Installing: /home/dr/amr-travelobot/ros_ws/install/teleop_twist_joy/share/teleop_twist_joy/environment/path.dsv
[48.452s] -- Installing: /home/dr/amr-travelobot/ros_ws/install/teleop_twist_joy/share/teleop_twist_joy/local_setup.bash
[48.453s] -- Installing: /home/dr/amr-travelobot/ros_ws/install/teleop_twist_joy/share/teleop_twist_joy/local_setup.sh
[48.453s] -- Installing: /home/dr/amr-travelobot/ros_ws/install/teleop_twist_joy/share/teleop_twist_joy/local_setup.zsh
[48.454s] -- Installing: /home/dr/amr-travelobot/ros_ws/install/teleop_twist_joy/share/teleop_twist_joy/local_setup.dsv
[48.455s] -- Installing: /home/dr/amr-travelobot/ros_ws/install/teleop_twist_joy/share/teleop_twist_joy/package.dsv
[48.455s] -- Installing: /home/dr/amr-travelobot/ros_ws/install/teleop_twist_joy/share/ament_index/resource_index/packages/teleop_twist_joy
[48.456s] -- Installing: /home/dr/amr-travelobot/ros_ws/install/teleop_twist_joy/share/ament_index/resource_index/rclcpp_components/teleop_twist_joy
[48.457s] -- Installing: /home/dr/amr-travelobot/ros_ws/install/teleop_twist_joy/share/teleop_twist_joy/cmake/ament_cmake_export_include_directories-extras.cmake
[48.458s] -- Installing: /home/dr/amr-travelobot/ros_ws/install/teleop_twist_joy/share/teleop_twist_joy/cmake/ament_cmake_export_libraries-extras.cmake
[48.458s] -- Installing: /home/dr/amr-travelobot/ros_ws/install/teleop_twist_joy/share/teleop_twist_joy/cmake/teleop_twist_joyConfig.cmake
[48.459s] -- Installing: /home/dr/amr-travelobot/ros_ws/install/teleop_twist_joy/share/teleop_twist_joy/cmake/teleop_twist_joyConfig-version.cmake
[48.459s] -- Installing: /home/dr/amr-travelobot/ros_ws/install/teleop_twist_joy/share/teleop_twist_joy/package.xml
[48.471s] Invoked command in '/home/dr/amr-travelobot/ros_ws/build/teleop_twist_joy' returned '0': CMAKE_PREFIX_PATH=/opt/ros/foxy /usr/bin/cmake --install /home/dr/amr-travelobot/ros_ws/build/teleop_twist_joy
