[8.201s] Invoking command in '/home/dr/amr-travelobot/ros_ws/src/bno055': PYTHONPATH=/home/dr/amr-travelobot/ros_ws/install/bno055/lib/python3.8/site-packages:${PYTHONPATH} /usr/bin/python3 setup.py egg_info --egg-base ../../build/bno055 build --build-base /home/dr/amr-travelobot/ros_ws/build/bno055/build install --prefix /home/dr/amr-travelobot/ros_ws/install/bno055 --record /home/dr/amr-travelobot/ros_ws/build/bno055/install.log --single-version-externally-managed
[8.241s] running egg_info
[8.243s] writing ../../build/bno055/bno055.egg-info/PKG-INFO
[8.244s] writing dependency_links to ../../build/bno055/bno055.egg-info/dependency_links.txt
[8.262s] writing entry points to ../../build/bno055/bno055.egg-info/entry_points.txt
[8.266s] writing requirements to ../../build/bno055/bno055.egg-info/requires.txt
[8.274s] writing top-level names to ../../build/bno055/bno055.egg-info/top_level.txt
[8.459s] reading manifest file '../../build/bno055/bno055.egg-info/SOURCES.txt'
[8.513s] writing manifest file '../../build/bno055/bno055.egg-info/SOURCES.txt'
[8.514s] running build
[8.519s] running build_py
[8.710s] running install
[8.721s] running install_lib
[8.734s] creating /home/dr/amr-travelobot/ros_ws/install/bno055/lib/python3.8/site-packages/bno055
[8.744s] creating /home/dr/amr-travelobot/ros_ws/install/bno055/lib/python3.8/site-packages/bno055/error_handling
[8.749s] copying /home/dr/amr-travelobot/ros_ws/build/bno055/build/lib/bno055/error_handling/__init__.py -> /home/dr/amr-travelobot/ros_ws/install/bno055/lib/python3.8/site-packages/bno055/error_handling
[8.931s] copying /home/dr/amr-travelobot/ros_ws/build/bno055/build/lib/bno055/error_handling/exceptions.py -> /home/dr/amr-travelobot/ros_ws/install/bno055/lib/python3.8/site-packages/bno055/error_handling
[8.972s] copying /home/dr/amr-travelobot/ros_ws/build/bno055/build/lib/bno055/__init__.py -> /home/dr/amr-travelobot/ros_ws/install/bno055/lib/python3.8/site-packages/bno055
[9.013s] creating /home/dr/amr-travelobot/ros_ws/install/bno055/lib/python3.8/site-packages/bno055/params
[9.013s] copying /home/dr/amr-travelobot/ros_ws/build/bno055/build/lib/bno055/params/NodeParameters.py -> /home/dr/amr-travelobot/ros_ws/install/bno055/lib/python3.8/site-packages/bno055/params
[9.015s] copying /home/dr/amr-travelobot/ros_ws/build/bno055/build/lib/bno055/params/__init__.py -> /home/dr/amr-travelobot/ros_ws/install/bno055/lib/python3.8/site-packages/bno055/params
[9.058s] creating /home/dr/amr-travelobot/ros_ws/install/bno055/lib/python3.8/site-packages/bno055/connectors
[9.058s] copying /home/dr/amr-travelobot/ros_ws/build/bno055/build/lib/bno055/connectors/uart.py -> /home/dr/amr-travelobot/ros_ws/install/bno055/lib/python3.8/site-packages/bno055/connectors
[9.096s] copying /home/dr/amr-travelobot/ros_ws/build/bno055/build/lib/bno055/connectors/__init__.py -> /home/dr/amr-travelobot/ros_ws/install/bno055/lib/python3.8/site-packages/bno055/connectors
[9.103s] copying /home/dr/amr-travelobot/ros_ws/build/bno055/build/lib/bno055/connectors/i2c.py -> /home/dr/amr-travelobot/ros_ws/install/bno055/lib/python3.8/site-packages/bno055/connectors
[9.144s] copying /home/dr/amr-travelobot/ros_ws/build/bno055/build/lib/bno055/connectors/Connector.py -> /home/dr/amr-travelobot/ros_ws/install/bno055/lib/python3.8/site-packages/bno055/connectors
[9.185s] copying /home/dr/amr-travelobot/ros_ws/build/bno055/build/lib/bno055/bno055.py -> /home/dr/amr-travelobot/ros_ws/install/bno055/lib/python3.8/site-packages/bno055
[9.265s] creating /home/dr/amr-travelobot/ros_ws/install/bno055/lib/python3.8/site-packages/bno055/sensor
[9.266s] copying /home/dr/amr-travelobot/ros_ws/build/bno055/build/lib/bno055/sensor/__init__.py -> /home/dr/amr-travelobot/ros_ws/install/bno055/lib/python3.8/site-packages/bno055/sensor
[9.346s] copying /home/dr/amr-travelobot/ros_ws/build/bno055/build/lib/bno055/sensor/SensorService.py -> /home/dr/amr-travelobot/ros_ws/install/bno055/lib/python3.8/site-packages/bno055/sensor
[9.427s] copying /home/dr/amr-travelobot/ros_ws/build/bno055/build/lib/bno055/registers.py -> /home/dr/amr-travelobot/ros_ws/install/bno055/lib/python3.8/site-packages/bno055
[9.610s] byte-compiling /home/dr/amr-travelobot/ros_ws/install/bno055/lib/python3.8/site-packages/bno055/error_handling/__init__.py to __init__.cpython-38.pyc
[9.614s] byte-compiling /home/dr/amr-travelobot/ros_ws/install/bno055/lib/python3.8/site-packages/bno055/error_handling/exceptions.py to exceptions.cpython-38.pyc
[9.616s] byte-compiling /home/dr/amr-travelobot/ros_ws/install/bno055/lib/python3.8/site-packages/bno055/__init__.py to __init__.cpython-38.pyc
[9.617s] byte-compiling /home/dr/amr-travelobot/ros_ws/install/bno055/lib/python3.8/site-packages/bno055/params/NodeParameters.py to NodeParameters.cpython-38.pyc
[9.620s] byte-compiling /home/dr/amr-travelobot/ros_ws/install/bno055/lib/python3.8/site-packages/bno055/params/__init__.py to __init__.cpython-38.pyc
[9.624s] byte-compiling /home/dr/amr-travelobot/ros_ws/install/bno055/lib/python3.8/site-packages/bno055/connectors/uart.py to uart.cpython-38.pyc
[9.624s] byte-compiling /home/dr/amr-travelobot/ros_ws/install/bno055/lib/python3.8/site-packages/bno055/connectors/__init__.py to __init__.cpython-38.pyc
[9.625s] byte-compiling /home/dr/amr-travelobot/ros_ws/install/bno055/lib/python3.8/site-packages/bno055/connectors/i2c.py to i2c.cpython-38.pyc
[9.625s] byte-compiling /home/dr/amr-travelobot/ros_ws/install/bno055/lib/python3.8/site-packages/bno055/connectors/Connector.py to Connector.cpython-38.pyc
[9.628s] byte-compiling /home/dr/amr-travelobot/ros_ws/install/bno055/lib/python3.8/site-packages/bno055/bno055.py to bno055.cpython-38.pyc
[9.631s] byte-compiling /home/dr/amr-travelobot/ros_ws/install/bno055/lib/python3.8/site-packages/bno055/sensor/__init__.py to __init__.cpython-38.pyc
[9.631s] byte-compiling /home/dr/amr-travelobot/ros_ws/install/bno055/lib/python3.8/site-packages/bno055/sensor/SensorService.py to SensorService.cpython-38.pyc
[9.649s] byte-compiling /home/dr/amr-travelobot/ros_ws/install/bno055/lib/python3.8/site-packages/bno055/registers.py to registers.cpython-38.pyc
[9.650s] running install_data
[9.650s] creating /home/dr/amr-travelobot/ros_ws/install/bno055/share/ament_index
[9.651s] creating /home/dr/amr-travelobot/ros_ws/install/bno055/share/ament_index/resource_index
[9.651s] creating /home/dr/amr-travelobot/ros_ws/install/bno055/share/ament_index/resource_index/packages
[9.652s] copying resource/bno055 -> /home/dr/amr-travelobot/ros_ws/install/bno055/share/ament_index/resource_index/packages
[9.652s] copying package.xml -> /home/dr/amr-travelobot/ros_ws/install/bno055/share/bno055
[9.687s] running install_egg_info
[9.694s] Copying ../../build/bno055/bno055.egg-info to /home/dr/amr-travelobot/ros_ws/install/bno055/lib/python3.8/site-packages/bno055-0.1.0-py3.8.egg-info
[9.731s] running install_scripts
[9.812s] Installing bno055 script to /home/dr/amr-travelobot/ros_ws/install/bno055/lib/bno055
[9.816s] writing list of installed files to '/home/dr/amr-travelobot/ros_ws/build/bno055/install.log'
[10.010s] Invoked command in '/home/dr/amr-travelobot/ros_ws/src/bno055' returned '0': PYTHONPATH=/home/dr/amr-travelobot/ros_ws/install/bno055/lib/python3.8/site-packages:${PYTHONPATH} /usr/bin/python3 setup.py egg_info --egg-base ../../build/bno055 build --build-base /home/dr/amr-travelobot/ros_ws/build/bno055/build install --prefix /home/dr/amr-travelobot/ros_ws/install/bno055 --record /home/dr/amr-travelobot/ros_ws/build/bno055/install.log --single-version-externally-managed
