[0.044s] Invoking command in '/home/dr/amr-travelobot/ros_ws/build/rosbot_bringup': AMENT_PREFIX_PATH=/home/dr/amr-travelobot/ros_ws/install/teleop_twist_joy:/home/dr/amr-travelobot/ros_ws/install/rplidar_ros2:/home/dr/amr-travelobot/ros_ws/install/rosbot_description:/home/dr/amr-travelobot/ros_ws/install/odrive_hardware_interface:${AMENT_PREFIX_PATH} CMAKE_PREFIX_PATH=/home/dr/amr-travelobot/ros_ws/install/teleop_twist_joy:/home/dr/amr-travelobot/ros_ws/install/rplidar_ros2:/home/dr/amr-travelobot/ros_ws/install/rosbot_description:/home/dr/amr-travelobot/ros_ws/install/odrive_hardware_interface:/opt/ros/foxy LD_LIBRARY_PATH=/home/dr/amr-travelobot/ros_ws/install/teleop_twist_joy/lib:/home/dr/amr-travelobot/ros_ws/install/odrive_hardware_interface/lib:${LD_LIBRARY_PATH} /usr/bin/cmake /home/dr/amr-travelobot/ros_ws/src/rosbot_bringup -DCMAKE_INSTALL_PREFIX=/home/dr/amr-travelobot/ros_ws/install/rosbot_bringup
[0.250s] -- The C compiler identification is GNU 9.4.0
[0.449s] -- The CXX compiler identification is GNU 9.4.0
[0.466s] -- Check for working C compiler: /usr/bin/cc
[0.712s] -- Check for working C compiler: /usr/bin/cc -- works
[0.716s] -- Detecting C compiler ABI info
[0.968s] -- Detecting C compiler ABI info - done
[1.015s] -- Detecting C compile features
[1.016s] -- Detecting C compile features - done
[1.026s] -- Check for working CXX compiler: /usr/bin/c++
[1.309s] -- Check for working CXX compiler: /usr/bin/c++ -- works
[1.314s] -- Detecting CXX compiler ABI info
[1.585s] -- Detecting CXX compiler ABI info - done
[1.633s] -- Detecting CXX compile features
[1.635s] -- Detecting CXX compile features - done
[1.649s] -- Found ament_cmake: 0.9.9 (/opt/ros/foxy/share/ament_cmake/cmake)
[1.749s] -- Found PythonInterp: /usr/bin/python3 (found suitable version "3.8.10", minimum required is "3") 
[1.750s] -- Using PYTHON_EXECUTABLE: /usr/bin/python3
[2.862s] -- Configuring done
[2.870s] -- Generating done
[2.873s] -- Build files have been written to: /home/dr/amr-travelobot/ros_ws/build/rosbot_bringup
[2.885s] Invoked command in '/home/dr/amr-travelobot/ros_ws/build/rosbot_bringup' returned '0': AMENT_PREFIX_PATH=/home/dr/amr-travelobot/ros_ws/install/teleop_twist_joy:/home/dr/amr-travelobot/ros_ws/install/rplidar_ros2:/home/dr/amr-travelobot/ros_ws/install/rosbot_description:/home/dr/amr-travelobot/ros_ws/install/odrive_hardware_interface:${AMENT_PREFIX_PATH} CMAKE_PREFIX_PATH=/home/dr/amr-travelobot/ros_ws/install/teleop_twist_joy:/home/dr/amr-travelobot/ros_ws/install/rplidar_ros2:/home/dr/amr-travelobot/ros_ws/install/rosbot_description:/home/dr/amr-travelobot/ros_ws/install/odrive_hardware_interface:/opt/ros/foxy LD_LIBRARY_PATH=/home/dr/amr-travelobot/ros_ws/install/teleop_twist_joy/lib:/home/dr/amr-travelobot/ros_ws/install/odrive_hardware_interface/lib:${LD_LIBRARY_PATH} /usr/bin/cmake /home/dr/amr-travelobot/ros_ws/src/rosbot_bringup -DCMAKE_INSTALL_PREFIX=/home/dr/amr-travelobot/ros_ws/install/rosbot_bringup
[2.895s] Invoking command in '/home/dr/amr-travelobot/ros_ws/build/rosbot_bringup': AMENT_PREFIX_PATH=/home/dr/amr-travelobot/ros_ws/install/teleop_twist_joy:/home/dr/amr-travelobot/ros_ws/install/rplidar_ros2:/home/dr/amr-travelobot/ros_ws/install/rosbot_description:/home/dr/amr-travelobot/ros_ws/install/odrive_hardware_interface:${AMENT_PREFIX_PATH} CMAKE_PREFIX_PATH=/home/dr/amr-travelobot/ros_ws/install/teleop_twist_joy:/home/dr/amr-travelobot/ros_ws/install/rplidar_ros2:/home/dr/amr-travelobot/ros_ws/install/rosbot_description:/home/dr/amr-travelobot/ros_ws/install/odrive_hardware_interface:/opt/ros/foxy LD_LIBRARY_PATH=/home/dr/amr-travelobot/ros_ws/install/teleop_twist_joy/lib:/home/dr/amr-travelobot/ros_ws/install/odrive_hardware_interface/lib:${LD_LIBRARY_PATH} /usr/bin/cmake --build /home/dr/amr-travelobot/ros_ws/build/rosbot_bringup -- -j4 -l4
[3.029s] Invoked command in '/home/dr/amr-travelobot/ros_ws/build/rosbot_bringup' returned '0': AMENT_PREFIX_PATH=/home/dr/amr-travelobot/ros_ws/install/teleop_twist_joy:/home/dr/amr-travelobot/ros_ws/install/rplidar_ros2:/home/dr/amr-travelobot/ros_ws/install/rosbot_description:/home/dr/amr-travelobot/ros_ws/install/odrive_hardware_interface:${AMENT_PREFIX_PATH} CMAKE_PREFIX_PATH=/home/dr/amr-travelobot/ros_ws/install/teleop_twist_joy:/home/dr/amr-travelobot/ros_ws/install/rplidar_ros2:/home/dr/amr-travelobot/ros_ws/install/rosbot_description:/home/dr/amr-travelobot/ros_ws/install/odrive_hardware_interface:/opt/ros/foxy LD_LIBRARY_PATH=/home/dr/amr-travelobot/ros_ws/install/teleop_twist_joy/lib:/home/dr/amr-travelobot/ros_ws/install/odrive_hardware_interface/lib:${LD_LIBRARY_PATH} /usr/bin/cmake --build /home/dr/amr-travelobot/ros_ws/build/rosbot_bringup -- -j4 -l4
[3.109s] Invoking command in '/home/dr/amr-travelobot/ros_ws/build/rosbot_bringup': AMENT_PREFIX_PATH=/home/dr/amr-travelobot/ros_ws/install/teleop_twist_joy:/home/dr/amr-travelobot/ros_ws/install/rplidar_ros2:/home/dr/amr-travelobot/ros_ws/install/rosbot_description:/home/dr/amr-travelobot/ros_ws/install/odrive_hardware_interface:${AMENT_PREFIX_PATH} CMAKE_PREFIX_PATH=/home/dr/amr-travelobot/ros_ws/install/teleop_twist_joy:/home/dr/amr-travelobot/ros_ws/install/rplidar_ros2:/home/dr/amr-travelobot/ros_ws/install/rosbot_description:/home/dr/amr-travelobot/ros_ws/install/odrive_hardware_interface:/opt/ros/foxy LD_LIBRARY_PATH=/home/dr/amr-travelobot/ros_ws/install/teleop_twist_joy/lib:/home/dr/amr-travelobot/ros_ws/install/odrive_hardware_interface/lib:${LD_LIBRARY_PATH} /usr/bin/cmake --install /home/dr/amr-travelobot/ros_ws/build/rosbot_bringup
[3.138s] -- Install configuration: ""
[3.139s] -- Installing: /home/dr/amr-travelobot/ros_ws/install/rosbot_bringup/share/rosbot_bringup/launch
[3.139s] -- Installing: /home/dr/amr-travelobot/ros_ws/install/rosbot_bringup/share/rosbot_bringup/launch/rviz.launch.py
[3.140s] -- Installing: /home/dr/amr-travelobot/ros_ws/install/rosbot_bringup/share/rosbot_bringup/launch/robot.launch.py
[3.140s] -- Installing: /home/dr/amr-travelobot/ros_ws/install/rosbot_bringup/share/rosbot_bringup/launch/slam.launch.py
[3.140s] -- Installing: /home/dr/amr-travelobot/ros_ws/install/rosbot_bringup/share/rosbot_bringup/launch/navigation.launch.py
[3.141s] -- Installing: /home/dr/amr-travelobot/ros_ws/install/rosbot_bringup/share/rosbot_bringup/launch/localization.launch.py
[3.141s] -- Installing: /home/dr/amr-travelobot/ros_ws/install/rosbot_bringup/share/rosbot_bringup/launch/imu.launch.py
[3.142s] -- Installing: /home/dr/amr-travelobot/ros_ws/install/rosbot_bringup/share/rosbot_bringup/launch/gazebo.launch.py
[3.143s] -- Installing: /home/dr/amr-travelobot/ros_ws/install/rosbot_bringup/share/ament_index/resource_index/package_run_dependencies/rosbot_bringup
[3.143s] -- Installing: /home/dr/amr-travelobot/ros_ws/install/rosbot_bringup/share/ament_index/resource_index/parent_prefix_path/rosbot_bringup
[3.144s] -- Installing: /home/dr/amr-travelobot/ros_ws/install/rosbot_bringup/share/rosbot_bringup/environment/ament_prefix_path.sh
[3.145s] -- Installing: /home/dr/amr-travelobot/ros_ws/install/rosbot_bringup/share/rosbot_bringup/environment/ament_prefix_path.dsv
[3.146s] -- Installing: /home/dr/amr-travelobot/ros_ws/install/rosbot_bringup/share/rosbot_bringup/environment/path.sh
[3.146s] -- Installing: /home/dr/amr-travelobot/ros_ws/install/rosbot_bringup/share/rosbot_bringup/environment/path.dsv
[3.147s] -- Installing: /home/dr/amr-travelobot/ros_ws/install/rosbot_bringup/share/rosbot_bringup/local_setup.bash
[3.147s] -- Installing: /home/dr/amr-travelobot/ros_ws/install/rosbot_bringup/share/rosbot_bringup/local_setup.sh
[3.148s] -- Installing: /home/dr/amr-travelobot/ros_ws/install/rosbot_bringup/share/rosbot_bringup/local_setup.zsh
[3.148s] -- Installing: /home/dr/amr-travelobot/ros_ws/install/rosbot_bringup/share/rosbot_bringup/local_setup.dsv
[3.149s] -- Installing: /home/dr/amr-travelobot/ros_ws/install/rosbot_bringup/share/rosbot_bringup/package.dsv
[3.150s] -- Installing: /home/dr/amr-travelobot/ros_ws/install/rosbot_bringup/share/ament_index/resource_index/packages/rosbot_bringup
[3.150s] -- Installing: /home/dr/amr-travelobot/ros_ws/install/rosbot_bringup/share/rosbot_bringup/cmake/rosbot_bringupConfig.cmake
[3.151s] -- Installing: /home/dr/amr-travelobot/ros_ws/install/rosbot_bringup/share/rosbot_bringup/cmake/rosbot_bringupConfig-version.cmake
[3.151s] -- Installing: /home/dr/amr-travelobot/ros_ws/install/rosbot_bringup/share/rosbot_bringup/package.xml
[3.163s] Invoked command in '/home/dr/amr-travelobot/ros_ws/build/rosbot_bringup' returned '0': AMENT_PREFIX_PATH=/home/dr/amr-travelobot/ros_ws/install/teleop_twist_joy:/home/dr/amr-travelobot/ros_ws/install/rplidar_ros2:/home/dr/amr-travelobot/ros_ws/install/rosbot_description:/home/dr/amr-travelobot/ros_ws/install/odrive_hardware_interface:${AMENT_PREFIX_PATH} CMAKE_PREFIX_PATH=/home/dr/amr-travelobot/ros_ws/install/teleop_twist_joy:/home/dr/amr-travelobot/ros_ws/install/rplidar_ros2:/home/dr/amr-travelobot/ros_ws/install/rosbot_description:/home/dr/amr-travelobot/ros_ws/install/odrive_hardware_interface:/opt/ros/foxy LD_LIBRARY_PATH=/home/dr/amr-travelobot/ros_ws/install/teleop_twist_joy/lib:/home/dr/amr-travelobot/ros_ws/install/odrive_hardware_interface/lib:${LD_LIBRARY_PATH} /usr/bin/cmake --install /home/dr/amr-travelobot/ros_ws/build/rosbot_bringup
