[0.208s] Invoking command in '/home/dr/amr-travelobot/ros_ws/build/ros2_control_demo_hardware': CMAKE_PREFIX_PATH=${CMAKE_PREFIX_PATH}:/home/dr/amr-travelobot/ros_ws/install/ros2_control_test_nodes:/home/dr/amr-travelobot/ros_ws/install/bno055:/opt/ros/foxy /usr/bin/cmake --build /home/dr/amr-travelobot/ros_ws/build/ros2_control_demo_hardware -- -j4 -l4
[0.555s] [100%] Built target ros2_control_demo_hardware
[0.623s] Invoked command in '/home/dr/amr-travelobot/ros_ws/build/ros2_control_demo_hardware' returned '0': CMAKE_PREFIX_PATH=${CMAKE_PREFIX_PATH}:/home/dr/amr-travelobot/ros_ws/install/ros2_control_test_nodes:/home/dr/amr-travelobot/ros_ws/install/bno055:/opt/ros/foxy /usr/bin/cmake --build /home/dr/amr-travelobot/ros_ws/build/ros2_control_demo_hardware -- -j4 -l4
[0.795s] Invoking command in '/home/dr/amr-travelobot/ros_ws/build/ros2_control_demo_hardware': CMAKE_PREFIX_PATH=${CMAKE_PREFIX_PATH}:/home/dr/amr-travelobot/ros_ws/install/ros2_control_test_nodes:/home/dr/amr-travelobot/ros_ws/install/bno055:/opt/ros/foxy /usr/bin/cmake --install /home/dr/amr-travelobot/ros_ws/build/ros2_control_demo_hardware
[0.833s] -- Install configuration: ""
[0.835s] -- Execute custom install script
[0.839s] -- Up-to-date symlink: /home/dr/amr-travelobot/ros_ws/install/ros2_control_demo_hardware/share/ros2_control_demo_hardware//ros2_control_demo_hardware.xml
[0.850s] -- Up-to-date symlink: /home/dr/amr-travelobot/ros_ws/install/ros2_control_demo_hardware/lib/libros2_control_demo_hardware.so
[0.852s] -- Up-to-date symlink: /home/dr/amr-travelobot/ros_ws/install/ros2_control_demo_hardware/include/ros2_control_demo_hardware/diffbot_system.hpp
[0.855s] -- Up-to-date symlink: /home/dr/amr-travelobot/ros_ws/install/ros2_control_demo_hardware/include/ros2_control_demo_hardware/rrbot_system_multi_interface.hpp
[0.861s] -- Up-to-date symlink: /home/dr/amr-travelobot/ros_ws/install/ros2_control_demo_hardware/include/ros2_control_demo_hardware/rrbot_system_position_only.hpp
[0.864s] -- Up-to-date symlink: /home/dr/amr-travelobot/ros_ws/install/ros2_control_demo_hardware/include/ros2_control_demo_hardware/rrbot_system_with_sensor.hpp
[0.865s] -- Up-to-date symlink: /home/dr/amr-travelobot/ros_ws/install/ros2_control_demo_hardware/include/ros2_control_demo_hardware/visibility_control.h
[0.874s] -- Up-to-date symlink: /home/dr/amr-travelobot/ros_ws/install/ros2_control_demo_hardware/share/ros2_control_demo_hardware/environment/library_path.sh
[0.877s] -- Up-to-date symlink: /home/dr/amr-travelobot/ros_ws/install/ros2_control_demo_hardware/share/ros2_control_demo_hardware/environment/library_path.dsv
[0.878s] -- Up-to-date symlink: /home/dr/amr-travelobot/ros_ws/install/ros2_control_demo_hardware/share/ament_index/resource_index/package_run_dependencies/ros2_control_demo_hardware
[0.879s] -- Up-to-date symlink: /home/dr/amr-travelobot/ros_ws/install/ros2_control_demo_hardware/share/ament_index/resource_index/parent_prefix_path/ros2_control_demo_hardware
[0.880s] -- Up-to-date symlink: /home/dr/amr-travelobot/ros_ws/install/ros2_control_demo_hardware/share/ros2_control_demo_hardware/environment/ament_prefix_path.sh
[0.886s] -- Up-to-date symlink: /home/dr/amr-travelobot/ros_ws/install/ros2_control_demo_hardware/share/ros2_control_demo_hardware/environment/ament_prefix_path.dsv
[0.888s] -- Up-to-date symlink: /home/dr/amr-travelobot/ros_ws/install/ros2_control_demo_hardware/share/ros2_control_demo_hardware/environment/path.sh
[0.888s] -- Up-to-date symlink: /home/dr/amr-travelobot/ros_ws/install/ros2_control_demo_hardware/share/ros2_control_demo_hardware/environment/path.dsv
[0.889s] -- Up-to-date symlink: /home/dr/amr-travelobot/ros_ws/install/ros2_control_demo_hardware/share/ros2_control_demo_hardware/local_setup.bash
[0.891s] -- Up-to-date symlink: /home/dr/amr-travelobot/ros_ws/install/ros2_control_demo_hardware/share/ros2_control_demo_hardware/local_setup.sh
[0.892s] -- Up-to-date symlink: /home/dr/amr-travelobot/ros_ws/install/ros2_control_demo_hardware/share/ros2_control_demo_hardware/local_setup.zsh
[0.892s] -- Up-to-date symlink: /home/dr/amr-travelobot/ros_ws/install/ros2_control_demo_hardware/share/ros2_control_demo_hardware/local_setup.dsv
[0.894s] -- Symlinking: /home/dr/amr-travelobot/ros_ws/install/ros2_control_demo_hardware/share/ros2_control_demo_hardware/package.dsv
[0.921s] -- Up-to-date symlink: /home/dr/amr-travelobot/ros_ws/install/ros2_control_demo_hardware/share/ament_index/resource_index/packages/ros2_control_demo_hardware
[0.936s] -- Up-to-date symlink: /home/dr/amr-travelobot/ros_ws/install/ros2_control_demo_hardware/share/ament_index/resource_index/hardware_interface__pluginlib__plugin/ros2_control_demo_hardware
[0.937s] -- Up-to-date symlink: /home/dr/amr-travelobot/ros_ws/install/ros2_control_demo_hardware/share/ros2_control_demo_hardware/cmake/ament_cmake_export_include_directories-extras.cmake
[0.938s] -- Up-to-date symlink: /home/dr/amr-travelobot/ros_ws/install/ros2_control_demo_hardware/share/ros2_control_demo_hardware/cmake/ament_cmake_export_libraries-extras.cmake
[0.938s] -- Up-to-date symlink: /home/dr/amr-travelobot/ros_ws/install/ros2_control_demo_hardware/share/ros2_control_demo_hardware/cmake/ament_cmake_export_dependencies-extras.cmake
[0.939s] -- Up-to-date symlink: /home/dr/amr-travelobot/ros_ws/install/ros2_control_demo_hardware/share/ros2_control_demo_hardware/cmake/ros2_control_demo_hardwareConfig.cmake
[0.939s] -- Up-to-date symlink: /home/dr/amr-travelobot/ros_ws/install/ros2_control_demo_hardware/share/ros2_control_demo_hardware/cmake/ros2_control_demo_hardwareConfig-version.cmake
[0.940s] -- Up-to-date symlink: /home/dr/amr-travelobot/ros_ws/install/ros2_control_demo_hardware/share/ros2_control_demo_hardware/package.xml
[1.056s] Invoked command in '/home/dr/amr-travelobot/ros_ws/build/ros2_control_demo_hardware' returned '0': CMAKE_PREFIX_PATH=${CMAKE_PREFIX_PATH}:/home/dr/amr-travelobot/ros_ws/install/ros2_control_test_nodes:/home/dr/amr-travelobot/ros_ws/install/bno055:/opt/ros/foxy /usr/bin/cmake --install /home/dr/amr-travelobot/ros_ws/build/ros2_control_demo_hardware
