[0.213s] Invoking command in '/home/dr/amr-travelobot/ros_ws/build/ros2_control_demo_hardware': CMAKE_PREFIX_PATH=${CMAKE_PREFIX_PATH}:/home/dr/amr-travelobot/ros_ws/install/ros2_control_test_nodes:/home/dr/amr-travelobot/ros_ws/install/bno055:/opt/ros/foxy /usr/bin/cmake --build /home/dr/amr-travelobot/ros_ws/build/ros2_control_demo_hardware -- -j4 -l4
[0.850s] [100%] Built target ros2_control_demo_hardware
[1.074s] Invoked command in '/home/dr/amr-travelobot/ros_ws/build/ros2_control_demo_hardware' returned '0': CMAKE_PREFIX_PATH=${CMAKE_PREFIX_PATH}:/home/dr/amr-travelobot/ros_ws/install/ros2_control_test_nodes:/home/dr/amr-travelobot/ros_ws/install/bno055:/opt/ros/foxy /usr/bin/cmake --build /home/dr/amr-travelobot/ros_ws/build/ros2_control_demo_hardware -- -j4 -l4
[1.373s] Invoking command in '/home/dr/amr-travelobot/ros_ws/build/ros2_control_demo_hardware': CMAKE_PREFIX_PATH=${CMAKE_PREFIX_PATH}:/home/dr/amr-travelobot/ros_ws/install/ros2_control_test_nodes:/home/dr/amr-travelobot/ros_ws/install/bno055:/opt/ros/foxy /usr/bin/cmake --install /home/dr/amr-travelobot/ros_ws/build/ros2_control_demo_hardware
[2.495s] -- Install configuration: ""
[2.496s] -- Execute custom install script
[2.497s] -- Up-to-date symlink: /home/dr/amr-travelobot/ros_ws/install/ros2_control_demo_hardware/share/ros2_control_demo_hardware//ros2_control_demo_hardware.xml
[2.498s] -- Up-to-date symlink: /home/dr/amr-travelobot/ros_ws/install/ros2_control_demo_hardware/lib/libros2_control_demo_hardware.so
[2.500s] -- Up-to-date symlink: /home/dr/amr-travelobot/ros_ws/install/ros2_control_demo_hardware/include/ros2_control_demo_hardware/diffbot_system.hpp
[2.501s] -- Up-to-date symlink: /home/dr/amr-travelobot/ros_ws/install/ros2_control_demo_hardware/include/ros2_control_demo_hardware/rrbot_system_multi_interface.hpp
[2.503s] -- Up-to-date symlink: /home/dr/amr-travelobot/ros_ws/install/ros2_control_demo_hardware/include/ros2_control_demo_hardware/rrbot_system_position_only.hpp
[2.516s] -- Up-to-date symlink: /home/dr/amr-travelobot/ros_ws/install/ros2_control_demo_hardware/include/ros2_control_demo_hardware/rrbot_system_with_sensor.hpp
[2.516s] -- Up-to-date symlink: /home/dr/amr-travelobot/ros_ws/install/ros2_control_demo_hardware/include/ros2_control_demo_hardware/visibility_control.h
[2.517s] -- Up-to-date symlink: /home/dr/amr-travelobot/ros_ws/install/ros2_control_demo_hardware/share/ros2_control_demo_hardware/environment/library_path.sh
[2.517s] -- Up-to-date symlink: /home/dr/amr-travelobot/ros_ws/install/ros2_control_demo_hardware/share/ros2_control_demo_hardware/environment/library_path.dsv
[2.518s] -- Up-to-date symlink: /home/dr/amr-travelobot/ros_ws/install/ros2_control_demo_hardware/share/ament_index/resource_index/package_run_dependencies/ros2_control_demo_hardware
[2.518s] -- Up-to-date symlink: /home/dr/amr-travelobot/ros_ws/install/ros2_control_demo_hardware/share/ament_index/resource_index/parent_prefix_path/ros2_control_demo_hardware
[2.519s] -- Up-to-date symlink: /home/dr/amr-travelobot/ros_ws/install/ros2_control_demo_hardware/share/ros2_control_demo_hardware/environment/ament_prefix_path.sh
[2.519s] -- Up-to-date symlink: /home/dr/amr-travelobot/ros_ws/install/ros2_control_demo_hardware/share/ros2_control_demo_hardware/environment/ament_prefix_path.dsv
[2.520s] -- Up-to-date symlink: /home/dr/amr-travelobot/ros_ws/install/ros2_control_demo_hardware/share/ros2_control_demo_hardware/environment/path.sh
[2.520s] -- Up-to-date symlink: /home/dr/amr-travelobot/ros_ws/install/ros2_control_demo_hardware/share/ros2_control_demo_hardware/environment/path.dsv
[2.521s] -- Up-to-date symlink: /home/dr/amr-travelobot/ros_ws/install/ros2_control_demo_hardware/share/ros2_control_demo_hardware/local_setup.bash
[2.521s] -- Up-to-date symlink: /home/dr/amr-travelobot/ros_ws/install/ros2_control_demo_hardware/share/ros2_control_demo_hardware/local_setup.sh
[2.522s] -- Up-to-date symlink: /home/dr/amr-travelobot/ros_ws/install/ros2_control_demo_hardware/share/ros2_control_demo_hardware/local_setup.zsh
[2.522s] -- Up-to-date symlink: /home/dr/amr-travelobot/ros_ws/install/ros2_control_demo_hardware/share/ros2_control_demo_hardware/local_setup.dsv
[2.523s] -- Symlinking: /home/dr/amr-travelobot/ros_ws/install/ros2_control_demo_hardware/share/ros2_control_demo_hardware/package.dsv
[2.523s] -- Up-to-date symlink: /home/dr/amr-travelobot/ros_ws/install/ros2_control_demo_hardware/share/ament_index/resource_index/packages/ros2_control_demo_hardware
[2.524s] -- Up-to-date symlink: /home/dr/amr-travelobot/ros_ws/install/ros2_control_demo_hardware/share/ament_index/resource_index/hardware_interface__pluginlib__plugin/ros2_control_demo_hardware
[2.524s] -- Up-to-date symlink: /home/dr/amr-travelobot/ros_ws/install/ros2_control_demo_hardware/share/ros2_control_demo_hardware/cmake/ament_cmake_export_include_directories-extras.cmake
[2.525s] -- Up-to-date symlink: /home/dr/amr-travelobot/ros_ws/install/ros2_control_demo_hardware/share/ros2_control_demo_hardware/cmake/ament_cmake_export_libraries-extras.cmake
[2.525s] -- Up-to-date symlink: /home/dr/amr-travelobot/ros_ws/install/ros2_control_demo_hardware/share/ros2_control_demo_hardware/cmake/ament_cmake_export_dependencies-extras.cmake
[2.525s] -- Up-to-date symlink: /home/dr/amr-travelobot/ros_ws/install/ros2_control_demo_hardware/share/ros2_control_demo_hardware/cmake/ros2_control_demo_hardwareConfig.cmake
[2.562s] -- Up-to-date symlink: /home/dr/amr-travelobot/ros_ws/install/ros2_control_demo_hardware/share/ros2_control_demo_hardware/cmake/ros2_control_demo_hardwareConfig-version.cmake
[2.564s] -- Up-to-date symlink: /home/dr/amr-travelobot/ros_ws/install/ros2_control_demo_hardware/share/ros2_control_demo_hardware/package.xml
[2.609s] Invoked command in '/home/dr/amr-travelobot/ros_ws/build/ros2_control_demo_hardware' returned '0': CMAKE_PREFIX_PATH=${CMAKE_PREFIX_PATH}:/home/dr/amr-travelobot/ros_ws/install/ros2_control_test_nodes:/home/dr/amr-travelobot/ros_ws/install/bno055:/opt/ros/foxy /usr/bin/cmake --install /home/dr/amr-travelobot/ros_ws/build/ros2_control_demo_hardware
