[0.068s] Invoking command in '/home/dr/amr-travelobot/ros_ws/build/ros2_control_demo_bringup': AMENT_PREFIX_PATH=/home/dr/amr-travelobot/ros_ws/install/rrbot_description:/home/dr/amr-travelobot/ros_ws/install/ros2_control_test_nodes:/home/dr/amr-travelobot/ros_ws/install/ros2_control_demo_hardware:/home/dr/amr-travelobot/ros_ws/install/diffbot_description:${AMENT_PREFIX_PATH} CMAKE_PREFIX_PATH=/home/dr/amr-travelobot/ros_ws/install/rrbot_description:/home/dr/amr-travelobot/ros_ws/install/ros2_control_demo_hardware:/home/dr/amr-travelobot/ros_ws/install/diffbot_description:/opt/ros/foxy LD_LIBRARY_PATH=/home/dr/amr-travelobot/ros_ws/install/ros2_control_demo_hardware/lib:${LD_LIBRARY_PATH} PYTHONPATH=/home/dr/amr-travelobot/ros_ws/install/ros2_control_test_nodes/lib/python3.8/site-packages:${PYTHONPATH} /usr/bin/cmake /home/dr/amr-travelobot/ros_ws/src/ros2_control_demos/ros2_control_demo_bringup -DCMAKE_INSTALL_PREFIX=/home/dr/amr-travelobot/ros_ws/install/ros2_control_demo_bringup
[0.352s] -- The C compiler identification is GNU 9.4.0
[0.589s] -- The CXX compiler identification is GNU 9.4.0
[0.610s] -- Check for working C compiler: /usr/bin/cc
[0.922s] -- Check for working C compiler: /usr/bin/cc -- works
[0.927s] -- Detecting C compiler ABI info
[1.223s] -- Detecting C compiler ABI info - done
[1.295s] -- Detecting C compile features
[1.297s] -- Detecting C compile features - done
[1.312s] -- Check for working CXX compiler: /usr/bin/c++
[1.650s] -- Check for working CXX compiler: /usr/bin/c++ -- works
[1.659s] -- Detecting CXX compiler ABI info
[1.994s] -- Detecting CXX compiler ABI info - done
[2.044s] -- Detecting CXX compile features
[2.046s] -- Detecting CXX compile features - done
[2.063s] -- Found ament_cmake: 0.9.9 (/opt/ros/foxy/share/ament_cmake/cmake)
[2.218s] -- Found PythonInterp: /usr/bin/python3 (found suitable version "3.8.10", minimum required is "3") 
[2.219s] -- Using PYTHON_EXECUTABLE: /usr/bin/python3
[3.776s] -- Configuring done
[3.787s] -- Generating done
[3.791s] -- Build files have been written to: /home/dr/amr-travelobot/ros_ws/build/ros2_control_demo_bringup
[3.803s] Invoked command in '/home/dr/amr-travelobot/ros_ws/build/ros2_control_demo_bringup' returned '0': AMENT_PREFIX_PATH=/home/dr/amr-travelobot/ros_ws/install/rrbot_description:/home/dr/amr-travelobot/ros_ws/install/ros2_control_test_nodes:/home/dr/amr-travelobot/ros_ws/install/ros2_control_demo_hardware:/home/dr/amr-travelobot/ros_ws/install/diffbot_description:${AMENT_PREFIX_PATH} CMAKE_PREFIX_PATH=/home/dr/amr-travelobot/ros_ws/install/rrbot_description:/home/dr/amr-travelobot/ros_ws/install/ros2_control_demo_hardware:/home/dr/amr-travelobot/ros_ws/install/diffbot_description:/opt/ros/foxy LD_LIBRARY_PATH=/home/dr/amr-travelobot/ros_ws/install/ros2_control_demo_hardware/lib:${LD_LIBRARY_PATH} PYTHONPATH=/home/dr/amr-travelobot/ros_ws/install/ros2_control_test_nodes/lib/python3.8/site-packages:${PYTHONPATH} /usr/bin/cmake /home/dr/amr-travelobot/ros_ws/src/ros2_control_demos/ros2_control_demo_bringup -DCMAKE_INSTALL_PREFIX=/home/dr/amr-travelobot/ros_ws/install/ros2_control_demo_bringup
[3.813s] Invoking command in '/home/dr/amr-travelobot/ros_ws/build/ros2_control_demo_bringup': AMENT_PREFIX_PATH=/home/dr/amr-travelobot/ros_ws/install/rrbot_description:/home/dr/amr-travelobot/ros_ws/install/ros2_control_test_nodes:/home/dr/amr-travelobot/ros_ws/install/ros2_control_demo_hardware:/home/dr/amr-travelobot/ros_ws/install/diffbot_description:${AMENT_PREFIX_PATH} CMAKE_PREFIX_PATH=/home/dr/amr-travelobot/ros_ws/install/rrbot_description:/home/dr/amr-travelobot/ros_ws/install/ros2_control_demo_hardware:/home/dr/amr-travelobot/ros_ws/install/diffbot_description:/opt/ros/foxy LD_LIBRARY_PATH=/home/dr/amr-travelobot/ros_ws/install/ros2_control_demo_hardware/lib:${LD_LIBRARY_PATH} PYTHONPATH=/home/dr/amr-travelobot/ros_ws/install/ros2_control_test_nodes/lib/python3.8/site-packages:${PYTHONPATH} /usr/bin/cmake --build /home/dr/amr-travelobot/ros_ws/build/ros2_control_demo_bringup -- -j4 -l4
[3.978s] Invoked command in '/home/dr/amr-travelobot/ros_ws/build/ros2_control_demo_bringup' returned '0': AMENT_PREFIX_PATH=/home/dr/amr-travelobot/ros_ws/install/rrbot_description:/home/dr/amr-travelobot/ros_ws/install/ros2_control_test_nodes:/home/dr/amr-travelobot/ros_ws/install/ros2_control_demo_hardware:/home/dr/amr-travelobot/ros_ws/install/diffbot_description:${AMENT_PREFIX_PATH} CMAKE_PREFIX_PATH=/home/dr/amr-travelobot/ros_ws/install/rrbot_description:/home/dr/amr-travelobot/ros_ws/install/ros2_control_demo_hardware:/home/dr/amr-travelobot/ros_ws/install/diffbot_description:/opt/ros/foxy LD_LIBRARY_PATH=/home/dr/amr-travelobot/ros_ws/install/ros2_control_demo_hardware/lib:${LD_LIBRARY_PATH} PYTHONPATH=/home/dr/amr-travelobot/ros_ws/install/ros2_control_test_nodes/lib/python3.8/site-packages:${PYTHONPATH} /usr/bin/cmake --build /home/dr/amr-travelobot/ros_ws/build/ros2_control_demo_bringup -- -j4 -l4
[4.059s] Invoking command in '/home/dr/amr-travelobot/ros_ws/build/ros2_control_demo_bringup': AMENT_PREFIX_PATH=/home/dr/amr-travelobot/ros_ws/install/rrbot_description:/home/dr/amr-travelobot/ros_ws/install/ros2_control_test_nodes:/home/dr/amr-travelobot/ros_ws/install/ros2_control_demo_hardware:/home/dr/amr-travelobot/ros_ws/install/diffbot_description:${AMENT_PREFIX_PATH} CMAKE_PREFIX_PATH=/home/dr/amr-travelobot/ros_ws/install/rrbot_description:/home/dr/amr-travelobot/ros_ws/install/ros2_control_demo_hardware:/home/dr/amr-travelobot/ros_ws/install/diffbot_description:/opt/ros/foxy LD_LIBRARY_PATH=/home/dr/amr-travelobot/ros_ws/install/ros2_control_demo_hardware/lib:${LD_LIBRARY_PATH} PYTHONPATH=/home/dr/amr-travelobot/ros_ws/install/ros2_control_test_nodes/lib/python3.8/site-packages:${PYTHONPATH} /usr/bin/cmake --install /home/dr/amr-travelobot/ros_ws/build/ros2_control_demo_bringup
[4.107s] -- Install configuration: ""
[4.108s] -- Installing: /home/dr/amr-travelobot/ros_ws/install/ros2_control_demo_bringup/share/ros2_control_demo_bringup/config
[4.110s] -- Installing: /home/dr/amr-travelobot/ros_ws/install/ros2_control_demo_bringup/share/ros2_control_demo_bringup/config/rrbot_joint_trajectory_publisher.yaml
[4.111s] -- Installing: /home/dr/amr-travelobot/ros_ws/install/ros2_control_demo_bringup/share/ros2_control_demo_bringup/config/rrbot_gazebo_forward_controller_position.yaml
[4.114s] -- Installing: /home/dr/amr-travelobot/ros_ws/install/ros2_control_demo_bringup/share/ros2_control_demo_bringup/config/diffbot_diff_drive_controller.yaml
[4.126s] -- Installing: /home/dr/amr-travelobot/ros_ws/install/ros2_control_demo_bringup/share/ros2_control_demo_bringup/config/rrbot_forward_position_publisher.yaml
[4.131s] -- Installing: /home/dr/amr-travelobot/ros_ws/install/ros2_control_demo_bringup/share/ros2_control_demo_bringup/config/rrbot_controllers.yaml
[4.133s] -- Installing: /home/dr/amr-travelobot/ros_ws/install/ros2_control_demo_bringup/share/ros2_control_demo_bringup/config/rrbot_multi_interface_forward_controllers.yaml
[4.133s] -- Installing: /home/dr/amr-travelobot/ros_ws/install/ros2_control_demo_bringup/share/ros2_control_demo_bringup/config/rrbot_with_sensor_controllers.yaml
[4.137s] -- Installing: /home/dr/amr-travelobot/ros_ws/install/ros2_control_demo_bringup/share/ros2_control_demo_bringup/launch
[4.138s] -- Installing: /home/dr/amr-travelobot/ros_ws/install/ros2_control_demo_bringup/share/ros2_control_demo_bringup/launch/test_forward_position_controller.launch.py
[4.139s] -- Installing: /home/dr/amr-travelobot/ros_ws/install/ros2_control_demo_bringup/share/ros2_control_demo_bringup/launch/rrbot_system_position_only_gazebo.launch.py
[4.141s] -- Installing: /home/dr/amr-travelobot/ros_ws/install/ros2_control_demo_bringup/share/ros2_control_demo_bringup/launch/rrbot_system_with_sensor.launch.py
[4.170s] -- Installing: /home/dr/amr-travelobot/ros_ws/install/ros2_control_demo_bringup/share/ros2_control_demo_bringup/launch/rrbot_base.launch.py
[4.178s] -- Installing: /home/dr/amr-travelobot/ros_ws/install/ros2_control_demo_bringup/share/ros2_control_demo_bringup/launch/rrbot_system_multi_interface.launch.py
[4.179s] -- Installing: /home/dr/amr-travelobot/ros_ws/install/ros2_control_demo_bringup/share/ros2_control_demo_bringup/launch/diffbot_system.launch.py
[4.180s] -- Installing: /home/dr/amr-travelobot/ros_ws/install/ros2_control_demo_bringup/share/ros2_control_demo_bringup/launch/rrbot.launch.py
[4.180s] -- Installing: /home/dr/amr-travelobot/ros_ws/install/ros2_control_demo_bringup/share/ros2_control_demo_bringup/launch/view_robot.launch.py
[4.181s] -- Installing: /home/dr/amr-travelobot/ros_ws/install/ros2_control_demo_bringup/share/ros2_control_demo_bringup/launch/test_joint_trajectory_controller.launch.py
[4.181s] -- Installing: /home/dr/amr-travelobot/ros_ws/install/ros2_control_demo_bringup/share/ros2_control_demo_bringup/launch/rrbot_system_position_only.launch.py
[4.182s] -- Installing: /home/dr/amr-travelobot/ros_ws/install/ros2_control_demo_bringup/share/ament_index/resource_index/package_run_dependencies/ros2_control_demo_bringup
[4.182s] -- Installing: /home/dr/amr-travelobot/ros_ws/install/ros2_control_demo_bringup/share/ament_index/resource_index/parent_prefix_path/ros2_control_demo_bringup
[4.183s] -- Installing: /home/dr/amr-travelobot/ros_ws/install/ros2_control_demo_bringup/share/ros2_control_demo_bringup/environment/ament_prefix_path.sh
[4.183s] -- Installing: /home/dr/amr-travelobot/ros_ws/install/ros2_control_demo_bringup/share/ros2_control_demo_bringup/environment/ament_prefix_path.dsv
[4.184s] -- Installing: /home/dr/amr-travelobot/ros_ws/install/ros2_control_demo_bringup/share/ros2_control_demo_bringup/environment/path.sh
[4.184s] -- Installing: /home/dr/amr-travelobot/ros_ws/install/ros2_control_demo_bringup/share/ros2_control_demo_bringup/environment/path.dsv
[4.185s] -- Installing: /home/dr/amr-travelobot/ros_ws/install/ros2_control_demo_bringup/share/ros2_control_demo_bringup/local_setup.bash
[4.185s] -- Installing: /home/dr/amr-travelobot/ros_ws/install/ros2_control_demo_bringup/share/ros2_control_demo_bringup/local_setup.sh
[4.186s] -- Installing: /home/dr/amr-travelobot/ros_ws/install/ros2_control_demo_bringup/share/ros2_control_demo_bringup/local_setup.zsh
[4.186s] -- Installing: /home/dr/amr-travelobot/ros_ws/install/ros2_control_demo_bringup/share/ros2_control_demo_bringup/local_setup.dsv
[4.187s] -- Installing: /home/dr/amr-travelobot/ros_ws/install/ros2_control_demo_bringup/share/ros2_control_demo_bringup/package.dsv
[4.187s] -- Installing: /home/dr/amr-travelobot/ros_ws/install/ros2_control_demo_bringup/share/ament_index/resource_index/packages/ros2_control_demo_bringup
[4.187s] -- Installing: /home/dr/amr-travelobot/ros_ws/install/ros2_control_demo_bringup/share/ros2_control_demo_bringup/cmake/ros2_control_demo_bringupConfig.cmake
[4.188s] -- Installing: /home/dr/amr-travelobot/ros_ws/install/ros2_control_demo_bringup/share/ros2_control_demo_bringup/cmake/ros2_control_demo_bringupConfig-version.cmake
[4.188s] -- Installing: /home/dr/amr-travelobot/ros_ws/install/ros2_control_demo_bringup/share/ros2_control_demo_bringup/package.xml
[4.189s] Invoked command in '/home/dr/amr-travelobot/ros_ws/build/ros2_control_demo_bringup' returned '0': AMENT_PREFIX_PATH=/home/dr/amr-travelobot/ros_ws/install/rrbot_description:/home/dr/amr-travelobot/ros_ws/install/ros2_control_test_nodes:/home/dr/amr-travelobot/ros_ws/install/ros2_control_demo_hardware:/home/dr/amr-travelobot/ros_ws/install/diffbot_description:${AMENT_PREFIX_PATH} CMAKE_PREFIX_PATH=/home/dr/amr-travelobot/ros_ws/install/rrbot_description:/home/dr/amr-travelobot/ros_ws/install/ros2_control_demo_hardware:/home/dr/amr-travelobot/ros_ws/install/diffbot_description:/opt/ros/foxy LD_LIBRARY_PATH=/home/dr/amr-travelobot/ros_ws/install/ros2_control_demo_hardware/lib:${LD_LIBRARY_PATH} PYTHONPATH=/home/dr/amr-travelobot/ros_ws/install/ros2_control_test_nodes/lib/python3.8/site-packages:${PYTHONPATH} /usr/bin/cmake --install /home/dr/amr-travelobot/ros_ws/build/ros2_control_demo_bringup
