[0.140s] Invoking command in '/home/dr/amr-travelobot/ros_ws/build/rplidar_ros2': CMAKE_PREFIX_PATH=${CMAKE_PREFIX_PATH}:/home/dr/amr-travelobot/ros_ws/install/bno055:/opt/ros/foxy /usr/bin/cmake --build /home/dr/amr-travelobot/ros_ws/build/rplidar_ros2 -- -j4 -l4
[0.436s] [100%] Built target rplidar_scan_publisher
[0.634s] Invoked command in '/home/dr/amr-travelobot/ros_ws/build/rplidar_ros2' returned '0': CMAKE_PREFIX_PATH=${CMAKE_PREFIX_PATH}:/home/dr/amr-travelobot/ros_ws/install/bno055:/opt/ros/foxy /usr/bin/cmake --build /home/dr/amr-travelobot/ros_ws/build/rplidar_ros2 -- -j4 -l4
[0.901s] Invoking command in '/home/dr/amr-travelobot/ros_ws/build/rplidar_ros2': CMAKE_PREFIX_PATH=${CMAKE_PREFIX_PATH}:/home/dr/amr-travelobot/ros_ws/install/bno055:/opt/ros/foxy /usr/bin/cmake --install /home/dr/amr-travelobot/ros_ws/build/rplidar_ros2
[0.945s] -- Install configuration: ""
[0.947s] -- Up-to-date: /home/dr/amr-travelobot/ros_ws/install/rplidar_ros2/share/rplidar_ros2/launch
[0.948s] -- Up-to-date: /home/dr/amr-travelobot/ros_ws/install/rplidar_ros2/share/rplidar_ros2/launch/view_rplidar_s1_tcp_launch.py
[0.948s] -- Up-to-date: /home/dr/amr-travelobot/ros_ws/install/rplidar_ros2/share/rplidar_ros2/launch/view_rplidar_launch.py
[0.949s] -- Up-to-date: /home/dr/amr-travelobot/ros_ws/install/rplidar_ros2/share/rplidar_ros2/launch/rplidar_s1_launch.py
[0.949s] -- Up-to-date: /home/dr/amr-travelobot/ros_ws/install/rplidar_ros2/share/rplidar_ros2/launch/view_rplidar_a3_launch.py
[0.950s] -- Up-to-date: /home/dr/amr-travelobot/ros_ws/install/rplidar_ros2/share/rplidar_ros2/launch/view_rplidar_s1_launch.py
[0.950s] -- Up-to-date: /home/dr/amr-travelobot/ros_ws/install/rplidar_ros2/share/rplidar_ros2/launch/rplidar_launch.py
[0.951s] -- Up-to-date: /home/dr/amr-travelobot/ros_ws/install/rplidar_ros2/share/rplidar_ros2/launch/rviz.py
[0.966s] -- Up-to-date: /home/dr/amr-travelobot/ros_ws/install/rplidar_ros2/share/rplidar_ros2/launch/rplidar_s1_tcp_launch.py
[0.967s] -- Up-to-date: /home/dr/amr-travelobot/ros_ws/install/rplidar_ros2/share/rplidar_ros2/launch/rplidar_a3_launch.py
[0.968s] -- Up-to-date: /home/dr/amr-travelobot/ros_ws/install/rplidar_ros2/share/rplidar_ros2/rviz
[0.969s] -- Up-to-date: /home/dr/amr-travelobot/ros_ws/install/rplidar_ros2/share/rplidar_ros2/rviz/rplidar_ros2.rviz
[0.970s] -- Up-to-date: /home/dr/amr-travelobot/ros_ws/install/rplidar_ros2/lib/rplidar_ros2/rplidar_scan_publisher
[0.971s] -- Up-to-date: /home/dr/amr-travelobot/ros_ws/install/rplidar_ros2/share/ament_index/resource_index/package_run_dependencies/rplidar_ros2
[0.973s] -- Up-to-date: /home/dr/amr-travelobot/ros_ws/install/rplidar_ros2/share/ament_index/resource_index/parent_prefix_path/rplidar_ros2
[0.974s] -- Up-to-date: /home/dr/amr-travelobot/ros_ws/install/rplidar_ros2/share/rplidar_ros2/environment/ament_prefix_path.sh
[0.980s] -- Up-to-date: /home/dr/amr-travelobot/ros_ws/install/rplidar_ros2/share/rplidar_ros2/environment/ament_prefix_path.dsv
[0.982s] -- Up-to-date: /home/dr/amr-travelobot/ros_ws/install/rplidar_ros2/share/rplidar_ros2/environment/path.sh
[0.982s] -- Up-to-date: /home/dr/amr-travelobot/ros_ws/install/rplidar_ros2/share/rplidar_ros2/environment/path.dsv
[0.983s] -- Up-to-date: /home/dr/amr-travelobot/ros_ws/install/rplidar_ros2/share/rplidar_ros2/local_setup.bash
[0.984s] -- Up-to-date: /home/dr/amr-travelobot/ros_ws/install/rplidar_ros2/share/rplidar_ros2/local_setup.sh
[0.984s] -- Up-to-date: /home/dr/amr-travelobot/ros_ws/install/rplidar_ros2/share/rplidar_ros2/local_setup.zsh
[0.985s] -- Up-to-date: /home/dr/amr-travelobot/ros_ws/install/rplidar_ros2/share/rplidar_ros2/local_setup.dsv
[0.985s] -- Installing: /home/dr/amr-travelobot/ros_ws/install/rplidar_ros2/share/rplidar_ros2/package.dsv
[0.986s] -- Up-to-date: /home/dr/amr-travelobot/ros_ws/install/rplidar_ros2/share/ament_index/resource_index/packages/rplidar_ros2
[0.987s] -- Up-to-date: /home/dr/amr-travelobot/ros_ws/install/rplidar_ros2/share/rplidar_ros2/cmake/ament_cmake_export_dependencies-extras.cmake
[0.988s] -- Up-to-date: /home/dr/amr-travelobot/ros_ws/install/rplidar_ros2/share/rplidar_ros2/cmake/ament_cmake_export_include_directories-extras.cmake
[0.989s] -- Up-to-date: /home/dr/amr-travelobot/ros_ws/install/rplidar_ros2/share/rplidar_ros2/cmake/rplidar_ros2Config.cmake
[0.989s] -- Up-to-date: /home/dr/amr-travelobot/ros_ws/install/rplidar_ros2/share/rplidar_ros2/cmake/rplidar_ros2Config-version.cmake
[0.990s] -- Up-to-date: /home/dr/amr-travelobot/ros_ws/install/rplidar_ros2/share/rplidar_ros2/package.xml
[1.056s] Invoked command in '/home/dr/amr-travelobot/ros_ws/build/rplidar_ros2' returned '0': CMAKE_PREFIX_PATH=${CMAKE_PREFIX_PATH}:/home/dr/amr-travelobot/ros_ws/install/bno055:/opt/ros/foxy /usr/bin/cmake --install /home/dr/amr-travelobot/ros_ws/build/rplidar_ros2
