[0.394s] Invoking command in '/home/dr/amr-travelobot/ros_ws/build/teleop_twist_joy': CMAKE_PREFIX_PATH=${CMAKE_PREFIX_PATH}:/home/dr/amr-travelobot/ros_ws/install/bno055:/opt/ros/foxy /usr/bin/cmake --build /home/dr/amr-travelobot/ros_ws/build/teleop_twist_joy -- -j4 -l4
[0.690s] [ 50%] Built target teleop_twist_joy
[0.845s] [100%] Built target teleop_twist_joy_node
[1.782s] Invoked command in '/home/dr/amr-travelobot/ros_ws/build/teleop_twist_joy' returned '0': CMAKE_PREFIX_PATH=${CMAKE_PREFIX_PATH}:/home/dr/amr-travelobot/ros_ws/install/bno055:/opt/ros/foxy /usr/bin/cmake --build /home/dr/amr-travelobot/ros_ws/build/teleop_twist_joy -- -j4 -l4
[1.962s] Invoking command in '/home/dr/amr-travelobot/ros_ws/build/teleop_twist_joy': CMAKE_PREFIX_PATH=${CMAKE_PREFIX_PATH}:/home/dr/amr-travelobot/ros_ws/install/bno055:/opt/ros/foxy /usr/bin/cmake --install /home/dr/amr-travelobot/ros_ws/build/teleop_twist_joy
[2.014s] -- Install configuration: ""
[2.016s] -- Up-to-date: /home/dr/amr-travelobot/ros_ws/install/teleop_twist_joy/lib/libteleop_twist_joy.so
[2.019s] -- Up-to-date: /home/dr/amr-travelobot/ros_ws/install/teleop_twist_joy/lib/teleop_twist_joy/teleop_node
[2.021s] -- Up-to-date: /home/dr/amr-travelobot/ros_ws/install/teleop_twist_joy/include
[2.022s] -- Up-to-date: /home/dr/amr-travelobot/ros_ws/install/teleop_twist_joy/include/teleop_twist_joy
[2.023s] -- Up-to-date: /home/dr/amr-travelobot/ros_ws/install/teleop_twist_joy/include/teleop_twist_joy/teleop_twist_joy.hpp
[2.024s] -- Up-to-date: /home/dr/amr-travelobot/ros_ws/install/teleop_twist_joy/include/teleop_twist_joy/teleop_twist_joy_export.h
[2.025s] -- Up-to-date: /home/dr/amr-travelobot/ros_ws/install/teleop_twist_joy/share/teleop_twist_joy/launch
[2.026s] -- Up-to-date: /home/dr/amr-travelobot/ros_ws/install/teleop_twist_joy/share/teleop_twist_joy/launch/teleop.launch.py
[2.027s] -- Up-to-date: /home/dr/amr-travelobot/ros_ws/install/teleop_twist_joy/share/teleop_twist_joy/config
[2.028s] -- Up-to-date: /home/dr/amr-travelobot/ros_ws/install/teleop_twist_joy/share/teleop_twist_joy/config/ps3.config.yaml
[2.029s] -- Up-to-date: /home/dr/amr-travelobot/ros_ws/install/teleop_twist_joy/share/teleop_twist_joy/config/xd3.config.yaml
[2.030s] -- Up-to-date: /home/dr/amr-travelobot/ros_ws/install/teleop_twist_joy/share/teleop_twist_joy/config/atk3.config.yaml
[2.031s] -- Up-to-date: /home/dr/amr-travelobot/ros_ws/install/teleop_twist_joy/share/teleop_twist_joy/config/ps3-holonomic.config.yaml
[2.032s] -- Up-to-date: /home/dr/amr-travelobot/ros_ws/install/teleop_twist_joy/share/teleop_twist_joy/config/xbox_usb.config.yaml
[2.033s] -- Up-to-date: /home/dr/amr-travelobot/ros_ws/install/teleop_twist_joy/share/teleop_twist_joy/config/xbox.config.yaml
[2.034s] -- Up-to-date: /home/dr/amr-travelobot/ros_ws/install/teleop_twist_joy/share/teleop_twist_joy/environment/library_path.sh
[2.037s] -- Up-to-date: /home/dr/amr-travelobot/ros_ws/install/teleop_twist_joy/share/teleop_twist_joy/environment/library_path.dsv
[2.037s] -- Up-to-date: /home/dr/amr-travelobot/ros_ws/install/teleop_twist_joy/share/ament_index/resource_index/package_run_dependencies/teleop_twist_joy
[2.038s] -- Up-to-date: /home/dr/amr-travelobot/ros_ws/install/teleop_twist_joy/share/ament_index/resource_index/parent_prefix_path/teleop_twist_joy
[2.039s] -- Up-to-date: /home/dr/amr-travelobot/ros_ws/install/teleop_twist_joy/share/teleop_twist_joy/environment/ament_prefix_path.sh
[2.040s] -- Up-to-date: /home/dr/amr-travelobot/ros_ws/install/teleop_twist_joy/share/teleop_twist_joy/environment/ament_prefix_path.dsv
[2.041s] -- Up-to-date: /home/dr/amr-travelobot/ros_ws/install/teleop_twist_joy/share/teleop_twist_joy/environment/path.sh
[2.042s] -- Up-to-date: /home/dr/amr-travelobot/ros_ws/install/teleop_twist_joy/share/teleop_twist_joy/environment/path.dsv
[2.043s] -- Up-to-date: /home/dr/amr-travelobot/ros_ws/install/teleop_twist_joy/share/teleop_twist_joy/local_setup.bash
[2.043s] -- Up-to-date: /home/dr/amr-travelobot/ros_ws/install/teleop_twist_joy/share/teleop_twist_joy/local_setup.sh
[2.044s] -- Up-to-date: /home/dr/amr-travelobot/ros_ws/install/teleop_twist_joy/share/teleop_twist_joy/local_setup.zsh
[2.044s] -- Up-to-date: /home/dr/amr-travelobot/ros_ws/install/teleop_twist_joy/share/teleop_twist_joy/local_setup.dsv
[2.045s] -- Installing: /home/dr/amr-travelobot/ros_ws/install/teleop_twist_joy/share/teleop_twist_joy/package.dsv
[2.045s] -- Up-to-date: /home/dr/amr-travelobot/ros_ws/install/teleop_twist_joy/share/ament_index/resource_index/packages/teleop_twist_joy
[2.059s] -- Up-to-date: /home/dr/amr-travelobot/ros_ws/install/teleop_twist_joy/share/ament_index/resource_index/rclcpp_components/teleop_twist_joy
[2.061s] -- Up-to-date: /home/dr/amr-travelobot/ros_ws/install/teleop_twist_joy/share/teleop_twist_joy/cmake/ament_cmake_export_include_directories-extras.cmake
[2.062s] -- Up-to-date: /home/dr/amr-travelobot/ros_ws/install/teleop_twist_joy/share/teleop_twist_joy/cmake/ament_cmake_export_libraries-extras.cmake
[2.072s] -- Up-to-date: /home/dr/amr-travelobot/ros_ws/install/teleop_twist_joy/share/teleop_twist_joy/cmake/teleop_twist_joyConfig.cmake
[2.072s] -- Up-to-date: /home/dr/amr-travelobot/ros_ws/install/teleop_twist_joy/share/teleop_twist_joy/cmake/teleop_twist_joyConfig-version.cmake
[2.073s] -- Up-to-date: /home/dr/amr-travelobot/ros_ws/install/teleop_twist_joy/share/teleop_twist_joy/package.xml
[2.079s] Invoked command in '/home/dr/amr-travelobot/ros_ws/build/teleop_twist_joy' returned '0': CMAKE_PREFIX_PATH=${CMAKE_PREFIX_PATH}:/home/dr/amr-travelobot/ros_ws/install/bno055:/opt/ros/foxy /usr/bin/cmake --install /home/dr/amr-travelobot/ros_ws/build/teleop_twist_joy
