[0.097s] Invoking command in '/home/dr/amr-travelobot/ros_ws/build/odrive_ros2_control': AMENT_PREFIX_PATH=/home/dr/amr-travelobot/ros_ws/install/odrive_hardware_interface:${AMENT_PREFIX_PATH} CMAKE_PREFIX_PATH=/home/dr/amr-travelobot/ros_ws/install/odrive_bringup:/home/dr/amr-travelobot/ros_ws/install/odrive_hardware_interface:/home/dr/amr-travelobot/ros_ws/install/odrive_description:/home/dr/amr-travelobot/ros_ws/install/turtlesim:/home/dr/amr-travelobot/ros_ws/install/teleop_twist_joy:/home/dr/amr-travelobot/ros_ws/install/rplidar_ros2:/home/dr/amr-travelobot/ros_ws/install/rosbot_description:/home/dr/amr-travelobot/ros_ws/install/bno055:/opt/ros/foxy LD_LIBRARY_PATH=/home/dr/amr-travelobot/ros_ws/install/odrive_hardware_interface/lib:${LD_LIBRARY_PATH} /usr/bin/cmake /home/dr/amr-travelobot/ros_ws/src/odrive_ros2_control/odrive_ros2_control -DCMAKE_INSTALL_PREFIX=/home/dr/amr-travelobot/ros_ws/install/odrive_ros2_control
[0.589s] -- The C compiler identification is GNU 9.4.0
[0.864s] -- The CXX compiler identification is GNU 9.4.0
[0.894s] -- Check for working C compiler: /usr/bin/cc
[1.197s] -- Check for working C compiler: /usr/bin/cc -- works
[1.202s] -- Detecting C compiler ABI info
[1.500s] -- Detecting C compiler ABI info - done
[1.551s] -- Detecting C compile features
[1.553s] -- Detecting C compile features - done
[1.566s] -- Check for working CXX compiler: /usr/bin/c++
[1.888s] -- Check for working CXX compiler: /usr/bin/c++ -- works
[1.893s] -- Detecting CXX compiler ABI info
[2.214s] -- Detecting CXX compiler ABI info - done
[2.274s] -- Detecting CXX compile features
[2.276s] -- Detecting CXX compile features - done
[2.294s] -- Found ament_cmake_auto: 0.9.9 (/opt/ros/foxy/share/ament_cmake_auto/cmake)
[2.448s] -- Found PythonInterp: /usr/bin/python3 (found suitable version "3.8.10", minimum required is "3") 
[2.449s] -- Using PYTHON_EXECUTABLE: /usr/bin/python3
[4.398s] -- Configuring done
[4.409s] -- Generating done
[4.414s] -- Build files have been written to: /home/dr/amr-travelobot/ros_ws/build/odrive_ros2_control
[4.429s] Invoked command in '/home/dr/amr-travelobot/ros_ws/build/odrive_ros2_control' returned '0': AMENT_PREFIX_PATH=/home/dr/amr-travelobot/ros_ws/install/odrive_hardware_interface:${AMENT_PREFIX_PATH} CMAKE_PREFIX_PATH=/home/dr/amr-travelobot/ros_ws/install/odrive_bringup:/home/dr/amr-travelobot/ros_ws/install/odrive_hardware_interface:/home/dr/amr-travelobot/ros_ws/install/odrive_description:/home/dr/amr-travelobot/ros_ws/install/turtlesim:/home/dr/amr-travelobot/ros_ws/install/teleop_twist_joy:/home/dr/amr-travelobot/ros_ws/install/rplidar_ros2:/home/dr/amr-travelobot/ros_ws/install/rosbot_description:/home/dr/amr-travelobot/ros_ws/install/bno055:/opt/ros/foxy LD_LIBRARY_PATH=/home/dr/amr-travelobot/ros_ws/install/odrive_hardware_interface/lib:${LD_LIBRARY_PATH} /usr/bin/cmake /home/dr/amr-travelobot/ros_ws/src/odrive_ros2_control/odrive_ros2_control -DCMAKE_INSTALL_PREFIX=/home/dr/amr-travelobot/ros_ws/install/odrive_ros2_control
[4.440s] Invoking command in '/home/dr/amr-travelobot/ros_ws/build/odrive_ros2_control': AMENT_PREFIX_PATH=/home/dr/amr-travelobot/ros_ws/install/odrive_hardware_interface:${AMENT_PREFIX_PATH} CMAKE_PREFIX_PATH=/home/dr/amr-travelobot/ros_ws/install/odrive_bringup:/home/dr/amr-travelobot/ros_ws/install/odrive_hardware_interface:/home/dr/amr-travelobot/ros_ws/install/odrive_description:/home/dr/amr-travelobot/ros_ws/install/turtlesim:/home/dr/amr-travelobot/ros_ws/install/teleop_twist_joy:/home/dr/amr-travelobot/ros_ws/install/rplidar_ros2:/home/dr/amr-travelobot/ros_ws/install/rosbot_description:/home/dr/amr-travelobot/ros_ws/install/bno055:/opt/ros/foxy LD_LIBRARY_PATH=/home/dr/amr-travelobot/ros_ws/install/odrive_hardware_interface/lib:${LD_LIBRARY_PATH} /usr/bin/cmake --build /home/dr/amr-travelobot/ros_ws/build/odrive_ros2_control -- -j4 -l4
[4.586s] Invoked command in '/home/dr/amr-travelobot/ros_ws/build/odrive_ros2_control' returned '0': AMENT_PREFIX_PATH=/home/dr/amr-travelobot/ros_ws/install/odrive_hardware_interface:${AMENT_PREFIX_PATH} CMAKE_PREFIX_PATH=/home/dr/amr-travelobot/ros_ws/install/odrive_bringup:/home/dr/amr-travelobot/ros_ws/install/odrive_hardware_interface:/home/dr/amr-travelobot/ros_ws/install/odrive_description:/home/dr/amr-travelobot/ros_ws/install/turtlesim:/home/dr/amr-travelobot/ros_ws/install/teleop_twist_joy:/home/dr/amr-travelobot/ros_ws/install/rplidar_ros2:/home/dr/amr-travelobot/ros_ws/install/rosbot_description:/home/dr/amr-travelobot/ros_ws/install/bno055:/opt/ros/foxy LD_LIBRARY_PATH=/home/dr/amr-travelobot/ros_ws/install/odrive_hardware_interface/lib:${LD_LIBRARY_PATH} /usr/bin/cmake --build /home/dr/amr-travelobot/ros_ws/build/odrive_ros2_control -- -j4 -l4
[4.671s] Invoking command in '/home/dr/amr-travelobot/ros_ws/build/odrive_ros2_control': AMENT_PREFIX_PATH=/home/dr/amr-travelobot/ros_ws/install/odrive_hardware_interface:${AMENT_PREFIX_PATH} CMAKE_PREFIX_PATH=/home/dr/amr-travelobot/ros_ws/install/odrive_bringup:/home/dr/amr-travelobot/ros_ws/install/odrive_hardware_interface:/home/dr/amr-travelobot/ros_ws/install/odrive_description:/home/dr/amr-travelobot/ros_ws/install/turtlesim:/home/dr/amr-travelobot/ros_ws/install/teleop_twist_joy:/home/dr/amr-travelobot/ros_ws/install/rplidar_ros2:/home/dr/amr-travelobot/ros_ws/install/rosbot_description:/home/dr/amr-travelobot/ros_ws/install/bno055:/opt/ros/foxy LD_LIBRARY_PATH=/home/dr/amr-travelobot/ros_ws/install/odrive_hardware_interface/lib:${LD_LIBRARY_PATH} /usr/bin/cmake --install /home/dr/amr-travelobot/ros_ws/build/odrive_ros2_control
[4.706s] -- Install configuration: ""
[4.707s] -- Installing: /home/dr/amr-travelobot/ros_ws/install/odrive_ros2_control/share/ament_index/resource_index/package_run_dependencies/odrive_ros2_control
[4.708s] -- Installing: /home/dr/amr-travelobot/ros_ws/install/odrive_ros2_control/share/ament_index/resource_index/parent_prefix_path/odrive_ros2_control
[4.709s] -- Installing: /home/dr/amr-travelobot/ros_ws/install/odrive_ros2_control/share/odrive_ros2_control/environment/ament_prefix_path.sh
[4.710s] -- Installing: /home/dr/amr-travelobot/ros_ws/install/odrive_ros2_control/share/odrive_ros2_control/environment/ament_prefix_path.dsv
[4.711s] -- Installing: /home/dr/amr-travelobot/ros_ws/install/odrive_ros2_control/share/odrive_ros2_control/environment/path.sh
[4.711s] -- Installing: /home/dr/amr-travelobot/ros_ws/install/odrive_ros2_control/share/odrive_ros2_control/environment/path.dsv
[4.712s] -- Installing: /home/dr/amr-travelobot/ros_ws/install/odrive_ros2_control/share/odrive_ros2_control/local_setup.bash
[4.713s] -- Installing: /home/dr/amr-travelobot/ros_ws/install/odrive_ros2_control/share/odrive_ros2_control/local_setup.sh
[4.713s] -- Installing: /home/dr/amr-travelobot/ros_ws/install/odrive_ros2_control/share/odrive_ros2_control/local_setup.zsh
[4.714s] -- Installing: /home/dr/amr-travelobot/ros_ws/install/odrive_ros2_control/share/odrive_ros2_control/local_setup.dsv
[4.715s] -- Installing: /home/dr/amr-travelobot/ros_ws/install/odrive_ros2_control/share/odrive_ros2_control/package.dsv
[4.716s] -- Installing: /home/dr/amr-travelobot/ros_ws/install/odrive_ros2_control/share/ament_index/resource_index/packages/odrive_ros2_control
[4.716s] -- Installing: /home/dr/amr-travelobot/ros_ws/install/odrive_ros2_control/share/odrive_ros2_control/cmake/odrive_ros2_controlConfig.cmake
[4.717s] -- Installing: /home/dr/amr-travelobot/ros_ws/install/odrive_ros2_control/share/odrive_ros2_control/cmake/odrive_ros2_controlConfig-version.cmake
[4.718s] -- Installing: /home/dr/amr-travelobot/ros_ws/install/odrive_ros2_control/share/odrive_ros2_control/package.xml
[4.738s] Invoked command in '/home/dr/amr-travelobot/ros_ws/build/odrive_ros2_control' returned '0': AMENT_PREFIX_PATH=/home/dr/amr-travelobot/ros_ws/install/odrive_hardware_interface:${AMENT_PREFIX_PATH} CMAKE_PREFIX_PATH=/home/dr/amr-travelobot/ros_ws/install/odrive_bringup:/home/dr/amr-travelobot/ros_ws/install/odrive_hardware_interface:/home/dr/amr-travelobot/ros_ws/install/odrive_description:/home/dr/amr-travelobot/ros_ws/install/turtlesim:/home/dr/amr-travelobot/ros_ws/install/teleop_twist_joy:/home/dr/amr-travelobot/ros_ws/install/rplidar_ros2:/home/dr/amr-travelobot/ros_ws/install/rosbot_description:/home/dr/amr-travelobot/ros_ws/install/bno055:/opt/ros/foxy LD_LIBRARY_PATH=/home/dr/amr-travelobot/ros_ws/install/odrive_hardware_interface/lib:${LD_LIBRARY_PATH} /usr/bin/cmake --install /home/dr/amr-travelobot/ros_ws/build/odrive_ros2_control
