[3.434s] Invoking command in '/home/dr/amr-travelobot/ros_ws/src/bno055': PYTHONPATH=/home/dr/amr-travelobot/ros_ws/install/bno055/lib/python3.8/site-packages:${PYTHONPATH} /usr/bin/python3 setup.py egg_info --egg-base ../../build/bno055 build --build-base /home/dr/amr-travelobot/ros_ws/build/bno055/build install --prefix /home/dr/amr-travelobot/ros_ws/install/bno055 --record /home/dr/amr-travelobot/ros_ws/build/bno055/install.log --single-version-externally-managed
[4.809s] running egg_info
[4.819s] writing ../../build/bno055/bno055.egg-info/PKG-INFO
[4.826s] writing dependency_links to ../../build/bno055/bno055.egg-info/dependency_links.txt
[4.828s] writing entry points to ../../build/bno055/bno055.egg-info/entry_points.txt
[4.829s] writing requirements to ../../build/bno055/bno055.egg-info/requires.txt
[4.830s] writing top-level names to ../../build/bno055/bno055.egg-info/top_level.txt
[5.002s] reading manifest file '../../build/bno055/bno055.egg-info/SOURCES.txt'
[5.006s] writing manifest file '../../build/bno055/bno055.egg-info/SOURCES.txt'
[5.007s] running build
[5.007s] running build_py
[5.014s] running install
[5.017s] running install_lib
[5.028s] running install_data
[5.030s] running install_egg_info
[5.038s] removing '/home/dr/amr-travelobot/ros_ws/install/bno055/lib/python3.8/site-packages/bno055-0.1.0-py3.8.egg-info' (and everything under it)
[5.039s] Copying ../../build/bno055/bno055.egg-info to /home/dr/amr-travelobot/ros_ws/install/bno055/lib/python3.8/site-packages/bno055-0.1.0-py3.8.egg-info
[5.043s] running install_scripts
[5.117s] Installing bno055 script to /home/dr/amr-travelobot/ros_ws/install/bno055/lib/bno055
[5.121s] writing list of installed files to '/home/dr/amr-travelobot/ros_ws/build/bno055/install.log'
[5.237s] Invoked command in '/home/dr/amr-travelobot/ros_ws/src/bno055' returned '0': PYTHONPATH=/home/dr/amr-travelobot/ros_ws/install/bno055/lib/python3.8/site-packages:${PYTHONPATH} /usr/bin/python3 setup.py egg_info --egg-base ../../build/bno055 build --build-base /home/dr/amr-travelobot/ros_ws/build/bno055/build install --prefix /home/dr/amr-travelobot/ros_ws/install/bno055 --record /home/dr/amr-travelobot/ros_ws/build/bno055/install.log --single-version-externally-managed
