[0.070s] Invoking command in '/home/dr/amr-travelobot/ros_ws/src/build/odrive_description': CMAKE_PREFIX_PATH=${CMAKE_PREFIX_PATH}:/home/dr/amr-travelobot/ros_ws/install/bno055:/opt/ros/foxy /usr/bin/cmake /home/dr/amr-travelobot/ros_ws/src/odrive_ros2_control/odrive_description -DCMAKE_INSTALL_PREFIX=/home/dr/amr-travelobot/ros_ws/src/install/odrive_description
[0.389s] -- The C compiler identification is GNU 9.4.0
[0.667s] -- The CXX compiler identification is GNU 9.4.0
[0.699s] -- Check for working C compiler: /usr/bin/cc
[1.137s] -- Check for working C compiler: /usr/bin/cc -- works
[1.142s] -- Detecting C compiler ABI info
[1.516s] -- Detecting C compiler ABI info - done
[1.586s] -- Detecting C compile features
[1.589s] -- Detecting C compile features - done
[1.603s] -- Check for working CXX compiler: /usr/bin/c++
[2.039s] -- Check for working CXX compiler: /usr/bin/c++ -- works
[2.044s] -- Detecting CXX compiler ABI info
[2.473s] -- Detecting CXX compiler ABI info - done
[2.543s] -- Detecting CXX compile features
[2.547s] -- Detecting CXX compile features - done
[2.568s] -- Found ament_cmake_auto: 0.9.9 (/opt/ros/foxy/share/ament_cmake_auto/cmake)
[2.745s] -- Found PythonInterp: /usr/bin/python3 (found suitable version "3.8.10", minimum required is "3") 
[2.746s] -- Using PYTHON_EXECUTABLE: /usr/bin/python3
[4.334s] -- Configuring done
[4.345s] -- Generating done
[4.353s] -- Build files have been written to: /home/dr/amr-travelobot/ros_ws/src/build/odrive_description
[4.378s] Invoked command in '/home/dr/amr-travelobot/ros_ws/src/build/odrive_description' returned '0': CMAKE_PREFIX_PATH=${CMAKE_PREFIX_PATH}:/home/dr/amr-travelobot/ros_ws/install/bno055:/opt/ros/foxy /usr/bin/cmake /home/dr/amr-travelobot/ros_ws/src/odrive_ros2_control/odrive_description -DCMAKE_INSTALL_PREFIX=/home/dr/amr-travelobot/ros_ws/src/install/odrive_description
[4.382s] Invoking command in '/home/dr/amr-travelobot/ros_ws/src/build/odrive_description': CMAKE_PREFIX_PATH=${CMAKE_PREFIX_PATH}:/home/dr/amr-travelobot/ros_ws/install/bno055:/opt/ros/foxy /usr/bin/cmake --build /home/dr/amr-travelobot/ros_ws/src/build/odrive_description -- -j4 -l4
[4.592s] Invoked command in '/home/dr/amr-travelobot/ros_ws/src/build/odrive_description' returned '0': CMAKE_PREFIX_PATH=${CMAKE_PREFIX_PATH}:/home/dr/amr-travelobot/ros_ws/install/bno055:/opt/ros/foxy /usr/bin/cmake --build /home/dr/amr-travelobot/ros_ws/src/build/odrive_description -- -j4 -l4
[4.733s] Invoking command in '/home/dr/amr-travelobot/ros_ws/src/build/odrive_description': CMAKE_PREFIX_PATH=${CMAKE_PREFIX_PATH}:/home/dr/amr-travelobot/ros_ws/install/bno055:/opt/ros/foxy /usr/bin/cmake --install /home/dr/amr-travelobot/ros_ws/src/build/odrive_description
[4.777s] -- Install configuration: ""
[4.778s] -- Installing: /home/dr/amr-travelobot/ros_ws/src/install/odrive_description/share/odrive_description/urdf
[4.779s] -- Installing: /home/dr/amr-travelobot/ros_ws/src/install/odrive_description/share/odrive_description/urdf/odrive.ros2_control.xacro
[4.781s] -- Installing: /home/dr/amr-travelobot/ros_ws/src/install/odrive_description/share/odrive_description/urdf/odrive.urdf.xacro
[4.784s] -- Installing: /home/dr/amr-travelobot/ros_ws/src/install/odrive_description/share/ament_index/resource_index/package_run_dependencies/odrive_description
[4.786s] -- Installing: /home/dr/amr-travelobot/ros_ws/src/install/odrive_description/share/ament_index/resource_index/parent_prefix_path/odrive_description
[4.788s] -- Installing: /home/dr/amr-travelobot/ros_ws/src/install/odrive_description/share/odrive_description/environment/ament_prefix_path.sh
[4.789s] -- Installing: /home/dr/amr-travelobot/ros_ws/src/install/odrive_description/share/odrive_description/environment/ament_prefix_path.dsv
[4.791s] -- Installing: /home/dr/amr-travelobot/ros_ws/src/install/odrive_description/share/odrive_description/environment/path.sh
[4.792s] -- Installing: /home/dr/amr-travelobot/ros_ws/src/install/odrive_description/share/odrive_description/environment/path.dsv
[4.794s] -- Installing: /home/dr/amr-travelobot/ros_ws/src/install/odrive_description/share/odrive_description/local_setup.bash
[4.796s] -- Installing: /home/dr/amr-travelobot/ros_ws/src/install/odrive_description/share/odrive_description/local_setup.sh
[4.797s] -- Installing: /home/dr/amr-travelobot/ros_ws/src/install/odrive_description/share/odrive_description/local_setup.zsh
[4.799s] -- Installing: /home/dr/amr-travelobot/ros_ws/src/install/odrive_description/share/odrive_description/local_setup.dsv
[4.801s] -- Installing: /home/dr/amr-travelobot/ros_ws/src/install/odrive_description/share/odrive_description/package.dsv
[4.804s] -- Installing: /home/dr/amr-travelobot/ros_ws/src/install/odrive_description/share/ament_index/resource_index/packages/odrive_description
[4.809s] -- Installing: /home/dr/amr-travelobot/ros_ws/src/install/odrive_description/share/odrive_description/cmake/odrive_descriptionConfig.cmake
[4.810s] -- Installing: /home/dr/amr-travelobot/ros_ws/src/install/odrive_description/share/odrive_description/cmake/odrive_descriptionConfig-version.cmake
[4.812s] -- Installing: /home/dr/amr-travelobot/ros_ws/src/install/odrive_description/share/odrive_description/package.xml
[4.833s] Invoked command in '/home/dr/amr-travelobot/ros_ws/src/build/odrive_description' returned '0': CMAKE_PREFIX_PATH=${CMAKE_PREFIX_PATH}:/home/dr/amr-travelobot/ros_ws/install/bno055:/opt/ros/foxy /usr/bin/cmake --install /home/dr/amr-travelobot/ros_ws/src/build/odrive_description
