[0.196s] Invoking command in '/home/dr/amr-travelobot/ros_ws/build/odrive_hardware_interface': CMAKE_PREFIX_PATH=${CMAKE_PREFIX_PATH}:/home/dr/amr-travelobot/ros_ws/install/bno055:/opt/ros/foxy /usr/bin/cmake --build /home/dr/amr-travelobot/ros_ws/build/odrive_hardware_interface -- -j4 -l4
[0.465s] [ 50%] Built target odrive_usb
[0.631s] [100%] Built target odrive_hardware_interface
[0.758s] Invoked command in '/home/dr/amr-travelobot/ros_ws/build/odrive_hardware_interface' returned '0': CMAKE_PREFIX_PATH=${CMAKE_PREFIX_PATH}:/home/dr/amr-travelobot/ros_ws/install/bno055:/opt/ros/foxy /usr/bin/cmake --build /home/dr/amr-travelobot/ros_ws/build/odrive_hardware_interface -- -j4 -l4
[1.054s] Invoking command in '/home/dr/amr-travelobot/ros_ws/build/odrive_hardware_interface': CMAKE_PREFIX_PATH=${CMAKE_PREFIX_PATH}:/home/dr/amr-travelobot/ros_ws/install/bno055:/opt/ros/foxy /usr/bin/cmake --install /home/dr/amr-travelobot/ros_ws/build/odrive_hardware_interface
[1.093s] -- Install configuration: ""
[1.094s] -- Up-to-date: /home/dr/amr-travelobot/ros_ws/install/odrive_hardware_interface/share/odrive_hardware_interface/odrive_hardware_interface.xml
[1.119s] -- Up-to-date: /home/dr/amr-travelobot/ros_ws/install/odrive_hardware_interface/include
[1.121s] -- Up-to-date: /home/dr/amr-travelobot/ros_ws/install/odrive_hardware_interface/include/odrive_hardware_interface
[1.122s] -- Up-to-date: /home/dr/amr-travelobot/ros_ws/install/odrive_hardware_interface/include/odrive_hardware_interface/odrive_usb.hpp
[1.122s] -- Up-to-date: /home/dr/amr-travelobot/ros_ws/install/odrive_hardware_interface/include/odrive_hardware_interface/visibility_control.hpp
[1.123s] -- Up-to-date: /home/dr/amr-travelobot/ros_ws/install/odrive_hardware_interface/include/odrive_hardware_interface/odrive_endpoints.hpp
[1.125s] -- Up-to-date: /home/dr/amr-travelobot/ros_ws/install/odrive_hardware_interface/include/odrive_hardware_interface/odrive_hardware_interface.hpp
[1.125s] -- Up-to-date: /home/dr/amr-travelobot/ros_ws/install/odrive_hardware_interface/share/odrive_hardware_interface/environment/library_path.sh
[1.126s] -- Up-to-date: /home/dr/amr-travelobot/ros_ws/install/odrive_hardware_interface/share/odrive_hardware_interface/environment/library_path.dsv
[1.127s] -- Up-to-date: /home/dr/amr-travelobot/ros_ws/install/odrive_hardware_interface/lib/libodrive_usb.so
[1.128s] -- Up-to-date: /home/dr/amr-travelobot/ros_ws/install/odrive_hardware_interface/lib/libodrive_hardware_interface.so
[1.129s] -- Up-to-date: /home/dr/amr-travelobot/ros_ws/install/odrive_hardware_interface/share/ament_index/resource_index/package_run_dependencies/odrive_hardware_interface
[1.130s] -- Up-to-date: /home/dr/amr-travelobot/ros_ws/install/odrive_hardware_interface/share/ament_index/resource_index/parent_prefix_path/odrive_hardware_interface
[1.130s] -- Up-to-date: /home/dr/amr-travelobot/ros_ws/install/odrive_hardware_interface/share/odrive_hardware_interface/environment/ament_prefix_path.sh
[1.131s] -- Up-to-date: /home/dr/amr-travelobot/ros_ws/install/odrive_hardware_interface/share/odrive_hardware_interface/environment/ament_prefix_path.dsv
[1.132s] -- Up-to-date: /home/dr/amr-travelobot/ros_ws/install/odrive_hardware_interface/share/odrive_hardware_interface/environment/path.sh
[1.133s] -- Up-to-date: /home/dr/amr-travelobot/ros_ws/install/odrive_hardware_interface/share/odrive_hardware_interface/environment/path.dsv
[1.133s] -- Up-to-date: /home/dr/amr-travelobot/ros_ws/install/odrive_hardware_interface/share/odrive_hardware_interface/local_setup.bash
[1.134s] -- Up-to-date: /home/dr/amr-travelobot/ros_ws/install/odrive_hardware_interface/share/odrive_hardware_interface/local_setup.sh
[1.135s] -- Up-to-date: /home/dr/amr-travelobot/ros_ws/install/odrive_hardware_interface/share/odrive_hardware_interface/local_setup.zsh
[1.136s] -- Up-to-date: /home/dr/amr-travelobot/ros_ws/install/odrive_hardware_interface/share/odrive_hardware_interface/local_setup.dsv
[1.141s] -- Installing: /home/dr/amr-travelobot/ros_ws/install/odrive_hardware_interface/share/odrive_hardware_interface/package.dsv
[1.143s] -- Up-to-date: /home/dr/amr-travelobot/ros_ws/install/odrive_hardware_interface/share/ament_index/resource_index/packages/odrive_hardware_interface
[1.143s] -- Up-to-date: /home/dr/amr-travelobot/ros_ws/install/odrive_hardware_interface/share/ament_index/resource_index/hardware_interface__pluginlib__plugin/odrive_hardware_interface
[1.144s] -- Up-to-date: /home/dr/amr-travelobot/ros_ws/install/odrive_hardware_interface/share/odrive_hardware_interface/cmake/ament_cmake_export_dependencies-extras.cmake
[1.144s] -- Up-to-date: /home/dr/amr-travelobot/ros_ws/install/odrive_hardware_interface/share/odrive_hardware_interface/cmake/ament_cmake_export_include_directories-extras.cmake
[1.145s] -- Up-to-date: /home/dr/amr-travelobot/ros_ws/install/odrive_hardware_interface/share/odrive_hardware_interface/cmake/ament_cmake_export_libraries-extras.cmake
[1.145s] -- Up-to-date: /home/dr/amr-travelobot/ros_ws/install/odrive_hardware_interface/share/odrive_hardware_interface/cmake/odrive_hardware_interfaceConfig.cmake
[1.147s] -- Up-to-date: /home/dr/amr-travelobot/ros_ws/install/odrive_hardware_interface/share/odrive_hardware_interface/cmake/odrive_hardware_interfaceConfig-version.cmake
[1.148s] -- Up-to-date: /home/dr/amr-travelobot/ros_ws/install/odrive_hardware_interface/share/odrive_hardware_interface/package.xml
[1.204s] Invoked command in '/home/dr/amr-travelobot/ros_ws/build/odrive_hardware_interface' returned '0': CMAKE_PREFIX_PATH=${CMAKE_PREFIX_PATH}:/home/dr/amr-travelobot/ros_ws/install/bno055:/opt/ros/foxy /usr/bin/cmake --install /home/dr/amr-travelobot/ros_ws/build/odrive_hardware_interface
