[0.168s] Invoking command in '/home/dr/amr-travelobot/ros_ws/src/build/odrive_bringup': AMENT_PREFIX_PATH=/home/dr/amr-travelobot/ros_ws/src/install/ros2_controllers:/home/dr/amr-travelobot/ros_ws/src/install/velocity_controllers:/home/dr/amr-travelobot/ros_ws/src/install/position_controllers:/home/dr/amr-travelobot/ros_ws/src/install/joint_state_controller:/home/dr/amr-travelobot/ros_ws/src/install/effort_controllers:/home/dr/amr-travelobot/ros_ws/src/install/odrive_description:/home/dr/amr-travelobot/ros_ws/src/install/joint_trajectory_controller:/home/dr/amr-travelobot/ros_ws/src/install/joint_state_broadcaster:/home/dr/amr-travelobot/ros_ws/src/install/imu_sensor_broadcaster:/home/dr/amr-travelobot/ros_ws/src/install/forward_command_controller:/home/dr/amr-travelobot/ros_ws/src/install/force_torque_sensor_broadcaster:/home/dr/amr-travelobot/ros_ws/src/install/diff_drive_controller:${AMENT_PREFIX_PATH} CMAKE_PREFIX_PATH=/home/dr/amr-travelobot/ros_ws/src/install/ros2_controllers:/home/dr/amr-travelobot/ros_ws/src/install/velocity_controllers:/home/dr/amr-travelobot/ros_ws/src/install/position_controllers:/home/dr/amr-travelobot/ros_ws/src/install/joint_state_controller:/home/dr/amr-travelobot/ros_ws/src/install/effort_controllers:/home/dr/amr-travelobot/ros_ws/src/install/odrive_description:/home/dr/amr-travelobot/ros_ws/src/install/joint_trajectory_controller:/home/dr/amr-travelobot/ros_ws/src/install/joint_state_broadcaster:/home/dr/amr-travelobot/ros_ws/src/install/imu_sensor_broadcaster:/home/dr/amr-travelobot/ros_ws/src/install/forward_command_controller:/home/dr/amr-travelobot/ros_ws/src/install/force_torque_sensor_broadcaster:/home/dr/amr-travelobot/ros_ws/src/install/diff_drive_controller:/home/dr/amr-travelobot/ros_ws/install/turtlesim:/home/dr/amr-travelobot/ros_ws/install/rosbot_bringup:/home/dr/amr-travelobot/ros_ws/install/teleop_twist_joy:/home/dr/amr-travelobot/ros_ws/install/rplidar_ros2:/home/dr/amr-travelobot/ros_ws/install/rosbot_description:/home/dr/amr-travelobot/ros_ws/install/odrive_ros2_control:/home/dr/amr-travelobot/ros_ws/install/odrive_hardware_interface:/home/dr/amr-travelobot/ros_ws/install/odrive_bringup:/home/dr/amr-travelobot/ros_ws/install/odrive_description:/home/dr/amr-travelobot/ros_ws/install/bno055:/opt/ros/foxy LD_LIBRARY_PATH=/home/dr/amr-travelobot/ros_ws/src/install/velocity_controllers/lib:/home/dr/amr-travelobot/ros_ws/src/install/position_controllers/lib:/home/dr/amr-travelobot/ros_ws/src/install/joint_state_controller/lib:/home/dr/amr-travelobot/ros_ws/src/install/effort_controllers/lib:/home/dr/amr-travelobot/ros_ws/src/install/joint_trajectory_controller/lib:/home/dr/amr-travelobot/ros_ws/src/install/joint_state_broadcaster/lib:/home/dr/amr-travelobot/ros_ws/src/install/imu_sensor_broadcaster/lib:/home/dr/amr-travelobot/ros_ws/src/install/forward_command_controller/lib:/home/dr/amr-travelobot/ros_ws/src/install/force_torque_sensor_broadcaster/lib:/home/dr/amr-travelobot/ros_ws/src/install/diff_drive_controller/lib:${LD_LIBRARY_PATH} /usr/bin/cmake /home/dr/amr-travelobot/ros_ws/src/odrive_ros2_control/odrive_bringup -DCMAKE_INSTALL_PREFIX=/home/dr/amr-travelobot/ros_ws/src/install/odrive_bringup
[0.496s] -- The C compiler identification is GNU 9.4.0
[0.778s] -- The CXX compiler identification is GNU 9.4.0
[0.805s] -- Check for working C compiler: /usr/bin/cc
[1.165s] -- Check for working C compiler: /usr/bin/cc -- works
[1.169s] -- Detecting C compiler ABI info
[1.544s] -- Detecting C compiler ABI info - done
[1.596s] -- Detecting C compile features
[1.598s] -- Detecting C compile features - done
[1.628s] -- Check for working CXX compiler: /usr/bin/c++
[2.090s] -- Check for working CXX compiler: /usr/bin/c++ -- works
[2.094s] -- Detecting CXX compiler ABI info
[2.495s] -- Detecting CXX compiler ABI info - done
[2.549s] -- Detecting CXX compile features
[2.551s] -- Detecting CXX compile features - done
[2.578s] -- Found ament_cmake_auto: 0.9.9 (/opt/ros/foxy/share/ament_cmake_auto/cmake)
[2.798s] -- Found PythonInterp: /usr/bin/python3 (found suitable version "3.8.10", minimum required is "3") 
[2.799s] -- Using PYTHON_EXECUTABLE: /usr/bin/python3
[4.344s] -- Configuring done
[4.352s] -- Generating done
[4.357s] -- Build files have been written to: /home/dr/amr-travelobot/ros_ws/src/build/odrive_bringup
