[0.232s] Invoking command in '/home/dr/amr-travelobot/ros_ws/build/odrive_description': CMAKE_PREFIX_PATH=${CMAKE_PREFIX_PATH}:/home/dr/amr-travelobot/ros_ws/install/bno055:/opt/ros/galactic /usr/bin/cmake --build /home/dr/amr-travelobot/ros_ws/build/odrive_description -- -j4 -l4
[0.423s] Invoked command in '/home/dr/amr-travelobot/ros_ws/build/odrive_description' returned '0': CMAKE_PREFIX_PATH=${CMAKE_PREFIX_PATH}:/home/dr/amr-travelobot/ros_ws/install/bno055:/opt/ros/galactic /usr/bin/cmake --build /home/dr/amr-travelobot/ros_ws/build/odrive_description -- -j4 -l4
[0.591s] Invoking command in '/home/dr/amr-travelobot/ros_ws/build/odrive_description': CMAKE_PREFIX_PATH=${CMAKE_PREFIX_PATH}:/home/dr/amr-travelobot/ros_ws/install/bno055:/opt/ros/galactic /usr/bin/cmake --install /home/dr/amr-travelobot/ros_ws/build/odrive_description
[0.632s] -- Install configuration: ""
[0.633s] -- Up-to-date: /home/dr/amr-travelobot/ros_ws/install/odrive_description/share/odrive_description/urdf
[0.634s] -- Up-to-date: /home/dr/amr-travelobot/ros_ws/install/odrive_description/share/odrive_description/urdf/odrive.ros2_control.xacro
[0.634s] -- Up-to-date: /home/dr/amr-travelobot/ros_ws/install/odrive_description/share/odrive_description/urdf/odrive.urdf.xacro
[0.634s] -- Up-to-date: /home/dr/amr-travelobot/ros_ws/install/odrive_description/share/ament_index/resource_index/package_run_dependencies/odrive_description
[0.635s] -- Up-to-date: /home/dr/amr-travelobot/ros_ws/install/odrive_description/share/ament_index/resource_index/parent_prefix_path/odrive_description
[0.635s] -- Up-to-date: /home/dr/amr-travelobot/ros_ws/install/odrive_description/share/odrive_description/environment/ament_prefix_path.sh
[0.636s] -- Up-to-date: /home/dr/amr-travelobot/ros_ws/install/odrive_description/share/odrive_description/environment/ament_prefix_path.dsv
[0.636s] -- Up-to-date: /home/dr/amr-travelobot/ros_ws/install/odrive_description/share/odrive_description/environment/path.sh
[0.637s] -- Up-to-date: /home/dr/amr-travelobot/ros_ws/install/odrive_description/share/odrive_description/environment/path.dsv
[0.638s] -- Up-to-date: /home/dr/amr-travelobot/ros_ws/install/odrive_description/share/odrive_description/local_setup.bash
[0.638s] -- Up-to-date: /home/dr/amr-travelobot/ros_ws/install/odrive_description/share/odrive_description/local_setup.sh
[0.639s] -- Up-to-date: /home/dr/amr-travelobot/ros_ws/install/odrive_description/share/odrive_description/local_setup.zsh
[0.649s] -- Up-to-date: /home/dr/amr-travelobot/ros_ws/install/odrive_description/share/odrive_description/local_setup.dsv
[0.650s] -- Installing: /home/dr/amr-travelobot/ros_ws/install/odrive_description/share/odrive_description/package.dsv
[0.650s] -- Up-to-date: /home/dr/amr-travelobot/ros_ws/install/odrive_description/share/ament_index/resource_index/packages/odrive_description
[0.651s] -- Up-to-date: /home/dr/amr-travelobot/ros_ws/install/odrive_description/share/odrive_description/cmake/odrive_descriptionConfig.cmake
[0.652s] -- Up-to-date: /home/dr/amr-travelobot/ros_ws/install/odrive_description/share/odrive_description/cmake/odrive_descriptionConfig-version.cmake
[0.652s] -- Up-to-date: /home/dr/amr-travelobot/ros_ws/install/odrive_description/share/odrive_description/package.xml
[0.654s] Invoked command in '/home/dr/amr-travelobot/ros_ws/build/odrive_description' returned '0': CMAKE_PREFIX_PATH=${CMAKE_PREFIX_PATH}:/home/dr/amr-travelobot/ros_ws/install/bno055:/opt/ros/galactic /usr/bin/cmake --install /home/dr/amr-travelobot/ros_ws/build/odrive_description
