[0.228s] Invoking command in '/home/dr/amr-travelobot/ros_ws/build/odrive_ros2_control': AMENT_PREFIX_PATH=/home/dr/amr-travelobot/ros_ws/install/odrive_bringup:/home/dr/amr-travelobot/ros_ws/install/odrive_hardware_interface:/home/dr/amr-travelobot/ros_ws/install/odrive_description:${AMENT_PREFIX_PATH} CMAKE_PREFIX_PATH=/home/dr/amr-travelobot/ros_ws/install/odrive_bringup:/home/dr/amr-travelobot/ros_ws/install/odrive_hardware_interface:/home/dr/amr-travelobot/ros_ws/install/odrive_description:/opt/ros/foxy LD_LIBRARY_PATH=/home/dr/amr-travelobot/ros_ws/install/odrive_hardware_interface/lib:${LD_LIBRARY_PATH} /usr/bin/cmake --build /home/dr/amr-travelobot/ros_ws/build/odrive_ros2_control -- -j4 -l4
[0.801s] Invoked command in '/home/dr/amr-travelobot/ros_ws/build/odrive_ros2_control' returned '0': AMENT_PREFIX_PATH=/home/dr/amr-travelobot/ros_ws/install/odrive_bringup:/home/dr/amr-travelobot/ros_ws/install/odrive_hardware_interface:/home/dr/amr-travelobot/ros_ws/install/odrive_description:${AMENT_PREFIX_PATH} CMAKE_PREFIX_PATH=/home/dr/amr-travelobot/ros_ws/install/odrive_bringup:/home/dr/amr-travelobot/ros_ws/install/odrive_hardware_interface:/home/dr/amr-travelobot/ros_ws/install/odrive_description:/opt/ros/foxy LD_LIBRARY_PATH=/home/dr/amr-travelobot/ros_ws/install/odrive_hardware_interface/lib:${LD_LIBRARY_PATH} /usr/bin/cmake --build /home/dr/amr-travelobot/ros_ws/build/odrive_ros2_control -- -j4 -l4
[1.292s] Invoking command in '/home/dr/amr-travelobot/ros_ws/build/odrive_ros2_control': AMENT_PREFIX_PATH=/home/dr/amr-travelobot/ros_ws/install/odrive_bringup:/home/dr/amr-travelobot/ros_ws/install/odrive_hardware_interface:/home/dr/amr-travelobot/ros_ws/install/odrive_description:${AMENT_PREFIX_PATH} CMAKE_PREFIX_PATH=/home/dr/amr-travelobot/ros_ws/install/odrive_bringup:/home/dr/amr-travelobot/ros_ws/install/odrive_hardware_interface:/home/dr/amr-travelobot/ros_ws/install/odrive_description:/opt/ros/foxy LD_LIBRARY_PATH=/home/dr/amr-travelobot/ros_ws/install/odrive_hardware_interface/lib:${LD_LIBRARY_PATH} /usr/bin/cmake --install /home/dr/amr-travelobot/ros_ws/build/odrive_ros2_control
[1.358s] -- Install configuration: ""
[1.359s] -- Installing: /home/dr/amr-travelobot/ros_ws/install/odrive_ros2_control/share/ament_index/resource_index/package_run_dependencies/odrive_ros2_control
[1.365s] -- Installing: /home/dr/amr-travelobot/ros_ws/install/odrive_ros2_control/share/ament_index/resource_index/parent_prefix_path/odrive_ros2_control
[1.367s] -- Installing: /home/dr/amr-travelobot/ros_ws/install/odrive_ros2_control/share/odrive_ros2_control/environment/ament_prefix_path.sh
[1.368s] -- Installing: /home/dr/amr-travelobot/ros_ws/install/odrive_ros2_control/share/odrive_ros2_control/environment/ament_prefix_path.dsv
[1.373s] -- Installing: /home/dr/amr-travelobot/ros_ws/install/odrive_ros2_control/share/odrive_ros2_control/environment/path.sh
[1.374s] -- Installing: /home/dr/amr-travelobot/ros_ws/install/odrive_ros2_control/share/odrive_ros2_control/environment/path.dsv
[1.375s] -- Installing: /home/dr/amr-travelobot/ros_ws/install/odrive_ros2_control/share/odrive_ros2_control/local_setup.bash
[1.379s] -- Installing: /home/dr/amr-travelobot/ros_ws/install/odrive_ros2_control/share/odrive_ros2_control/local_setup.sh
[1.381s] -- Installing: /home/dr/amr-travelobot/ros_ws/install/odrive_ros2_control/share/odrive_ros2_control/local_setup.zsh
[1.385s] -- Installing: /home/dr/amr-travelobot/ros_ws/install/odrive_ros2_control/share/odrive_ros2_control/local_setup.dsv
[1.386s] -- Installing: /home/dr/amr-travelobot/ros_ws/install/odrive_ros2_control/share/odrive_ros2_control/package.dsv
[1.387s] -- Installing: /home/dr/amr-travelobot/ros_ws/install/odrive_ros2_control/share/ament_index/resource_index/packages/odrive_ros2_control
[1.388s] -- Installing: /home/dr/amr-travelobot/ros_ws/install/odrive_ros2_control/share/odrive_ros2_control/cmake/odrive_ros2_controlConfig.cmake
[1.396s] -- Installing: /home/dr/amr-travelobot/ros_ws/install/odrive_ros2_control/share/odrive_ros2_control/cmake/odrive_ros2_controlConfig-version.cmake
[1.404s] -- Installing: /home/dr/amr-travelobot/ros_ws/install/odrive_ros2_control/share/odrive_ros2_control/package.xml
[1.407s] Invoked command in '/home/dr/amr-travelobot/ros_ws/build/odrive_ros2_control' returned '0': AMENT_PREFIX_PATH=/home/dr/amr-travelobot/ros_ws/install/odrive_bringup:/home/dr/amr-travelobot/ros_ws/install/odrive_hardware_interface:/home/dr/amr-travelobot/ros_ws/install/odrive_description:${AMENT_PREFIX_PATH} CMAKE_PREFIX_PATH=/home/dr/amr-travelobot/ros_ws/install/odrive_bringup:/home/dr/amr-travelobot/ros_ws/install/odrive_hardware_interface:/home/dr/amr-travelobot/ros_ws/install/odrive_description:/opt/ros/foxy LD_LIBRARY_PATH=/home/dr/amr-travelobot/ros_ws/install/odrive_hardware_interface/lib:${LD_LIBRARY_PATH} /usr/bin/cmake --install /home/dr/amr-travelobot/ros_ws/build/odrive_ros2_control
