[0.094s] Invoking command in '/home/dr/amr-travelobot/ros_ws/build/rosbot_description': CMAKE_PREFIX_PATH=/opt/ros/foxy /usr/bin/cmake /home/dr/amr-travelobot/ros_ws/src/rosbot_description -DCMAKE_INSTALL_PREFIX=/home/dr/amr-travelobot/ros_ws/install/rosbot_description
[0.312s] -- The C compiler identification is GNU 9.4.0
[0.528s] -- The CXX compiler identification is GNU 9.4.0
[0.546s] -- Check for working C compiler: /usr/bin/cc
[0.808s] -- Check for working C compiler: /usr/bin/cc -- works
[0.811s] -- Detecting C compiler ABI info
[1.080s] -- Detecting C compiler ABI info - done
[1.130s] -- Detecting C compile features
[1.132s] -- Detecting C compile features - done
[1.141s] -- Check for working CXX compiler: /usr/bin/c++
[1.445s] -- Check for working CXX compiler: /usr/bin/c++ -- works
[1.449s] -- Detecting CXX compiler ABI info
[1.776s] -- Detecting CXX compiler ABI info - done
[1.828s] -- Detecting CXX compile features
[1.831s] -- Detecting CXX compile features - done
[1.845s] -- Found ament_cmake: 0.9.9 (/opt/ros/foxy/share/ament_cmake/cmake)
[1.957s] -- Found PythonInterp: /usr/bin/python3 (found suitable version "3.8.10", minimum required is "3") 
[1.957s] -- Using PYTHON_EXECUTABLE: /usr/bin/python3
[3.190s] -- Configuring done
[3.199s] -- Generating done
[3.203s] -- Build files have been written to: /home/dr/amr-travelobot/ros_ws/build/rosbot_description
[3.225s] Invoked command in '/home/dr/amr-travelobot/ros_ws/build/rosbot_description' returned '0': CMAKE_PREFIX_PATH=/opt/ros/foxy /usr/bin/cmake /home/dr/amr-travelobot/ros_ws/src/rosbot_description -DCMAKE_INSTALL_PREFIX=/home/dr/amr-travelobot/ros_ws/install/rosbot_description
[3.229s] Invoking command in '/home/dr/amr-travelobot/ros_ws/build/rosbot_description': CMAKE_PREFIX_PATH=/opt/ros/foxy /usr/bin/cmake --build /home/dr/amr-travelobot/ros_ws/build/rosbot_description -- -j4 -l4
[3.371s] Invoked command in '/home/dr/amr-travelobot/ros_ws/build/rosbot_description' returned '0': CMAKE_PREFIX_PATH=/opt/ros/foxy /usr/bin/cmake --build /home/dr/amr-travelobot/ros_ws/build/rosbot_description -- -j4 -l4
[3.498s] Invoking command in '/home/dr/amr-travelobot/ros_ws/build/rosbot_description': CMAKE_PREFIX_PATH=/opt/ros/foxy /usr/bin/cmake --install /home/dr/amr-travelobot/ros_ws/build/rosbot_description
[3.537s] -- Install configuration: ""
[3.537s] -- Installing: /home/dr/amr-travelobot/ros_ws/install/rosbot_description/share/rosbot_description/config
[3.538s] -- Installing: /home/dr/amr-travelobot/ros_ws/install/rosbot_description/share/rosbot_description/config/navigation.yaml
[3.538s] -- Installing: /home/dr/amr-travelobot/ros_ws/install/rosbot_description/share/rosbot_description/config/ekf2.yaml
[3.539s] -- Installing: /home/dr/amr-travelobot/ros_ws/install/rosbot_description/share/rosbot_description/config/slam_toolbox_localization.yaml
[3.540s] -- Installing: /home/dr/amr-travelobot/ros_ws/install/rosbot_description/share/rosbot_description/config/teleop_bluetooth.yaml
[3.540s] -- Installing: /home/dr/amr-travelobot/ros_ws/install/rosbot_description/share/rosbot_description/config/slam_toolbox_mapping.yaml
[3.541s] -- Installing: /home/dr/amr-travelobot/ros_ws/install/rosbot_description/share/rosbot_description/config/diff_drive_controller.yaml
[3.541s] -- Installing: /home/dr/amr-travelobot/ros_ws/install/rosbot_description/share/rosbot_description/config/bno055.yaml
[3.542s] -- Installing: /home/dr/amr-travelobot/ros_ws/install/rosbot_description/share/rosbot_description/config/navigate_w_replanning_and_recovery.xml
[3.542s] -- Installing: /home/dr/amr-travelobot/ros_ws/install/rosbot_description/share/rosbot_description/config/ekf.yaml
[3.543s] -- Installing: /home/dr/amr-travelobot/ros_ws/install/rosbot_description/share/rosbot_description/config/localization.yaml
[3.543s] -- Installing: /home/dr/amr-travelobot/ros_ws/install/rosbot_description/share/rosbot_description/config/teleop_usb.yaml
[3.544s] -- Installing: /home/dr/amr-travelobot/ros_ws/install/rosbot_description/share/rosbot_description/config/slam_toolbox_lifelong.yaml
[3.544s] -- Installing: /home/dr/amr-travelobot/ros_ws/install/rosbot_description/share/rosbot_description/rviz
[3.545s] -- Installing: /home/dr/amr-travelobot/ros_ws/install/rosbot_description/share/rosbot_description/rviz/rosbot.rviz
[3.546s] -- Installing: /home/dr/amr-travelobot/ros_ws/install/rosbot_description/share/rosbot_description/gazebo
[3.546s] -- Installing: /home/dr/amr-travelobot/ros_ws/install/rosbot_description/share/rosbot_description/gazebo/rosbot.materials.xacro
[3.547s] -- Installing: /home/dr/amr-travelobot/ros_ws/install/rosbot_description/share/rosbot_description/gazebo/rosbot.gazebo.xacro
[3.548s] -- Installing: /home/dr/amr-travelobot/ros_ws/install/rosbot_description/share/rosbot_description/ros2_control
[3.548s] -- Installing: /home/dr/amr-travelobot/ros_ws/install/rosbot_description/share/rosbot_description/ros2_control/rosbot_system.ros2_control.xacro
[3.549s] -- Installing: /home/dr/amr-travelobot/ros_ws/install/rosbot_description/share/rosbot_description/urdf
[3.550s] -- Installing: /home/dr/amr-travelobot/ros_ws/install/rosbot_description/share/rosbot_description/urdf/rosbot_links.urdf.xacro
[3.550s] -- Installing: /home/dr/amr-travelobot/ros_ws/install/rosbot_description/share/rosbot_description/urdf/inertia.urdf.xacro
[3.551s] -- Installing: /home/dr/amr-travelobot/ros_ws/install/rosbot_description/share/rosbot_description/urdf/rosbot.urdf.xacro
[3.551s] -- Installing: /home/dr/amr-travelobot/ros_ws/install/rosbot_description/share/rosbot_description/world
[3.552s] -- Installing: /home/dr/amr-travelobot/ros_ws/install/rosbot_description/share/rosbot_description/world/office.sdf
[3.552s] -- Installing: /home/dr/amr-travelobot/ros_ws/install/rosbot_description/share/rosbot_description/world/simple.sdf
[3.553s] -- Installing: /home/dr/amr-travelobot/ros_ws/install/rosbot_description/share/rosbot_description/map
[3.553s] -- Installing: /home/dr/amr-travelobot/ros_ws/install/rosbot_description/share/rosbot_description/map/office.posegraph
[3.700s] -- Installing: /home/dr/amr-travelobot/ros_ws/install/rosbot_description/share/rosbot_description/map/office.data
[3.739s] -- Installing: /home/dr/amr-travelobot/ros_ws/install/rosbot_description/share/rosbot_description/map/office.pgm
[3.740s] -- Installing: /home/dr/amr-travelobot/ros_ws/install/rosbot_description/share/rosbot_description/map/office.yaml
[3.742s] -- Installing: /home/dr/amr-travelobot/ros_ws/install/rosbot_description/share/ament_index/resource_index/package_run_dependencies/rosbot_description
[3.743s] -- Installing: /home/dr/amr-travelobot/ros_ws/install/rosbot_description/share/ament_index/resource_index/parent_prefix_path/rosbot_description
[3.743s] -- Installing: /home/dr/amr-travelobot/ros_ws/install/rosbot_description/share/rosbot_description/environment/ament_prefix_path.sh
[3.744s] -- Installing: /home/dr/amr-travelobot/ros_ws/install/rosbot_description/share/rosbot_description/environment/ament_prefix_path.dsv
[3.745s] -- Installing: /home/dr/amr-travelobot/ros_ws/install/rosbot_description/share/rosbot_description/environment/path.sh
[3.745s] -- Installing: /home/dr/amr-travelobot/ros_ws/install/rosbot_description/share/rosbot_description/environment/path.dsv
[3.746s] -- Installing: /home/dr/amr-travelobot/ros_ws/install/rosbot_description/share/rosbot_description/local_setup.bash
[3.747s] -- Installing: /home/dr/amr-travelobot/ros_ws/install/rosbot_description/share/rosbot_description/local_setup.sh
[3.747s] -- Installing: /home/dr/amr-travelobot/ros_ws/install/rosbot_description/share/rosbot_description/local_setup.zsh
[3.748s] -- Installing: /home/dr/amr-travelobot/ros_ws/install/rosbot_description/share/rosbot_description/local_setup.dsv
[3.749s] -- Installing: /home/dr/amr-travelobot/ros_ws/install/rosbot_description/share/rosbot_description/package.dsv
[3.750s] -- Installing: /home/dr/amr-travelobot/ros_ws/install/rosbot_description/share/ament_index/resource_index/packages/rosbot_description
[3.750s] -- Installing: /home/dr/amr-travelobot/ros_ws/install/rosbot_description/share/rosbot_description/cmake/rosbot_descriptionConfig.cmake
[3.751s] -- Installing: /home/dr/amr-travelobot/ros_ws/install/rosbot_description/share/rosbot_description/cmake/rosbot_descriptionConfig-version.cmake
[3.752s] -- Installing: /home/dr/amr-travelobot/ros_ws/install/rosbot_description/share/rosbot_description/package.xml
[3.762s] Invoked command in '/home/dr/amr-travelobot/ros_ws/build/rosbot_description' returned '0': CMAKE_PREFIX_PATH=/opt/ros/foxy /usr/bin/cmake --install /home/dr/amr-travelobot/ros_ws/build/rosbot_description
