[0.310s] Invoking command in '/home/dr/amr-travelobot/ros_ws/build/rosbot_description': CMAKE_PREFIX_PATH=${CMAKE_PREFIX_PATH}:/home/dr/amr-travelobot/ros_ws/install/ros2_control_test_nodes:/home/dr/amr-travelobot/ros_ws/install/bno055:/opt/ros/foxy /usr/bin/cmake --build /home/dr/amr-travelobot/ros_ws/build/rosbot_description -- -j4 -l4
[0.651s] Invoked command in '/home/dr/amr-travelobot/ros_ws/build/rosbot_description' returned '0': CMAKE_PREFIX_PATH=${CMAKE_PREFIX_PATH}:/home/dr/amr-travelobot/ros_ws/install/ros2_control_test_nodes:/home/dr/amr-travelobot/ros_ws/install/bno055:/opt/ros/foxy /usr/bin/cmake --build /home/dr/amr-travelobot/ros_ws/build/rosbot_description -- -j4 -l4
[0.886s] Invoking command in '/home/dr/amr-travelobot/ros_ws/build/rosbot_description': CMAKE_PREFIX_PATH=${CMAKE_PREFIX_PATH}:/home/dr/amr-travelobot/ros_ws/install/ros2_control_test_nodes:/home/dr/amr-travelobot/ros_ws/install/bno055:/opt/ros/foxy /usr/bin/cmake --install /home/dr/amr-travelobot/ros_ws/build/rosbot_description
[0.970s] -- Install configuration: ""
[0.973s] -- Execute custom install script
[0.982s] -- Up-to-date symlink: /home/dr/amr-travelobot/ros_ws/install/rosbot_description/share/rosbot_description/config/bno055.yaml
[0.985s] -- Up-to-date symlink: /home/dr/amr-travelobot/ros_ws/install/rosbot_description/share/rosbot_description/config/diff_drive_controller.yaml
[0.987s] -- Up-to-date symlink: /home/dr/amr-travelobot/ros_ws/install/rosbot_description/share/rosbot_description/config/ekf.yaml
[0.993s] -- Up-to-date symlink: /home/dr/amr-travelobot/ros_ws/install/rosbot_description/share/rosbot_description/config/ekf2.yaml
[0.995s] -- Up-to-date symlink: /home/dr/amr-travelobot/ros_ws/install/rosbot_description/share/rosbot_description/config/localization.yaml
[0.996s] -- Up-to-date symlink: /home/dr/amr-travelobot/ros_ws/install/rosbot_description/share/rosbot_description/config/navigate_w_replanning_and_recovery.xml
[0.998s] -- Up-to-date symlink: /home/dr/amr-travelobot/ros_ws/install/rosbot_description/share/rosbot_description/config/navigation.yaml
[0.999s] -- Up-to-date symlink: /home/dr/amr-travelobot/ros_ws/install/rosbot_description/share/rosbot_description/config/slam_toolbox_lifelong.yaml
[1.000s] -- Up-to-date symlink: /home/dr/amr-travelobot/ros_ws/install/rosbot_description/share/rosbot_description/config/slam_toolbox_localization.yaml
[1.002s] -- Up-to-date symlink: /home/dr/amr-travelobot/ros_ws/install/rosbot_description/share/rosbot_description/config/slam_toolbox_mapping.yaml
[1.005s] -- Up-to-date symlink: /home/dr/amr-travelobot/ros_ws/install/rosbot_description/share/rosbot_description/config/teleop_bluetooth.yaml
[1.008s] -- Up-to-date symlink: /home/dr/amr-travelobot/ros_ws/install/rosbot_description/share/rosbot_description/config/teleop_usb.yaml
[1.010s] -- Up-to-date symlink: /home/dr/amr-travelobot/ros_ws/install/rosbot_description/share/rosbot_description/rviz/rosbot.rviz
[1.012s] -- Up-to-date symlink: /home/dr/amr-travelobot/ros_ws/install/rosbot_description/share/rosbot_description/gazebo/rosbot.gazebo.xacro
[1.013s] -- Up-to-date symlink: /home/dr/amr-travelobot/ros_ws/install/rosbot_description/share/rosbot_description/gazebo/rosbot.materials.xacro
[1.015s] -- Up-to-date symlink: /home/dr/amr-travelobot/ros_ws/install/rosbot_description/share/rosbot_description/ros2_control/rosbot_system.ros2_control.xacro
[1.018s] -- Up-to-date symlink: /home/dr/amr-travelobot/ros_ws/install/rosbot_description/share/rosbot_description/urdf/inertia.urdf.xacro
[1.019s] -- Up-to-date symlink: /home/dr/amr-travelobot/ros_ws/install/rosbot_description/share/rosbot_description/urdf/rosbot.urdf.xacro
[1.020s] -- Up-to-date symlink: /home/dr/amr-travelobot/ros_ws/install/rosbot_description/share/rosbot_description/urdf/rosbot_links.urdf.xacro
[1.023s] -- Up-to-date symlink: /home/dr/amr-travelobot/ros_ws/install/rosbot_description/share/rosbot_description/world/office.sdf
[1.024s] -- Up-to-date symlink: /home/dr/amr-travelobot/ros_ws/install/rosbot_description/share/rosbot_description/world/simple.sdf
[1.028s] -- Up-to-date symlink: /home/dr/amr-travelobot/ros_ws/install/rosbot_description/share/rosbot_description/map/office.data
[1.029s] -- Up-to-date symlink: /home/dr/amr-travelobot/ros_ws/install/rosbot_description/share/rosbot_description/map/office.pgm
[1.029s] -- Up-to-date symlink: /home/dr/amr-travelobot/ros_ws/install/rosbot_description/share/rosbot_description/map/office.posegraph
[1.031s] -- Up-to-date symlink: /home/dr/amr-travelobot/ros_ws/install/rosbot_description/share/rosbot_description/map/office.yaml
[1.035s] -- Up-to-date symlink: /home/dr/amr-travelobot/ros_ws/install/rosbot_description/share/ament_index/resource_index/package_run_dependencies/rosbot_description
[1.035s] -- Up-to-date symlink: /home/dr/amr-travelobot/ros_ws/install/rosbot_description/share/ament_index/resource_index/parent_prefix_path/rosbot_description
[1.037s] -- Up-to-date symlink: /home/dr/amr-travelobot/ros_ws/install/rosbot_description/share/rosbot_description/environment/ament_prefix_path.sh
[1.038s] -- Up-to-date symlink: /home/dr/amr-travelobot/ros_ws/install/rosbot_description/share/rosbot_description/environment/ament_prefix_path.dsv
[1.040s] -- Up-to-date symlink: /home/dr/amr-travelobot/ros_ws/install/rosbot_description/share/rosbot_description/environment/path.sh
[1.043s] -- Up-to-date symlink: /home/dr/amr-travelobot/ros_ws/install/rosbot_description/share/rosbot_description/environment/path.dsv
[1.047s] -- Up-to-date symlink: /home/dr/amr-travelobot/ros_ws/install/rosbot_description/share/rosbot_description/local_setup.bash
[1.049s] -- Up-to-date symlink: /home/dr/amr-travelobot/ros_ws/install/rosbot_description/share/rosbot_description/local_setup.sh
[1.064s] -- Up-to-date symlink: /home/dr/amr-travelobot/ros_ws/install/rosbot_description/share/rosbot_description/local_setup.zsh
[1.064s] -- Up-to-date symlink: /home/dr/amr-travelobot/ros_ws/install/rosbot_description/share/rosbot_description/local_setup.dsv
[1.065s] -- Symlinking: /home/dr/amr-travelobot/ros_ws/install/rosbot_description/share/rosbot_description/package.dsv
[1.101s] -- Up-to-date symlink: /home/dr/amr-travelobot/ros_ws/install/rosbot_description/share/ament_index/resource_index/packages/rosbot_description
[1.102s] -- Up-to-date symlink: /home/dr/amr-travelobot/ros_ws/install/rosbot_description/share/rosbot_description/cmake/rosbot_descriptionConfig.cmake
[1.103s] -- Up-to-date symlink: /home/dr/amr-travelobot/ros_ws/install/rosbot_description/share/rosbot_description/cmake/rosbot_descriptionConfig-version.cmake
[1.107s] -- Up-to-date symlink: /home/dr/amr-travelobot/ros_ws/install/rosbot_description/share/rosbot_description/package.xml
[1.215s] Invoked command in '/home/dr/amr-travelobot/ros_ws/build/rosbot_description' returned '0': CMAKE_PREFIX_PATH=${CMAKE_PREFIX_PATH}:/home/dr/amr-travelobot/ros_ws/install/ros2_control_test_nodes:/home/dr/amr-travelobot/ros_ws/install/bno055:/opt/ros/foxy /usr/bin/cmake --install /home/dr/amr-travelobot/ros_ws/build/rosbot_description
