[0.056s] Invoking command in '/home/dr/amr-travelobot/ros_ws/build/rosbot_description': CMAKE_PREFIX_PATH=/opt/ros/foxy /usr/bin/cmake --build /home/dr/amr-travelobot/ros_ws/build/rosbot_description -- -j4 -l4
[0.286s] Invoked command in '/home/dr/amr-travelobot/ros_ws/build/rosbot_description' returned '0': CMAKE_PREFIX_PATH=/opt/ros/foxy /usr/bin/cmake --build /home/dr/amr-travelobot/ros_ws/build/rosbot_description -- -j4 -l4
[0.396s] Invoking command in '/home/dr/amr-travelobot/ros_ws/build/rosbot_description': CMAKE_PREFIX_PATH=/opt/ros/foxy /usr/bin/cmake --install /home/dr/amr-travelobot/ros_ws/build/rosbot_description
[0.435s] -- Install configuration: ""
[0.437s] -- Up-to-date: /home/dr/amr-travelobot/ros_ws/install/rosbot_description/share/rosbot_description/config
[0.440s] -- Up-to-date: /home/dr/amr-travelobot/ros_ws/install/rosbot_description/share/rosbot_description/config/navigation.yaml
[0.443s] -- Up-to-date: /home/dr/amr-travelobot/ros_ws/install/rosbot_description/share/rosbot_description/config/ekf2.yaml
[0.444s] -- Up-to-date: /home/dr/amr-travelobot/ros_ws/install/rosbot_description/share/rosbot_description/config/slam_toolbox_localization.yaml
[0.445s] -- Up-to-date: /home/dr/amr-travelobot/ros_ws/install/rosbot_description/share/rosbot_description/config/teleop_bluetooth.yaml
[0.446s] -- Up-to-date: /home/dr/amr-travelobot/ros_ws/install/rosbot_description/share/rosbot_description/config/slam_toolbox_mapping.yaml
[0.447s] -- Up-to-date: /home/dr/amr-travelobot/ros_ws/install/rosbot_description/share/rosbot_description/config/diff_drive_controller.yaml
[0.448s] -- Up-to-date: /home/dr/amr-travelobot/ros_ws/install/rosbot_description/share/rosbot_description/config/bno055.yaml
[0.448s] -- Up-to-date: /home/dr/amr-travelobot/ros_ws/install/rosbot_description/share/rosbot_description/config/navigate_w_replanning_and_recovery.xml
[0.449s] -- Up-to-date: /home/dr/amr-travelobot/ros_ws/install/rosbot_description/share/rosbot_description/config/ekf.yaml
[0.450s] -- Up-to-date: /home/dr/amr-travelobot/ros_ws/install/rosbot_description/share/rosbot_description/config/localization.yaml
[0.451s] -- Up-to-date: /home/dr/amr-travelobot/ros_ws/install/rosbot_description/share/rosbot_description/config/teleop_usb.yaml
[0.452s] -- Up-to-date: /home/dr/amr-travelobot/ros_ws/install/rosbot_description/share/rosbot_description/config/slam_toolbox_lifelong.yaml
[0.453s] -- Up-to-date: /home/dr/amr-travelobot/ros_ws/install/rosbot_description/share/rosbot_description/rviz
[0.456s] -- Up-to-date: /home/dr/amr-travelobot/ros_ws/install/rosbot_description/share/rosbot_description/rviz/rosbot.rviz
[0.457s] -- Up-to-date: /home/dr/amr-travelobot/ros_ws/install/rosbot_description/share/rosbot_description/gazebo
[0.467s] -- Up-to-date: /home/dr/amr-travelobot/ros_ws/install/rosbot_description/share/rosbot_description/gazebo/rosbot.materials.xacro
[0.468s] -- Up-to-date: /home/dr/amr-travelobot/ros_ws/install/rosbot_description/share/rosbot_description/gazebo/rosbot.gazebo.xacro
[0.469s] -- Up-to-date: /home/dr/amr-travelobot/ros_ws/install/rosbot_description/share/rosbot_description/ros2_control
[0.472s] -- Up-to-date: /home/dr/amr-travelobot/ros_ws/install/rosbot_description/share/rosbot_description/ros2_control/rosbot_system.ros2_control.xacro
[0.473s] -- Up-to-date: /home/dr/amr-travelobot/ros_ws/install/rosbot_description/share/rosbot_description/urdf
[0.475s] -- Up-to-date: /home/dr/amr-travelobot/ros_ws/install/rosbot_description/share/rosbot_description/urdf/rosbot_links.urdf.xacro
[0.475s] -- Up-to-date: /home/dr/amr-travelobot/ros_ws/install/rosbot_description/share/rosbot_description/urdf/inertia.urdf.xacro
[0.476s] -- Up-to-date: /home/dr/amr-travelobot/ros_ws/install/rosbot_description/share/rosbot_description/urdf/rosbot.urdf.xacro
[0.477s] -- Up-to-date: /home/dr/amr-travelobot/ros_ws/install/rosbot_description/share/rosbot_description/world
[0.479s] -- Up-to-date: /home/dr/amr-travelobot/ros_ws/install/rosbot_description/share/rosbot_description/world/office.sdf
[0.480s] -- Up-to-date: /home/dr/amr-travelobot/ros_ws/install/rosbot_description/share/rosbot_description/world/simple.sdf
[0.481s] -- Up-to-date: /home/dr/amr-travelobot/ros_ws/install/rosbot_description/share/rosbot_description/map
[0.483s] -- Up-to-date: /home/dr/amr-travelobot/ros_ws/install/rosbot_description/share/rosbot_description/map/office.posegraph
[0.483s] -- Up-to-date: /home/dr/amr-travelobot/ros_ws/install/rosbot_description/share/rosbot_description/map/office.data
[0.485s] -- Up-to-date: /home/dr/amr-travelobot/ros_ws/install/rosbot_description/share/rosbot_description/map/office.pgm
[0.485s] -- Up-to-date: /home/dr/amr-travelobot/ros_ws/install/rosbot_description/share/rosbot_description/map/office.yaml
[0.489s] -- Up-to-date: /home/dr/amr-travelobot/ros_ws/install/rosbot_description/share/ament_index/resource_index/package_run_dependencies/rosbot_description
[0.490s] -- Up-to-date: /home/dr/amr-travelobot/ros_ws/install/rosbot_description/share/ament_index/resource_index/parent_prefix_path/rosbot_description
[0.490s] -- Up-to-date: /home/dr/amr-travelobot/ros_ws/install/rosbot_description/share/rosbot_description/environment/ament_prefix_path.sh
[0.493s] -- Up-to-date: /home/dr/amr-travelobot/ros_ws/install/rosbot_description/share/rosbot_description/environment/ament_prefix_path.dsv
[0.493s] -- Up-to-date: /home/dr/amr-travelobot/ros_ws/install/rosbot_description/share/rosbot_description/environment/path.sh
[0.494s] -- Up-to-date: /home/dr/amr-travelobot/ros_ws/install/rosbot_description/share/rosbot_description/environment/path.dsv
[0.494s] -- Up-to-date: /home/dr/amr-travelobot/ros_ws/install/rosbot_description/share/rosbot_description/local_setup.bash
[0.497s] -- Up-to-date: /home/dr/amr-travelobot/ros_ws/install/rosbot_description/share/rosbot_description/local_setup.sh
[0.497s] -- Up-to-date: /home/dr/amr-travelobot/ros_ws/install/rosbot_description/share/rosbot_description/local_setup.zsh
[0.498s] -- Up-to-date: /home/dr/amr-travelobot/ros_ws/install/rosbot_description/share/rosbot_description/local_setup.dsv
[0.498s] -- Installing: /home/dr/amr-travelobot/ros_ws/install/rosbot_description/share/rosbot_description/package.dsv
[0.500s] -- Up-to-date: /home/dr/amr-travelobot/ros_ws/install/rosbot_description/share/ament_index/resource_index/packages/rosbot_description
[0.504s] -- Up-to-date: /home/dr/amr-travelobot/ros_ws/install/rosbot_description/share/rosbot_description/cmake/rosbot_descriptionConfig.cmake
[0.504s] -- Up-to-date: /home/dr/amr-travelobot/ros_ws/install/rosbot_description/share/rosbot_description/cmake/rosbot_descriptionConfig-version.cmake
[0.505s] -- Up-to-date: /home/dr/amr-travelobot/ros_ws/install/rosbot_description/share/rosbot_description/package.xml
[0.523s] Invoked command in '/home/dr/amr-travelobot/ros_ws/build/rosbot_description' returned '0': CMAKE_PREFIX_PATH=/opt/ros/foxy /usr/bin/cmake --install /home/dr/amr-travelobot/ros_ws/build/rosbot_description
