[0.198s] Invoking command in '/home/dr/amr-travelobot/ros_ws/build/odrive_description': CMAKE_PREFIX_PATH=${CMAKE_PREFIX_PATH}:/home/dr/amr-travelobot/ros_ws/install/ros2_control_test_nodes:/home/dr/amr-travelobot/ros_ws/install/bno055:/opt/ros/foxy /usr/bin/cmake --build /home/dr/amr-travelobot/ros_ws/build/odrive_description -- -j4 -l4
[0.391s] Invoked command in '/home/dr/amr-travelobot/ros_ws/build/odrive_description' returned '0': CMAKE_PREFIX_PATH=${CMAKE_PREFIX_PATH}:/home/dr/amr-travelobot/ros_ws/install/ros2_control_test_nodes:/home/dr/amr-travelobot/ros_ws/install/bno055:/opt/ros/foxy /usr/bin/cmake --build /home/dr/amr-travelobot/ros_ws/build/odrive_description -- -j4 -l4
[0.538s] Invoking command in '/home/dr/amr-travelobot/ros_ws/build/odrive_description': CMAKE_PREFIX_PATH=${CMAKE_PREFIX_PATH}:/home/dr/amr-travelobot/ros_ws/install/ros2_control_test_nodes:/home/dr/amr-travelobot/ros_ws/install/bno055:/opt/ros/foxy /usr/bin/cmake --install /home/dr/amr-travelobot/ros_ws/build/odrive_description
[0.611s] -- Install configuration: ""
[0.613s] -- Execute custom install script
[0.617s] -- Up-to-date symlink: /home/dr/amr-travelobot/ros_ws/install/odrive_description/share/odrive_description/urdf/odrive.ros2_control.xacro
[0.618s] -- Up-to-date symlink: /home/dr/amr-travelobot/ros_ws/install/odrive_description/share/odrive_description/urdf/odrive.urdf.xacro
[0.619s] -- Up-to-date symlink: /home/dr/amr-travelobot/ros_ws/install/odrive_description/share/ament_index/resource_index/package_run_dependencies/odrive_description
[0.621s] -- Up-to-date symlink: /home/dr/amr-travelobot/ros_ws/install/odrive_description/share/ament_index/resource_index/parent_prefix_path/odrive_description
[0.622s] -- Up-to-date symlink: /home/dr/amr-travelobot/ros_ws/install/odrive_description/share/odrive_description/environment/ament_prefix_path.sh
[0.623s] -- Up-to-date symlink: /home/dr/amr-travelobot/ros_ws/install/odrive_description/share/odrive_description/environment/ament_prefix_path.dsv
[0.625s] -- Up-to-date symlink: /home/dr/amr-travelobot/ros_ws/install/odrive_description/share/odrive_description/environment/path.sh
[0.626s] -- Up-to-date symlink: /home/dr/amr-travelobot/ros_ws/install/odrive_description/share/odrive_description/environment/path.dsv
[0.627s] -- Up-to-date symlink: /home/dr/amr-travelobot/ros_ws/install/odrive_description/share/odrive_description/local_setup.bash
[0.631s] -- Up-to-date symlink: /home/dr/amr-travelobot/ros_ws/install/odrive_description/share/odrive_description/local_setup.sh
[0.631s] -- Up-to-date symlink: /home/dr/amr-travelobot/ros_ws/install/odrive_description/share/odrive_description/local_setup.zsh
[0.632s] -- Up-to-date symlink: /home/dr/amr-travelobot/ros_ws/install/odrive_description/share/odrive_description/local_setup.dsv
[0.633s] -- Symlinking: /home/dr/amr-travelobot/ros_ws/install/odrive_description/share/odrive_description/package.dsv
[0.673s] -- Up-to-date symlink: /home/dr/amr-travelobot/ros_ws/install/odrive_description/share/ament_index/resource_index/packages/odrive_description
[0.675s] -- Up-to-date symlink: /home/dr/amr-travelobot/ros_ws/install/odrive_description/share/odrive_description/cmake/odrive_descriptionConfig.cmake
[0.675s] -- Up-to-date symlink: /home/dr/amr-travelobot/ros_ws/install/odrive_description/share/odrive_description/cmake/odrive_descriptionConfig-version.cmake
[0.676s] -- Up-to-date symlink: /home/dr/amr-travelobot/ros_ws/install/odrive_description/share/odrive_description/package.xml
[0.776s] Invoked command in '/home/dr/amr-travelobot/ros_ws/build/odrive_description' returned '0': CMAKE_PREFIX_PATH=${CMAKE_PREFIX_PATH}:/home/dr/amr-travelobot/ros_ws/install/ros2_control_test_nodes:/home/dr/amr-travelobot/ros_ws/install/bno055:/opt/ros/foxy /usr/bin/cmake --install /home/dr/amr-travelobot/ros_ws/build/odrive_description
