[0.216s] Invoking command in '/home/dr/amr-travelobot/ros_ws/build/teleop_twist_joy': CMAKE_PREFIX_PATH=${CMAKE_PREFIX_PATH}:/home/dr/amr-travelobot/ros_ws/install/bno055:/opt/ros/foxy /usr/bin/cmake --build /home/dr/amr-travelobot/ros_ws/build/teleop_twist_joy -- -j4 -l4
[0.507s] [ 50%] Built target teleop_twist_joy
[0.648s] [100%] Built target teleop_twist_joy_node
[0.822s] Invoked command in '/home/dr/amr-travelobot/ros_ws/build/teleop_twist_joy' returned '0': CMAKE_PREFIX_PATH=${CMAKE_PREFIX_PATH}:/home/dr/amr-travelobot/ros_ws/install/bno055:/opt/ros/foxy /usr/bin/cmake --build /home/dr/amr-travelobot/ros_ws/build/teleop_twist_joy -- -j4 -l4
[1.937s] Invoking command in '/home/dr/amr-travelobot/ros_ws/build/teleop_twist_joy': CMAKE_PREFIX_PATH=${CMAKE_PREFIX_PATH}:/home/dr/amr-travelobot/ros_ws/install/bno055:/opt/ros/foxy /usr/bin/cmake --install /home/dr/amr-travelobot/ros_ws/build/teleop_twist_joy
[1.972s] -- Install configuration: ""
[1.972s] -- Up-to-date: /home/dr/amr-travelobot/ros_ws/install/teleop_twist_joy/lib/libteleop_twist_joy.so
[1.974s] -- Up-to-date: /home/dr/amr-travelobot/ros_ws/install/teleop_twist_joy/lib/teleop_twist_joy/teleop_node
[1.975s] -- Up-to-date: /home/dr/amr-travelobot/ros_ws/install/teleop_twist_joy/include
[1.975s] -- Up-to-date: /home/dr/amr-travelobot/ros_ws/install/teleop_twist_joy/include/teleop_twist_joy
[1.977s] -- Up-to-date: /home/dr/amr-travelobot/ros_ws/install/teleop_twist_joy/include/teleop_twist_joy/teleop_twist_joy.hpp
[1.977s] -- Up-to-date: /home/dr/amr-travelobot/ros_ws/install/teleop_twist_joy/include/teleop_twist_joy/teleop_twist_joy_export.h
[1.978s] -- Up-to-date: /home/dr/amr-travelobot/ros_ws/install/teleop_twist_joy/share/teleop_twist_joy/launch
[1.978s] -- Up-to-date: /home/dr/amr-travelobot/ros_ws/install/teleop_twist_joy/share/teleop_twist_joy/launch/teleop.launch.py
[1.979s] -- Up-to-date: /home/dr/amr-travelobot/ros_ws/install/teleop_twist_joy/share/teleop_twist_joy/config
[1.979s] -- Up-to-date: /home/dr/amr-travelobot/ros_ws/install/teleop_twist_joy/share/teleop_twist_joy/config/ps3.config.yaml
[1.980s] -- Up-to-date: /home/dr/amr-travelobot/ros_ws/install/teleop_twist_joy/share/teleop_twist_joy/config/xd3.config.yaml
[1.991s] -- Up-to-date: /home/dr/amr-travelobot/ros_ws/install/teleop_twist_joy/share/teleop_twist_joy/config/atk3.config.yaml
[2.009s] -- Up-to-date: /home/dr/amr-travelobot/ros_ws/install/teleop_twist_joy/share/teleop_twist_joy/config/ps3-holonomic.config.yaml
[2.010s] -- Up-to-date: /home/dr/amr-travelobot/ros_ws/install/teleop_twist_joy/share/teleop_twist_joy/config/xbox_usb.config.yaml
[2.011s] -- Up-to-date: /home/dr/amr-travelobot/ros_ws/install/teleop_twist_joy/share/teleop_twist_joy/config/xbox.config.yaml
[2.012s] -- Up-to-date: /home/dr/amr-travelobot/ros_ws/install/teleop_twist_joy/share/teleop_twist_joy/environment/library_path.sh
[2.012s] -- Up-to-date: /home/dr/amr-travelobot/ros_ws/install/teleop_twist_joy/share/teleop_twist_joy/environment/library_path.dsv
[2.013s] -- Up-to-date: /home/dr/amr-travelobot/ros_ws/install/teleop_twist_joy/share/ament_index/resource_index/package_run_dependencies/teleop_twist_joy
[2.014s] -- Up-to-date: /home/dr/amr-travelobot/ros_ws/install/teleop_twist_joy/share/ament_index/resource_index/parent_prefix_path/teleop_twist_joy
[2.014s] -- Up-to-date: /home/dr/amr-travelobot/ros_ws/install/teleop_twist_joy/share/teleop_twist_joy/environment/ament_prefix_path.sh
[2.015s] -- Up-to-date: /home/dr/amr-travelobot/ros_ws/install/teleop_twist_joy/share/teleop_twist_joy/environment/ament_prefix_path.dsv
[2.016s] -- Up-to-date: /home/dr/amr-travelobot/ros_ws/install/teleop_twist_joy/share/teleop_twist_joy/environment/path.sh
[2.016s] -- Up-to-date: /home/dr/amr-travelobot/ros_ws/install/teleop_twist_joy/share/teleop_twist_joy/environment/path.dsv
[2.017s] -- Up-to-date: /home/dr/amr-travelobot/ros_ws/install/teleop_twist_joy/share/teleop_twist_joy/local_setup.bash
[2.017s] -- Up-to-date: /home/dr/amr-travelobot/ros_ws/install/teleop_twist_joy/share/teleop_twist_joy/local_setup.sh
[2.018s] -- Up-to-date: /home/dr/amr-travelobot/ros_ws/install/teleop_twist_joy/share/teleop_twist_joy/local_setup.zsh
[2.018s] -- Up-to-date: /home/dr/amr-travelobot/ros_ws/install/teleop_twist_joy/share/teleop_twist_joy/local_setup.dsv
[2.019s] -- Installing: /home/dr/amr-travelobot/ros_ws/install/teleop_twist_joy/share/teleop_twist_joy/package.dsv
[2.032s] -- Up-to-date: /home/dr/amr-travelobot/ros_ws/install/teleop_twist_joy/share/ament_index/resource_index/packages/teleop_twist_joy
[2.033s] -- Up-to-date: /home/dr/amr-travelobot/ros_ws/install/teleop_twist_joy/share/ament_index/resource_index/rclcpp_components/teleop_twist_joy
[2.033s] -- Up-to-date: /home/dr/amr-travelobot/ros_ws/install/teleop_twist_joy/share/teleop_twist_joy/cmake/ament_cmake_export_include_directories-extras.cmake
[2.035s] -- Up-to-date: /home/dr/amr-travelobot/ros_ws/install/teleop_twist_joy/share/teleop_twist_joy/cmake/ament_cmake_export_libraries-extras.cmake
[2.036s] -- Up-to-date: /home/dr/amr-travelobot/ros_ws/install/teleop_twist_joy/share/teleop_twist_joy/cmake/teleop_twist_joyConfig.cmake
[2.037s] -- Up-to-date: /home/dr/amr-travelobot/ros_ws/install/teleop_twist_joy/share/teleop_twist_joy/cmake/teleop_twist_joyConfig-version.cmake
[2.038s] -- Up-to-date: /home/dr/amr-travelobot/ros_ws/install/teleop_twist_joy/share/teleop_twist_joy/package.xml
[2.148s] Invoked command in '/home/dr/amr-travelobot/ros_ws/build/teleop_twist_joy' returned '0': CMAKE_PREFIX_PATH=${CMAKE_PREFIX_PATH}:/home/dr/amr-travelobot/ros_ws/install/bno055:/opt/ros/foxy /usr/bin/cmake --install /home/dr/amr-travelobot/ros_ws/build/teleop_twist_joy
