[0.275s] Invoking command in '/home/dr/amr-travelobot/ros_ws/build/teleop_twist_joy': CMAKE_PREFIX_PATH=${CMAKE_PREFIX_PATH}:/home/dr/amr-travelobot/ros_ws/install/bno055:/opt/ros/galactic /usr/bin/cmake --build /home/dr/amr-travelobot/ros_ws/build/teleop_twist_joy -- -j4 -l4
[0.570s] [ 50%] Built target teleop_twist_joy
[0.704s] [100%] Built target teleop_twist_joy_node
[1.874s] Invoked command in '/home/dr/amr-travelobot/ros_ws/build/teleop_twist_joy' returned '0': CMAKE_PREFIX_PATH=${CMAKE_PREFIX_PATH}:/home/dr/amr-travelobot/ros_ws/install/bno055:/opt/ros/galactic /usr/bin/cmake --build /home/dr/amr-travelobot/ros_ws/build/teleop_twist_joy -- -j4 -l4
[2.016s] Invoking command in '/home/dr/amr-travelobot/ros_ws/build/teleop_twist_joy': CMAKE_PREFIX_PATH=${CMAKE_PREFIX_PATH}:/home/dr/amr-travelobot/ros_ws/install/bno055:/opt/ros/galactic /usr/bin/cmake --install /home/dr/amr-travelobot/ros_ws/build/teleop_twist_joy
[2.083s] -- Install configuration: ""
[2.083s] -- Installing: /home/dr/amr-travelobot/ros_ws/install/teleop_twist_joy/lib/libteleop_twist_joy.so
[2.122s] -- Set runtime path of "/home/dr/amr-travelobot/ros_ws/install/teleop_twist_joy/lib/libteleop_twist_joy.so" to ""
[2.123s] -- Installing: /home/dr/amr-travelobot/ros_ws/install/teleop_twist_joy/lib/teleop_twist_joy/teleop_node
[2.127s] -- Set runtime path of "/home/dr/amr-travelobot/ros_ws/install/teleop_twist_joy/lib/teleop_twist_joy/teleop_node" to ""
[2.130s] -- Installing: /home/dr/amr-travelobot/ros_ws/install/teleop_twist_joy/include
[2.130s] -- Installing: /home/dr/amr-travelobot/ros_ws/install/teleop_twist_joy/include/teleop_twist_joy
[2.131s] -- Installing: /home/dr/amr-travelobot/ros_ws/install/teleop_twist_joy/include/teleop_twist_joy/teleop_twist_joy.hpp
[2.132s] -- Installing: /home/dr/amr-travelobot/ros_ws/install/teleop_twist_joy/include/teleop_twist_joy/teleop_twist_joy_export.h
[2.133s] -- Installing: /home/dr/amr-travelobot/ros_ws/install/teleop_twist_joy/share/teleop_twist_joy/launch
[2.134s] -- Installing: /home/dr/amr-travelobot/ros_ws/install/teleop_twist_joy/share/teleop_twist_joy/launch/teleop.launch.py
[2.135s] -- Installing: /home/dr/amr-travelobot/ros_ws/install/teleop_twist_joy/share/teleop_twist_joy/config
[2.136s] -- Installing: /home/dr/amr-travelobot/ros_ws/install/teleop_twist_joy/share/teleop_twist_joy/config/ps3.config.yaml
[2.140s] -- Installing: /home/dr/amr-travelobot/ros_ws/install/teleop_twist_joy/share/teleop_twist_joy/config/xd3.config.yaml
[2.143s] -- Installing: /home/dr/amr-travelobot/ros_ws/install/teleop_twist_joy/share/teleop_twist_joy/config/atk3.config.yaml
[2.144s] -- Installing: /home/dr/amr-travelobot/ros_ws/install/teleop_twist_joy/share/teleop_twist_joy/config/ps3-holonomic.config.yaml
[2.145s] -- Installing: /home/dr/amr-travelobot/ros_ws/install/teleop_twist_joy/share/teleop_twist_joy/config/xbox_usb.config.yaml
[2.146s] -- Installing: /home/dr/amr-travelobot/ros_ws/install/teleop_twist_joy/share/teleop_twist_joy/config/xbox.config.yaml
[2.146s] -- Installing: /home/dr/amr-travelobot/ros_ws/install/teleop_twist_joy/share/teleop_twist_joy/environment/library_path.sh
[2.147s] -- Installing: /home/dr/amr-travelobot/ros_ws/install/teleop_twist_joy/share/teleop_twist_joy/environment/library_path.dsv
[2.147s] -- Installing: /home/dr/amr-travelobot/ros_ws/install/teleop_twist_joy/share/ament_index/resource_index/package_run_dependencies/teleop_twist_joy
[2.149s] -- Installing: /home/dr/amr-travelobot/ros_ws/install/teleop_twist_joy/share/ament_index/resource_index/parent_prefix_path/teleop_twist_joy
[2.150s] -- Installing: /home/dr/amr-travelobot/ros_ws/install/teleop_twist_joy/share/teleop_twist_joy/environment/ament_prefix_path.sh
[2.151s] -- Installing: /home/dr/amr-travelobot/ros_ws/install/teleop_twist_joy/share/teleop_twist_joy/environment/ament_prefix_path.dsv
[2.151s] -- Installing: /home/dr/amr-travelobot/ros_ws/install/teleop_twist_joy/share/teleop_twist_joy/environment/path.sh
[2.152s] -- Installing: /home/dr/amr-travelobot/ros_ws/install/teleop_twist_joy/share/teleop_twist_joy/environment/path.dsv
[2.152s] -- Installing: /home/dr/amr-travelobot/ros_ws/install/teleop_twist_joy/share/teleop_twist_joy/local_setup.bash
[2.153s] -- Installing: /home/dr/amr-travelobot/ros_ws/install/teleop_twist_joy/share/teleop_twist_joy/local_setup.sh
[2.153s] -- Installing: /home/dr/amr-travelobot/ros_ws/install/teleop_twist_joy/share/teleop_twist_joy/local_setup.zsh
[2.155s] -- Installing: /home/dr/amr-travelobot/ros_ws/install/teleop_twist_joy/share/teleop_twist_joy/local_setup.dsv
[2.156s] -- Installing: /home/dr/amr-travelobot/ros_ws/install/teleop_twist_joy/share/teleop_twist_joy/package.dsv
[2.157s] -- Installing: /home/dr/amr-travelobot/ros_ws/install/teleop_twist_joy/share/ament_index/resource_index/packages/teleop_twist_joy
[2.158s] -- Installing: /home/dr/amr-travelobot/ros_ws/install/teleop_twist_joy/share/ament_index/resource_index/rclcpp_components/teleop_twist_joy
[2.159s] -- Installing: /home/dr/amr-travelobot/ros_ws/install/teleop_twist_joy/share/teleop_twist_joy/cmake/ament_cmake_export_include_directories-extras.cmake
[2.160s] -- Installing: /home/dr/amr-travelobot/ros_ws/install/teleop_twist_joy/share/teleop_twist_joy/cmake/ament_cmake_export_libraries-extras.cmake
[2.161s] -- Installing: /home/dr/amr-travelobot/ros_ws/install/teleop_twist_joy/share/teleop_twist_joy/cmake/teleop_twist_joyConfig.cmake
[2.163s] -- Installing: /home/dr/amr-travelobot/ros_ws/install/teleop_twist_joy/share/teleop_twist_joy/cmake/teleop_twist_joyConfig-version.cmake
[2.163s] -- Installing: /home/dr/amr-travelobot/ros_ws/install/teleop_twist_joy/share/teleop_twist_joy/package.xml
