[4.783s] Invoking command in '/home/dr/amr-travelobot/ros_ws/src/bno055': PYTHONPATH=/home/dr/amr-travelobot/ros_ws/install/bno055/lib/python3.8/site-packages:${PYTHONPATH} /usr/bin/python3 setup.py egg_info --egg-base ../../build/bno055 build --build-base /home/dr/amr-travelobot/ros_ws/build/bno055/build install --prefix /home/dr/amr-travelobot/ros_ws/install/bno055 --record /home/dr/amr-travelobot/ros_ws/build/bno055/install.log --single-version-externally-managed
[6.008s] running egg_info
[6.011s] writing ../../build/bno055/bno055.egg-info/PKG-INFO
[6.014s] writing dependency_links to ../../build/bno055/bno055.egg-info/dependency_links.txt
[6.015s] writing entry points to ../../build/bno055/bno055.egg-info/entry_points.txt
[6.016s] writing requirements to ../../build/bno055/bno055.egg-info/requires.txt
[6.017s] writing top-level names to ../../build/bno055/bno055.egg-info/top_level.txt
[6.207s] reading manifest file '../../build/bno055/bno055.egg-info/SOURCES.txt'
[6.214s] writing manifest file '../../build/bno055/bno055.egg-info/SOURCES.txt'
[6.215s] running build
[6.216s] running build_py
[6.227s] running install
[6.231s] running install_lib
[6.246s] running install_data
[6.250s] running install_egg_info
[6.257s] removing '/home/dr/amr-travelobot/ros_ws/install/bno055/lib/python3.8/site-packages/bno055-0.1.0-py3.8.egg-info' (and everything under it)
[6.258s] Copying ../../build/bno055/bno055.egg-info to /home/dr/amr-travelobot/ros_ws/install/bno055/lib/python3.8/site-packages/bno055-0.1.0-py3.8.egg-info
[6.264s] running install_scripts
[6.346s] Installing bno055 script to /home/dr/amr-travelobot/ros_ws/install/bno055/lib/bno055
[6.350s] writing list of installed files to '/home/dr/amr-travelobot/ros_ws/build/bno055/install.log'
[6.474s] Invoked command in '/home/dr/amr-travelobot/ros_ws/src/bno055' returned '0': PYTHONPATH=/home/dr/amr-travelobot/ros_ws/install/bno055/lib/python3.8/site-packages:${PYTHONPATH} /usr/bin/python3 setup.py egg_info --egg-base ../../build/bno055 build --build-base /home/dr/amr-travelobot/ros_ws/build/bno055/build install --prefix /home/dr/amr-travelobot/ros_ws/install/bno055 --record /home/dr/amr-travelobot/ros_ws/build/bno055/install.log --single-version-externally-managed
