[0.220s] Invoking command in '/home/dr/amr-travelobot/ros_ws/build/rplidar_ros2': CMAKE_PREFIX_PATH=${CMAKE_PREFIX_PATH}:/home/dr/amr-travelobot/ros_ws/install/bno055:/opt/ros/galactic /usr/bin/cmake --build /home/dr/amr-travelobot/ros_ws/build/rplidar_ros2 -- -j4 -l4
[0.769s] [100%] Built target rplidar_scan_publisher
[0.944s] Invoked command in '/home/dr/amr-travelobot/ros_ws/build/rplidar_ros2' returned '0': CMAKE_PREFIX_PATH=${CMAKE_PREFIX_PATH}:/home/dr/amr-travelobot/ros_ws/install/bno055:/opt/ros/galactic /usr/bin/cmake --build /home/dr/amr-travelobot/ros_ws/build/rplidar_ros2 -- -j4 -l4
[1.247s] Invoking command in '/home/dr/amr-travelobot/ros_ws/build/rplidar_ros2': CMAKE_PREFIX_PATH=${CMAKE_PREFIX_PATH}:/home/dr/amr-travelobot/ros_ws/install/bno055:/opt/ros/galactic /usr/bin/cmake --install /home/dr/amr-travelobot/ros_ws/build/rplidar_ros2
[1.334s] -- Install configuration: ""
[1.335s] -- Up-to-date: /home/dr/amr-travelobot/ros_ws/install/rplidar_ros2/share/rplidar_ros2/launch
[1.335s] -- Up-to-date: /home/dr/amr-travelobot/ros_ws/install/rplidar_ros2/share/rplidar_ros2/launch/view_rplidar_s1_tcp_launch.py
[1.336s] -- Up-to-date: /home/dr/amr-travelobot/ros_ws/install/rplidar_ros2/share/rplidar_ros2/launch/view_rplidar_launch.py
[1.337s] -- Up-to-date: /home/dr/amr-travelobot/ros_ws/install/rplidar_ros2/share/rplidar_ros2/launch/rplidar_s1_launch.py
[1.338s] -- Up-to-date: /home/dr/amr-travelobot/ros_ws/install/rplidar_ros2/share/rplidar_ros2/launch/view_rplidar_a3_launch.py
[1.338s] -- Up-to-date: /home/dr/amr-travelobot/ros_ws/install/rplidar_ros2/share/rplidar_ros2/launch/view_rplidar_s1_launch.py
[1.339s] -- Up-to-date: /home/dr/amr-travelobot/ros_ws/install/rplidar_ros2/share/rplidar_ros2/launch/rplidar_launch.py
[1.339s] -- Up-to-date: /home/dr/amr-travelobot/ros_ws/install/rplidar_ros2/share/rplidar_ros2/launch/rviz.py
[1.340s] -- Up-to-date: /home/dr/amr-travelobot/ros_ws/install/rplidar_ros2/share/rplidar_ros2/launch/rplidar_s1_tcp_launch.py
[1.340s] -- Up-to-date: /home/dr/amr-travelobot/ros_ws/install/rplidar_ros2/share/rplidar_ros2/launch/rplidar_a3_launch.py
[1.341s] -- Up-to-date: /home/dr/amr-travelobot/ros_ws/install/rplidar_ros2/share/rplidar_ros2/rviz
[1.341s] -- Up-to-date: /home/dr/amr-travelobot/ros_ws/install/rplidar_ros2/share/rplidar_ros2/rviz/rplidar_ros2.rviz
[1.342s] -- Up-to-date: /home/dr/amr-travelobot/ros_ws/install/rplidar_ros2/lib/rplidar_ros2/rplidar_scan_publisher
[1.343s] -- Up-to-date: /home/dr/amr-travelobot/ros_ws/install/rplidar_ros2/share/ament_index/resource_index/package_run_dependencies/rplidar_ros2
[1.344s] -- Up-to-date: /home/dr/amr-travelobot/ros_ws/install/rplidar_ros2/share/ament_index/resource_index/parent_prefix_path/rplidar_ros2
[1.344s] -- Up-to-date: /home/dr/amr-travelobot/ros_ws/install/rplidar_ros2/share/rplidar_ros2/environment/ament_prefix_path.sh
[1.345s] -- Up-to-date: /home/dr/amr-travelobot/ros_ws/install/rplidar_ros2/share/rplidar_ros2/environment/ament_prefix_path.dsv
[1.347s] -- Up-to-date: /home/dr/amr-travelobot/ros_ws/install/rplidar_ros2/share/rplidar_ros2/environment/path.sh
[1.353s] -- Up-to-date: /home/dr/amr-travelobot/ros_ws/install/rplidar_ros2/share/rplidar_ros2/environment/path.dsv
[1.354s] -- Up-to-date: /home/dr/amr-travelobot/ros_ws/install/rplidar_ros2/share/rplidar_ros2/local_setup.bash
[1.355s] -- Up-to-date: /home/dr/amr-travelobot/ros_ws/install/rplidar_ros2/share/rplidar_ros2/local_setup.sh
[1.355s] -- Up-to-date: /home/dr/amr-travelobot/ros_ws/install/rplidar_ros2/share/rplidar_ros2/local_setup.zsh
[1.356s] -- Up-to-date: /home/dr/amr-travelobot/ros_ws/install/rplidar_ros2/share/rplidar_ros2/local_setup.dsv
[1.356s] -- Installing: /home/dr/amr-travelobot/ros_ws/install/rplidar_ros2/share/rplidar_ros2/package.dsv
[1.359s] -- Up-to-date: /home/dr/amr-travelobot/ros_ws/install/rplidar_ros2/share/ament_index/resource_index/packages/rplidar_ros2
[1.359s] -- Up-to-date: /home/dr/amr-travelobot/ros_ws/install/rplidar_ros2/share/rplidar_ros2/cmake/ament_cmake_export_dependencies-extras.cmake
[1.361s] -- Up-to-date: /home/dr/amr-travelobot/ros_ws/install/rplidar_ros2/share/rplidar_ros2/cmake/ament_cmake_export_include_directories-extras.cmake
[1.363s] -- Up-to-date: /home/dr/amr-travelobot/ros_ws/install/rplidar_ros2/share/rplidar_ros2/cmake/rplidar_ros2Config.cmake
[1.364s] -- Up-to-date: /home/dr/amr-travelobot/ros_ws/install/rplidar_ros2/share/rplidar_ros2/cmake/rplidar_ros2Config-version.cmake
[1.386s] -- Up-to-date: /home/dr/amr-travelobot/ros_ws/install/rplidar_ros2/share/rplidar_ros2/package.xml
[1.394s] Invoked command in '/home/dr/amr-travelobot/ros_ws/build/rplidar_ros2' returned '0': CMAKE_PREFIX_PATH=${CMAKE_PREFIX_PATH}:/home/dr/amr-travelobot/ros_ws/install/bno055:/opt/ros/galactic /usr/bin/cmake --install /home/dr/amr-travelobot/ros_ws/build/rplidar_ros2
