[4.449s] Invoking command in '/home/dr/amr-travelobot/ros_ws/src/bno055': PYTHONPATH=/home/dr/amr-travelobot/ros_ws/install/bno055/lib/python3.8/site-packages:${PYTHONPATH} /usr/bin/python3 setup.py egg_info --egg-base ../../build/bno055 build --build-base /home/dr/amr-travelobot/ros_ws/build/bno055/build install --prefix /home/dr/amr-travelobot/ros_ws/install/bno055 --record /home/dr/amr-travelobot/ros_ws/build/bno055/install.log --single-version-externally-managed
[5.733s] running egg_info
[5.736s] writing ../../build/bno055/bno055.egg-info/PKG-INFO
[5.738s] writing dependency_links to ../../build/bno055/bno055.egg-info/dependency_links.txt
[5.739s] writing entry points to ../../build/bno055/bno055.egg-info/entry_points.txt
[5.740s] writing requirements to ../../build/bno055/bno055.egg-info/requires.txt
[5.740s] writing top-level names to ../../build/bno055/bno055.egg-info/top_level.txt
[5.939s] reading manifest file '../../build/bno055/bno055.egg-info/SOURCES.txt'
[5.944s] writing manifest file '../../build/bno055/bno055.egg-info/SOURCES.txt'
[5.944s] running build
[5.945s] running build_py
[5.953s] running install
[5.956s] running install_lib
[5.967s] running install_data
[5.994s] running install_egg_info
[5.994s] removing '/home/dr/amr-travelobot/ros_ws/install/bno055/lib/python3.8/site-packages/bno055-0.1.0-py3.8.egg-info' (and everything under it)
[5.995s] Copying ../../build/bno055/bno055.egg-info to /home/dr/amr-travelobot/ros_ws/install/bno055/lib/python3.8/site-packages/bno055-0.1.0-py3.8.egg-info
[5.995s] running install_scripts
[6.070s] Installing bno055 script to /home/dr/amr-travelobot/ros_ws/install/bno055/lib/bno055
[6.082s] writing list of installed files to '/home/dr/amr-travelobot/ros_ws/build/bno055/install.log'
[6.262s] Invoked command in '/home/dr/amr-travelobot/ros_ws/src/bno055' returned '0': PYTHONPATH=/home/dr/amr-travelobot/ros_ws/install/bno055/lib/python3.8/site-packages:${PYTHONPATH} /usr/bin/python3 setup.py egg_info --egg-base ../../build/bno055 build --build-base /home/dr/amr-travelobot/ros_ws/build/bno055/build install --prefix /home/dr/amr-travelobot/ros_ws/install/bno055 --record /home/dr/amr-travelobot/ros_ws/build/bno055/install.log --single-version-externally-managed
