[1.225s] Invoking command in '/home/dr/amr-travelobot/ros_ws/build/rrbot_description': CMAKE_PREFIX_PATH=${CMAKE_PREFIX_PATH}:/home/dr/amr-travelobot/ros_ws/install/ros2_control_test_nodes:/home/dr/amr-travelobot/ros_ws/install/bno055:/opt/ros/foxy /usr/bin/cmake --build /home/dr/amr-travelobot/ros_ws/build/rrbot_description -- -j4 -l4
[1.496s] Invoked command in '/home/dr/amr-travelobot/ros_ws/build/rrbot_description' returned '0': CMAKE_PREFIX_PATH=${CMAKE_PREFIX_PATH}:/home/dr/amr-travelobot/ros_ws/install/ros2_control_test_nodes:/home/dr/amr-travelobot/ros_ws/install/bno055:/opt/ros/foxy /usr/bin/cmake --build /home/dr/amr-travelobot/ros_ws/build/rrbot_description -- -j4 -l4
[1.654s] Invoking command in '/home/dr/amr-travelobot/ros_ws/build/rrbot_description': CMAKE_PREFIX_PATH=${CMAKE_PREFIX_PATH}:/home/dr/amr-travelobot/ros_ws/install/ros2_control_test_nodes:/home/dr/amr-travelobot/ros_ws/install/bno055:/opt/ros/foxy /usr/bin/cmake --install /home/dr/amr-travelobot/ros_ws/build/rrbot_description
[1.695s] -- Install configuration: ""
[1.697s] -- Execute custom install script
[1.700s] -- Up-to-date symlink: /home/dr/amr-travelobot/ros_ws/install/rrbot_description/share/rrbot_description/config/rrbot.rviz
[1.701s] -- Up-to-date symlink: /home/dr/amr-travelobot/ros_ws/install/rrbot_description/share/rrbot_description/gazebo/rrbot.gazebo.xacro
[1.703s] -- Up-to-date symlink: /home/dr/amr-travelobot/ros_ws/install/rrbot_description/share/rrbot_description/gazebo/rrbot.materials.xacro
[1.704s] -- Up-to-date symlink: /home/dr/amr-travelobot/ros_ws/install/rrbot_description/share/rrbot_description/meshes/hokuyo.dae
[1.706s] -- Up-to-date symlink: /home/dr/amr-travelobot/ros_ws/install/rrbot_description/share/rrbot_description/launch/view_robot.launch.py
[1.708s] -- Up-to-date symlink: /home/dr/amr-travelobot/ros_ws/install/rrbot_description/share/rrbot_description/ros2_control/rrbot.ros2_control.xacro
[1.709s] -- Up-to-date symlink: /home/dr/amr-travelobot/ros_ws/install/rrbot_description/share/rrbot_description/ros2_control/rrbot_system_multi_interface.ros2_control.xacro
[1.710s] -- Up-to-date symlink: /home/dr/amr-travelobot/ros_ws/install/rrbot_description/share/rrbot_description/ros2_control/rrbot_system_position_only.ros2_control.xacro
[1.711s] -- Up-to-date symlink: /home/dr/amr-travelobot/ros_ws/install/rrbot_description/share/rrbot_description/ros2_control/rrbot_system_with_sensor.ros2_control.xacro
[1.713s] -- Up-to-date symlink: /home/dr/amr-travelobot/ros_ws/install/rrbot_description/share/rrbot_description/urdf/rrbot.urdf.xacro
[1.714s] -- Up-to-date symlink: /home/dr/amr-travelobot/ros_ws/install/rrbot_description/share/rrbot_description/urdf/rrbot_description.urdf.xacro
[1.714s] -- Up-to-date symlink: /home/dr/amr-travelobot/ros_ws/install/rrbot_description/share/rrbot_description/urdf/rrbot_system_multi_interface.urdf.xacro
[1.715s] -- Up-to-date symlink: /home/dr/amr-travelobot/ros_ws/install/rrbot_description/share/rrbot_description/urdf/rrbot_system_position_only.urdf.xacro
[1.716s] -- Up-to-date symlink: /home/dr/amr-travelobot/ros_ws/install/rrbot_description/share/rrbot_description/urdf/rrbot_system_with_sensor.urdf.xacro
[1.717s] -- Up-to-date symlink: /home/dr/amr-travelobot/ros_ws/install/rrbot_description/share/rrbot_description/environment/rrbot_description.dsv
[1.721s] -- Up-to-date symlink: /home/dr/amr-travelobot/ros_ws/install/rrbot_description/share/ament_index/resource_index/package_run_dependencies/rrbot_description
[1.722s] -- Up-to-date symlink: /home/dr/amr-travelobot/ros_ws/install/rrbot_description/share/ament_index/resource_index/parent_prefix_path/rrbot_description
[1.723s] -- Up-to-date symlink: /home/dr/amr-travelobot/ros_ws/install/rrbot_description/share/rrbot_description/environment/ament_prefix_path.sh
[1.724s] -- Up-to-date symlink: /home/dr/amr-travelobot/ros_ws/install/rrbot_description/share/rrbot_description/environment/ament_prefix_path.dsv
[1.725s] -- Up-to-date symlink: /home/dr/amr-travelobot/ros_ws/install/rrbot_description/share/rrbot_description/environment/path.sh
[1.726s] -- Up-to-date symlink: /home/dr/amr-travelobot/ros_ws/install/rrbot_description/share/rrbot_description/environment/path.dsv
[1.727s] -- Up-to-date symlink: /home/dr/amr-travelobot/ros_ws/install/rrbot_description/share/rrbot_description/local_setup.bash
[1.729s] -- Up-to-date symlink: /home/dr/amr-travelobot/ros_ws/install/rrbot_description/share/rrbot_description/local_setup.sh
[1.730s] -- Up-to-date symlink: /home/dr/amr-travelobot/ros_ws/install/rrbot_description/share/rrbot_description/local_setup.zsh
[1.731s] -- Up-to-date symlink: /home/dr/amr-travelobot/ros_ws/install/rrbot_description/share/rrbot_description/local_setup.dsv
[1.732s] -- Symlinking: /home/dr/amr-travelobot/ros_ws/install/rrbot_description/share/rrbot_description/package.dsv
[1.779s] -- Up-to-date symlink: /home/dr/amr-travelobot/ros_ws/install/rrbot_description/share/ament_index/resource_index/packages/rrbot_description
[1.780s] -- Up-to-date symlink: /home/dr/amr-travelobot/ros_ws/install/rrbot_description/share/rrbot_description/cmake/rrbot_descriptionConfig.cmake
[1.780s] -- Up-to-date symlink: /home/dr/amr-travelobot/ros_ws/install/rrbot_description/share/rrbot_description/cmake/rrbot_descriptionConfig-version.cmake
[1.781s] -- Up-to-date symlink: /home/dr/amr-travelobot/ros_ws/install/rrbot_description/share/rrbot_description/package.xml
[1.799s] Invoked command in '/home/dr/amr-travelobot/ros_ws/build/rrbot_description' returned '0': CMAKE_PREFIX_PATH=${CMAKE_PREFIX_PATH}:/home/dr/amr-travelobot/ros_ws/install/ros2_control_test_nodes:/home/dr/amr-travelobot/ros_ws/install/bno055:/opt/ros/foxy /usr/bin/cmake --install /home/dr/amr-travelobot/ros_ws/build/rrbot_description
