[0.232s] Invoking command in '/home/dr/amr-travelobot/ros_ws/build/ros2_control_demo_hardware': CMAKE_PREFIX_PATH=${CMAKE_PREFIX_PATH}:/home/dr/amr-travelobot/ros_ws/install/ros2_control_test_nodes:/home/dr/amr-travelobot/ros_ws/install/bno055:/opt/ros/foxy /usr/bin/cmake --build /home/dr/amr-travelobot/ros_ws/build/ros2_control_demo_hardware -- -j4 -l4
[0.601s] [100%] Built target ros2_control_demo_hardware
[0.678s] Invoked command in '/home/dr/amr-travelobot/ros_ws/build/ros2_control_demo_hardware' returned '0': CMAKE_PREFIX_PATH=${CMAKE_PREFIX_PATH}:/home/dr/amr-travelobot/ros_ws/install/ros2_control_test_nodes:/home/dr/amr-travelobot/ros_ws/install/bno055:/opt/ros/foxy /usr/bin/cmake --build /home/dr/amr-travelobot/ros_ws/build/ros2_control_demo_hardware -- -j4 -l4
[0.940s] Invoking command in '/home/dr/amr-travelobot/ros_ws/build/ros2_control_demo_hardware': CMAKE_PREFIX_PATH=${CMAKE_PREFIX_PATH}:/home/dr/amr-travelobot/ros_ws/install/ros2_control_test_nodes:/home/dr/amr-travelobot/ros_ws/install/bno055:/opt/ros/foxy /usr/bin/cmake --install /home/dr/amr-travelobot/ros_ws/build/ros2_control_demo_hardware
[0.988s] -- Install configuration: ""
[0.989s] -- Execute custom install script
[0.990s] -- Up-to-date symlink: /home/dr/amr-travelobot/ros_ws/install/ros2_control_demo_hardware/share/ros2_control_demo_hardware//ros2_control_demo_hardware.xml
[0.992s] -- Up-to-date symlink: /home/dr/amr-travelobot/ros_ws/install/ros2_control_demo_hardware/lib/libros2_control_demo_hardware.so
[0.993s] -- Up-to-date symlink: /home/dr/amr-travelobot/ros_ws/install/ros2_control_demo_hardware/include/ros2_control_demo_hardware/diffbot_system.hpp
[0.994s] -- Up-to-date symlink: /home/dr/amr-travelobot/ros_ws/install/ros2_control_demo_hardware/include/ros2_control_demo_hardware/rrbot_system_multi_interface.hpp
[0.994s] -- Up-to-date symlink: /home/dr/amr-travelobot/ros_ws/install/ros2_control_demo_hardware/include/ros2_control_demo_hardware/rrbot_system_position_only.hpp
[0.995s] -- Up-to-date symlink: /home/dr/amr-travelobot/ros_ws/install/ros2_control_demo_hardware/include/ros2_control_demo_hardware/rrbot_system_with_sensor.hpp
[0.997s] -- Up-to-date symlink: /home/dr/amr-travelobot/ros_ws/install/ros2_control_demo_hardware/include/ros2_control_demo_hardware/visibility_control.h
[0.998s] -- Up-to-date symlink: /home/dr/amr-travelobot/ros_ws/install/ros2_control_demo_hardware/share/ros2_control_demo_hardware/environment/library_path.sh
[0.999s] -- Up-to-date symlink: /home/dr/amr-travelobot/ros_ws/install/ros2_control_demo_hardware/share/ros2_control_demo_hardware/environment/library_path.dsv
[1.013s] -- Up-to-date symlink: /home/dr/amr-travelobot/ros_ws/install/ros2_control_demo_hardware/share/ament_index/resource_index/package_run_dependencies/ros2_control_demo_hardware
[1.014s] -- Up-to-date symlink: /home/dr/amr-travelobot/ros_ws/install/ros2_control_demo_hardware/share/ament_index/resource_index/parent_prefix_path/ros2_control_demo_hardware
[1.015s] -- Up-to-date symlink: /home/dr/amr-travelobot/ros_ws/install/ros2_control_demo_hardware/share/ros2_control_demo_hardware/environment/ament_prefix_path.sh
[1.015s] -- Up-to-date symlink: /home/dr/amr-travelobot/ros_ws/install/ros2_control_demo_hardware/share/ros2_control_demo_hardware/environment/ament_prefix_path.dsv
[1.016s] -- Up-to-date symlink: /home/dr/amr-travelobot/ros_ws/install/ros2_control_demo_hardware/share/ros2_control_demo_hardware/environment/path.sh
[1.016s] -- Up-to-date symlink: /home/dr/amr-travelobot/ros_ws/install/ros2_control_demo_hardware/share/ros2_control_demo_hardware/environment/path.dsv
[1.017s] -- Up-to-date symlink: /home/dr/amr-travelobot/ros_ws/install/ros2_control_demo_hardware/share/ros2_control_demo_hardware/local_setup.bash
[1.017s] -- Up-to-date symlink: /home/dr/amr-travelobot/ros_ws/install/ros2_control_demo_hardware/share/ros2_control_demo_hardware/local_setup.sh
[1.019s] -- Up-to-date symlink: /home/dr/amr-travelobot/ros_ws/install/ros2_control_demo_hardware/share/ros2_control_demo_hardware/local_setup.zsh
[1.019s] -- Up-to-date symlink: /home/dr/amr-travelobot/ros_ws/install/ros2_control_demo_hardware/share/ros2_control_demo_hardware/local_setup.dsv
[1.021s] -- Symlinking: /home/dr/amr-travelobot/ros_ws/install/ros2_control_demo_hardware/share/ros2_control_demo_hardware/package.dsv
[1.068s] -- Up-to-date symlink: /home/dr/amr-travelobot/ros_ws/install/ros2_control_demo_hardware/share/ament_index/resource_index/packages/ros2_control_demo_hardware
[1.069s] -- Up-to-date symlink: /home/dr/amr-travelobot/ros_ws/install/ros2_control_demo_hardware/share/ament_index/resource_index/hardware_interface__pluginlib__plugin/ros2_control_demo_hardware
[1.070s] -- Up-to-date symlink: /home/dr/amr-travelobot/ros_ws/install/ros2_control_demo_hardware/share/ros2_control_demo_hardware/cmake/ament_cmake_export_include_directories-extras.cmake
[1.077s] -- Up-to-date symlink: /home/dr/amr-travelobot/ros_ws/install/ros2_control_demo_hardware/share/ros2_control_demo_hardware/cmake/ament_cmake_export_libraries-extras.cmake
[1.090s] -- Up-to-date symlink: /home/dr/amr-travelobot/ros_ws/install/ros2_control_demo_hardware/share/ros2_control_demo_hardware/cmake/ament_cmake_export_dependencies-extras.cmake
[1.094s] -- Up-to-date symlink: /home/dr/amr-travelobot/ros_ws/install/ros2_control_demo_hardware/share/ros2_control_demo_hardware/cmake/ros2_control_demo_hardwareConfig.cmake
[1.095s] -- Up-to-date symlink: /home/dr/amr-travelobot/ros_ws/install/ros2_control_demo_hardware/share/ros2_control_demo_hardware/cmake/ros2_control_demo_hardwareConfig-version.cmake
[1.096s] -- Up-to-date symlink: /home/dr/amr-travelobot/ros_ws/install/ros2_control_demo_hardware/share/ros2_control_demo_hardware/package.xml
[1.261s] Invoked command in '/home/dr/amr-travelobot/ros_ws/build/ros2_control_demo_hardware' returned '0': CMAKE_PREFIX_PATH=${CMAKE_PREFIX_PATH}:/home/dr/amr-travelobot/ros_ws/install/ros2_control_test_nodes:/home/dr/amr-travelobot/ros_ws/install/bno055:/opt/ros/foxy /usr/bin/cmake --install /home/dr/amr-travelobot/ros_ws/build/ros2_control_demo_hardware
