[0.059s] Invoking command in '/home/dr/amr-travelobot/ros_ws/build/odrive_ros2_control': AMENT_PREFIX_PATH=/home/dr/amr-travelobot/ros_ws/install/odrive_bringup:/home/dr/amr-travelobot/ros_ws/install/odrive_description:${AMENT_PREFIX_PATH} CMAKE_PREFIX_PATH=/home/dr/amr-travelobot/ros_ws/install/odrive_bringup:/home/dr/amr-travelobot/ros_ws/install/odrive_hardware_interface:/home/dr/amr-travelobot/ros_ws/install/odrive_description:/home/dr/amr-travelobot/ros_ws/install/turtlesim:/home/dr/amr-travelobot/ros_ws/install/rosbot_bringup:/home/dr/amr-travelobot/ros_ws/install/teleop_twist_joy:/home/dr/amr-travelobot/ros_ws/install/rplidar_ros2:/home/dr/amr-travelobot/ros_ws/install/rosbot_description:/home/dr/amr-travelobot/ros_ws/install/bno055:/opt/ros/foxy LD_LIBRARY_PATH=/home/dr/amr-travelobot/ros_ws/install/odrive_hardware_interface/lib:/home/dr/amr-travelobot/ros_ws/install/turtlesim/lib:/home/dr/amr-travelobot/ros_ws/install/teleop_twist_joy/lib:/usr/lib/aarch64-linux-gnu/gazebo-11/plugins:/opt/ros/foxy/opt/yaml_cpp_vendor/lib:/opt/ros/foxy/opt/rviz_ogre_vendor/lib:/opt/ros/foxy/lib/aarch64-linux-gnu:/opt/ros/foxy/lib /usr/bin/cmake /home/dr/amr-travelobot/ros_ws/src/odrive_ros2_control -DCMAKE_INSTALL_PREFIX=/home/dr/amr-travelobot/ros_ws/install/odrive_ros2_control
[0.264s] -- The C compiler identification is GNU 9.4.0
[0.473s] -- The CXX compiler identification is GNU 9.4.0
[0.491s] -- Check for working C compiler: /usr/bin/cc
[0.734s] -- Check for working C compiler: /usr/bin/cc -- works
[0.738s] -- Detecting C compiler ABI info
[0.976s] -- Detecting C compiler ABI info - done
[1.021s] -- Detecting C compile features
[1.022s] -- Detecting C compile features - done
[1.031s] -- Check for working CXX compiler: /usr/bin/c++
[1.305s] -- Check for working CXX compiler: /usr/bin/c++ -- works
[1.310s] -- Detecting CXX compiler ABI info
[1.604s] -- Detecting CXX compiler ABI info - done
[1.652s] -- Detecting CXX compile features
[1.654s] -- Detecting CXX compile features - done
[1.670s] -- Found ament_cmake: 0.9.9 (/opt/ros/foxy/share/ament_cmake/cmake)
[1.775s] -- Found PythonInterp: /usr/bin/python3 (found suitable version "3.8.10", minimum required is "3") 
[1.776s] -- Using PYTHON_EXECUTABLE: /usr/bin/python3
[2.908s] -- Configuring done
[2.916s] -- Generating done
[2.920s] -- Build files have been written to: /home/dr/amr-travelobot/ros_ws/build/odrive_ros2_control
[2.946s] Invoked command in '/home/dr/amr-travelobot/ros_ws/build/odrive_ros2_control' returned '0': AMENT_PREFIX_PATH=/home/dr/amr-travelobot/ros_ws/install/odrive_bringup:/home/dr/amr-travelobot/ros_ws/install/odrive_description:${AMENT_PREFIX_PATH} CMAKE_PREFIX_PATH=/home/dr/amr-travelobot/ros_ws/install/odrive_bringup:/home/dr/amr-travelobot/ros_ws/install/odrive_hardware_interface:/home/dr/amr-travelobot/ros_ws/install/odrive_description:/home/dr/amr-travelobot/ros_ws/install/turtlesim:/home/dr/amr-travelobot/ros_ws/install/rosbot_bringup:/home/dr/amr-travelobot/ros_ws/install/teleop_twist_joy:/home/dr/amr-travelobot/ros_ws/install/rplidar_ros2:/home/dr/amr-travelobot/ros_ws/install/rosbot_description:/home/dr/amr-travelobot/ros_ws/install/bno055:/opt/ros/foxy LD_LIBRARY_PATH=/home/dr/amr-travelobot/ros_ws/install/odrive_hardware_interface/lib:/home/dr/amr-travelobot/ros_ws/install/turtlesim/lib:/home/dr/amr-travelobot/ros_ws/install/teleop_twist_joy/lib:/usr/lib/aarch64-linux-gnu/gazebo-11/plugins:/opt/ros/foxy/opt/yaml_cpp_vendor/lib:/opt/ros/foxy/opt/rviz_ogre_vendor/lib:/opt/ros/foxy/lib/aarch64-linux-gnu:/opt/ros/foxy/lib /usr/bin/cmake /home/dr/amr-travelobot/ros_ws/src/odrive_ros2_control -DCMAKE_INSTALL_PREFIX=/home/dr/amr-travelobot/ros_ws/install/odrive_ros2_control
[2.948s] Invoking command in '/home/dr/amr-travelobot/ros_ws/build/odrive_ros2_control': AMENT_PREFIX_PATH=/home/dr/amr-travelobot/ros_ws/install/odrive_bringup:/home/dr/amr-travelobot/ros_ws/install/odrive_description:${AMENT_PREFIX_PATH} CMAKE_PREFIX_PATH=/home/dr/amr-travelobot/ros_ws/install/odrive_bringup:/home/dr/amr-travelobot/ros_ws/install/odrive_hardware_interface:/home/dr/amr-travelobot/ros_ws/install/odrive_description:/home/dr/amr-travelobot/ros_ws/install/turtlesim:/home/dr/amr-travelobot/ros_ws/install/rosbot_bringup:/home/dr/amr-travelobot/ros_ws/install/teleop_twist_joy:/home/dr/amr-travelobot/ros_ws/install/rplidar_ros2:/home/dr/amr-travelobot/ros_ws/install/rosbot_description:/home/dr/amr-travelobot/ros_ws/install/bno055:/opt/ros/foxy LD_LIBRARY_PATH=/home/dr/amr-travelobot/ros_ws/install/odrive_hardware_interface/lib:/home/dr/amr-travelobot/ros_ws/install/turtlesim/lib:/home/dr/amr-travelobot/ros_ws/install/teleop_twist_joy/lib:/usr/lib/aarch64-linux-gnu/gazebo-11/plugins:/opt/ros/foxy/opt/yaml_cpp_vendor/lib:/opt/ros/foxy/opt/rviz_ogre_vendor/lib:/opt/ros/foxy/lib/aarch64-linux-gnu:/opt/ros/foxy/lib /usr/bin/cmake --build /home/dr/amr-travelobot/ros_ws/build/odrive_ros2_control -- -j4 -l4
[3.087s] Invoked command in '/home/dr/amr-travelobot/ros_ws/build/odrive_ros2_control' returned '0': AMENT_PREFIX_PATH=/home/dr/amr-travelobot/ros_ws/install/odrive_bringup:/home/dr/amr-travelobot/ros_ws/install/odrive_description:${AMENT_PREFIX_PATH} CMAKE_PREFIX_PATH=/home/dr/amr-travelobot/ros_ws/install/odrive_bringup:/home/dr/amr-travelobot/ros_ws/install/odrive_hardware_interface:/home/dr/amr-travelobot/ros_ws/install/odrive_description:/home/dr/amr-travelobot/ros_ws/install/turtlesim:/home/dr/amr-travelobot/ros_ws/install/rosbot_bringup:/home/dr/amr-travelobot/ros_ws/install/teleop_twist_joy:/home/dr/amr-travelobot/ros_ws/install/rplidar_ros2:/home/dr/amr-travelobot/ros_ws/install/rosbot_description:/home/dr/amr-travelobot/ros_ws/install/bno055:/opt/ros/foxy LD_LIBRARY_PATH=/home/dr/amr-travelobot/ros_ws/install/odrive_hardware_interface/lib:/home/dr/amr-travelobot/ros_ws/install/turtlesim/lib:/home/dr/amr-travelobot/ros_ws/install/teleop_twist_joy/lib:/usr/lib/aarch64-linux-gnu/gazebo-11/plugins:/opt/ros/foxy/opt/yaml_cpp_vendor/lib:/opt/ros/foxy/opt/rviz_ogre_vendor/lib:/opt/ros/foxy/lib/aarch64-linux-gnu:/opt/ros/foxy/lib /usr/bin/cmake --build /home/dr/amr-travelobot/ros_ws/build/odrive_ros2_control -- -j4 -l4
[3.164s] Invoking command in '/home/dr/amr-travelobot/ros_ws/build/odrive_ros2_control': AMENT_PREFIX_PATH=/home/dr/amr-travelobot/ros_ws/install/odrive_bringup:/home/dr/amr-travelobot/ros_ws/install/odrive_description:${AMENT_PREFIX_PATH} CMAKE_PREFIX_PATH=/home/dr/amr-travelobot/ros_ws/install/odrive_bringup:/home/dr/amr-travelobot/ros_ws/install/odrive_hardware_interface:/home/dr/amr-travelobot/ros_ws/install/odrive_description:/home/dr/amr-travelobot/ros_ws/install/turtlesim:/home/dr/amr-travelobot/ros_ws/install/rosbot_bringup:/home/dr/amr-travelobot/ros_ws/install/teleop_twist_joy:/home/dr/amr-travelobot/ros_ws/install/rplidar_ros2:/home/dr/amr-travelobot/ros_ws/install/rosbot_description:/home/dr/amr-travelobot/ros_ws/install/bno055:/opt/ros/foxy LD_LIBRARY_PATH=/home/dr/amr-travelobot/ros_ws/install/odrive_hardware_interface/lib:/home/dr/amr-travelobot/ros_ws/install/turtlesim/lib:/home/dr/amr-travelobot/ros_ws/install/teleop_twist_joy/lib:/usr/lib/aarch64-linux-gnu/gazebo-11/plugins:/opt/ros/foxy/opt/yaml_cpp_vendor/lib:/opt/ros/foxy/opt/rviz_ogre_vendor/lib:/opt/ros/foxy/lib/aarch64-linux-gnu:/opt/ros/foxy/lib /usr/bin/cmake --install /home/dr/amr-travelobot/ros_ws/build/odrive_ros2_control
[3.202s] -- Install configuration: ""
[3.203s] -- Installing: /home/dr/amr-travelobot/ros_ws/install/odrive_ros2_control/share/ament_index/resource_index/package_run_dependencies/odrive_ros2_control
[3.204s] -- Installing: /home/dr/amr-travelobot/ros_ws/install/odrive_ros2_control/share/ament_index/resource_index/parent_prefix_path/odrive_ros2_control
[3.204s] -- Installing: /home/dr/amr-travelobot/ros_ws/install/odrive_ros2_control/share/odrive_ros2_control/environment/ament_prefix_path.sh
[3.205s] -- Installing: /home/dr/amr-travelobot/ros_ws/install/odrive_ros2_control/share/odrive_ros2_control/environment/ament_prefix_path.dsv
[3.206s] -- Installing: /home/dr/amr-travelobot/ros_ws/install/odrive_ros2_control/share/odrive_ros2_control/environment/path.sh
[3.206s] -- Installing: /home/dr/amr-travelobot/ros_ws/install/odrive_ros2_control/share/odrive_ros2_control/environment/path.dsv
[3.207s] -- Installing: /home/dr/amr-travelobot/ros_ws/install/odrive_ros2_control/share/odrive_ros2_control/local_setup.bash
[3.207s] -- Installing: /home/dr/amr-travelobot/ros_ws/install/odrive_ros2_control/share/odrive_ros2_control/local_setup.sh
[3.208s] -- Installing: /home/dr/amr-travelobot/ros_ws/install/odrive_ros2_control/share/odrive_ros2_control/local_setup.zsh
[3.209s] -- Installing: /home/dr/amr-travelobot/ros_ws/install/odrive_ros2_control/share/odrive_ros2_control/local_setup.dsv
[3.209s] -- Installing: /home/dr/amr-travelobot/ros_ws/install/odrive_ros2_control/share/odrive_ros2_control/package.dsv
[3.210s] -- Installing: /home/dr/amr-travelobot/ros_ws/install/odrive_ros2_control/share/ament_index/resource_index/packages/odrive_ros2_control
[3.211s] -- Installing: /home/dr/amr-travelobot/ros_ws/install/odrive_ros2_control/share/odrive_ros2_control/cmake/odrive_ros2_controlConfig.cmake
[3.211s] -- Installing: /home/dr/amr-travelobot/ros_ws/install/odrive_ros2_control/share/odrive_ros2_control/cmake/odrive_ros2_controlConfig-version.cmake
[3.212s] -- Installing: /home/dr/amr-travelobot/ros_ws/install/odrive_ros2_control/share/odrive_ros2_control/package.xml
[3.223s] Invoked command in '/home/dr/amr-travelobot/ros_ws/build/odrive_ros2_control' returned '0': AMENT_PREFIX_PATH=/home/dr/amr-travelobot/ros_ws/install/odrive_bringup:/home/dr/amr-travelobot/ros_ws/install/odrive_description:${AMENT_PREFIX_PATH} CMAKE_PREFIX_PATH=/home/dr/amr-travelobot/ros_ws/install/odrive_bringup:/home/dr/amr-travelobot/ros_ws/install/odrive_hardware_interface:/home/dr/amr-travelobot/ros_ws/install/odrive_description:/home/dr/amr-travelobot/ros_ws/install/turtlesim:/home/dr/amr-travelobot/ros_ws/install/rosbot_bringup:/home/dr/amr-travelobot/ros_ws/install/teleop_twist_joy:/home/dr/amr-travelobot/ros_ws/install/rplidar_ros2:/home/dr/amr-travelobot/ros_ws/install/rosbot_description:/home/dr/amr-travelobot/ros_ws/install/bno055:/opt/ros/foxy LD_LIBRARY_PATH=/home/dr/amr-travelobot/ros_ws/install/odrive_hardware_interface/lib:/home/dr/amr-travelobot/ros_ws/install/turtlesim/lib:/home/dr/amr-travelobot/ros_ws/install/teleop_twist_joy/lib:/usr/lib/aarch64-linux-gnu/gazebo-11/plugins:/opt/ros/foxy/opt/yaml_cpp_vendor/lib:/opt/ros/foxy/opt/rviz_ogre_vendor/lib:/opt/ros/foxy/lib/aarch64-linux-gnu:/opt/ros/foxy/lib /usr/bin/cmake --install /home/dr/amr-travelobot/ros_ws/build/odrive_ros2_control
