In file included from [01m[K/home/dr/amr-travelobot/ros_ws/src/ros2_control_demos/ros2_control_demo_hardware/src/rrbot_system_with_sensor.cpp:19[m[K:
[01m[K/home/dr/amr-travelobot/ros_ws/src/ros2_control_demos/ros2_control_demo_hardware/include/ros2_control_demo_hardware/rrbot_system_with_sensor.hpp:42:23:[m[K [01;31m[Kerror: [m[K‘[01m[KCallbackReturn[m[K’ in namespace ‘[01m[Khardware_interface[m[K’ does not name a type
   42 |   hardware_interface::[01;31m[KCallbackReturn[m[K on_init(
      |                       [01;31m[K^~~~~~~~~~~~~~[m[K
[01m[K/home/dr/amr-travelobot/ros_ws/src/ros2_control_demos/ros2_control_demo_hardware/include/ros2_control_demo_hardware/rrbot_system_with_sensor.hpp:46:23:[m[K [01;31m[Kerror: [m[K‘[01m[KCallbackReturn[m[K’ in namespace ‘[01m[Khardware_interface[m[K’ does not name a type
   46 |   hardware_interface::[01;31m[KCallbackReturn[m[K on_configure(
      |                       [01;31m[K^~~~~~~~~~~~~~[m[K
[01m[K/home/dr/amr-travelobot/ros_ws/src/ros2_control_demos/ros2_control_demo_hardware/include/ros2_control_demo_hardware/rrbot_system_with_sensor.hpp:56:23:[m[K [01;31m[Kerror: [m[K‘[01m[KCallbackReturn[m[K’ in namespace ‘[01m[Khardware_interface[m[K’ does not name a type
   56 |   hardware_interface::[01;31m[KCallbackReturn[m[K on_activate(
      |                       [01;31m[K^~~~~~~~~~~~~~[m[K
[01m[K/home/dr/amr-travelobot/ros_ws/src/ros2_control_demos/ros2_control_demo_hardware/include/ros2_control_demo_hardware/rrbot_system_with_sensor.hpp:60:23:[m[K [01;31m[Kerror: [m[K‘[01m[KCallbackReturn[m[K’ in namespace ‘[01m[Khardware_interface[m[K’ does not name a type
   60 |   hardware_interface::[01;31m[KCallbackReturn[m[K on_deactivate(
      |                       [01;31m[K^~~~~~~~~~~~~~[m[K
[01m[K/home/dr/amr-travelobot/ros_ws/src/ros2_control_demos/ros2_control_demo_hardware/include/ros2_control_demo_hardware/rrbot_system_with_sensor.hpp:65:11:[m[K [01;31m[Kerror: [m[K‘[01m[Krclcpp[m[K’ does not name a type
   65 |     const [01;31m[Krclcpp[m[K::Time & time, const rclcpp::Duration & period) override;
      |           [01;31m[K^~~~~~[m[K
[01m[K/home/dr/amr-travelobot/ros_ws/src/ros2_control_demos/ros2_control_demo_hardware/include/ros2_control_demo_hardware/rrbot_system_with_sensor.hpp:65:24:[m[K [01;31m[Kerror: [m[Kexpected unqualified-id before ‘[01m[K&[m[K’ token
   65 |     const rclcpp::Time [01;31m[K&[m[K time, const rclcpp::Duration & period) override;
      |                        [01;31m[K^[m[K
[01m[K/home/dr/amr-travelobot/ros_ws/src/ros2_control_demos/ros2_control_demo_hardware/include/ros2_control_demo_hardware/rrbot_system_with_sensor.hpp:65:23:[m[K [01;31m[Kerror: [m[Kexpected ‘[01m[K)[m[K’ before ‘[01m[K&[m[K’ token
   65 |     const rclcpp::Time[01;31m[K [m[K[32m[K&[m[K time, const rclcpp::Duration & period) override;
      |                       [01;31m[K^[m[K[32m[K~[m[K
      |                       [32m[K)[m[K
[01m[K/home/dr/amr-travelobot/ros_ws/src/ros2_control_demos/ros2_control_demo_hardware/include/ros2_control_demo_hardware/rrbot_system_with_sensor.hpp:64:39:[m[K [01;36m[Knote: [m[Kto match this ‘[01m[K([m[K’
   64 |   hardware_interface::return_type read[01;36m[K([m[K
      |                                       [01;36m[K^[m[K
[01m[K/home/dr/amr-travelobot/ros_ws/src/ros2_control_demos/ros2_control_demo_hardware/include/ros2_control_demo_hardware/rrbot_system_with_sensor.hpp:65:24:[m[K [01;31m[Kerror: [m[Kexpected ‘[01m[K;[m[K’ at end of member declaration
   65 |     const rclcpp::Time [01;31m[K&[m[K time, const rclcpp::Duration & period) override;
      |                        [01;31m[K^[m[K
      |                         [32m[K;[m[K
[01m[K/home/dr/amr-travelobot/ros_ws/src/ros2_control_demos/ros2_control_demo_hardware/include/ros2_control_demo_hardware/rrbot_system_with_sensor.hpp:65:26:[m[K [01;31m[Kerror: [m[K‘[01m[Ktime[m[K’ does not name a type
   65 |     const rclcpp::Time & [01;31m[Ktime[m[K, const rclcpp::Duration & period) override;
      |                          [01;31m[K^~~~[m[K
[01m[K/home/dr/amr-travelobot/ros_ws/src/ros2_control_demos/ros2_control_demo_hardware/include/ros2_control_demo_hardware/rrbot_system_with_sensor.hpp:69:11:[m[K [01;31m[Kerror: [m[K‘[01m[Krclcpp[m[K’ does not name a type
   69 |     const [01;31m[Krclcpp[m[K::Time & time, const rclcpp::Duration & period) override;
      |           [01;31m[K^~~~~~[m[K
[01m[K/home/dr/amr-travelobot/ros_ws/src/ros2_control_demos/ros2_control_demo_hardware/include/ros2_control_demo_hardware/rrbot_system_with_sensor.hpp:69:24:[m[K [01;31m[Kerror: [m[Kexpected unqualified-id before ‘[01m[K&[m[K’ token
   69 |     const rclcpp::Time [01;31m[K&[m[K time, const rclcpp::Duration & period) override;
      |                        [01;31m[K^[m[K
[01m[K/home/dr/amr-travelobot/ros_ws/src/ros2_control_demos/ros2_control_demo_hardware/include/ros2_control_demo_hardware/rrbot_system_with_sensor.hpp:69:23:[m[K [01;31m[Kerror: [m[Kexpected ‘[01m[K)[m[K’ before ‘[01m[K&[m[K’ token
   69 |     const rclcpp::Time[01;31m[K [m[K[32m[K&[m[K time, const rclcpp::Duration & period) override;
      |                       [01;31m[K^[m[K[32m[K~[m[K
      |                       [32m[K)[m[K
[01m[K/home/dr/amr-travelobot/ros_ws/src/ros2_control_demos/ros2_control_demo_hardware/include/ros2_control_demo_hardware/rrbot_system_with_sensor.hpp:68:40:[m[K [01;36m[Knote: [m[Kto match this ‘[01m[K([m[K’
   68 |   hardware_interface::return_type write[01;36m[K([m[K
      |                                        [01;36m[K^[m[K
[01m[K/home/dr/amr-travelobot/ros_ws/src/ros2_control_demos/ros2_control_demo_hardware/include/ros2_control_demo_hardware/rrbot_system_with_sensor.hpp:69:24:[m[K [01;31m[Kerror: [m[Kexpected ‘[01m[K;[m[K’ at end of member declaration
   69 |     const rclcpp::Time [01;31m[K&[m[K time, const rclcpp::Duration & period) override;
      |                        [01;31m[K^[m[K
      |                         [32m[K;[m[K
[01m[K/home/dr/amr-travelobot/ros_ws/src/ros2_control_demos/ros2_control_demo_hardware/include/ros2_control_demo_hardware/rrbot_system_with_sensor.hpp:69:26:[m[K [01;31m[Kerror: [m[K‘[01m[Ktime[m[K’ does not name a type
   69 |     const rclcpp::Time & [01;31m[Ktime[m[K, const rclcpp::Duration & period) override;
      |                          [01;31m[K^~~~[m[K
In file included from [01m[K/home/dr/amr-travelobot/ros_ws/src/ros2_control_demos/ros2_control_demo_hardware/src/rrbot_system_position_only.cpp:15[m[K:
[01m[K/home/dr/amr-travelobot/ros_ws/src/ros2_control_demos/ros2_control_demo_hardware/include/ros2_control_demo_hardware/rrbot_system_position_only.hpp:39:23:[m[K [01;31m[Kerror: [m[K‘[01m[KCallbackReturn[m[K’ in namespace ‘[01m[Khardware_interface[m[K’ does not name a type
   39 |   hardware_interface::[01;31m[KCallbackReturn[m[K on_init(
      |                       [01;31m[K^~~~~~~~~~~~~~[m[K
[01m[K/home/dr/amr-travelobot/ros_ws/src/ros2_control_demos/ros2_control_demo_hardware/include/ros2_control_demo_hardware/rrbot_system_position_only.hpp:43:23:[m[K [01;31m[Kerror: [m[K‘[01m[KCallbackReturn[m[K’ in namespace ‘[01m[Khardware_interface[m[K’ does not name a type
   43 |   hardware_interface::[01;31m[KCallbackReturn[m[K on_configure(
      |                       [01;31m[K^~~~~~~~~~~~~~[m[K
[01m[K/home/dr/amr-travelobot/ros_ws/src/ros2_control_demos/ros2_control_demo_hardware/include/ros2_control_demo_hardware/rrbot_system_position_only.hpp:53:23:[m[K [01;31m[Kerror: [m[K‘[01m[KCallbackReturn[m[K’ in namespace ‘[01m[Khardware_interface[m[K’ does not name a type
   53 |   hardware_interface::[01;31m[KCallbackReturn[m[K on_activate(
      |                       [01;31m[K^~~~~~~~~~~~~~[m[K
[01m[K/home/dr/amr-travelobot/ros_ws/src/ros2_control_demos/ros2_control_demo_hardware/include/ros2_control_demo_hardware/rrbot_system_position_only.hpp:57:23:[m[K [01;31m[Kerror: [m[K‘[01m[KCallbackReturn[m[K’ in namespace ‘[01m[Khardware_interface[m[K’ does not name a type
   57 |   hardware_interface::[01;31m[KCallbackReturn[m[K on_deactivate(
      |                       [01;31m[K^~~~~~~~~~~~~~[m[K
[01m[K/home/dr/amr-travelobot/ros_ws/src/ros2_control_demos/ros2_control_demo_hardware/include/ros2_control_demo_hardware/rrbot_system_position_only.hpp:62:11:[m[K [01;31m[Kerror: [m[K‘[01m[Krclcpp[m[K’ does not name a type
   62 |     const [01;31m[Krclcpp[m[K::Time & time, const rclcpp::Duration & period) override;
      |           [01;31m[K^~~~~~[m[K
[01m[K/home/dr/amr-travelobot/ros_ws/src/ros2_control_demos/ros2_control_demo_hardware/include/ros2_control_demo_hardware/rrbot_system_position_only.hpp:62:24:[m[K [01;31m[Kerror: [m[Kexpected unqualified-id before ‘[01m[K&[m[K’ token
   62 |     const rclcpp::Time [01;31m[K&[m[K time, const rclcpp::Duration & period) override;
      |                        [01;31m[K^[m[K
[01m[K/home/dr/amr-travelobot/ros_ws/src/ros2_control_demos/ros2_control_demo_hardware/include/ros2_control_demo_hardware/rrbot_system_position_only.hpp:62:23:[m[K [01;31m[Kerror: [m[Kexpected ‘[01m[K)[m[K’ before ‘[01m[K&[m[K’ token
   62 |     const rclcpp::Time[01;31m[K [m[K[32m[K&[m[K time, const rclcpp::Duration & period) override;
      |                       [01;31m[K^[m[K[32m[K~[m[K
      |                       [32m[K)[m[K
[01m[K/home/dr/amr-travelobot/ros_ws/src/ros2_control_demos/ros2_control_demo_hardware/include/ros2_control_demo_hardware/rrbot_system_position_only.hpp:61:39:[m[K [01;36m[Knote: [m[Kto match this ‘[01m[K([m[K’
   61 |   hardware_interface::return_type read[01;36m[K([m[K
      |                                       [01;36m[K^[m[K
[01m[K/home/dr/amr-travelobot/ros_ws/src/ros2_control_demos/ros2_control_demo_hardware/include/ros2_control_demo_hardware/rrbot_system_position_only.hpp:62:24:[m[K [01;31m[Kerror: [m[Kexpected ‘[01m[K;[m[K’ at end of member declaration
   62 |     const rclcpp::Time [01;31m[K&[m[K time, const rclcpp::Duration & period) override;
      |                        [01;31m[K^[m[K
      |                         [32m[K;[m[K
[01m[K/home/dr/amr-travelobot/ros_ws/src/ros2_control_demos/ros2_control_demo_hardware/include/ros2_control_demo_hardware/rrbot_system_position_only.hpp:62:26:[m[K [01;31m[Kerror: [m[K‘[01m[Ktime[m[K’ does not name a type
   62 |     const rclcpp::Time & [01;31m[Ktime[m[K, const rclcpp::Duration & period) override;
      |                          [01;31m[K^~~~[m[K
[01m[K/home/dr/amr-travelobot/ros_ws/src/ros2_control_demos/ros2_control_demo_hardware/include/ros2_control_demo_hardware/rrbot_system_position_only.hpp:66:11:[m[K [01;31m[Kerror: [m[K‘[01m[Krclcpp[m[K’ does not name a type
   66 |     const [01;31m[Krclcpp[m[K::Time & time, const rclcpp::Duration & period) override;
      |           [01;31m[K^~~~~~[m[K
[01m[K/home/dr/amr-travelobot/ros_ws/src/ros2_control_demos/ros2_control_demo_hardware/include/ros2_control_demo_hardware/rrbot_system_position_only.hpp:66:24:[m[K [01;31m[Kerror: [m[Kexpected unqualified-id before ‘[01m[K&[m[K’ token
   66 |     const rclcpp::Time [01;31m[K&[m[K time, const rclcpp::Duration & period) override;
      |                        [01;31m[K^[m[K
[01m[K/home/dr/amr-travelobot/ros_ws/src/ros2_control_demos/ros2_control_demo_hardware/include/ros2_control_demo_hardware/rrbot_system_position_only.hpp:66:23:[m[K [01;31m[Kerror: [m[Kexpected ‘[01m[K)[m[K’ before ‘[01m[K&[m[K’ token
   66 |     const rclcpp::Time[01;31m[K [m[K[32m[K&[m[K time, const rclcpp::Duration & period) override;
      |                       [01;31m[K^[m[K[32m[K~[m[K
      |                       [32m[K)[m[K
[01m[K/home/dr/amr-travelobot/ros_ws/src/ros2_control_demos/ros2_control_demo_hardware/include/ros2_control_demo_hardware/rrbot_system_position_only.hpp:65:40:[m[K [01;36m[Knote: [m[Kto match this ‘[01m[K([m[K’
   65 |   hardware_interface::return_type write[01;36m[K([m[K
      |                                        [01;36m[K^[m[K
[01m[K/home/dr/amr-travelobot/ros_ws/src/ros2_control_demos/ros2_control_demo_hardware/include/ros2_control_demo_hardware/rrbot_system_position_only.hpp:66:24:[m[K [01;31m[Kerror: [m[Kexpected ‘[01m[K;[m[K’ at end of member declaration
   66 |     const rclcpp::Time [01;31m[K&[m[K time, const rclcpp::Duration & period) override;
      |                        [01;31m[K^[m[K
      |                         [32m[K;[m[K
[01m[K/home/dr/amr-travelobot/ros_ws/src/ros2_control_demos/ros2_control_demo_hardware/include/ros2_control_demo_hardware/rrbot_system_position_only.hpp:66:26:[m[K [01;31m[Kerror: [m[K‘[01m[Ktime[m[K’ does not name a type
   66 |     const rclcpp::Time & [01;31m[Ktime[m[K, const rclcpp::Duration & period) override;
      |                          [01;31m[K^~~~[m[K
In file included from [01m[K/home/dr/amr-travelobot/ros_ws/src/ros2_control_demos/ros2_control_demo_hardware/src/rrbot_system_multi_interface.cpp:15[m[K:
[01m[K/home/dr/amr-travelobot/ros_ws/src/ros2_control_demos/ros2_control_demo_hardware/include/ros2_control_demo_hardware/rrbot_system_multi_interface.hpp:44:23:[m[K [01;31m[Kerror: [m[K‘[01m[KCallbackReturn[m[K’ in namespace ‘[01m[Khardware_interface[m[K’ does not name a type
   44 |   hardware_interface::[01;31m[KCallbackReturn[m[K on_init(
      |                       [01;31m[K^~~~~~~~~~~~~~[m[K
[01m[K/home/dr/amr-travelobot/ros_ws/src/ros2_control_demos/ros2_control_demo_hardware/include/ros2_control_demo_hardware/rrbot_system_multi_interface.hpp:59:23:[m[K [01;31m[Kerror: [m[K‘[01m[KCallbackReturn[m[K’ in namespace ‘[01m[Khardware_interface[m[K’ does not name a type
   59 |   hardware_interface::[01;31m[KCallbackReturn[m[K on_activate(
      |                       [01;31m[K^~~~~~~~~~~~~~[m[K
[01m[K/home/dr/amr-travelobot/ros_ws/src/ros2_control_demos/ros2_control_demo_hardware/include/ros2_control_demo_hardware/rrbot_system_multi_interface.hpp:63:23:[m[K [01;31m[Kerror: [m[K‘[01m[KCallbackReturn[m[K’ in namespace ‘[01m[Khardware_interface[m[K’ does not name a type
   63 |   hardware_interface::[01;31m[KCallbackReturn[m[K on_deactivate(
      |                       [01;31m[K^~~~~~~~~~~~~~[m[K
[01m[K/home/dr/amr-travelobot/ros_ws/src/ros2_control_demos/ros2_control_demo_hardware/include/ros2_control_demo_hardware/rrbot_system_multi_interface.hpp:67:35:[m[K [01;31m[Kerror: [m[K‘[01m[Khardware_interface::return_type ros2_control_demo_hardware::RRBotSystemMultiInterfaceHardware::read(const rclcpp::Time&, const rclcpp::Duration&)[m[K’ marked ‘[01m[Koverride[m[K’, but does not override
   67 |   hardware_interface::return_type [01;31m[Kread[m[K(
      |                                   [01;31m[K^~~~[m[K
[01m[K/home/dr/amr-travelobot/ros_ws/src/ros2_control_demos/ros2_control_demo_hardware/include/ros2_control_demo_hardware/rrbot_system_multi_interface.hpp:71:35:[m[K [01;31m[Kerror: [m[K‘[01m[Khardware_interface::return_type ros2_control_demo_hardware::RRBotSystemMultiInterfaceHardware::write(const rclcpp::Time&, const rclcpp::Duration&)[m[K’ marked ‘[01m[Koverride[m[K’, but does not override
   71 |   hardware_interface::return_type [01;31m[Kwrite[m[K(
      |                                   [01;31m[K^~~~~[m[K
In file included from [01m[K/home/dr/amr-travelobot/ros_ws/src/ros2_control_demos/ros2_control_demo_hardware/src/diffbot_system.cpp:15[m[K:
[01m[K/home/dr/amr-travelobot/ros_ws/src/ros2_control_demos/ros2_control_demo_hardware/include/ros2_control_demo_hardware/diffbot_system.hpp:42:23:[m[K [01;31m[Kerror: [m[K‘[01m[KCallbackReturn[m[K’ in namespace ‘[01m[Khardware_interface[m[K’ does not name a type
   42 |   hardware_interface::[01;31m[KCallbackReturn[m[K on_init(
      |                       [01;31m[K^~~~~~~~~~~~~~[m[K
[01m[K/home/dr/amr-travelobot/ros_ws/src/ros2_control_demos/ros2_control_demo_hardware/include/ros2_control_demo_hardware/diffbot_system.hpp:52:23:[m[K [01;31m[Kerror: [m[K‘[01m[KCallbackReturn[m[K’ in namespace ‘[01m[Khardware_interface[m[K’ does not name a type
   52 |   hardware_interface::[01;31m[KCallbackReturn[m[K on_activate(
      |                       [01;31m[K^~~~~~~~~~~~~~[m[K
[01m[K/home/dr/amr-travelobot/ros_ws/src/ros2_control_demos/ros2_control_demo_hardware/include/ros2_control_demo_hardware/diffbot_system.hpp:56:23:[m[K [01;31m[Kerror: [m[K‘[01m[KCallbackReturn[m[K’ in namespace ‘[01m[Khardware_interface[m[K’ does not name a type
   56 |   hardware_interface::[01;31m[KCallbackReturn[m[K on_deactivate(
      |                       [01;31m[K^~~~~~~~~~~~~~[m[K
[01m[K/home/dr/amr-travelobot/ros_ws/src/ros2_control_demos/ros2_control_demo_hardware/include/ros2_control_demo_hardware/diffbot_system.hpp:60:35:[m[K [01;31m[Kerror: [m[K‘[01m[Khardware_interface::return_type ros2_control_demo_hardware::DiffBotSystemHardware::read(const rclcpp::Time&, const rclcpp::Duration&)[m[K’ marked ‘[01m[Koverride[m[K’, but does not override
   60 |   hardware_interface::return_type [01;31m[Kread[m[K(
      |                                   [01;31m[K^~~~[m[K
[01m[K/home/dr/amr-travelobot/ros_ws/src/ros2_control_demos/ros2_control_demo_hardware/include/ros2_control_demo_hardware/diffbot_system.hpp:64:35:[m[K [01;31m[Kerror: [m[K‘[01m[Khardware_interface::return_type ros2_control_demo_hardware::DiffBotSystemHardware::write(const rclcpp::Time&, const rclcpp::Duration&)[m[K’ marked ‘[01m[Koverride[m[K’, but does not override
   64 |   hardware_interface::return_type [01;31m[Kwrite[m[K(
      |                                   [01;31m[K^~~~~[m[K
[01m[K/home/dr/amr-travelobot/ros_ws/src/ros2_control_demos/ros2_control_demo_hardware/src/rrbot_system_position_only.cpp:28:21:[m[K [01;31m[Kerror: [m[K‘[01m[KCallbackReturn[m[K’ in namespace ‘[01m[Khardware_interface[m[K’ does not name a type
   28 | hardware_interface::[01;31m[KCallbackReturn[m[K RRBotSystemPositionOnlyHardware::on_init(
      |                     [01;31m[K^~~~~~~~~~~~~~[m[K
[01m[K/home/dr/amr-travelobot/ros_ws/src/ros2_control_demos/ros2_control_demo_hardware/src/rrbot_system_with_sensor.cpp:32:21:[m[K [01;31m[Kerror: [m[K‘[01m[KCallbackReturn[m[K’ in namespace ‘[01m[Khardware_interface[m[K’ does not name a type
   32 | hardware_interface::[01;31m[KCallbackReturn[m[K RRBotSystemWithSensorHardware::on_init(
      |                     [01;31m[K^~~~~~~~~~~~~~[m[K
[01m[K/home/dr/amr-travelobot/ros_ws/src/ros2_control_demos/ros2_control_demo_hardware/src/rrbot_system_position_only.cpp:89:21:[m[K [01;31m[Kerror: [m[K‘[01m[KCallbackReturn[m[K’ in namespace ‘[01m[Khardware_interface[m[K’ does not name a type
   89 | hardware_interface::[01;31m[KCallbackReturn[m[K RRBotSystemPositionOnlyHardware::on_configure(
      |                     [01;31m[K^~~~~~~~~~~~~~[m[K
[01m[K/home/dr/amr-travelobot/ros_ws/src/ros2_control_demos/ros2_control_demo_hardware/src/rrbot_system_with_sensor.cpp:97:21:[m[K [01;31m[Kerror: [m[K‘[01m[KCallbackReturn[m[K’ in namespace ‘[01m[Khardware_interface[m[K’ does not name a type
   97 | hardware_interface::[01;31m[KCallbackReturn[m[K RRBotSystemWithSensorHardware::on_configure(
      |                     [01;31m[K^~~~~~~~~~~~~~[m[K
[01m[K/home/dr/amr-travelobot/ros_ws/src/ros2_control_demos/ros2_control_demo_hardware/src/diffbot_system.cpp:28:21:[m[K [01;31m[Kerror: [m[K‘[01m[KCallbackReturn[m[K’ in namespace ‘[01m[Khardware_interface[m[K’ does not name a type
   28 | hardware_interface::[01;31m[KCallbackReturn[m[K DiffBotSystemHardware::on_init(
      |                     [01;31m[K^~~~~~~~~~~~~~[m[K
[01m[K/home/dr/amr-travelobot/ros_ws/src/ros2_control_demos/ros2_control_demo_hardware/src/rrbot_system_multi_interface.cpp:29:21:[m[K [01;31m[Kerror: [m[K‘[01m[KCallbackReturn[m[K’ in namespace ‘[01m[Khardware_interface[m[K’ does not name a type
   29 | hardware_interface::[01;31m[KCallbackReturn[m[K RRBotSystemMultiInterfaceHardware::on_init(
      |                     [01;31m[K^~~~~~~~~~~~~~[m[K
[01m[K/home/dr/amr-travelobot/ros_ws/src/ros2_control_demos/ros2_control_demo_hardware/src/rrbot_system_with_sensor.cpp:[m[K In member function ‘[01m[Kvirtual std::vector<hardware_interface::StateInterface> ros2_control_demo_hardware::RRBotSystemWithSensorHardware::export_state_interfaces()[m[K’:
[01m[K/home/dr/amr-travelobot/ros_ws/src/ros2_control_demos/ros2_control_demo_hardware/src/rrbot_system_with_sensor.cpp:128:24:[m[K [01;31m[Kerror: [m[K‘[01m[Kinfo_[m[K’ was not declared in this scope
  128 |   for (uint i = 0; i < [01;31m[Kinfo_[m[K.joints.size(); i++)
      |                        [01;31m[K^~~~~[m[K
[01m[K/home/dr/amr-travelobot/ros_ws/src/ros2_control_demos/ros2_control_demo_hardware/src/rrbot_system_position_only.cpp:[m[K In member function ‘[01m[Kvirtual std::vector<hardware_interface::StateInterface> ros2_control_demo_hardware::RRBotSystemPositionOnlyHardware::export_state_interfaces()[m[K’:
[01m[K/home/dr/amr-travelobot/ros_ws/src/ros2_control_demos/ros2_control_demo_hardware/src/rrbot_system_position_only.cpp:121:24:[m[K [01;31m[Kerror: [m[K‘[01m[Kinfo_[m[K’ was not declared in this scope
  121 |   for (uint i = 0; i < [01;31m[Kinfo_[m[K.joints.size(); i++)
      |                        [01;31m[K^~~~~[m[K
[01m[K/home/dr/amr-travelobot/ros_ws/src/ros2_control_demos/ros2_control_demo_hardware/src/rrbot_system_multi_interface.cpp:[m[K In member function ‘[01m[Kvirtual std::vector<hardware_interface::StateInterface> ros2_control_demo_hardware::RRBotSystemMultiInterfaceHardware::export_state_interfaces()[m[K’:
[01m[K/home/dr/amr-travelobot/ros_ws/src/ros2_control_demos/ros2_control_demo_hardware/src/rrbot_system_multi_interface.cpp:106:31:[m[K [01;31m[Kerror: [m[K‘[01m[Kinfo_[m[K’ was not declared in this scope
  106 |   for (std::size_t i = 0; i < [01;31m[Kinfo_[m[K.joints.size(); i++)
      |                               [01;31m[K^~~~~[m[K
[01m[K/home/dr/amr-travelobot/ros_ws/src/ros2_control_demos/ros2_control_demo_hardware/src/diffbot_system.cpp:[m[K In member function ‘[01m[Kvirtual std::vector<hardware_interface::StateInterface> ros2_control_demo_hardware::DiffBotSystemHardware::export_state_interfaces()[m[K’:
[01m[K/home/dr/amr-travelobot/ros_ws/src/ros2_control_demos/ros2_control_demo_hardware/src/diffbot_system.cpp:105:25:[m[K [01;31m[Kerror: [m[K‘[01m[Kinfo_[m[K’ was not declared in this scope
  105 |   for (auto i = 0u; i < [01;31m[Kinfo_[m[K.joints.size(); i++)
      |                         [01;31m[K^~~~~[m[K
[01m[K/home/dr/amr-travelobot/ros_ws/src/ros2_control_demos/ros2_control_demo_hardware/src/rrbot_system_with_sensor.cpp:135:24:[m[K [01;31m[Kerror: [m[K‘[01m[Kinfo_[m[K’ was not declared in this scope
  135 |   for (uint i = 0; i < [01;31m[Kinfo_[m[K.sensors[0].state_interfaces.size(); i++)
      |                        [01;31m[K^~~~~[m[K
[01m[K/home/dr/amr-travelobot/ros_ws/src/ros2_control_demos/ros2_control_demo_hardware/src/rrbot_system_with_sensor.cpp:[m[K In member function ‘[01m[Kvirtual std::vector<hardware_interface::CommandInterface> ros2_control_demo_hardware::RRBotSystemWithSensorHardware::export_command_interfaces()[m[K’:
[01m[K/home/dr/amr-travelobot/ros_ws/src/ros2_control_demos/ros2_control_demo_hardware/src/rrbot_system_with_sensor.cpp:148:24:[m[K [01;31m[Kerror: [m[K‘[01m[Kinfo_[m[K’ was not declared in this scope
  148 |   for (uint i = 0; i < [01;31m[Kinfo_[m[K.joints.size(); i++)
      |                        [01;31m[K^~~~~[m[K
[01m[K/home/dr/amr-travelobot/ros_ws/src/ros2_control_demos/ros2_control_demo_hardware/src/rrbot_system_position_only.cpp:[m[K In member function ‘[01m[Kvirtual std::vector<hardware_interface::CommandInterface> ros2_control_demo_hardware::RRBotSystemPositionOnlyHardware::export_command_interfaces()[m[K’:
[01m[K/home/dr/amr-travelobot/ros_ws/src/ros2_control_demos/ros2_control_demo_hardware/src/rrbot_system_position_only.cpp:134:24:[m[K [01;31m[Kerror: [m[K‘[01m[Kinfo_[m[K’ was not declared in this scope
  134 |   for (uint i = 0; i < [01;31m[Kinfo_[m[K.joints.size(); i++)
      |                        [01;31m[K^~~~~[m[K
[01m[K/home/dr/amr-travelobot/ros_ws/src/ros2_control_demos/ros2_control_demo_hardware/src/rrbot_system_multi_interface.cpp:[m[K In member function ‘[01m[Kvirtual std::vector<hardware_interface::CommandInterface> ros2_control_demo_hardware::RRBotSystemMultiInterfaceHardware::export_command_interfaces()[m[K’:
[01m[K/home/dr/amr-travelobot/ros_ws/src/ros2_control_demos/ros2_control_demo_hardware/src/rrbot_system_multi_interface.cpp:123:31:[m[K [01;31m[Kerror: [m[K‘[01m[Kinfo_[m[K’ was not declared in this scope
  123 |   for (std::size_t i = 0; i < [01;31m[Kinfo_[m[K.joints.size(); i++)
      |                               [01;31m[K^~~~~[m[K
[01m[K/home/dr/amr-travelobot/ros_ws/src/ros2_control_demos/ros2_control_demo_hardware/src/rrbot_system_with_sensor.cpp:[m[K At global scope:
[01m[K/home/dr/amr-travelobot/ros_ws/src/ros2_control_demos/ros2_control_demo_hardware/src/rrbot_system_with_sensor.cpp:157:21:[m[K [01;31m[Kerror: [m[K‘[01m[KCallbackReturn[m[K’ in namespace ‘[01m[Khardware_interface[m[K’ does not name a type
  157 | hardware_interface::[01;31m[KCallbackReturn[m[K RRBotSystemWithSensorHardware::on_activate(
      |                     [01;31m[K^~~~~~~~~~~~~~[m[K
[01m[K/home/dr/amr-travelobot/ros_ws/src/ros2_control_demos/ros2_control_demo_hardware/src/rrbot_system_with_sensor.cpp:189:21:[m[K [01;31m[Kerror: [m[K‘[01m[KCallbackReturn[m[K’ in namespace ‘[01m[Khardware_interface[m[K’ does not name a type
  189 | hardware_interface::[01;31m[KCallbackReturn[m[K RRBotSystemWithSensorHardware::on_deactivate(
      |                     [01;31m[K^~~~~~~~~~~~~~[m[K
[01m[K/home/dr/amr-travelobot/ros_ws/src/ros2_control_demos/ros2_control_demo_hardware/src/rrbot_system_with_sensor.cpp:210:33:[m[K [01;31m[Kerror: [m[Kno declaration matches ‘[01m[Khardware_interface::return_type ros2_control_demo_hardware::RRBotSystemWithSensorHardware::read(const rclcpp::Time&, const rclcpp::Duration&)[m[K’
  210 | hardware_interface::return_type [01;31m[KRRBotSystemWithSensorHardware[m[K::read(
      |                                 [01;31m[K^~~~~~~~~~~~~~~~~~~~~~~~~~~~~[m[K
[01m[K/home/dr/amr-travelobot/ros_ws/src/ros2_control_demos/ros2_control_demo_hardware/src/rrbot_system_position_only.cpp:[m[K At global scope:
[01m[K/home/dr/amr-travelobot/ros_ws/src/ros2_control_demos/ros2_control_demo_hardware/src/rrbot_system_position_only.cpp:143:21:[m[K [01;31m[Kerror: [m[K‘[01m[KCallbackReturn[m[K’ in namespace ‘[01m[Khardware_interface[m[K’ does not name a type
  143 | hardware_interface::[01;31m[KCallbackReturn[m[K RRBotSystemPositionOnlyHardware::on_activate(
      |                     [01;31m[K^~~~~~~~~~~~~~[m[K
[01m[K/home/dr/amr-travelobot/ros_ws/src/ros2_control_demos/ros2_control_demo_hardware/src/rrbot_system_position_only.cpp:170:21:[m[K [01;31m[Kerror: [m[K‘[01m[KCallbackReturn[m[K’ in namespace ‘[01m[Khardware_interface[m[K’ does not name a type
  170 | hardware_interface::[01;31m[KCallbackReturn[m[K RRBotSystemPositionOnlyHardware::on_deactivate(
      |                     [01;31m[K^~~~~~~~~~~~~~[m[K
[01m[K/home/dr/amr-travelobot/ros_ws/src/ros2_control_demos/ros2_control_demo_hardware/src/rrbot_system_position_only.cpp:191:33:[m[K [01;31m[Kerror: [m[Kno declaration matches ‘[01m[Khardware_interface::return_type ros2_control_demo_hardware::RRBotSystemPositionOnlyHardware::read(const rclcpp::Time&, const rclcpp::Duration&)[m[K’
  191 | hardware_interface::return_type [01;31m[KRRBotSystemPositionOnlyHardware[m[K::read(
      |                                 [01;31m[K^~~~~~~~~~~~~~~~~~~~~~~~~~~~~~~[m[K
[01m[K/home/dr/amr-travelobot/ros_ws/src/ros2_control_demos/ros2_control_demo_hardware/src/diffbot_system.cpp:[m[K In member function ‘[01m[Kvirtual std::vector<hardware_interface::CommandInterface> ros2_control_demo_hardware::DiffBotSystemHardware::export_command_interfaces()[m[K’:
[01m[K/home/dr/amr-travelobot/ros_ws/src/ros2_control_demos/ros2_control_demo_hardware/src/diffbot_system.cpp:119:25:[m[K [01;31m[Kerror: [m[K‘[01m[Kinfo_[m[K’ was not declared in this scope
  119 |   for (auto i = 0u; i < [01;31m[Kinfo_[m[K.joints.size(); i++)
      |                         [01;31m[K^~~~~[m[K
[01m[K/home/dr/amr-travelobot/ros_ws/src/ros2_control_demos/ros2_control_demo_hardware/src/diffbot_system.cpp:[m[K At global scope:
[01m[K/home/dr/amr-travelobot/ros_ws/src/ros2_control_demos/ros2_control_demo_hardware/src/diffbot_system.cpp:128:21:[m[K [01;31m[Kerror: [m[K‘[01m[KCallbackReturn[m[K’ in namespace ‘[01m[Khardware_interface[m[K’ does not name a type
  128 | hardware_interface::[01;31m[KCallbackReturn[m[K DiffBotSystemHardware::on_activate(
      |                     [01;31m[K^~~~~~~~~~~~~~[m[K
[01m[K/home/dr/amr-travelobot/ros_ws/src/ros2_control_demos/ros2_control_demo_hardware/src/diffbot_system.cpp:158:21:[m[K [01;31m[Kerror: [m[K‘[01m[KCallbackReturn[m[K’ in namespace ‘[01m[Khardware_interface[m[K’ does not name a type
  158 | hardware_interface::[01;31m[KCallbackReturn[m[K DiffBotSystemHardware::on_deactivate(
      |                     [01;31m[K^~~~~~~~~~~~~~[m[K
[01m[K/home/dr/amr-travelobot/ros_ws/src/ros2_control_demos/ros2_control_demo_hardware/src/rrbot_system_multi_interface.cpp:[m[K In member function ‘[01m[Kvirtual hardware_interface::return_type ros2_control_demo_hardware::RRBotSystemMultiInterfaceHardware::prepare_command_mode_switch(const std::vector<std::__cxx11::basic_string<char> >&, const std::vector<std::__cxx11::basic_string<char> >&)[m[K’:
[01m[K/home/dr/amr-travelobot/ros_ws/src/ros2_control_demos/ros2_control_demo_hardware/src/rrbot_system_multi_interface.cpp:145:33:[m[K [01;31m[Kerror: [m[K‘[01m[Kinfo_[m[K’ was not declared in this scope
  145 |     for (std::size_t i = 0; i < [01;31m[Kinfo_[m[K.joints.size(); i++)
      |                                 [01;31m[K^~~~~[m[K
In file included from [01m[K/opt/ros/foxy/include/rclcpp/client.hpp:40[m[K,
                 from [01m[K/opt/ros/foxy/include/rclcpp/callback_group.hpp:23[m[K,
                 from [01m[K/opt/ros/foxy/include/rclcpp/any_executable.hpp:20[m[K,
                 from [01m[K/opt/ros/foxy/include/rclcpp/memory_strategy.hpp:24[m[K,
                 from [01m[K/opt/ros/foxy/include/rclcpp/memory_strategies.hpp:18[m[K,
                 from [01m[K/opt/ros/foxy/include/rclcpp/executor_options.hpp:20[m[K,
                 from [01m[K/opt/ros/foxy/include/rclcpp/executor.hpp:33[m[K,
                 from [01m[K/opt/ros/foxy/include/rclcpp/executors/multi_threaded_executor.hpp:26[m[K,
                 from [01m[K/opt/ros/foxy/include/rclcpp/executors.hpp:21[m[K,
                 from [01m[K/opt/ros/foxy/include/rclcpp/rclcpp.hpp:146[m[K,
                 from [01m[K/home/dr/amr-travelobot/ros_ws/src/ros2_control_demos/ros2_control_demo_hardware/src/diffbot_system.cpp:24[m[K:
[01m[K/home/dr/amr-travelobot/ros_ws/src/ros2_control_demos/ros2_control_demo_hardware/src/diffbot_system.cpp:[m[K In member function ‘[01m[Khardware_interface::return_type ros2_control_demo_hardware::DiffBotSystemHardware::read(const rclcpp::Time&, const rclcpp::Duration&)[m[K’:
[01m[K/home/dr/amr-travelobot/ros_ws/src/ros2_control_demos/ros2_control_demo_hardware/src/diffbot_system.cpp:194:26:[m[K [01;31m[Kerror: [m[K‘[01m[Kinfo_[m[K’ was not declared in this scope
  194 |       hw_velocities_[i], [01;31m[Kinfo_[m[K.joints[i].name.c_str());
      |                          [01;31m[K^~~~~[m[K
[01m[K/home/dr/amr-travelobot/ros_ws/src/ros2_control_demos/ros2_control_demo_hardware/src/rrbot_system_multi_interface.cpp:162:27:[m[K [01;31m[Kerror: [m[K‘[01m[Kinfo_[m[K’ was not declared in this scope
  162 |   if (new_modes.size() != [01;31m[Kinfo_[m[K.joints.size())
      |                           [01;31m[K^~~~~[m[K
[01m[K/home/dr/amr-travelobot/ros_ws/src/ros2_control_demos/ros2_control_demo_hardware/src/rrbot_system_multi_interface.cpp:177:33:[m[K [01;31m[Kerror: [m[K‘[01m[Kinfo_[m[K’ was not declared in this scope
  177 |     for (std::size_t i = 0; i < [01;31m[Kinfo_[m[K.joints.size(); i++)
      |                                 [01;31m[K^~~~~[m[K
[01m[K/home/dr/amr-travelobot/ros_ws/src/ros2_control_demos/ros2_control_demo_hardware/src/diffbot_system.cpp:[m[K In member function ‘[01m[Khardware_interface::return_type ros2_control_demo_hardware::DiffBotSystemHardware::write(const rclcpp::Time&, const rclcpp::Duration&)[m[K’:
[01m[K/home/dr/amr-travelobot/ros_ws/src/ros2_control_demos/ros2_control_demo_hardware/src/diffbot_system.cpp:227:7:[m[K [01;31m[Kerror: [m[K‘[01m[Kinfo_[m[K’ was not declared in this scope
  227 |       [01;31m[Kinfo_[m[K.joints[i].name.c_str());
      |       [01;31m[K^~~~~[m[K
[01m[K/home/dr/amr-travelobot/ros_ws/src/ros2_control_demos/ros2_control_demo_hardware/src/rrbot_system_multi_interface.cpp:188:31:[m[K [01;31m[Kerror: [m[K‘[01m[Kinfo_[m[K’ was not declared in this scope
  188 |   for (std::size_t i = 0; i < [01;31m[Kinfo_[m[K.joints.size(); i++)
      |                               [01;31m[K^~~~~[m[K
[01m[K/home/dr/amr-travelobot/ros_ws/src/ros2_control_demos/ros2_control_demo_hardware/src/rrbot_system_multi_interface.cpp:[m[K At global scope:
[01m[K/home/dr/amr-travelobot/ros_ws/src/ros2_control_demos/ros2_control_demo_hardware/src/rrbot_system_multi_interface.cpp:200:21:[m[K [01;31m[Kerror: [m[K‘[01m[KCallbackReturn[m[K’ in namespace ‘[01m[Khardware_interface[m[K’ does not name a type
  200 | hardware_interface::[01;31m[KCallbackReturn[m[K RRBotSystemMultiInterfaceHardware::on_activate(
      |                     [01;31m[K^~~~~~~~~~~~~~[m[K
[01m[K/home/dr/amr-travelobot/ros_ws/src/ros2_control_demos/ros2_control_demo_hardware/src/rrbot_system_multi_interface.cpp:252:21:[m[K [01;31m[Kerror: [m[K‘[01m[KCallbackReturn[m[K’ in namespace ‘[01m[Khardware_interface[m[K’ does not name a type
  252 | hardware_interface::[01;31m[KCallbackReturn[m[K RRBotSystemMultiInterfaceHardware::on_deactivate(
      |                     [01;31m[K^~~~~~~~~~~~~~[m[K
In file included from [01m[K/home/dr/amr-travelobot/ros_ws/src/ros2_control_demos/ros2_control_demo_hardware/src/rrbot_system_position_only.cpp:15[m[K:
[01m[K/home/dr/amr-travelobot/ros_ws/src/ros2_control_demos/ros2_control_demo_hardware/include/ros2_control_demo_hardware/rrbot_system_position_only.hpp:61:35:[m[K [01;36m[Knote: [m[Kcandidate is: ‘[01m[Khardware_interface::return_type ros2_control_demo_hardware::RRBotSystemPositionOnlyHardware::read(...) &[m[K’
   61 |   hardware_interface::return_type [01;36m[Kread[m[K(
      |                                   [01;36m[K^~~~[m[K
[01m[K/home/dr/amr-travelobot/ros_ws/src/ros2_control_demos/ros2_control_demo_hardware/include/ros2_control_demo_hardware/rrbot_system_position_only.hpp:33:7:[m[K [01;36m[Knote: [m[K‘[01m[Kclass ros2_control_demo_hardware::RRBotSystemPositionOnlyHardware[m[K’ defined here
   33 | class [01;36m[KRRBotSystemPositionOnlyHardware[m[K : public hardware_interface::SystemInterface
      |       [01;36m[K^~~~~~~~~~~~~~~~~~~~~~~~~~~~~~~[m[K
[01m[K/home/dr/amr-travelobot/ros_ws/src/ros2_control_demos/ros2_control_demo_hardware/src/rrbot_system_position_only.cpp:211:33:[m[K [01;31m[Kerror: [m[Kno declaration matches ‘[01m[Khardware_interface::return_type ros2_control_demo_hardware::RRBotSystemPositionOnlyHardware::write(const rclcpp::Time&, const rclcpp::Duration&)[m[K’
  211 | hardware_interface::return_type [01;31m[KRRBotSystemPositionOnlyHardware[m[K::write(
      |                                 [01;31m[K^~~~~~~~~~~~~~~~~~~~~~~~~~~~~~~[m[K
In file included from [01m[K/home/dr/amr-travelobot/ros_ws/src/ros2_control_demos/ros2_control_demo_hardware/src/rrbot_system_position_only.cpp:15[m[K:
[01m[K/home/dr/amr-travelobot/ros_ws/src/ros2_control_demos/ros2_control_demo_hardware/include/ros2_control_demo_hardware/rrbot_system_position_only.hpp:65:35:[m[K [01;36m[Knote: [m[Kcandidate is: ‘[01m[Khardware_interface::return_type ros2_control_demo_hardware::RRBotSystemPositionOnlyHardware::write(...) &[m[K’
   65 |   hardware_interface::return_type [01;36m[Kwrite[m[K(
      |                                   [01;36m[K^~~~~[m[K
[01m[K/home/dr/amr-travelobot/ros_ws/src/ros2_control_demos/ros2_control_demo_hardware/include/ros2_control_demo_hardware/rrbot_system_position_only.hpp:33:7:[m[K [01;36m[Knote: [m[K‘[01m[Kclass ros2_control_demo_hardware::RRBotSystemPositionOnlyHardware[m[K’ defined here
   33 | class [01;36m[KRRBotSystemPositionOnlyHardware[m[K : public hardware_interface::SystemInterface
      |       [01;36m[K^~~~~~~~~~~~~~~~~~~~~~~~~~~~~~~[m[K
In file included from [01m[K/home/dr/amr-travelobot/ros_ws/src/ros2_control_demos/ros2_control_demo_hardware/src/rrbot_system_with_sensor.cpp:19[m[K:
[01m[K/home/dr/amr-travelobot/ros_ws/src/ros2_control_demos/ros2_control_demo_hardware/include/ros2_control_demo_hardware/rrbot_system_with_sensor.hpp:64:35:[m[K [01;36m[Knote: [m[Kcandidate is: ‘[01m[Khardware_interface::return_type ros2_control_demo_hardware::RRBotSystemWithSensorHardware::read(...) &[m[K’
   64 |   hardware_interface::return_type [01;36m[Kread[m[K(
      |                                   [01;36m[K^~~~[m[K
[01m[K/home/dr/amr-travelobot/ros_ws/src/ros2_control_demos/ros2_control_demo_hardware/include/ros2_control_demo_hardware/rrbot_system_with_sensor.hpp:36:7:[m[K [01;36m[Knote: [m[K‘[01m[Kclass ros2_control_demo_hardware::RRBotSystemWithSensorHardware[m[K’ defined here
   36 | class [01;36m[KRRBotSystemWithSensorHardware[m[K : public hardware_interface::SystemInterface
      |       [01;36m[K^~~~~~~~~~~~~~~~~~~~~~~~~~~~~[m[K
[01m[K/home/dr/amr-travelobot/ros_ws/src/ros2_control_demos/ros2_control_demo_hardware/src/rrbot_system_with_sensor.cpp:243:33:[m[K [01;31m[Kerror: [m[Kno declaration matches ‘[01m[Khardware_interface::return_type ros2_control_demo_hardware::RRBotSystemWithSensorHardware::write(const rclcpp::Time&, const rclcpp::Duration&)[m[K’
  243 | hardware_interface::return_type [01;31m[Kros2_control_demo_hardware[m[K::RRBotSystemWithSensorHardware::write(
      |                                 [01;31m[K^~~~~~~~~~~~~~~~~~~~~~~~~~[m[K
In file included from [01m[K/home/dr/amr-travelobot/ros_ws/src/ros2_control_demos/ros2_control_demo_hardware/src/rrbot_system_with_sensor.cpp:19[m[K:
[01m[K/home/dr/amr-travelobot/ros_ws/src/ros2_control_demos/ros2_control_demo_hardware/include/ros2_control_demo_hardware/rrbot_system_with_sensor.hpp:68:35:[m[K [01;36m[Knote: [m[Kcandidate is: ‘[01m[Khardware_interface::return_type ros2_control_demo_hardware::RRBotSystemWithSensorHardware::write(...) &[m[K’
   68 |   hardware_interface::return_type [01;36m[Kwrite[m[K(
      |                                   [01;36m[K^~~~~[m[K
[01m[K/home/dr/amr-travelobot/ros_ws/src/ros2_control_demos/ros2_control_demo_hardware/include/ros2_control_demo_hardware/rrbot_system_with_sensor.hpp:36:7:[m[K [01;36m[Knote: [m[K‘[01m[Kclass ros2_control_demo_hardware::RRBotSystemWithSensorHardware[m[K’ defined here
   36 | class [01;36m[KRRBotSystemWithSensorHardware[m[K : public hardware_interface::SystemInterface
      |       [01;36m[K^~~~~~~~~~~~~~~~~~~~~~~~~~~~~[m[K
In file included from [01m[K/opt/ros/foxy/include/class_loader/class_loader_core.hpp:57[m[K,
                 from [01m[K/opt/ros/foxy/include/class_loader/class_loader.hpp:55[m[K,
                 from [01m[K/opt/ros/foxy/include/pluginlib/class_list_macros.hpp:40[m[K,
                 from [01m[K/home/dr/amr-travelobot/ros_ws/src/ros2_control_demos/ros2_control_demo_hardware/src/rrbot_system_multi_interface.cpp:333[m[K:
/opt/ros/foxy/include/class_loader/meta_object.hpp: In instantiation of ‘[01m[KB* class_loader::impl::MetaObject<C, B>::create() const [with C = ros2_control_demo_hardware::RRBotSystemMultiInterfaceHardware; B = hardware_interface::SystemInterface][m[K’:
[01m[K/opt/ros/foxy/include/class_loader/meta_object.hpp:216:7:[m[K   required from here
[01m[K/opt/ros/foxy/include/class_loader/meta_object.hpp:218:12:[m[K [01;31m[Kerror: [m[Kinvalid new-expression of abstract class type ‘[01m[Kros2_control_demo_hardware::RRBotSystemMultiInterfaceHardware[m[K’
  218 |     return [01;31m[Knew C[m[K;
      |            [01;31m[K^~~~~[m[K
In file included from [01m[K/home/dr/amr-travelobot/ros_ws/src/ros2_control_demos/ros2_control_demo_hardware/src/rrbot_system_multi_interface.cpp:15[m[K:
[01m[K/home/dr/amr-travelobot/ros_ws/src/ros2_control_demos/ros2_control_demo_hardware/include/ros2_control_demo_hardware/rrbot_system_multi_interface.hpp:38:7:[m[K [01;36m[Knote: [m[K  because the following virtual functions are pure within ‘[01m[Kros2_control_demo_hardware::RRBotSystemMultiInterfaceHardware[m[K’:
   38 | class [01;36m[KRRBotSystemMultiInterfaceHardware[m[K : public hardware_interface::SystemInterface
      |       [01;36m[K^~~~~~~~~~~~~~~~~~~~~~~~~~~~~~~~~[m[K
In file included from [01m[K/home/dr/amr-travelobot/ros_ws/src/ros2_control_demos/ros2_control_demo_hardware/include/ros2_control_demo_hardware/rrbot_system_multi_interface.hpp:26[m[K,
                 from [01m[K/home/dr/amr-travelobot/ros_ws/src/ros2_control_demos/ros2_control_demo_hardware/src/rrbot_system_multi_interface.cpp:15[m[K:
[01m[K/opt/ros/foxy/include/hardware_interface/system_interface.hpp:48:23:[m[K [01;36m[Knote: [m[K	‘[01m[Kvirtual hardware_interface::return_type hardware_interface::SystemInterface::configure(const hardware_interface::HardwareInfo&)[m[K’
   48 |   virtual return_type [01;36m[Kconfigure[m[K(const HardwareInfo & system_info) = 0;
      |                       [01;36m[K^~~~~~~~~[m[K
[01m[K/opt/ros/foxy/include/hardware_interface/system_interface.hpp:116:23:[m[K [01;36m[Knote: [m[K	‘[01m[Kvirtual hardware_interface::return_type hardware_interface::SystemInterface::start()[m[K’
  116 |   virtual return_type [01;36m[Kstart[m[K() = 0;
      |                       [01;36m[K^~~~~[m[K
[01m[K/opt/ros/foxy/include/hardware_interface/system_interface.hpp:122:23:[m[K [01;36m[Knote: [m[K	‘[01m[Kvirtual hardware_interface::return_type hardware_interface::SystemInterface::stop()[m[K’
  122 |   virtual return_type [01;36m[Kstop[m[K() = 0;
      |                       [01;36m[K^~~~[m[K
[01m[K/opt/ros/foxy/include/hardware_interface/system_interface.hpp:128:23:[m[K [01;36m[Knote: [m[K	‘[01m[Kvirtual std::string hardware_interface::SystemInterface::get_name() const[m[K’
  128 |   virtual std::string [01;36m[Kget_name[m[K() const = 0;
      |                       [01;36m[K^~~~~~~~[m[K
[01m[K/opt/ros/foxy/include/hardware_interface/system_interface.hpp:134:18:[m[K [01;36m[Knote: [m[K	‘[01m[Kvirtual hardware_interface::status hardware_interface::SystemInterface::get_status() const[m[K’
  134 |   virtual status [01;36m[Kget_status[m[K() const = 0;
      |                  [01;36m[K^~~~~~~~~~[m[K
[01m[K/opt/ros/foxy/include/hardware_interface/system_interface.hpp:144:23:[m[K [01;36m[Knote: [m[K	‘[01m[Kvirtual hardware_interface::return_type hardware_interface::SystemInterface::read()[m[K’
  144 |   virtual return_type [01;36m[Kread[m[K() = 0;
      |                       [01;36m[K^~~~[m[K
[01m[K/opt/ros/foxy/include/hardware_interface/system_interface.hpp:153:23:[m[K [01;36m[Knote: [m[K	‘[01m[Kvirtual hardware_interface::return_type hardware_interface::SystemInterface::write()[m[K’
  153 |   virtual return_type [01;36m[Kwrite[m[K() = 0;
      |                       [01;36m[K^~~~~[m[K
In file included from [01m[K/opt/ros/foxy/include/class_loader/class_loader_core.hpp:57[m[K,
                 from [01m[K/opt/ros/foxy/include/class_loader/class_loader.hpp:55[m[K,
                 from [01m[K/opt/ros/foxy/include/pluginlib/class_list_macros.hpp:40[m[K,
                 from [01m[K/home/dr/amr-travelobot/ros_ws/src/ros2_control_demos/ros2_control_demo_hardware/src/diffbot_system.cpp:237[m[K:
/opt/ros/foxy/include/class_loader/meta_object.hpp: In instantiation of ‘[01m[KB* class_loader::impl::MetaObject<C, B>::create() const [with C = ros2_control_demo_hardware::DiffBotSystemHardware; B = hardware_interface::SystemInterface][m[K’:
[01m[K/opt/ros/foxy/include/class_loader/meta_object.hpp:216:7:[m[K   required from here
[01m[K/opt/ros/foxy/include/class_loader/meta_object.hpp:218:12:[m[K [01;31m[Kerror: [m[Kinvalid new-expression of abstract class type ‘[01m[Kros2_control_demo_hardware::DiffBotSystemHardware[m[K’
  218 |     return [01;31m[Knew C[m[K;
      |            [01;31m[K^~~~~[m[K
In file included from [01m[K/home/dr/amr-travelobot/ros_ws/src/ros2_control_demos/ros2_control_demo_hardware/src/diffbot_system.cpp:15[m[K:
[01m[K/home/dr/amr-travelobot/ros_ws/src/ros2_control_demos/ros2_control_demo_hardware/include/ros2_control_demo_hardware/diffbot_system.hpp:36:7:[m[K [01;36m[Knote: [m[K  because the following virtual functions are pure within ‘[01m[Kros2_control_demo_hardware::DiffBotSystemHardware[m[K’:
   36 | class [01;36m[KDiffBotSystemHardware[m[K : public hardware_interface::SystemInterface
      |       [01;36m[K^~~~~~~~~~~~~~~~~~~~~[m[K
In file included from [01m[K/home/dr/amr-travelobot/ros_ws/src/ros2_control_demos/ros2_control_demo_hardware/include/ros2_control_demo_hardware/diffbot_system.hpp:24[m[K,
                 from [01m[K/home/dr/amr-travelobot/ros_ws/src/ros2_control_demos/ros2_control_demo_hardware/src/diffbot_system.cpp:15[m[K:
[01m[K/opt/ros/foxy/include/hardware_interface/system_interface.hpp:48:23:[m[K [01;36m[Knote: [m[K	‘[01m[Kvirtual hardware_interface::return_type hardware_interface::SystemInterface::configure(const hardware_interface::HardwareInfo&)[m[K’
   48 |   virtual return_type [01;36m[Kconfigure[m[K(const HardwareInfo & system_info) = 0;
      |                       [01;36m[K^~~~~~~~~[m[K
[01m[K/opt/ros/foxy/include/hardware_interface/system_interface.hpp:116:23:[m[K [01;36m[Knote: [m[K	‘[01m[Kvirtual hardware_interface::return_type hardware_interface::SystemInterface::start()[m[K’
  116 |   virtual return_type [01;36m[Kstart[m[K() = 0;
      |                       [01;36m[K^~~~~[m[K
[01m[K/opt/ros/foxy/include/hardware_interface/system_interface.hpp:122:23:[m[K [01;36m[Knote: [m[K	‘[01m[Kvirtual hardware_interface::return_type hardware_interface::SystemInterface::stop()[m[K’
  122 |   virtual return_type [01;36m[Kstop[m[K() = 0;
      |                       [01;36m[K^~~~[m[K
[01m[K/opt/ros/foxy/include/hardware_interface/system_interface.hpp:128:23:[m[K [01;36m[Knote: [m[K	‘[01m[Kvirtual std::string hardware_interface::SystemInterface::get_name() const[m[K’
  128 |   virtual std::string [01;36m[Kget_name[m[K() const = 0;
      |                       [01;36m[K^~~~~~~~[m[K
[01m[K/opt/ros/foxy/include/hardware_interface/system_interface.hpp:134:18:[m[K [01;36m[Knote: [m[K	‘[01m[Kvirtual hardware_interface::status hardware_interface::SystemInterface::get_status() const[m[K’
  134 |   virtual status [01;36m[Kget_status[m[K() const = 0;
      |                  [01;36m[K^~~~~~~~~~[m[K
[01m[K/opt/ros/foxy/include/hardware_interface/system_interface.hpp:144:23:[m[K [01;36m[Knote: [m[K	‘[01m[Kvirtual hardware_interface::return_type hardware_interface::SystemInterface::read()[m[K’
  144 |   virtual return_type [01;36m[Kread[m[K() = 0;
      |                       [01;36m[K^~~~[m[K
[01m[K/opt/ros/foxy/include/hardware_interface/system_interface.hpp:153:23:[m[K [01;36m[Knote: [m[K	‘[01m[Kvirtual hardware_interface::return_type hardware_interface::SystemInterface::write()[m[K’
  153 |   virtual return_type [01;36m[Kwrite[m[K() = 0;
      |                       [01;36m[K^~~~~[m[K
In file included from [01m[K/opt/ros/foxy/include/class_loader/class_loader_core.hpp:57[m[K,
                 from [01m[K/opt/ros/foxy/include/class_loader/class_loader.hpp:55[m[K,
                 from [01m[K/opt/ros/foxy/include/pluginlib/class_list_macros.hpp:40[m[K,
                 from [01m[K/home/dr/amr-travelobot/ros_ws/src/ros2_control_demos/ros2_control_demo_hardware/src/rrbot_system_with_sensor.cpp:264[m[K:
/opt/ros/foxy/include/class_loader/meta_object.hpp: In instantiation of ‘[01m[KB* class_loader::impl::MetaObject<C, B>::create() const [with C = ros2_control_demo_hardware::RRBotSystemWithSensorHardware; B = hardware_interface::SystemInterface][m[K’:
[01m[K/opt/ros/foxy/include/class_loader/meta_object.hpp:216:7:[m[K   required from here
[01m[K/opt/ros/foxy/include/class_loader/meta_object.hpp:218:12:[m[K [01;31m[Kerror: [m[Kinvalid new-expression of abstract class type ‘[01m[Kros2_control_demo_hardware::RRBotSystemWithSensorHardware[m[K’
  218 |     return [01;31m[Knew C[m[K;
      |            [01;31m[K^~~~~[m[K
In file included from [01m[K/home/dr/amr-travelobot/ros_ws/src/ros2_control_demos/ros2_control_demo_hardware/src/rrbot_system_with_sensor.cpp:19[m[K:
[01m[K/home/dr/amr-travelobot/ros_ws/src/ros2_control_demos/ros2_control_demo_hardware/include/ros2_control_demo_hardware/rrbot_system_with_sensor.hpp:36:7:[m[K [01;36m[Knote: [m[K  because the following virtual functions are pure within ‘[01m[Kros2_control_demo_hardware::RRBotSystemWithSensorHardware[m[K’:
   36 | class [01;36m[KRRBotSystemWithSensorHardware[m[K : public hardware_interface::SystemInterface
      |       [01;36m[K^~~~~~~~~~~~~~~~~~~~~~~~~~~~~[m[K
In file included from [01m[K/home/dr/amr-travelobot/ros_ws/src/ros2_control_demos/ros2_control_demo_hardware/include/ros2_control_demo_hardware/rrbot_system_with_sensor.hpp:28[m[K,
                 from [01m[K/home/dr/amr-travelobot/ros_ws/src/ros2_control_demos/ros2_control_demo_hardware/src/rrbot_system_with_sensor.cpp:19[m[K:
[01m[K/opt/ros/foxy/include/hardware_interface/system_interface.hpp:48:23:[m[K [01;36m[Knote: [m[K	‘[01m[Kvirtual hardware_interface::return_type hardware_interface::SystemInterface::configure(const hardware_interface::HardwareInfo&)[m[K’
   48 |   virtual return_type [01;36m[Kconfigure[m[K(const HardwareInfo & system_info) = 0;
      |                       [01;36m[K^~~~~~~~~[m[K
[01m[K/opt/ros/foxy/include/hardware_interface/system_interface.hpp:116:23:[m[K [01;36m[Knote: [m[K	‘[01m[Kvirtual hardware_interface::return_type hardware_interface::SystemInterface::start()[m[K’
  116 |   virtual return_type [01;36m[Kstart[m[K() = 0;
      |                       [01;36m[K^~~~~[m[K
[01m[K/opt/ros/foxy/include/hardware_interface/system_interface.hpp:122:23:[m[K [01;36m[Knote: [m[K	‘[01m[Kvirtual hardware_interface::return_type hardware_interface::SystemInterface::stop()[m[K’
  122 |   virtual return_type [01;36m[Kstop[m[K() = 0;
      |                       [01;36m[K^~~~[m[K
[01m[K/opt/ros/foxy/include/hardware_interface/system_interface.hpp:128:23:[m[K [01;36m[Knote: [m[K	‘[01m[Kvirtual std::string hardware_interface::SystemInterface::get_name() const[m[K’
  128 |   virtual std::string [01;36m[Kget_name[m[K() const = 0;
      |                       [01;36m[K^~~~~~~~[m[K
[01m[K/opt/ros/foxy/include/hardware_interface/system_interface.hpp:134:18:[m[K [01;36m[Knote: [m[K	‘[01m[Kvirtual hardware_interface::status hardware_interface::SystemInterface::get_status() const[m[K’
  134 |   virtual status [01;36m[Kget_status[m[K() const = 0;
      |                  [01;36m[K^~~~~~~~~~[m[K
[01m[K/opt/ros/foxy/include/hardware_interface/system_interface.hpp:144:23:[m[K [01;36m[Knote: [m[K	‘[01m[Kvirtual hardware_interface::return_type hardware_interface::SystemInterface::read()[m[K’
  144 |   virtual return_type [01;36m[Kread[m[K() = 0;
      |                       [01;36m[K^~~~[m[K
[01m[K/opt/ros/foxy/include/hardware_interface/system_interface.hpp:153:23:[m[K [01;36m[Knote: [m[K	‘[01m[Kvirtual hardware_interface::return_type hardware_interface::SystemInterface::write()[m[K’
  153 |   virtual return_type [01;36m[Kwrite[m[K() = 0;
      |                       [01;36m[K^~~~~[m[K
In file included from [01m[K/opt/ros/foxy/include/class_loader/class_loader_core.hpp:57[m[K,
                 from [01m[K/opt/ros/foxy/include/class_loader/class_loader.hpp:55[m[K,
                 from [01m[K/opt/ros/foxy/include/pluginlib/class_list_macros.hpp:40[m[K,
                 from [01m[K/home/dr/amr-travelobot/ros_ws/src/ros2_control_demos/ros2_control_demo_hardware/src/rrbot_system_position_only.cpp:233[m[K:
/opt/ros/foxy/include/class_loader/meta_object.hpp: In instantiation of ‘[01m[KB* class_loader::impl::MetaObject<C, B>::create() const [with C = ros2_control_demo_hardware::RRBotSystemPositionOnlyHardware; B = hardware_interface::SystemInterface][m[K’:
[01m[K/opt/ros/foxy/include/class_loader/meta_object.hpp:216:7:[m[K   required from here
[01m[K/opt/ros/foxy/include/class_loader/meta_object.hpp:218:12:[m[K [01;31m[Kerror: [m[Kinvalid new-expression of abstract class type ‘[01m[Kros2_control_demo_hardware::RRBotSystemPositionOnlyHardware[m[K’
  218 |     return [01;31m[Knew C[m[K;
      |            [01;31m[K^~~~~[m[K
In file included from [01m[K/home/dr/amr-travelobot/ros_ws/src/ros2_control_demos/ros2_control_demo_hardware/src/rrbot_system_position_only.cpp:15[m[K:
[01m[K/home/dr/amr-travelobot/ros_ws/src/ros2_control_demos/ros2_control_demo_hardware/include/ros2_control_demo_hardware/rrbot_system_position_only.hpp:33:7:[m[K [01;36m[Knote: [m[K  because the following virtual functions are pure within ‘[01m[Kros2_control_demo_hardware::RRBotSystemPositionOnlyHardware[m[K’:
   33 | class [01;36m[KRRBotSystemPositionOnlyHardware[m[K : public hardware_interface::SystemInterface
      |       [01;36m[K^~~~~~~~~~~~~~~~~~~~~~~~~~~~~~~[m[K
In file included from [01m[K/home/dr/amr-travelobot/ros_ws/src/ros2_control_demos/ros2_control_demo_hardware/include/ros2_control_demo_hardware/rrbot_system_position_only.hpp:24[m[K,
                 from [01m[K/home/dr/amr-travelobot/ros_ws/src/ros2_control_demos/ros2_control_demo_hardware/src/rrbot_system_position_only.cpp:15[m[K:
[01m[K/opt/ros/foxy/include/hardware_interface/system_interface.hpp:48:23:[m[K [01;36m[Knote: [m[K	‘[01m[Kvirtual hardware_interface::return_type hardware_interface::SystemInterface::configure(const hardware_interface::HardwareInfo&)[m[K’
   48 |   virtual return_type [01;36m[Kconfigure[m[K(const HardwareInfo & system_info) = 0;
      |                       [01;36m[K^~~~~~~~~[m[K
[01m[K/opt/ros/foxy/include/hardware_interface/system_interface.hpp:116:23:[m[K [01;36m[Knote: [m[K	‘[01m[Kvirtual hardware_interface::return_type hardware_interface::SystemInterface::start()[m[K’
  116 |   virtual return_type [01;36m[Kstart[m[K() = 0;
      |                       [01;36m[K^~~~~[m[K
[01m[K/opt/ros/foxy/include/hardware_interface/system_interface.hpp:122:23:[m[K [01;36m[Knote: [m[K	‘[01m[Kvirtual hardware_interface::return_type hardware_interface::SystemInterface::stop()[m[K’
  122 |   virtual return_type [01;36m[Kstop[m[K() = 0;
      |                       [01;36m[K^~~~[m[K
[01m[K/opt/ros/foxy/include/hardware_interface/system_interface.hpp:128:23:[m[K [01;36m[Knote: [m[K	‘[01m[Kvirtual std::string hardware_interface::SystemInterface::get_name() const[m[K’
  128 |   virtual std::string [01;36m[Kget_name[m[K() const = 0;
      |                       [01;36m[K^~~~~~~~[m[K
[01m[K/opt/ros/foxy/include/hardware_interface/system_interface.hpp:134:18:[m[K [01;36m[Knote: [m[K	‘[01m[Kvirtual hardware_interface::status hardware_interface::SystemInterface::get_status() const[m[K’
  134 |   virtual status [01;36m[Kget_status[m[K() const = 0;
      |                  [01;36m[K^~~~~~~~~~[m[K
[01m[K/opt/ros/foxy/include/hardware_interface/system_interface.hpp:144:23:[m[K [01;36m[Knote: [m[K	‘[01m[Kvirtual hardware_interface::return_type hardware_interface::SystemInterface::read()[m[K’
  144 |   virtual return_type [01;36m[Kread[m[K() = 0;
      |                       [01;36m[K^~~~[m[K
[01m[K/opt/ros/foxy/include/hardware_interface/system_interface.hpp:153:23:[m[K [01;36m[Knote: [m[K	‘[01m[Kvirtual hardware_interface::return_type hardware_interface::SystemInterface::write()[m[K’
  153 |   virtual return_type [01;36m[Kwrite[m[K() = 0;
      |                       [01;36m[K^~~~~[m[K
make[2]: *** [CMakeFiles/ros2_control_demo_hardware.dir/build.make:63: CMakeFiles/ros2_control_demo_hardware.dir/src/diffbot_system.cpp.o] Error 1
make[2]: *** Waiting for unfinished jobs....
make[2]: *** [CMakeFiles/ros2_control_demo_hardware.dir/build.make:102: CMakeFiles/ros2_control_demo_hardware.dir/src/rrbot_system_with_sensor.cpp.o] Error 1
make[2]: *** [CMakeFiles/ros2_control_demo_hardware.dir/build.make:89: CMakeFiles/ros2_control_demo_hardware.dir/src/rrbot_system_multi_interface.cpp.o] Error 1
make[2]: *** [CMakeFiles/ros2_control_demo_hardware.dir/build.make:76: CMakeFiles/ros2_control_demo_hardware.dir/src/rrbot_system_position_only.cpp.o] Error 1
make[1]: *** [CMakeFiles/Makefile2:78: CMakeFiles/ros2_control_demo_hardware.dir/all] Error 2
make: *** [Makefile:141: all] Error 2
