[0.154s] Invoking command in '/home/dr/amr-travelobot/ros_ws/build/ros2_control_demo_hardware': CMAKE_PREFIX_PATH=/opt/ros/foxy /usr/bin/cmake /home/dr/amr-travelobot/ros_ws/src/ros2_control_demos/ros2_control_demo_hardware -DCMAKE_INSTALL_PREFIX=/home/dr/amr-travelobot/ros_ws/install/ros2_control_demo_hardware
[0.945s] -- The C compiler identification is GNU 9.4.0
[1.456s] -- The CXX compiler identification is GNU 9.4.0
[1.484s] -- Check for working C compiler: /usr/bin/cc
[1.756s] -- Check for working C compiler: /usr/bin/cc -- works
[1.762s] -- Detecting C compiler ABI info
[2.044s] -- Detecting C compiler ABI info - done
[2.092s] -- Detecting C compile features
[2.093s] -- Detecting C compile features - done
[2.106s] -- Check for working CXX compiler: /usr/bin/c++
[2.417s] -- Check for working CXX compiler: /usr/bin/c++ -- works
[2.422s] -- Detecting CXX compiler ABI info
[2.773s] -- Detecting CXX compiler ABI info - done
[2.842s] -- Detecting CXX compile features
[2.843s] -- Detecting CXX compile features - done
[2.857s] -- Found ament_cmake: 0.9.9 (/opt/ros/foxy/share/ament_cmake/cmake)
[3.059s] -- Found PythonInterp: /usr/bin/python3 (found suitable version "3.8.10", minimum required is "3") 
[3.060s] -- Using PYTHON_EXECUTABLE: /usr/bin/python3
[4.204s] -- Found hardware_interface: 0.10.1 (/opt/ros/foxy/share/hardware_interface/cmake)
[4.447s] -- Using all available rosidl_typesupport_c: rosidl_typesupport_fastrtps_c;rosidl_typesupport_introspection_c
[4.499s] -- Found rosidl_adapter: 1.2.1 (/opt/ros/foxy/share/rosidl_adapter/cmake)
[5.223s] -- Found OpenSSL: /usr/lib/aarch64-linux-gnu/libcrypto.so (found version "1.1.1f")  
[5.499s] -- Found FastRTPS: /opt/ros/foxy/include  
[6.071s] -- Using all available rosidl_typesupport_cpp: rosidl_typesupport_fastrtps_cpp;rosidl_typesupport_introspection_cpp
[8.756s] -- Found rclcpp: 2.4.1 (/opt/ros/foxy/share/rclcpp/cmake)
[8.999s] -- Found rmw_implementation_cmake: 1.0.3 (/opt/ros/foxy/share/rmw_implementation_cmake/cmake)
[9.007s] -- Using RMW implementation 'rmw_fastrtps_cpp' as default
[9.013s] -- Looking for pthread.h
[9.340s] -- Looking for pthread.h - found
[9.341s] -- Performing Test CMAKE_HAVE_LIBC_PTHREAD
[9.773s] -- Performing Test CMAKE_HAVE_LIBC_PTHREAD - Failed
[9.774s] -- Looking for pthread_create in pthreads
[10.222s] -- Looking for pthread_create in pthreads - not found
[10.223s] -- Looking for pthread_create in pthread
[10.766s] -- Looking for pthread_create in pthread - found
[10.771s] -- Found Threads: TRUE  
[11.605s] -- Found rclcpp_lifecycle: 2.4.1 (/opt/ros/foxy/share/rclcpp_lifecycle/cmake)
[11.833s] -- Found ament_cmake_gtest: 0.9.9 (/opt/ros/foxy/share/ament_cmake_gtest/cmake)
[12.165s] -- Configuring done
[12.332s] -- Generating done
[12.332s] -- Build files have been written to: /home/dr/amr-travelobot/ros_ws/build/ros2_control_demo_hardware
[12.427s] Invoked command in '/home/dr/amr-travelobot/ros_ws/build/ros2_control_demo_hardware' returned '0': CMAKE_PREFIX_PATH=/opt/ros/foxy /usr/bin/cmake /home/dr/amr-travelobot/ros_ws/src/ros2_control_demos/ros2_control_demo_hardware -DCMAKE_INSTALL_PREFIX=/home/dr/amr-travelobot/ros_ws/install/ros2_control_demo_hardware
[12.440s] Invoking command in '/home/dr/amr-travelobot/ros_ws/build/ros2_control_demo_hardware': CMAKE_PREFIX_PATH=/opt/ros/foxy /usr/bin/cmake --build /home/dr/amr-travelobot/ros_ws/build/ros2_control_demo_hardware -- -j4 -l4
[12.610s] [35m[1mScanning dependencies of target ros2_control_demo_hardware[0m
[13.008s] [ 14%] [32mBuilding CXX object CMakeFiles/ros2_control_demo_hardware.dir/src/diffbot_system.cpp.o[0m
[13.014s] [ 28%] [32mBuilding CXX object CMakeFiles/ros2_control_demo_hardware.dir/src/rrbot_system_with_sensor.cpp.o[0m
[13.032s] [ 42%] [32mBuilding CXX object CMakeFiles/ros2_control_demo_hardware.dir/src/rrbot_system_position_only.cpp.o[0m
[13.032s] [ 57%] [32mBuilding CXX object CMakeFiles/ros2_control_demo_hardware.dir/src/rrbot_system_multi_interface.cpp.o[0m
[15.356s] In file included from [01m[K/home/dr/amr-travelobot/ros_ws/src/ros2_control_demos/ros2_control_demo_hardware/src/rrbot_system_with_sensor.cpp:19[m[K:
[15.357s] [01m[K/home/dr/amr-travelobot/ros_ws/src/ros2_control_demos/ros2_control_demo_hardware/include/ros2_control_demo_hardware/rrbot_system_with_sensor.hpp:42:23:[m[K [01;31m[Kerror: [m[K‘[01m[KCallbackReturn[m[K’ in namespace ‘[01m[Khardware_interface[m[K’ does not name a type
[15.358s]    42 |   hardware_interface::[01;31m[KCallbackReturn[m[K on_init(
[15.358s]       |                       [01;31m[K^~~~~~~~~~~~~~[m[K
[15.359s] [01m[K/home/dr/amr-travelobot/ros_ws/src/ros2_control_demos/ros2_control_demo_hardware/include/ros2_control_demo_hardware/rrbot_system_with_sensor.hpp:46:23:[m[K [01;31m[Kerror: [m[K‘[01m[KCallbackReturn[m[K’ in namespace ‘[01m[Khardware_interface[m[K’ does not name a type
[15.360s]    46 |   hardware_interface::[01;31m[KCallbackReturn[m[K on_configure(
[15.361s]       |                       [01;31m[K^~~~~~~~~~~~~~[m[K
[15.361s] [01m[K/home/dr/amr-travelobot/ros_ws/src/ros2_control_demos/ros2_control_demo_hardware/include/ros2_control_demo_hardware/rrbot_system_with_sensor.hpp:56:23:[m[K [01;31m[Kerror: [m[K‘[01m[KCallbackReturn[m[K’ in namespace ‘[01m[Khardware_interface[m[K’ does not name a type
[15.370s]    56 |   hardware_interface::[01;31m[KCallbackReturn[m[K on_activate(
[15.372s]       |                       [01;31m[K^~~~~~~~~~~~~~[m[K
[15.373s] [01m[K/home/dr/amr-travelobot/ros_ws/src/ros2_control_demos/ros2_control_demo_hardware/include/ros2_control_demo_hardware/rrbot_system_with_sensor.hpp:60:23:[m[K [01;31m[Kerror: [m[K‘[01m[KCallbackReturn[m[K’ in namespace ‘[01m[Khardware_interface[m[K’ does not name a type
[15.374s]    60 |   hardware_interface::[01;31m[KCallbackReturn[m[K on_deactivate(
[15.375s]       |                       [01;31m[K^~~~~~~~~~~~~~[m[K
[15.376s] [01m[K/home/dr/amr-travelobot/ros_ws/src/ros2_control_demos/ros2_control_demo_hardware/include/ros2_control_demo_hardware/rrbot_system_with_sensor.hpp:65:11:[m[K [01;31m[Kerror: [m[K‘[01m[Krclcpp[m[K’ does not name a type
[15.380s]    65 |     const [01;31m[Krclcpp[m[K::Time & time, const rclcpp::Duration & period) override;
[15.381s]       |           [01;31m[K^~~~~~[m[K
[15.381s] [01m[K/home/dr/amr-travelobot/ros_ws/src/ros2_control_demos/ros2_control_demo_hardware/include/ros2_control_demo_hardware/rrbot_system_with_sensor.hpp:65:24:[m[K [01;31m[Kerror: [m[Kexpected unqualified-id before ‘[01m[K&[m[K’ token
[15.382s]    65 |     const rclcpp::Time [01;31m[K&[m[K time, const rclcpp::Duration & period) override;
[15.382s]       |                        [01;31m[K^[m[K
[15.382s] [01m[K/home/dr/amr-travelobot/ros_ws/src/ros2_control_demos/ros2_control_demo_hardware/include/ros2_control_demo_hardware/rrbot_system_with_sensor.hpp:65:23:[m[K [01;31m[Kerror: [m[Kexpected ‘[01m[K)[m[K’ before ‘[01m[K&[m[K’ token
[15.383s]    65 |     const rclcpp::Time[01;31m[K [m[K[32m[K&[m[K time, const rclcpp::Duration & period) override;
[15.383s]       |                       [01;31m[K^[m[K[32m[K~[m[K
[15.384s]       |                       [32m[K)[m[K
[15.384s] [01m[K/home/dr/amr-travelobot/ros_ws/src/ros2_control_demos/ros2_control_demo_hardware/include/ros2_control_demo_hardware/rrbot_system_with_sensor.hpp:64:39:[m[K [01;36m[Knote: [m[Kto match this ‘[01m[K([m[K’
[15.385s]    64 |   hardware_interface::return_type read[01;36m[K([m[K
[15.385s]       |                                       [01;36m[K^[m[K
[15.386s] [01m[K/home/dr/amr-travelobot/ros_ws/src/ros2_control_demos/ros2_control_demo_hardware/include/ros2_control_demo_hardware/rrbot_system_with_sensor.hpp:65:24:[m[K [01;31m[Kerror: [m[Kexpected ‘[01m[K;[m[K’ at end of member declaration
[15.386s]    65 |     const rclcpp::Time [01;31m[K&[m[K time, const rclcpp::Duration & period) override;
[15.386s]       |                        [01;31m[K^[m[K
[15.387s]       |                         [32m[K;[m[K
[15.387s] [01m[K/home/dr/amr-travelobot/ros_ws/src/ros2_control_demos/ros2_control_demo_hardware/include/ros2_control_demo_hardware/rrbot_system_with_sensor.hpp:65:26:[m[K [01;31m[Kerror: [m[K‘[01m[Ktime[m[K’ does not name a type
[15.388s]    65 |     const rclcpp::Time & [01;31m[Ktime[m[K, const rclcpp::Duration & period) override;
[15.388s]       |                          [01;31m[K^~~~[m[K
[15.389s] [01m[K/home/dr/amr-travelobot/ros_ws/src/ros2_control_demos/ros2_control_demo_hardware/include/ros2_control_demo_hardware/rrbot_system_with_sensor.hpp:69:11:[m[K [01;31m[Kerror: [m[K‘[01m[Krclcpp[m[K’ does not name a type
[15.389s]    69 |     const [01;31m[Krclcpp[m[K::Time & time, const rclcpp::Duration & period) override;
[15.390s]       |           [01;31m[K^~~~~~[m[K
[15.400s] [01m[K/home/dr/amr-travelobot/ros_ws/src/ros2_control_demos/ros2_control_demo_hardware/include/ros2_control_demo_hardware/rrbot_system_with_sensor.hpp:69:24:[m[K [01;31m[Kerror: [m[Kexpected unqualified-id before ‘[01m[K&[m[K’ token
[15.401s]    69 |     const rclcpp::Time [01;31m[K&[m[K time, const rclcpp::Duration & period) override;
[15.401s]       |                        [01;31m[K^[m[K
[15.402s] [01m[K/home/dr/amr-travelobot/ros_ws/src/ros2_control_demos/ros2_control_demo_hardware/include/ros2_control_demo_hardware/rrbot_system_with_sensor.hpp:69:23:[m[K [01;31m[Kerror: [m[Kexpected ‘[01m[K)[m[K’ before ‘[01m[K&[m[K’ token
[15.402s]    69 |     const rclcpp::Time[01;31m[K [m[K[32m[K&[m[K time, const rclcpp::Duration & period) override;
[15.403s]       |                       [01;31m[K^[m[K[32m[K~[m[K
[15.403s]       |                       [32m[K)[m[K
[15.404s] [01m[K/home/dr/amr-travelobot/ros_ws/src/ros2_control_demos/ros2_control_demo_hardware/include/ros2_control_demo_hardware/rrbot_system_with_sensor.hpp:68:40:[m[K [01;36m[Knote: [m[Kto match this ‘[01m[K([m[K’
[15.404s]    68 |   hardware_interface::return_type write[01;36m[K([m[K
[15.405s]       |                                        [01;36m[K^[m[K
[15.405s] [01m[K/home/dr/amr-travelobot/ros_ws/src/ros2_control_demos/ros2_control_demo_hardware/include/ros2_control_demo_hardware/rrbot_system_with_sensor.hpp:69:24:[m[K [01;31m[Kerror: [m[Kexpected ‘[01m[K;[m[K’ at end of member declaration
[15.406s]    69 |     const rclcpp::Time [01;31m[K&[m[K time, const rclcpp::Duration & period) override;
[15.406s]       |                        [01;31m[K^[m[K
[15.407s]       |                         [32m[K;[m[K
[15.407s] [01m[K/home/dr/amr-travelobot/ros_ws/src/ros2_control_demos/ros2_control_demo_hardware/include/ros2_control_demo_hardware/rrbot_system_with_sensor.hpp:69:26:[m[K [01;31m[Kerror: [m[K‘[01m[Ktime[m[K’ does not name a type
[15.408s]    69 |     const rclcpp::Time & [01;31m[Ktime[m[K, const rclcpp::Duration & period) override;
[15.408s]       |                          [01;31m[K^~~~[m[K
[15.468s] In file included from [01m[K/home/dr/amr-travelobot/ros_ws/src/ros2_control_demos/ros2_control_demo_hardware/src/rrbot_system_position_only.cpp:15[m[K:
[15.469s] [01m[K/home/dr/amr-travelobot/ros_ws/src/ros2_control_demos/ros2_control_demo_hardware/include/ros2_control_demo_hardware/rrbot_system_position_only.hpp:39:23:[m[K [01;31m[Kerror: [m[K‘[01m[KCallbackReturn[m[K’ in namespace ‘[01m[Khardware_interface[m[K’ does not name a type
[15.469s]    39 |   hardware_interface::[01;31m[KCallbackReturn[m[K on_init(
[15.470s]       |                       [01;31m[K^~~~~~~~~~~~~~[m[K
[15.471s] [01m[K/home/dr/amr-travelobot/ros_ws/src/ros2_control_demos/ros2_control_demo_hardware/include/ros2_control_demo_hardware/rrbot_system_position_only.hpp:43:23:[m[K [01;31m[Kerror: [m[K‘[01m[KCallbackReturn[m[K’ in namespace ‘[01m[Khardware_interface[m[K’ does not name a type
[15.472s]    43 |   hardware_interface::[01;31m[KCallbackReturn[m[K on_configure(
[15.472s]       |                       [01;31m[K^~~~~~~~~~~~~~[m[K
[15.474s] [01m[K/home/dr/amr-travelobot/ros_ws/src/ros2_control_demos/ros2_control_demo_hardware/include/ros2_control_demo_hardware/rrbot_system_position_only.hpp:53:23:[m[K [01;31m[Kerror: [m[K‘[01m[KCallbackReturn[m[K’ in namespace ‘[01m[Khardware_interface[m[K’ does not name a type
[15.475s]    53 |   hardware_interface::[01;31m[KCallbackReturn[m[K on_activate(
[15.475s]       |                       [01;31m[K^~~~~~~~~~~~~~[m[K
[15.476s] [01m[K/home/dr/amr-travelobot/ros_ws/src/ros2_control_demos/ros2_control_demo_hardware/include/ros2_control_demo_hardware/rrbot_system_position_only.hpp:57:23:[m[K [01;31m[Kerror: [m[K‘[01m[KCallbackReturn[m[K’ in namespace ‘[01m[Khardware_interface[m[K’ does not name a type
[15.476s]    57 |   hardware_interface::[01;31m[KCallbackReturn[m[K on_deactivate(
[15.477s]       |                       [01;31m[K^~~~~~~~~~~~~~[m[K
[15.484s] [01m[K/home/dr/amr-travelobot/ros_ws/src/ros2_control_demos/ros2_control_demo_hardware/include/ros2_control_demo_hardware/rrbot_system_position_only.hpp:62:11:[m[K [01;31m[Kerror: [m[K‘[01m[Krclcpp[m[K’ does not name a type
[15.484s]    62 |     const [01;31m[Krclcpp[m[K::Time & time, const rclcpp::Duration & period) override;
[15.485s]       |           [01;31m[K^~~~~~[m[K
[15.485s] [01m[K/home/dr/amr-travelobot/ros_ws/src/ros2_control_demos/ros2_control_demo_hardware/include/ros2_control_demo_hardware/rrbot_system_position_only.hpp:62:24:[m[K [01;31m[Kerror: [m[Kexpected unqualified-id before ‘[01m[K&[m[K’ token
[15.486s]    62 |     const rclcpp::Time [01;31m[K&[m[K time, const rclcpp::Duration & period) override;
[15.486s]       |                        [01;31m[K^[m[K
[15.487s] [01m[K/home/dr/amr-travelobot/ros_ws/src/ros2_control_demos/ros2_control_demo_hardware/include/ros2_control_demo_hardware/rrbot_system_position_only.hpp:62:23:[m[K [01;31m[Kerror: [m[Kexpected ‘[01m[K)[m[K’ before ‘[01m[K&[m[K’ token
[15.487s]    62 |     const rclcpp::Time[01;31m[K [m[K[32m[K&[m[K time, const rclcpp::Duration & period) override;
[15.487s]       |                       [01;31m[K^[m[K[32m[K~[m[K
[15.488s]       |                       [32m[K)[m[K
[15.488s] [01m[K/home/dr/amr-travelobot/ros_ws/src/ros2_control_demos/ros2_control_demo_hardware/include/ros2_control_demo_hardware/rrbot_system_position_only.hpp:61:39:[m[K [01;36m[Knote: [m[Kto match this ‘[01m[K([m[K’
[15.489s]    61 |   hardware_interface::return_type read[01;36m[K([m[K
[15.489s]       |                                       [01;36m[K^[m[K
[15.493s] [01m[K/home/dr/amr-travelobot/ros_ws/src/ros2_control_demos/ros2_control_demo_hardware/include/ros2_control_demo_hardware/rrbot_system_position_only.hpp:62:24:[m[K [01;31m[Kerror: [m[Kexpected ‘[01m[K;[m[K’ at end of member declaration
[15.493s]    62 |     const rclcpp::Time [01;31m[K&[m[K time, const rclcpp::Duration & period) override;
[15.494s]       |                        [01;31m[K^[m[K
[15.495s]       |                         [32m[K;[m[K
[15.498s] [01m[K/home/dr/amr-travelobot/ros_ws/src/ros2_control_demos/ros2_control_demo_hardware/include/ros2_control_demo_hardware/rrbot_system_position_only.hpp:62:26:[m[K [01;31m[Kerror: [m[K‘[01m[Ktime[m[K’ does not name a type
[15.499s]    62 |     const rclcpp::Time & [01;31m[Ktime[m[K, const rclcpp::Duration & period) override;
[15.500s]       |                          [01;31m[K^~~~[m[K
[15.506s] [01m[K/home/dr/amr-travelobot/ros_ws/src/ros2_control_demos/ros2_control_demo_hardware/include/ros2_control_demo_hardware/rrbot_system_position_only.hpp:66:11:[m[K [01;31m[Kerror: [m[K‘[01m[Krclcpp[m[K’ does not name a type
[15.507s]    66 |     const [01;31m[Krclcpp[m[K::Time & time, const rclcpp::Duration & period) override;
[15.508s]       |           [01;31m[K^~~~~~[m[K
[15.509s] [01m[K/home/dr/amr-travelobot/ros_ws/src/ros2_control_demos/ros2_control_demo_hardware/include/ros2_control_demo_hardware/rrbot_system_position_only.hpp:66:24:[m[K [01;31m[Kerror: [m[Kexpected unqualified-id before ‘[01m[K&[m[K’ token
[15.510s]    66 |     const rclcpp::Time [01;31m[K&[m[K time, const rclcpp::Duration & period) override;
[15.511s]       |                        [01;31m[K^[m[K
[15.512s] [01m[K/home/dr/amr-travelobot/ros_ws/src/ros2_control_demos/ros2_control_demo_hardware/include/ros2_control_demo_hardware/rrbot_system_position_only.hpp:66:23:[m[K [01;31m[Kerror: [m[Kexpected ‘[01m[K)[m[K’ before ‘[01m[K&[m[K’ token
[15.512s]    66 |     const rclcpp::Time[01;31m[K [m[K[32m[K&[m[K time, const rclcpp::Duration & period) override;
[15.515s]       |                       [01;31m[K^[m[K[32m[K~[m[K
[15.515s]       |                       [32m[K)[m[K
[15.516s] [01m[K/home/dr/amr-travelobot/ros_ws/src/ros2_control_demos/ros2_control_demo_hardware/include/ros2_control_demo_hardware/rrbot_system_position_only.hpp:65:40:[m[K [01;36m[Knote: [m[Kto match this ‘[01m[K([m[K’
[15.517s]    65 |   hardware_interface::return_type write[01;36m[K([m[K
[15.518s]       |                                        [01;36m[K^[m[K
[15.519s] [01m[K/home/dr/amr-travelobot/ros_ws/src/ros2_control_demos/ros2_control_demo_hardware/include/ros2_control_demo_hardware/rrbot_system_position_only.hpp:66:24:[m[K [01;31m[Kerror: [m[Kexpected ‘[01m[K;[m[K’ at end of member declaration
[15.520s]    66 |     const rclcpp::Time [01;31m[K&[m[K time, const rclcpp::Duration & period) override;
[15.526s]       |                        [01;31m[K^[m[K
[15.527s]       |                         [32m[K;[m[K
[15.527s] [01m[K/home/dr/amr-travelobot/ros_ws/src/ros2_control_demos/ros2_control_demo_hardware/include/ros2_control_demo_hardware/rrbot_system_position_only.hpp:66:26:[m[K [01;31m[Kerror: [m[K‘[01m[Ktime[m[K’ does not name a type
[15.528s]    66 |     const rclcpp::Time & [01;31m[Ktime[m[K, const rclcpp::Duration & period) override;
[15.528s]       |                          [01;31m[K^~~~[m[K
[15.610s] In file included from [01m[K/home/dr/amr-travelobot/ros_ws/src/ros2_control_demos/ros2_control_demo_hardware/src/rrbot_system_multi_interface.cpp:15[m[K:
[15.611s] [01m[K/home/dr/amr-travelobot/ros_ws/src/ros2_control_demos/ros2_control_demo_hardware/include/ros2_control_demo_hardware/rrbot_system_multi_interface.hpp:44:23:[m[K [01;31m[Kerror: [m[K‘[01m[KCallbackReturn[m[K’ in namespace ‘[01m[Khardware_interface[m[K’ does not name a type
[15.611s]    44 |   hardware_interface::[01;31m[KCallbackReturn[m[K on_init(
[15.612s]       |                       [01;31m[K^~~~~~~~~~~~~~[m[K
[15.612s] [01m[K/home/dr/amr-travelobot/ros_ws/src/ros2_control_demos/ros2_control_demo_hardware/include/ros2_control_demo_hardware/rrbot_system_multi_interface.hpp:59:23:[m[K [01;31m[Kerror: [m[K‘[01m[KCallbackReturn[m[K’ in namespace ‘[01m[Khardware_interface[m[K’ does not name a type
[15.613s]    59 |   hardware_interface::[01;31m[KCallbackReturn[m[K on_activate(
[15.613s]       |                       [01;31m[K^~~~~~~~~~~~~~[m[K
[15.613s] [01m[K/home/dr/amr-travelobot/ros_ws/src/ros2_control_demos/ros2_control_demo_hardware/include/ros2_control_demo_hardware/rrbot_system_multi_interface.hpp:63:23:[m[K [01;31m[Kerror: [m[K‘[01m[KCallbackReturn[m[K’ in namespace ‘[01m[Khardware_interface[m[K’ does not name a type
[15.614s]    63 |   hardware_interface::[01;31m[KCallbackReturn[m[K on_deactivate(
[15.615s]       |                       [01;31m[K^~~~~~~~~~~~~~[m[K
[15.654s] [01m[K/home/dr/amr-travelobot/ros_ws/src/ros2_control_demos/ros2_control_demo_hardware/include/ros2_control_demo_hardware/rrbot_system_multi_interface.hpp:67:35:[m[K [01;31m[Kerror: [m[K‘[01m[Khardware_interface::return_type ros2_control_demo_hardware::RRBotSystemMultiInterfaceHardware::read(const rclcpp::Time&, const rclcpp::Duration&)[m[K’ marked ‘[01m[Koverride[m[K’, but does not override
[15.655s]    67 |   hardware_interface::return_type [01;31m[Kread[m[K(
[15.655s]       |                                   [01;31m[K^~~~[m[K
[15.656s] [01m[K/home/dr/amr-travelobot/ros_ws/src/ros2_control_demos/ros2_control_demo_hardware/include/ros2_control_demo_hardware/rrbot_system_multi_interface.hpp:71:35:[m[K [01;31m[Kerror: [m[K‘[01m[Khardware_interface::return_type ros2_control_demo_hardware::RRBotSystemMultiInterfaceHardware::write(const rclcpp::Time&, const rclcpp::Duration&)[m[K’ marked ‘[01m[Koverride[m[K’, but does not override
[15.656s]    71 |   hardware_interface::return_type [01;31m[Kwrite[m[K(
[15.657s]       |                                   [01;31m[K^~~~~[m[K
[16.232s] In file included from [01m[K/home/dr/amr-travelobot/ros_ws/src/ros2_control_demos/ros2_control_demo_hardware/src/diffbot_system.cpp:15[m[K:
[16.232s] [01m[K/home/dr/amr-travelobot/ros_ws/src/ros2_control_demos/ros2_control_demo_hardware/include/ros2_control_demo_hardware/diffbot_system.hpp:42:23:[m[K [01;31m[Kerror: [m[K‘[01m[KCallbackReturn[m[K’ in namespace ‘[01m[Khardware_interface[m[K’ does not name a type
[16.233s]    42 |   hardware_interface::[01;31m[KCallbackReturn[m[K on_init(
[16.233s]       |                       [01;31m[K^~~~~~~~~~~~~~[m[K
[16.234s] [01m[K/home/dr/amr-travelobot/ros_ws/src/ros2_control_demos/ros2_control_demo_hardware/include/ros2_control_demo_hardware/diffbot_system.hpp:52:23:[m[K [01;31m[Kerror: [m[K‘[01m[KCallbackReturn[m[K’ in namespace ‘[01m[Khardware_interface[m[K’ does not name a type
[16.235s]    52 |   hardware_interface::[01;31m[KCallbackReturn[m[K on_activate(
[16.235s]       |                       [01;31m[K^~~~~~~~~~~~~~[m[K
[16.236s] [01m[K/home/dr/amr-travelobot/ros_ws/src/ros2_control_demos/ros2_control_demo_hardware/include/ros2_control_demo_hardware/diffbot_system.hpp:56:23:[m[K [01;31m[Kerror: [m[K‘[01m[KCallbackReturn[m[K’ in namespace ‘[01m[Khardware_interface[m[K’ does not name a type
[16.236s]    56 |   hardware_interface::[01;31m[KCallbackReturn[m[K on_deactivate(
[16.237s]       |                       [01;31m[K^~~~~~~~~~~~~~[m[K
[16.255s] [01m[K/home/dr/amr-travelobot/ros_ws/src/ros2_control_demos/ros2_control_demo_hardware/include/ros2_control_demo_hardware/diffbot_system.hpp:60:35:[m[K [01;31m[Kerror: [m[K‘[01m[Khardware_interface::return_type ros2_control_demo_hardware::DiffBotSystemHardware::read(const rclcpp::Time&, const rclcpp::Duration&)[m[K’ marked ‘[01m[Koverride[m[K’, but does not override
[16.255s]    60 |   hardware_interface::return_type [01;31m[Kread[m[K(
[16.256s]       |                                   [01;31m[K^~~~[m[K
[16.256s] [01m[K/home/dr/amr-travelobot/ros_ws/src/ros2_control_demos/ros2_control_demo_hardware/include/ros2_control_demo_hardware/diffbot_system.hpp:64:35:[m[K [01;31m[Kerror: [m[K‘[01m[Khardware_interface::return_type ros2_control_demo_hardware::DiffBotSystemHardware::write(const rclcpp::Time&, const rclcpp::Duration&)[m[K’ marked ‘[01m[Koverride[m[K’, but does not override
[16.257s]    64 |   hardware_interface::return_type [01;31m[Kwrite[m[K(
[16.257s]       |                                   [01;31m[K^~~~~[m[K
[49.205s] [01m[K/home/dr/amr-travelobot/ros_ws/src/ros2_control_demos/ros2_control_demo_hardware/src/rrbot_system_position_only.cpp:28:21:[m[K [01;31m[Kerror: [m[K‘[01m[KCallbackReturn[m[K’ in namespace ‘[01m[Khardware_interface[m[K’ does not name a type
[49.252s]    28 | hardware_interface::[01;31m[KCallbackReturn[m[K RRBotSystemPositionOnlyHardware::on_init(
[49.253s]       |                     [01;31m[K^~~~~~~~~~~~~~[m[K
[49.254s] [01m[K/home/dr/amr-travelobot/ros_ws/src/ros2_control_demos/ros2_control_demo_hardware/src/rrbot_system_with_sensor.cpp:32:21:[m[K [01;31m[Kerror: [m[K‘[01m[KCallbackReturn[m[K’ in namespace ‘[01m[Khardware_interface[m[K’ does not name a type
[49.254s]    32 | hardware_interface::[01;31m[KCallbackReturn[m[K RRBotSystemWithSensorHardware::on_init(
[49.255s]       |                     [01;31m[K^~~~~~~~~~~~~~[m[K
[49.255s] [01m[K/home/dr/amr-travelobot/ros_ws/src/ros2_control_demos/ros2_control_demo_hardware/src/rrbot_system_position_only.cpp:89:21:[m[K [01;31m[Kerror: [m[K‘[01m[KCallbackReturn[m[K’ in namespace ‘[01m[Khardware_interface[m[K’ does not name a type
[49.255s]    89 | hardware_interface::[01;31m[KCallbackReturn[m[K RRBotSystemPositionOnlyHardware::on_configure(
[49.256s]       |                     [01;31m[K^~~~~~~~~~~~~~[m[K
[49.256s] [01m[K/home/dr/amr-travelobot/ros_ws/src/ros2_control_demos/ros2_control_demo_hardware/src/rrbot_system_with_sensor.cpp:97:21:[m[K [01;31m[Kerror: [m[K‘[01m[KCallbackReturn[m[K’ in namespace ‘[01m[Khardware_interface[m[K’ does not name a type
[49.257s]    97 | hardware_interface::[01;31m[KCallbackReturn[m[K RRBotSystemWithSensorHardware::on_configure(
[49.257s]       |                     [01;31m[K^~~~~~~~~~~~~~[m[K
[49.257s] [01m[K/home/dr/amr-travelobot/ros_ws/src/ros2_control_demos/ros2_control_demo_hardware/src/diffbot_system.cpp:28:21:[m[K [01;31m[Kerror: [m[K‘[01m[KCallbackReturn[m[K’ in namespace ‘[01m[Khardware_interface[m[K’ does not name a type
[49.258s]    28 | hardware_interface::[01;31m[KCallbackReturn[m[K DiffBotSystemHardware::on_init(
[49.259s]       |                     [01;31m[K^~~~~~~~~~~~~~[m[K
[49.259s] [01m[K/home/dr/amr-travelobot/ros_ws/src/ros2_control_demos/ros2_control_demo_hardware/src/rrbot_system_multi_interface.cpp:29:21:[m[K [01;31m[Kerror: [m[K‘[01m[KCallbackReturn[m[K’ in namespace ‘[01m[Khardware_interface[m[K’ does not name a type
[49.260s]    29 | hardware_interface::[01;31m[KCallbackReturn[m[K RRBotSystemMultiInterfaceHardware::on_init(
[49.260s]       |                     [01;31m[K^~~~~~~~~~~~~~[m[K
[49.261s] [01m[K/home/dr/amr-travelobot/ros_ws/src/ros2_control_demos/ros2_control_demo_hardware/src/rrbot_system_with_sensor.cpp:[m[K In member function ‘[01m[Kvirtual std::vector<hardware_interface::StateInterface> ros2_control_demo_hardware::RRBotSystemWithSensorHardware::export_state_interfaces()[m[K’:
[49.261s] [01m[K/home/dr/amr-travelobot/ros_ws/src/ros2_control_demos/ros2_control_demo_hardware/src/rrbot_system_with_sensor.cpp:128:24:[m[K [01;31m[Kerror: [m[K‘[01m[Kinfo_[m[K’ was not declared in this scope
[49.262s]   128 |   for (uint i = 0; i < [01;31m[Kinfo_[m[K.joints.size(); i++)
[49.262s]       |                        [01;31m[K^~~~~[m[K
[49.265s] [01m[K/home/dr/amr-travelobot/ros_ws/src/ros2_control_demos/ros2_control_demo_hardware/src/rrbot_system_position_only.cpp:[m[K In member function ‘[01m[Kvirtual std::vector<hardware_interface::StateInterface> ros2_control_demo_hardware::RRBotSystemPositionOnlyHardware::export_state_interfaces()[m[K’:
[49.265s] [01m[K/home/dr/amr-travelobot/ros_ws/src/ros2_control_demos/ros2_control_demo_hardware/src/rrbot_system_position_only.cpp:121:24:[m[K [01;31m[Kerror: [m[K‘[01m[Kinfo_[m[K’ was not declared in this scope
[49.266s]   121 |   for (uint i = 0; i < [01;31m[Kinfo_[m[K.joints.size(); i++)
[49.266s]       |                        [01;31m[K^~~~~[m[K
[49.267s] [01m[K/home/dr/amr-travelobot/ros_ws/src/ros2_control_demos/ros2_control_demo_hardware/src/rrbot_system_multi_interface.cpp:[m[K In member function ‘[01m[Kvirtual std::vector<hardware_interface::StateInterface> ros2_control_demo_hardware::RRBotSystemMultiInterfaceHardware::export_state_interfaces()[m[K’:
[49.267s] [01m[K/home/dr/amr-travelobot/ros_ws/src/ros2_control_demos/ros2_control_demo_hardware/src/rrbot_system_multi_interface.cpp:106:31:[m[K [01;31m[Kerror: [m[K‘[01m[Kinfo_[m[K’ was not declared in this scope
[49.268s]   106 |   for (std::size_t i = 0; i < [01;31m[Kinfo_[m[K.joints.size(); i++)
[49.268s]       |                               [01;31m[K^~~~~[m[K
[49.269s] [01m[K/home/dr/amr-travelobot/ros_ws/src/ros2_control_demos/ros2_control_demo_hardware/src/diffbot_system.cpp:[m[K In member function ‘[01m[Kvirtual std::vector<hardware_interface::StateInterface> ros2_control_demo_hardware::DiffBotSystemHardware::export_state_interfaces()[m[K’:
[49.269s] [01m[K/home/dr/amr-travelobot/ros_ws/src/ros2_control_demos/ros2_control_demo_hardware/src/diffbot_system.cpp:105:25:[m[K [01;31m[Kerror: [m[K‘[01m[Kinfo_[m[K’ was not declared in this scope
[49.269s]   105 |   for (auto i = 0u; i < [01;31m[Kinfo_[m[K.joints.size(); i++)
[49.270s]       |                         [01;31m[K^~~~~[m[K
[49.270s] [01m[K/home/dr/amr-travelobot/ros_ws/src/ros2_control_demos/ros2_control_demo_hardware/src/rrbot_system_with_sensor.cpp:135:24:[m[K [01;31m[Kerror: [m[K‘[01m[Kinfo_[m[K’ was not declared in this scope
[49.271s]   135 |   for (uint i = 0; i < [01;31m[Kinfo_[m[K.sensors[0].state_interfaces.size(); i++)
[49.271s]       |                        [01;31m[K^~~~~[m[K
[49.272s] [01m[K/home/dr/amr-travelobot/ros_ws/src/ros2_control_demos/ros2_control_demo_hardware/src/rrbot_system_with_sensor.cpp:[m[K In member function ‘[01m[Kvirtual std::vector<hardware_interface::CommandInterface> ros2_control_demo_hardware::RRBotSystemWithSensorHardware::export_command_interfaces()[m[K’:
[49.272s] [01m[K/home/dr/amr-travelobot/ros_ws/src/ros2_control_demos/ros2_control_demo_hardware/src/rrbot_system_with_sensor.cpp:148:24:[m[K [01;31m[Kerror: [m[K‘[01m[Kinfo_[m[K’ was not declared in this scope
[49.272s]   148 |   for (uint i = 0; i < [01;31m[Kinfo_[m[K.joints.size(); i++)
[49.273s]       |                        [01;31m[K^~~~~[m[K
[49.273s] [01m[K/home/dr/amr-travelobot/ros_ws/src/ros2_control_demos/ros2_control_demo_hardware/src/rrbot_system_position_only.cpp:[m[K In member function ‘[01m[Kvirtual std::vector<hardware_interface::CommandInterface> ros2_control_demo_hardware::RRBotSystemPositionOnlyHardware::export_command_interfaces()[m[K’:
[49.274s] [01m[K/home/dr/amr-travelobot/ros_ws/src/ros2_control_demos/ros2_control_demo_hardware/src/rrbot_system_position_only.cpp:134:24:[m[K [01;31m[Kerror: [m[K‘[01m[Kinfo_[m[K’ was not declared in this scope
[49.274s]   134 |   for (uint i = 0; i < [01;31m[Kinfo_[m[K.joints.size(); i++)
[49.275s]       |                        [01;31m[K^~~~~[m[K
[49.275s] [01m[K/home/dr/amr-travelobot/ros_ws/src/ros2_control_demos/ros2_control_demo_hardware/src/rrbot_system_multi_interface.cpp:[m[K In member function ‘[01m[Kvirtual std::vector<hardware_interface::CommandInterface> ros2_control_demo_hardware::RRBotSystemMultiInterfaceHardware::export_command_interfaces()[m[K’:
[49.276s] [01m[K/home/dr/amr-travelobot/ros_ws/src/ros2_control_demos/ros2_control_demo_hardware/src/rrbot_system_multi_interface.cpp:123:31:[m[K [01;31m[Kerror: [m[K‘[01m[Kinfo_[m[K’ was not declared in this scope
[49.276s]   123 |   for (std::size_t i = 0; i < [01;31m[Kinfo_[m[K.joints.size(); i++)
[49.277s]       |                               [01;31m[K^~~~~[m[K
[49.278s] [01m[K/home/dr/amr-travelobot/ros_ws/src/ros2_control_demos/ros2_control_demo_hardware/src/rrbot_system_with_sensor.cpp:[m[K At global scope:
[49.278s] [01m[K/home/dr/amr-travelobot/ros_ws/src/ros2_control_demos/ros2_control_demo_hardware/src/rrbot_system_with_sensor.cpp:157:21:[m[K [01;31m[Kerror: [m[K‘[01m[KCallbackReturn[m[K’ in namespace ‘[01m[Khardware_interface[m[K’ does not name a type
[49.278s]   157 | hardware_interface::[01;31m[KCallbackReturn[m[K RRBotSystemWithSensorHardware::on_activate(
[49.279s]       |                     [01;31m[K^~~~~~~~~~~~~~[m[K
[49.279s] [01m[K/home/dr/amr-travelobot/ros_ws/src/ros2_control_demos/ros2_control_demo_hardware/src/rrbot_system_with_sensor.cpp:189:21:[m[K [01;31m[Kerror: [m[K‘[01m[KCallbackReturn[m[K’ in namespace ‘[01m[Khardware_interface[m[K’ does not name a type
[49.280s]   189 | hardware_interface::[01;31m[KCallbackReturn[m[K RRBotSystemWithSensorHardware::on_deactivate(
[49.280s]       |                     [01;31m[K^~~~~~~~~~~~~~[m[K
[49.281s] [01m[K/home/dr/amr-travelobot/ros_ws/src/ros2_control_demos/ros2_control_demo_hardware/src/rrbot_system_with_sensor.cpp:210:33:[m[K [01;31m[Kerror: [m[Kno declaration matches ‘[01m[Khardware_interface::return_type ros2_control_demo_hardware::RRBotSystemWithSensorHardware::read(const rclcpp::Time&, const rclcpp::Duration&)[m[K’
[49.281s]   210 | hardware_interface::return_type [01;31m[KRRBotSystemWithSensorHardware[m[K::read(
[49.282s]       |                                 [01;31m[K^~~~~~~~~~~~~~~~~~~~~~~~~~~~~[m[K
[49.283s] [01m[K/home/dr/amr-travelobot/ros_ws/src/ros2_control_demos/ros2_control_demo_hardware/src/rrbot_system_position_only.cpp:[m[K At global scope:
[49.283s] [01m[K/home/dr/amr-travelobot/ros_ws/src/ros2_control_demos/ros2_control_demo_hardware/src/rrbot_system_position_only.cpp:143:21:[m[K [01;31m[Kerror: [m[K‘[01m[KCallbackReturn[m[K’ in namespace ‘[01m[Khardware_interface[m[K’ does not name a type
[49.283s]   143 | hardware_interface::[01;31m[KCallbackReturn[m[K RRBotSystemPositionOnlyHardware::on_activate(
[49.284s]       |                     [01;31m[K^~~~~~~~~~~~~~[m[K
[49.284s] [01m[K/home/dr/amr-travelobot/ros_ws/src/ros2_control_demos/ros2_control_demo_hardware/src/rrbot_system_position_only.cpp:170:21:[m[K [01;31m[Kerror: [m[K‘[01m[KCallbackReturn[m[K’ in namespace ‘[01m[Khardware_interface[m[K’ does not name a type
[49.285s]   170 | hardware_interface::[01;31m[KCallbackReturn[m[K RRBotSystemPositionOnlyHardware::on_deactivate(
[49.285s]       |                     [01;31m[K^~~~~~~~~~~~~~[m[K
[49.285s] [01m[K/home/dr/amr-travelobot/ros_ws/src/ros2_control_demos/ros2_control_demo_hardware/src/rrbot_system_position_only.cpp:191:33:[m[K [01;31m[Kerror: [m[Kno declaration matches ‘[01m[Khardware_interface::return_type ros2_control_demo_hardware::RRBotSystemPositionOnlyHardware::read(const rclcpp::Time&, const rclcpp::Duration&)[m[K’
[49.286s]   191 | hardware_interface::return_type [01;31m[KRRBotSystemPositionOnlyHardware[m[K::read(
[49.286s]       |                                 [01;31m[K^~~~~~~~~~~~~~~~~~~~~~~~~~~~~~~[m[K
[49.287s] [01m[K/home/dr/amr-travelobot/ros_ws/src/ros2_control_demos/ros2_control_demo_hardware/src/diffbot_system.cpp:[m[K In member function ‘[01m[Kvirtual std::vector<hardware_interface::CommandInterface> ros2_control_demo_hardware::DiffBotSystemHardware::export_command_interfaces()[m[K’:
[49.287s] [01m[K/home/dr/amr-travelobot/ros_ws/src/ros2_control_demos/ros2_control_demo_hardware/src/diffbot_system.cpp:119:25:[m[K [01;31m[Kerror: [m[K‘[01m[Kinfo_[m[K’ was not declared in this scope
[49.288s]   119 |   for (auto i = 0u; i < [01;31m[Kinfo_[m[K.joints.size(); i++)
[49.288s]       |                         [01;31m[K^~~~~[m[K
[49.288s] [01m[K/home/dr/amr-travelobot/ros_ws/src/ros2_control_demos/ros2_control_demo_hardware/src/diffbot_system.cpp:[m[K At global scope:
[49.289s] [01m[K/home/dr/amr-travelobot/ros_ws/src/ros2_control_demos/ros2_control_demo_hardware/src/diffbot_system.cpp:128:21:[m[K [01;31m[Kerror: [m[K‘[01m[KCallbackReturn[m[K’ in namespace ‘[01m[Khardware_interface[m[K’ does not name a type
[49.289s]   128 | hardware_interface::[01;31m[KCallbackReturn[m[K DiffBotSystemHardware::on_activate(
[49.290s]       |                     [01;31m[K^~~~~~~~~~~~~~[m[K
[49.291s] [01m[K/home/dr/amr-travelobot/ros_ws/src/ros2_control_demos/ros2_control_demo_hardware/src/diffbot_system.cpp:158:21:[m[K [01;31m[Kerror: [m[K‘[01m[KCallbackReturn[m[K’ in namespace ‘[01m[Khardware_interface[m[K’ does not name a type
[49.291s]   158 | hardware_interface::[01;31m[KCallbackReturn[m[K DiffBotSystemHardware::on_deactivate(
[49.292s]       |                     [01;31m[K^~~~~~~~~~~~~~[m[K
[49.292s] [01m[K/home/dr/amr-travelobot/ros_ws/src/ros2_control_demos/ros2_control_demo_hardware/src/rrbot_system_multi_interface.cpp:[m[K In member function ‘[01m[Kvirtual hardware_interface::return_type ros2_control_demo_hardware::RRBotSystemMultiInterfaceHardware::prepare_command_mode_switch(const std::vector<std::__cxx11::basic_string<char> >&, const std::vector<std::__cxx11::basic_string<char> >&)[m[K’:
[49.292s] [01m[K/home/dr/amr-travelobot/ros_ws/src/ros2_control_demos/ros2_control_demo_hardware/src/rrbot_system_multi_interface.cpp:145:33:[m[K [01;31m[Kerror: [m[K‘[01m[Kinfo_[m[K’ was not declared in this scope
[49.293s]   145 |     for (std::size_t i = 0; i < [01;31m[Kinfo_[m[K.joints.size(); i++)
[49.294s]       |                                 [01;31m[K^~~~~[m[K
[49.294s] In file included from [01m[K/opt/ros/foxy/include/rclcpp/client.hpp:40[m[K,
[49.295s]                  from [01m[K/opt/ros/foxy/include/rclcpp/callback_group.hpp:23[m[K,
[49.295s]                  from [01m[K/opt/ros/foxy/include/rclcpp/any_executable.hpp:20[m[K,
[49.295s]                  from [01m[K/opt/ros/foxy/include/rclcpp/memory_strategy.hpp:24[m[K,
[49.296s]                  from [01m[K/opt/ros/foxy/include/rclcpp/memory_strategies.hpp:18[m[K,
[49.296s]                  from [01m[K/opt/ros/foxy/include/rclcpp/executor_options.hpp:20[m[K,
[49.297s]                  from [01m[K/opt/ros/foxy/include/rclcpp/executor.hpp:33[m[K,
[49.297s]                  from [01m[K/opt/ros/foxy/include/rclcpp/executors/multi_threaded_executor.hpp:26[m[K,
[49.297s]                  from [01m[K/opt/ros/foxy/include/rclcpp/executors.hpp:21[m[K,
[49.298s]                  from [01m[K/opt/ros/foxy/include/rclcpp/rclcpp.hpp:146[m[K,
[49.298s]                  from [01m[K/home/dr/amr-travelobot/ros_ws/src/ros2_control_demos/ros2_control_demo_hardware/src/diffbot_system.cpp:24[m[K:
[49.299s] [01m[K/home/dr/amr-travelobot/ros_ws/src/ros2_control_demos/ros2_control_demo_hardware/src/diffbot_system.cpp:[m[K In member function ‘[01m[Khardware_interface::return_type ros2_control_demo_hardware::DiffBotSystemHardware::read(const rclcpp::Time&, const rclcpp::Duration&)[m[K’:
[49.299s] [01m[K/home/dr/amr-travelobot/ros_ws/src/ros2_control_demos/ros2_control_demo_hardware/src/diffbot_system.cpp:194:26:[m[K [01;31m[Kerror: [m[K‘[01m[Kinfo_[m[K’ was not declared in this scope
[49.300s]   194 |       hw_velocities_[i], [01;31m[Kinfo_[m[K.joints[i].name.c_str());
[49.300s]       |                          [01;31m[K^~~~~[m[K
[49.301s] [01m[K/home/dr/amr-travelobot/ros_ws/src/ros2_control_demos/ros2_control_demo_hardware/src/rrbot_system_multi_interface.cpp:162:27:[m[K [01;31m[Kerror: [m[K‘[01m[Kinfo_[m[K’ was not declared in this scope
[49.301s]   162 |   if (new_modes.size() != [01;31m[Kinfo_[m[K.joints.size())
[49.301s]       |                           [01;31m[K^~~~~[m[K
[49.302s] [01m[K/home/dr/amr-travelobot/ros_ws/src/ros2_control_demos/ros2_control_demo_hardware/src/rrbot_system_multi_interface.cpp:177:33:[m[K [01;31m[Kerror: [m[K‘[01m[Kinfo_[m[K’ was not declared in this scope
[49.302s]   177 |     for (std::size_t i = 0; i < [01;31m[Kinfo_[m[K.joints.size(); i++)
[49.303s]       |                                 [01;31m[K^~~~~[m[K
[49.303s] [01m[K/home/dr/amr-travelobot/ros_ws/src/ros2_control_demos/ros2_control_demo_hardware/src/diffbot_system.cpp:[m[K In member function ‘[01m[Khardware_interface::return_type ros2_control_demo_hardware::DiffBotSystemHardware::write(const rclcpp::Time&, const rclcpp::Duration&)[m[K’:
[49.304s] [01m[K/home/dr/amr-travelobot/ros_ws/src/ros2_control_demos/ros2_control_demo_hardware/src/diffbot_system.cpp:227:7:[m[K [01;31m[Kerror: [m[K‘[01m[Kinfo_[m[K’ was not declared in this scope
[49.304s]   227 |       [01;31m[Kinfo_[m[K.joints[i].name.c_str());
[49.305s]       |       [01;31m[K^~~~~[m[K
[49.305s] [01m[K/home/dr/amr-travelobot/ros_ws/src/ros2_control_demos/ros2_control_demo_hardware/src/rrbot_system_multi_interface.cpp:188:31:[m[K [01;31m[Kerror: [m[K‘[01m[Kinfo_[m[K’ was not declared in this scope
[49.305s]   188 |   for (std::size_t i = 0; i < [01;31m[Kinfo_[m[K.joints.size(); i++)
[49.306s]       |                               [01;31m[K^~~~~[m[K
[49.306s] [01m[K/home/dr/amr-travelobot/ros_ws/src/ros2_control_demos/ros2_control_demo_hardware/src/rrbot_system_multi_interface.cpp:[m[K At global scope:
[49.307s] [01m[K/home/dr/amr-travelobot/ros_ws/src/ros2_control_demos/ros2_control_demo_hardware/src/rrbot_system_multi_interface.cpp:200:21:[m[K [01;31m[Kerror: [m[K‘[01m[KCallbackReturn[m[K’ in namespace ‘[01m[Khardware_interface[m[K’ does not name a type
[49.307s]   200 | hardware_interface::[01;31m[KCallbackReturn[m[K RRBotSystemMultiInterfaceHardware::on_activate(
[49.308s]       |                     [01;31m[K^~~~~~~~~~~~~~[m[K
[49.308s] [01m[K/home/dr/amr-travelobot/ros_ws/src/ros2_control_demos/ros2_control_demo_hardware/src/rrbot_system_multi_interface.cpp:252:21:[m[K [01;31m[Kerror: [m[K‘[01m[KCallbackReturn[m[K’ in namespace ‘[01m[Khardware_interface[m[K’ does not name a type
[49.309s]   252 | hardware_interface::[01;31m[KCallbackReturn[m[K RRBotSystemMultiInterfaceHardware::on_deactivate(
[49.309s]       |                     [01;31m[K^~~~~~~~~~~~~~[m[K
[49.810s] In file included from [01m[K/home/dr/amr-travelobot/ros_ws/src/ros2_control_demos/ros2_control_demo_hardware/src/rrbot_system_position_only.cpp:15[m[K:
[49.811s] [01m[K/home/dr/amr-travelobot/ros_ws/src/ros2_control_demos/ros2_control_demo_hardware/include/ros2_control_demo_hardware/rrbot_system_position_only.hpp:61:35:[m[K [01;36m[Knote: [m[Kcandidate is: ‘[01m[Khardware_interface::return_type ros2_control_demo_hardware::RRBotSystemPositionOnlyHardware::read(...) &[m[K’
[49.811s]    61 |   hardware_interface::return_type [01;36m[Kread[m[K(
[49.812s]       |                                   [01;36m[K^~~~[m[K
[49.812s] [01m[K/home/dr/amr-travelobot/ros_ws/src/ros2_control_demos/ros2_control_demo_hardware/include/ros2_control_demo_hardware/rrbot_system_position_only.hpp:33:7:[m[K [01;36m[Knote: [m[K‘[01m[Kclass ros2_control_demo_hardware::RRBotSystemPositionOnlyHardware[m[K’ defined here
[49.813s]    33 | class [01;36m[KRRBotSystemPositionOnlyHardware[m[K : public hardware_interface::SystemInterface
[49.813s]       |       [01;36m[K^~~~~~~~~~~~~~~~~~~~~~~~~~~~~~~[m[K
[49.814s] [01m[K/home/dr/amr-travelobot/ros_ws/src/ros2_control_demos/ros2_control_demo_hardware/src/rrbot_system_position_only.cpp:211:33:[m[K [01;31m[Kerror: [m[Kno declaration matches ‘[01m[Khardware_interface::return_type ros2_control_demo_hardware::RRBotSystemPositionOnlyHardware::write(const rclcpp::Time&, const rclcpp::Duration&)[m[K’
[49.839s]   211 | hardware_interface::return_type [01;31m[KRRBotSystemPositionOnlyHardware[m[K::write(
[49.840s]       |                                 [01;31m[K^~~~~~~~~~~~~~~~~~~~~~~~~~~~~~~[m[K
[49.840s] In file included from [01m[K/home/dr/amr-travelobot/ros_ws/src/ros2_control_demos/ros2_control_demo_hardware/src/rrbot_system_position_only.cpp:15[m[K:
[49.841s] [01m[K/home/dr/amr-travelobot/ros_ws/src/ros2_control_demos/ros2_control_demo_hardware/include/ros2_control_demo_hardware/rrbot_system_position_only.hpp:65:35:[m[K [01;36m[Knote: [m[Kcandidate is: ‘[01m[Khardware_interface::return_type ros2_control_demo_hardware::RRBotSystemPositionOnlyHardware::write(...) &[m[K’
[49.842s]    65 |   hardware_interface::return_type [01;36m[Kwrite[m[K(
[49.855s]       |                                   [01;36m[K^~~~~[m[K
[49.856s] [01m[K/home/dr/amr-travelobot/ros_ws/src/ros2_control_demos/ros2_control_demo_hardware/include/ros2_control_demo_hardware/rrbot_system_position_only.hpp:33:7:[m[K [01;36m[Knote: [m[K‘[01m[Kclass ros2_control_demo_hardware::RRBotSystemPositionOnlyHardware[m[K’ defined here
[49.856s]    33 | class [01;36m[KRRBotSystemPositionOnlyHardware[m[K : public hardware_interface::SystemInterface
[49.857s]       |       [01;36m[K^~~~~~~~~~~~~~~~~~~~~~~~~~~~~~~[m[K
[49.858s] In file included from [01m[K/home/dr/amr-travelobot/ros_ws/src/ros2_control_demos/ros2_control_demo_hardware/src/rrbot_system_with_sensor.cpp:19[m[K:
[49.858s] [01m[K/home/dr/amr-travelobot/ros_ws/src/ros2_control_demos/ros2_control_demo_hardware/include/ros2_control_demo_hardware/rrbot_system_with_sensor.hpp:64:35:[m[K [01;36m[Knote: [m[Kcandidate is: ‘[01m[Khardware_interface::return_type ros2_control_demo_hardware::RRBotSystemWithSensorHardware::read(...) &[m[K’
[49.859s]    64 |   hardware_interface::return_type [01;36m[Kread[m[K(
[49.859s]       |                                   [01;36m[K^~~~[m[K
[49.877s] [01m[K/home/dr/amr-travelobot/ros_ws/src/ros2_control_demos/ros2_control_demo_hardware/include/ros2_control_demo_hardware/rrbot_system_with_sensor.hpp:36:7:[m[K [01;36m[Knote: [m[K‘[01m[Kclass ros2_control_demo_hardware::RRBotSystemWithSensorHardware[m[K’ defined here
[49.878s]    36 | class [01;36m[KRRBotSystemWithSensorHardware[m[K : public hardware_interface::SystemInterface
[49.879s]       |       [01;36m[K^~~~~~~~~~~~~~~~~~~~~~~~~~~~~[m[K
[49.879s] [01m[K/home/dr/amr-travelobot/ros_ws/src/ros2_control_demos/ros2_control_demo_hardware/src/rrbot_system_with_sensor.cpp:243:33:[m[K [01;31m[Kerror: [m[Kno declaration matches ‘[01m[Khardware_interface::return_type ros2_control_demo_hardware::RRBotSystemWithSensorHardware::write(const rclcpp::Time&, const rclcpp::Duration&)[m[K’
[49.880s]   243 | hardware_interface::return_type [01;31m[Kros2_control_demo_hardware[m[K::RRBotSystemWithSensorHardware::write(
[49.886s]       |                                 [01;31m[K^~~~~~~~~~~~~~~~~~~~~~~~~~[m[K
[49.887s] In file included from [01m[K/home/dr/amr-travelobot/ros_ws/src/ros2_control_demos/ros2_control_demo_hardware/src/rrbot_system_with_sensor.cpp:19[m[K:
[49.888s] [01m[K/home/dr/amr-travelobot/ros_ws/src/ros2_control_demos/ros2_control_demo_hardware/include/ros2_control_demo_hardware/rrbot_system_with_sensor.hpp:68:35:[m[K [01;36m[Knote: [m[Kcandidate is: ‘[01m[Khardware_interface::return_type ros2_control_demo_hardware::RRBotSystemWithSensorHardware::write(...) &[m[K’
[49.888s]    68 |   hardware_interface::return_type [01;36m[Kwrite[m[K(
[49.889s]       |                                   [01;36m[K^~~~~[m[K
[49.889s] [01m[K/home/dr/amr-travelobot/ros_ws/src/ros2_control_demos/ros2_control_demo_hardware/include/ros2_control_demo_hardware/rrbot_system_with_sensor.hpp:36:7:[m[K [01;36m[Knote: [m[K‘[01m[Kclass ros2_control_demo_hardware::RRBotSystemWithSensorHardware[m[K’ defined here
[49.889s]    36 | class [01;36m[KRRBotSystemWithSensorHardware[m[K : public hardware_interface::SystemInterface
[49.890s]       |       [01;36m[K^~~~~~~~~~~~~~~~~~~~~~~~~~~~~[m[K
[51.899s] In file included from [01m[K/opt/ros/foxy/include/class_loader/class_loader_core.hpp:57[m[K,
[51.904s]                  from [01m[K/opt/ros/foxy/include/class_loader/class_loader.hpp:55[m[K,
[51.906s]                  from [01m[K/opt/ros/foxy/include/pluginlib/class_list_macros.hpp:40[m[K,
[51.911s]                  from [01m[K/home/dr/amr-travelobot/ros_ws/src/ros2_control_demos/ros2_control_demo_hardware/src/rrbot_system_multi_interface.cpp:333[m[K:
[51.911s] /opt/ros/foxy/include/class_loader/meta_object.hpp: In instantiation of ‘[01m[KB* class_loader::impl::MetaObject<C, B>::create() const [with C = ros2_control_demo_hardware::RRBotSystemMultiInterfaceHardware; B = hardware_interface::SystemInterface][m[K’:
[51.912s] [01m[K/opt/ros/foxy/include/class_loader/meta_object.hpp:216:7:[m[K   required from here
[51.912s] [01m[K/opt/ros/foxy/include/class_loader/meta_object.hpp:218:12:[m[K [01;31m[Kerror: [m[Kinvalid new-expression of abstract class type ‘[01m[Kros2_control_demo_hardware::RRBotSystemMultiInterfaceHardware[m[K’
[51.913s]   218 |     return [01;31m[Knew C[m[K;
[51.913s]       |            [01;31m[K^~~~~[m[K
[51.913s] In file included from [01m[K/home/dr/amr-travelobot/ros_ws/src/ros2_control_demos/ros2_control_demo_hardware/src/rrbot_system_multi_interface.cpp:15[m[K:
[51.914s] [01m[K/home/dr/amr-travelobot/ros_ws/src/ros2_control_demos/ros2_control_demo_hardware/include/ros2_control_demo_hardware/rrbot_system_multi_interface.hpp:38:7:[m[K [01;36m[Knote: [m[K  because the following virtual functions are pure within ‘[01m[Kros2_control_demo_hardware::RRBotSystemMultiInterfaceHardware[m[K’:
[51.915s]    38 | class [01;36m[KRRBotSystemMultiInterfaceHardware[m[K : public hardware_interface::SystemInterface
[51.915s]       |       [01;36m[K^~~~~~~~~~~~~~~~~~~~~~~~~~~~~~~~~[m[K
[51.916s] In file included from [01m[K/home/dr/amr-travelobot/ros_ws/src/ros2_control_demos/ros2_control_demo_hardware/include/ros2_control_demo_hardware/rrbot_system_multi_interface.hpp:26[m[K,
[51.916s]                  from [01m[K/home/dr/amr-travelobot/ros_ws/src/ros2_control_demos/ros2_control_demo_hardware/src/rrbot_system_multi_interface.cpp:15[m[K:
[51.917s] [01m[K/opt/ros/foxy/include/hardware_interface/system_interface.hpp:48:23:[m[K [01;36m[Knote: [m[K	‘[01m[Kvirtual hardware_interface::return_type hardware_interface::SystemInterface::configure(const hardware_interface::HardwareInfo&)[m[K’
[51.917s]    48 |   virtual return_type [01;36m[Kconfigure[m[K(const HardwareInfo & system_info) = 0;
[51.917s]       |                       [01;36m[K^~~~~~~~~[m[K
[51.953s] [01m[K/opt/ros/foxy/include/hardware_interface/system_interface.hpp:116:23:[m[K [01;36m[Knote: [m[K	‘[01m[Kvirtual hardware_interface::return_type hardware_interface::SystemInterface::start()[m[K’
[51.954s]   116 |   virtual return_type [01;36m[Kstart[m[K() = 0;
[51.955s]       |                       [01;36m[K^~~~~[m[K
[51.955s] [01m[K/opt/ros/foxy/include/hardware_interface/system_interface.hpp:122:23:[m[K [01;36m[Knote: [m[K	‘[01m[Kvirtual hardware_interface::return_type hardware_interface::SystemInterface::stop()[m[K’
[51.956s]   122 |   virtual return_type [01;36m[Kstop[m[K() = 0;
[51.956s]       |                       [01;36m[K^~~~[m[K
[51.957s] [01m[K/opt/ros/foxy/include/hardware_interface/system_interface.hpp:128:23:[m[K [01;36m[Knote: [m[K	‘[01m[Kvirtual std::string hardware_interface::SystemInterface::get_name() const[m[K’
[51.957s]   128 |   virtual std::string [01;36m[Kget_name[m[K() const = 0;
[51.958s]       |                       [01;36m[K^~~~~~~~[m[K
[51.959s] [01m[K/opt/ros/foxy/include/hardware_interface/system_interface.hpp:134:18:[m[K [01;36m[Knote: [m[K	‘[01m[Kvirtual hardware_interface::status hardware_interface::SystemInterface::get_status() const[m[K’
[51.959s]   134 |   virtual status [01;36m[Kget_status[m[K() const = 0;
[51.960s]       |                  [01;36m[K^~~~~~~~~~[m[K
[51.961s] [01m[K/opt/ros/foxy/include/hardware_interface/system_interface.hpp:144:23:[m[K [01;36m[Knote: [m[K	‘[01m[Kvirtual hardware_interface::return_type hardware_interface::SystemInterface::read()[m[K’
[51.961s]   144 |   virtual return_type [01;36m[Kread[m[K() = 0;
[51.961s]       |                       [01;36m[K^~~~[m[K
[51.962s] [01m[K/opt/ros/foxy/include/hardware_interface/system_interface.hpp:153:23:[m[K [01;36m[Knote: [m[K	‘[01m[Kvirtual hardware_interface::return_type hardware_interface::SystemInterface::write()[m[K’
[51.963s]   153 |   virtual return_type [01;36m[Kwrite[m[K() = 0;
[51.963s]       |                       [01;36m[K^~~~~[m[K
[52.010s] In file included from [01m[K/opt/ros/foxy/include/class_loader/class_loader_core.hpp:57[m[K,
[52.010s]                  from [01m[K/opt/ros/foxy/include/class_loader/class_loader.hpp:55[m[K,
[52.011s]                  from [01m[K/opt/ros/foxy/include/pluginlib/class_list_macros.hpp:40[m[K,
[52.012s]                  from [01m[K/home/dr/amr-travelobot/ros_ws/src/ros2_control_demos/ros2_control_demo_hardware/src/diffbot_system.cpp:237[m[K:
[52.012s] /opt/ros/foxy/include/class_loader/meta_object.hpp: In instantiation of ‘[01m[KB* class_loader::impl::MetaObject<C, B>::create() const [with C = ros2_control_demo_hardware::DiffBotSystemHardware; B = hardware_interface::SystemInterface][m[K’:
[52.013s] [01m[K/opt/ros/foxy/include/class_loader/meta_object.hpp:216:7:[m[K   required from here
[52.014s] [01m[K/opt/ros/foxy/include/class_loader/meta_object.hpp:218:12:[m[K [01;31m[Kerror: [m[Kinvalid new-expression of abstract class type ‘[01m[Kros2_control_demo_hardware::DiffBotSystemHardware[m[K’
[52.014s]   218 |     return [01;31m[Knew C[m[K;
[52.015s]       |            [01;31m[K^~~~~[m[K
[52.061s] In file included from [01m[K/home/dr/amr-travelobot/ros_ws/src/ros2_control_demos/ros2_control_demo_hardware/src/diffbot_system.cpp:15[m[K:
[52.061s] [01m[K/home/dr/amr-travelobot/ros_ws/src/ros2_control_demos/ros2_control_demo_hardware/include/ros2_control_demo_hardware/diffbot_system.hpp:36:7:[m[K [01;36m[Knote: [m[K  because the following virtual functions are pure within ‘[01m[Kros2_control_demo_hardware::DiffBotSystemHardware[m[K’:
[52.062s]    36 | class [01;36m[KDiffBotSystemHardware[m[K : public hardware_interface::SystemInterface
[52.063s]       |       [01;36m[K^~~~~~~~~~~~~~~~~~~~~[m[K
[52.063s] In file included from [01m[K/home/dr/amr-travelobot/ros_ws/src/ros2_control_demos/ros2_control_demo_hardware/include/ros2_control_demo_hardware/diffbot_system.hpp:24[m[K,
[52.064s]                  from [01m[K/home/dr/amr-travelobot/ros_ws/src/ros2_control_demos/ros2_control_demo_hardware/src/diffbot_system.cpp:15[m[K:
[52.064s] [01m[K/opt/ros/foxy/include/hardware_interface/system_interface.hpp:48:23:[m[K [01;36m[Knote: [m[K	‘[01m[Kvirtual hardware_interface::return_type hardware_interface::SystemInterface::configure(const hardware_interface::HardwareInfo&)[m[K’
[52.064s]    48 |   virtual return_type [01;36m[Kconfigure[m[K(const HardwareInfo & system_info) = 0;
[52.065s]       |                       [01;36m[K^~~~~~~~~[m[K
[52.065s] [01m[K/opt/ros/foxy/include/hardware_interface/system_interface.hpp:116:23:[m[K [01;36m[Knote: [m[K	‘[01m[Kvirtual hardware_interface::return_type hardware_interface::SystemInterface::start()[m[K’
[52.066s]   116 |   virtual return_type [01;36m[Kstart[m[K() = 0;
[52.066s]       |                       [01;36m[K^~~~~[m[K
[52.067s] [01m[K/opt/ros/foxy/include/hardware_interface/system_interface.hpp:122:23:[m[K [01;36m[Knote: [m[K	‘[01m[Kvirtual hardware_interface::return_type hardware_interface::SystemInterface::stop()[m[K’
[52.067s]   122 |   virtual return_type [01;36m[Kstop[m[K() = 0;
[52.068s]       |                       [01;36m[K^~~~[m[K
[52.068s] [01m[K/opt/ros/foxy/include/hardware_interface/system_interface.hpp:128:23:[m[K [01;36m[Knote: [m[K	‘[01m[Kvirtual std::string hardware_interface::SystemInterface::get_name() const[m[K’
[52.069s]   128 |   virtual std::string [01;36m[Kget_name[m[K() const = 0;
[52.069s]       |                       [01;36m[K^~~~~~~~[m[K
[52.070s] [01m[K/opt/ros/foxy/include/hardware_interface/system_interface.hpp:134:18:[m[K [01;36m[Knote: [m[K	‘[01m[Kvirtual hardware_interface::status hardware_interface::SystemInterface::get_status() const[m[K’
[52.082s]   134 |   virtual status [01;36m[Kget_status[m[K() const = 0;
[52.083s]       |                  [01;36m[K^~~~~~~~~~[m[K
[52.084s] [01m[K/opt/ros/foxy/include/hardware_interface/system_interface.hpp:144:23:[m[K [01;36m[Knote: [m[K	‘[01m[Kvirtual hardware_interface::return_type hardware_interface::SystemInterface::read()[m[K’
[52.084s]   144 |   virtual return_type [01;36m[Kread[m[K() = 0;
[52.085s]       |                       [01;36m[K^~~~[m[K
[52.085s] [01m[K/opt/ros/foxy/include/hardware_interface/system_interface.hpp:153:23:[m[K [01;36m[Knote: [m[K	‘[01m[Kvirtual hardware_interface::return_type hardware_interface::SystemInterface::write()[m[K’
[52.086s]   153 |   virtual return_type [01;36m[Kwrite[m[K() = 0;
[52.087s]       |                       [01;36m[K^~~~~[m[K
[53.140s] In file included from [01m[K/opt/ros/foxy/include/class_loader/class_loader_core.hpp:57[m[K,
[53.235s]                  from [01m[K/opt/ros/foxy/include/class_loader/class_loader.hpp:55[m[K,
[53.236s]                  from [01m[K/opt/ros/foxy/include/pluginlib/class_list_macros.hpp:40[m[K,
[53.237s]                  from [01m[K/home/dr/amr-travelobot/ros_ws/src/ros2_control_demos/ros2_control_demo_hardware/src/rrbot_system_with_sensor.cpp:264[m[K:
[53.237s] /opt/ros/foxy/include/class_loader/meta_object.hpp: In instantiation of ‘[01m[KB* class_loader::impl::MetaObject<C, B>::create() const [with C = ros2_control_demo_hardware::RRBotSystemWithSensorHardware; B = hardware_interface::SystemInterface][m[K’:
[53.238s] [01m[K/opt/ros/foxy/include/class_loader/meta_object.hpp:216:7:[m[K   required from here
[53.238s] [01m[K/opt/ros/foxy/include/class_loader/meta_object.hpp:218:12:[m[K [01;31m[Kerror: [m[Kinvalid new-expression of abstract class type ‘[01m[Kros2_control_demo_hardware::RRBotSystemWithSensorHardware[m[K’
[53.239s]   218 |     return [01;31m[Knew C[m[K;
[53.239s]       |            [01;31m[K^~~~~[m[K
[53.239s] In file included from [01m[K/home/dr/amr-travelobot/ros_ws/src/ros2_control_demos/ros2_control_demo_hardware/src/rrbot_system_with_sensor.cpp:19[m[K:
[53.240s] [01m[K/home/dr/amr-travelobot/ros_ws/src/ros2_control_demos/ros2_control_demo_hardware/include/ros2_control_demo_hardware/rrbot_system_with_sensor.hpp:36:7:[m[K [01;36m[Knote: [m[K  because the following virtual functions are pure within ‘[01m[Kros2_control_demo_hardware::RRBotSystemWithSensorHardware[m[K’:
[53.240s]    36 | class [01;36m[KRRBotSystemWithSensorHardware[m[K : public hardware_interface::SystemInterface
[53.241s]       |       [01;36m[K^~~~~~~~~~~~~~~~~~~~~~~~~~~~~[m[K
[53.241s] In file included from [01m[K/home/dr/amr-travelobot/ros_ws/src/ros2_control_demos/ros2_control_demo_hardware/include/ros2_control_demo_hardware/rrbot_system_with_sensor.hpp:28[m[K,
[53.241s]                  from [01m[K/home/dr/amr-travelobot/ros_ws/src/ros2_control_demos/ros2_control_demo_hardware/src/rrbot_system_with_sensor.cpp:19[m[K:
[53.242s] [01m[K/opt/ros/foxy/include/hardware_interface/system_interface.hpp:48:23:[m[K [01;36m[Knote: [m[K	‘[01m[Kvirtual hardware_interface::return_type hardware_interface::SystemInterface::configure(const hardware_interface::HardwareInfo&)[m[K’
[53.242s]    48 |   virtual return_type [01;36m[Kconfigure[m[K(const HardwareInfo & system_info) = 0;
[53.242s]       |                       [01;36m[K^~~~~~~~~[m[K
[53.243s] [01m[K/opt/ros/foxy/include/hardware_interface/system_interface.hpp:116:23:[m[K [01;36m[Knote: [m[K	‘[01m[Kvirtual hardware_interface::return_type hardware_interface::SystemInterface::start()[m[K’
[53.243s]   116 |   virtual return_type [01;36m[Kstart[m[K() = 0;
[53.243s]       |                       [01;36m[K^~~~~[m[K
[53.244s] [01m[K/opt/ros/foxy/include/hardware_interface/system_interface.hpp:122:23:[m[K [01;36m[Knote: [m[K	‘[01m[Kvirtual hardware_interface::return_type hardware_interface::SystemInterface::stop()[m[K’
[53.244s]   122 |   virtual return_type [01;36m[Kstop[m[K() = 0;
[53.244s]       |                       [01;36m[K^~~~[m[K
[53.244s] [01m[K/opt/ros/foxy/include/hardware_interface/system_interface.hpp:128:23:[m[K [01;36m[Knote: [m[K	‘[01m[Kvirtual std::string hardware_interface::SystemInterface::get_name() const[m[K’
[53.245s]   128 |   virtual std::string [01;36m[Kget_name[m[K() const = 0;
[53.245s]       |                       [01;36m[K^~~~~~~~[m[K
[53.246s] [01m[K/opt/ros/foxy/include/hardware_interface/system_interface.hpp:134:18:[m[K [01;36m[Knote: [m[K	‘[01m[Kvirtual hardware_interface::status hardware_interface::SystemInterface::get_status() const[m[K’
[53.246s]   134 |   virtual status [01;36m[Kget_status[m[K() const = 0;
[53.246s]       |                  [01;36m[K^~~~~~~~~~[m[K
[53.247s] [01m[K/opt/ros/foxy/include/hardware_interface/system_interface.hpp:144:23:[m[K [01;36m[Knote: [m[K	‘[01m[Kvirtual hardware_interface::return_type hardware_interface::SystemInterface::read()[m[K’
[53.247s]   144 |   virtual return_type [01;36m[Kread[m[K() = 0;
[53.247s]       |                       [01;36m[K^~~~[m[K
[53.248s] [01m[K/opt/ros/foxy/include/hardware_interface/system_interface.hpp:153:23:[m[K [01;36m[Knote: [m[K	‘[01m[Kvirtual hardware_interface::return_type hardware_interface::SystemInterface::write()[m[K’
[53.248s]   153 |   virtual return_type [01;36m[Kwrite[m[K() = 0;
[53.248s]       |                       [01;36m[K^~~~~[m[K
[53.249s] In file included from [01m[K/opt/ros/foxy/include/class_loader/class_loader_core.hpp:57[m[K,
[53.249s]                  from [01m[K/opt/ros/foxy/include/class_loader/class_loader.hpp:55[m[K,
[53.249s]                  from [01m[K/opt/ros/foxy/include/pluginlib/class_list_macros.hpp:40[m[K,
[53.250s]                  from [01m[K/home/dr/amr-travelobot/ros_ws/src/ros2_control_demos/ros2_control_demo_hardware/src/rrbot_system_position_only.cpp:233[m[K:
[53.250s] /opt/ros/foxy/include/class_loader/meta_object.hpp: In instantiation of ‘[01m[KB* class_loader::impl::MetaObject<C, B>::create() const [with C = ros2_control_demo_hardware::RRBotSystemPositionOnlyHardware; B = hardware_interface::SystemInterface][m[K’:
[53.250s] [01m[K/opt/ros/foxy/include/class_loader/meta_object.hpp:216:7:[m[K   required from here
[53.251s] [01m[K/opt/ros/foxy/include/class_loader/meta_object.hpp:218:12:[m[K [01;31m[Kerror: [m[Kinvalid new-expression of abstract class type ‘[01m[Kros2_control_demo_hardware::RRBotSystemPositionOnlyHardware[m[K’
[53.251s]   218 |     return [01;31m[Knew C[m[K;
[53.251s]       |            [01;31m[K^~~~~[m[K
[53.252s] In file included from [01m[K/home/dr/amr-travelobot/ros_ws/src/ros2_control_demos/ros2_control_demo_hardware/src/rrbot_system_position_only.cpp:15[m[K:
[53.252s] [01m[K/home/dr/amr-travelobot/ros_ws/src/ros2_control_demos/ros2_control_demo_hardware/include/ros2_control_demo_hardware/rrbot_system_position_only.hpp:33:7:[m[K [01;36m[Knote: [m[K  because the following virtual functions are pure within ‘[01m[Kros2_control_demo_hardware::RRBotSystemPositionOnlyHardware[m[K’:
[53.252s]    33 | class [01;36m[KRRBotSystemPositionOnlyHardware[m[K : public hardware_interface::SystemInterface
[53.252s]       |       [01;36m[K^~~~~~~~~~~~~~~~~~~~~~~~~~~~~~~[m[K
[53.253s] In file included from [01m[K/home/dr/amr-travelobot/ros_ws/src/ros2_control_demos/ros2_control_demo_hardware/include/ros2_control_demo_hardware/rrbot_system_position_only.hpp:24[m[K,
[53.253s]                  from [01m[K/home/dr/amr-travelobot/ros_ws/src/ros2_control_demos/ros2_control_demo_hardware/src/rrbot_system_position_only.cpp:15[m[K:
[53.253s] [01m[K/opt/ros/foxy/include/hardware_interface/system_interface.hpp:48:23:[m[K [01;36m[Knote: [m[K	‘[01m[Kvirtual hardware_interface::return_type hardware_interface::SystemInterface::configure(const hardware_interface::HardwareInfo&)[m[K’
[53.254s]    48 |   virtual return_type [01;36m[Kconfigure[m[K(const HardwareInfo & system_info) = 0;
[53.254s]       |                       [01;36m[K^~~~~~~~~[m[K
[53.254s] [01m[K/opt/ros/foxy/include/hardware_interface/system_interface.hpp:116:23:[m[K [01;36m[Knote: [m[K	‘[01m[Kvirtual hardware_interface::return_type hardware_interface::SystemInterface::start()[m[K’
[53.255s]   116 |   virtual return_type [01;36m[Kstart[m[K() = 0;
[53.255s]       |                       [01;36m[K^~~~~[m[K
[53.256s] [01m[K/opt/ros/foxy/include/hardware_interface/system_interface.hpp:122:23:[m[K [01;36m[Knote: [m[K	‘[01m[Kvirtual hardware_interface::return_type hardware_interface::SystemInterface::stop()[m[K’
[53.256s]   122 |   virtual return_type [01;36m[Kstop[m[K() = 0;
[53.256s]       |                       [01;36m[K^~~~[m[K
[53.257s] [01m[K/opt/ros/foxy/include/hardware_interface/system_interface.hpp:128:23:[m[K [01;36m[Knote: [m[K	‘[01m[Kvirtual std::string hardware_interface::SystemInterface::get_name() const[m[K’
[53.258s]   128 |   virtual std::string [01;36m[Kget_name[m[K() const = 0;
[53.258s]       |                       [01;36m[K^~~~~~~~[m[K
[53.259s] [01m[K/opt/ros/foxy/include/hardware_interface/system_interface.hpp:134:18:[m[K [01;36m[Knote: [m[K	‘[01m[Kvirtual hardware_interface::status hardware_interface::SystemInterface::get_status() const[m[K’
[53.259s]   134 |   virtual status [01;36m[Kget_status[m[K() const = 0;
[53.260s]       |                  [01;36m[K^~~~~~~~~~[m[K
[53.260s] [01m[K/opt/ros/foxy/include/hardware_interface/system_interface.hpp:144:23:[m[K [01;36m[Knote: [m[K	‘[01m[Kvirtual hardware_interface::return_type hardware_interface::SystemInterface::read()[m[K’
[53.261s]   144 |   virtual return_type [01;36m[Kread[m[K() = 0;
[53.261s]       |                       [01;36m[K^~~~[m[K
[53.262s] [01m[K/opt/ros/foxy/include/hardware_interface/system_interface.hpp:153:23:[m[K [01;36m[Knote: [m[K	‘[01m[Kvirtual hardware_interface::return_type hardware_interface::SystemInterface::write()[m[K’
[53.262s]   153 |   virtual return_type [01;36m[Kwrite[m[K() = 0;
[53.263s]       |                       [01;36m[K^~~~~[m[K
[57.611s] make[2]: *** [CMakeFiles/ros2_control_demo_hardware.dir/build.make:63: CMakeFiles/ros2_control_demo_hardware.dir/src/diffbot_system.cpp.o] Error 1
[57.620s] make[2]: *** Waiting for unfinished jobs....
[57.621s] make[2]: *** [CMakeFiles/ros2_control_demo_hardware.dir/build.make:102: CMakeFiles/ros2_control_demo_hardware.dir/src/rrbot_system_with_sensor.cpp.o] Error 1
[57.622s] make[2]: *** [CMakeFiles/ros2_control_demo_hardware.dir/build.make:89: CMakeFiles/ros2_control_demo_hardware.dir/src/rrbot_system_multi_interface.cpp.o] Error 1
[57.622s] make[2]: *** [CMakeFiles/ros2_control_demo_hardware.dir/build.make:76: CMakeFiles/ros2_control_demo_hardware.dir/src/rrbot_system_position_only.cpp.o] Error 1
[57.623s] make[1]: *** [CMakeFiles/Makefile2:78: CMakeFiles/ros2_control_demo_hardware.dir/all] Error 2
[57.623s] make: *** [Makefile:141: all] Error 2
[58.969s] Invoked command in '/home/dr/amr-travelobot/ros_ws/build/ros2_control_demo_hardware' returned '2': CMAKE_PREFIX_PATH=/opt/ros/foxy /usr/bin/cmake --build /home/dr/amr-travelobot/ros_ws/build/ros2_control_demo_hardware -- -j4 -l4
