[0.084s] Invoking command in '/home/dr/amr-travelobot/ros_ws/src/build/teleop_twist_joy': CMAKE_PREFIX_PATH=${CMAKE_PREFIX_PATH}:/home/dr/amr-travelobot/ros_ws/install/bno055:/opt/ros/foxy /usr/bin/cmake /home/dr/amr-travelobot/ros_ws/src/teleop_twist_joy -DCMAKE_INSTALL_PREFIX=/home/dr/amr-travelobot/ros_ws/src/install/teleop_twist_joy
[0.452s] -- The C compiler identification is GNU 9.4.0
[0.736s] -- The CXX compiler identification is GNU 9.4.0
[0.780s] -- Check for working C compiler: /usr/bin/cc
[1.163s] -- Check for working C compiler: /usr/bin/cc -- works
[1.167s] -- Detecting C compiler ABI info
[1.600s] -- Detecting C compiler ABI info - done
[1.662s] -- Detecting C compile features
[1.663s] -- Detecting C compile features - done
[1.679s] -- Check for working CXX compiler: /usr/bin/c++
[2.074s] -- Check for working CXX compiler: /usr/bin/c++ -- works
[2.078s] -- Detecting CXX compiler ABI info
[2.467s] -- Detecting CXX compiler ABI info - done
[2.522s] -- Detecting CXX compile features
[2.524s] -- Detecting CXX compile features - done
[2.541s] -- Found ament_cmake: 0.9.9 (/opt/ros/foxy/share/ament_cmake/cmake)
[2.666s] -- Found PythonInterp: /usr/bin/python3 (found suitable version "3.8.10", minimum required is "3") 
[2.666s] -- Using PYTHON_EXECUTABLE: /usr/bin/python3
[3.760s] -- Found geometry_msgs: 2.0.5 (/opt/ros/foxy/share/geometry_msgs/cmake)
[3.969s] -- Using all available rosidl_typesupport_c: rosidl_typesupport_fastrtps_c;rosidl_typesupport_introspection_c
[4.017s] -- Found rosidl_adapter: 1.2.1 (/opt/ros/foxy/share/rosidl_adapter/cmake)
[4.430s] -- Found OpenSSL: /usr/lib/aarch64-linux-gnu/libcrypto.so (found version "1.1.1f")  
[4.620s] -- Found FastRTPS: /opt/ros/foxy/include  
[5.098s] -- Using all available rosidl_typesupport_cpp: rosidl_typesupport_fastrtps_cpp;rosidl_typesupport_introspection_cpp
[5.533s] -- Found rclcpp: 2.4.1 (/opt/ros/foxy/share/rclcpp/cmake)
[5.824s] -- Found rmw_implementation_cmake: 1.0.3 (/opt/ros/foxy/share/rmw_implementation_cmake/cmake)
[5.829s] -- Using RMW implementation 'rmw_fastrtps_cpp' as default
[5.834s] -- Looking for pthread.h
[6.232s] -- Looking for pthread.h - found
[6.238s] -- Performing Test CMAKE_HAVE_LIBC_PTHREAD
[6.606s] -- Performing Test CMAKE_HAVE_LIBC_PTHREAD - Failed
[6.607s] -- Looking for pthread_create in pthreads
[6.925s] -- Looking for pthread_create in pthreads - not found
[6.927s] -- Looking for pthread_create in pthread
[7.270s] -- Looking for pthread_create in pthread - found
[7.279s] -- Found Threads: TRUE  
[8.093s] -- Found rclcpp_components: 2.4.1 (/opt/ros/foxy/share/rclcpp_components/cmake)
[8.446s] -- Found sensor_msgs: 2.0.5 (/opt/ros/foxy/share/sensor_msgs/cmake)
[8.816s] -- Performing Test COMPILER_HAS_HIDDEN_VISIBILITY
[9.183s] -- Performing Test COMPILER_HAS_HIDDEN_VISIBILITY - Success
[9.186s] -- Performing Test COMPILER_HAS_HIDDEN_INLINE_VISIBILITY
[9.527s] -- Performing Test COMPILER_HAS_HIDDEN_INLINE_VISIBILITY - Success
[9.529s] -- Performing Test COMPILER_HAS_DEPRECATED_ATTR
[9.893s] -- Performing Test COMPILER_HAS_DEPRECATED_ATTR - Success
[9.927s] -- Found ament_lint_auto: 0.9.6 (/opt/ros/foxy/share/ament_lint_auto/cmake)
[10.446s] -- Found python_cmake_module: 0.8.1 (/opt/ros/foxy/share/python_cmake_module/cmake)
[10.549s] -- Found PythonInterp: /usr/bin/python3 (found suitable version "3.8.10", minimum required is "3.5") 
[10.600s] -- Found PythonLibs: /usr/lib/aarch64-linux-gnu/libpython3.8.so (found suitable version "3.8.10", minimum required is "3.5") 
[10.601s] -- Using PYTHON_EXECUTABLE: /usr/bin/python3
[10.602s] -- Using PYTHON_INCLUDE_DIRS: /usr/include/python3.8
[10.602s] -- Using PYTHON_LIBRARIES: /usr/lib/aarch64-linux-gnu/libpython3.8.so
[10.716s] -- Found PythonExtra: .so  
[10.885s] -- Added test 'cppcheck' to perform static code analysis on C / C++ code
[10.888s] -- Configured cppcheck include dirs: /home/dr/amr-travelobot/ros_ws/src/teleop_twist_joy/include
[10.889s] -- Configured cppcheck exclude dirs and/or files: 
[10.893s] -- Added test 'flake8' to check Python code syntax and style conventions
[10.899s] -- Added test 'lint_cmake' to check CMake code style
[10.904s] -- Added test 'pep257' to check Python code against some of the style conventions in PEP 257
[10.908s] -- Added test 'xmllint' to check XML markup files
[10.935s] -- Configuring done
[10.998s] -- Generating done
[11.005s] -- Build files have been written to: /home/dr/amr-travelobot/ros_ws/src/build/teleop_twist_joy
[11.055s] Invoked command in '/home/dr/amr-travelobot/ros_ws/src/build/teleop_twist_joy' returned '0': CMAKE_PREFIX_PATH=${CMAKE_PREFIX_PATH}:/home/dr/amr-travelobot/ros_ws/install/bno055:/opt/ros/foxy /usr/bin/cmake /home/dr/amr-travelobot/ros_ws/src/teleop_twist_joy -DCMAKE_INSTALL_PREFIX=/home/dr/amr-travelobot/ros_ws/src/install/teleop_twist_joy
[11.059s] Invoking command in '/home/dr/amr-travelobot/ros_ws/src/build/teleop_twist_joy': CMAKE_PREFIX_PATH=${CMAKE_PREFIX_PATH}:/home/dr/amr-travelobot/ros_ws/install/bno055:/opt/ros/foxy /usr/bin/cmake --build /home/dr/amr-travelobot/ros_ws/src/build/teleop_twist_joy -- -j4 -l4
[11.241s] [35m[1mScanning dependencies of target teleop_twist_joy[0m
[11.490s] [ 25%] [32mBuilding CXX object CMakeFiles/teleop_twist_joy.dir/src/teleop_twist_joy.cpp.o[0m
[38.658s] [ 50%] [32m[1mLinking CXX shared library libteleop_twist_joy.so[0m
[39.929s] [ 50%] Built target teleop_twist_joy
[39.965s] [35m[1mScanning dependencies of target teleop_twist_joy_node[0m
[40.170s] [ 75%] [32mBuilding CXX object CMakeFiles/teleop_twist_joy_node.dir/src/teleop_node.cpp.o[0m
[47.510s] [100%] [32m[1mLinking CXX executable teleop_node[0m
[48.250s] [100%] Built target teleop_twist_joy_node
