[0.186s] Invoking command in '/home/dr/amr-travelobot/ros_ws/build/diffbot_description': CMAKE_PREFIX_PATH=/opt/ros/foxy /usr/bin/cmake /home/dr/amr-travelobot/ros_ws/src/ros2_control_demos/ros2_control_demo_description/diffbot_description -DAMENT_CMAKE_SYMLINK_INSTALL=1 -DCMAKE_INSTALL_PREFIX=/home/dr/amr-travelobot/ros_ws/install/diffbot_description
[0.426s] -- Found ament_cmake: 0.9.9 (/opt/ros/foxy/share/ament_cmake/cmake)
[0.552s] -- Using PYTHON_EXECUTABLE: /usr/bin/python3
[1.596s] -- Override CMake install command with custom implementation using symlinks instead of copying resources
[1.960s] -- Configuring done
[1.988s] -- Generating done
[1.993s] -- Build files have been written to: /home/dr/amr-travelobot/ros_ws/build/diffbot_description
[2.017s] Invoked command in '/home/dr/amr-travelobot/ros_ws/build/diffbot_description' returned '0': CMAKE_PREFIX_PATH=/opt/ros/foxy /usr/bin/cmake /home/dr/amr-travelobot/ros_ws/src/ros2_control_demos/ros2_control_demo_description/diffbot_description -DAMENT_CMAKE_SYMLINK_INSTALL=1 -DCMAKE_INSTALL_PREFIX=/home/dr/amr-travelobot/ros_ws/install/diffbot_description
[2.020s] Invoking command in '/home/dr/amr-travelobot/ros_ws/build/diffbot_description': CMAKE_PREFIX_PATH=/opt/ros/foxy /usr/bin/cmake --build /home/dr/amr-travelobot/ros_ws/build/diffbot_description -- -j4 -l4
[2.194s] Invoked command in '/home/dr/amr-travelobot/ros_ws/build/diffbot_description' returned '0': CMAKE_PREFIX_PATH=/opt/ros/foxy /usr/bin/cmake --build /home/dr/amr-travelobot/ros_ws/build/diffbot_description -- -j4 -l4
[2.345s] Invoking command in '/home/dr/amr-travelobot/ros_ws/build/diffbot_description': CMAKE_PREFIX_PATH=/opt/ros/foxy /usr/bin/cmake --install /home/dr/amr-travelobot/ros_ws/build/diffbot_description
[2.380s] -- Install configuration: ""
[2.383s] -- Execute custom install script
[2.386s] -- Symlinking: /home/dr/amr-travelobot/ros_ws/install/diffbot_description/share/diffbot_description/config/diffbot.rviz
[2.424s] -- Symlinking: /home/dr/amr-travelobot/ros_ws/install/diffbot_description/share/diffbot_description/gazebo/diffbot.gazebo.xacro
[2.469s] -- Symlinking: /home/dr/amr-travelobot/ros_ws/install/diffbot_description/share/diffbot_description/gazebo/diffbot.materials.xacro
[2.507s] -- Symlinking: /home/dr/amr-travelobot/ros_ws/install/diffbot_description/share/diffbot_description/ros2_control/diffbot_system.ros2_control.xacro
[2.543s] -- Symlinking: /home/dr/amr-travelobot/ros_ws/install/diffbot_description/share/diffbot_description/urdf/diffbot.urdf.xacro
[2.584s] -- Symlinking: /home/dr/amr-travelobot/ros_ws/install/diffbot_description/share/diffbot_description/urdf/diffbot_system.urdf.xacro
[2.619s] -- Symlinking: /home/dr/amr-travelobot/ros_ws/install/diffbot_description/share/ament_index/resource_index/package_run_dependencies/diffbot_description
[2.664s] -- Symlinking: /home/dr/amr-travelobot/ros_ws/install/diffbot_description/share/ament_index/resource_index/parent_prefix_path/diffbot_description
[2.703s] -- Symlinking: /home/dr/amr-travelobot/ros_ws/install/diffbot_description/share/diffbot_description/environment/ament_prefix_path.sh
[2.739s] -- Symlinking: /home/dr/amr-travelobot/ros_ws/install/diffbot_description/share/diffbot_description/environment/ament_prefix_path.dsv
[2.781s] -- Symlinking: /home/dr/amr-travelobot/ros_ws/install/diffbot_description/share/diffbot_description/environment/path.sh
[2.816s] -- Symlinking: /home/dr/amr-travelobot/ros_ws/install/diffbot_description/share/diffbot_description/environment/path.dsv
[2.863s] -- Symlinking: /home/dr/amr-travelobot/ros_ws/install/diffbot_description/share/diffbot_description/local_setup.bash
[2.899s] -- Symlinking: /home/dr/amr-travelobot/ros_ws/install/diffbot_description/share/diffbot_description/local_setup.sh
[2.934s] -- Symlinking: /home/dr/amr-travelobot/ros_ws/install/diffbot_description/share/diffbot_description/local_setup.zsh
[2.972s] -- Symlinking: /home/dr/amr-travelobot/ros_ws/install/diffbot_description/share/diffbot_description/local_setup.dsv
[3.008s] -- Symlinking: /home/dr/amr-travelobot/ros_ws/install/diffbot_description/share/diffbot_description/package.dsv
[3.052s] -- Symlinking: /home/dr/amr-travelobot/ros_ws/install/diffbot_description/share/ament_index/resource_index/packages/diffbot_description
[3.087s] -- Symlinking: /home/dr/amr-travelobot/ros_ws/install/diffbot_description/share/diffbot_description/cmake/diffbot_descriptionConfig.cmake
[3.125s] -- Symlinking: /home/dr/amr-travelobot/ros_ws/install/diffbot_description/share/diffbot_description/cmake/diffbot_descriptionConfig-version.cmake
[3.166s] -- Symlinking: /home/dr/amr-travelobot/ros_ws/install/diffbot_description/share/diffbot_description/package.xml
[3.217s] Invoked command in '/home/dr/amr-travelobot/ros_ws/build/diffbot_description' returned '0': CMAKE_PREFIX_PATH=/opt/ros/foxy /usr/bin/cmake --install /home/dr/amr-travelobot/ros_ws/build/diffbot_description
