[0.133s] Invoking command in '/home/dr/amr-travelobot/ros_ws/build/ros2_control_demo_hardware': CMAKE_PREFIX_PATH=${CMAKE_PREFIX_PATH}:/home/dr/amr-travelobot/ros_ws/install/ros2_control_test_nodes:/home/dr/amr-travelobot/ros_ws/install/bno055:/opt/ros/foxy /usr/bin/cmake --build /home/dr/amr-travelobot/ros_ws/build/ros2_control_demo_hardware -- -j4 -l4
[0.452s] [100%] Built target ros2_control_demo_hardware
[0.502s] Invoked command in '/home/dr/amr-travelobot/ros_ws/build/ros2_control_demo_hardware' returned '0': CMAKE_PREFIX_PATH=${CMAKE_PREFIX_PATH}:/home/dr/amr-travelobot/ros_ws/install/ros2_control_test_nodes:/home/dr/amr-travelobot/ros_ws/install/bno055:/opt/ros/foxy /usr/bin/cmake --build /home/dr/amr-travelobot/ros_ws/build/ros2_control_demo_hardware -- -j4 -l4
[0.738s] Invoking command in '/home/dr/amr-travelobot/ros_ws/build/ros2_control_demo_hardware': CMAKE_PREFIX_PATH=${CMAKE_PREFIX_PATH}:/home/dr/amr-travelobot/ros_ws/install/ros2_control_test_nodes:/home/dr/amr-travelobot/ros_ws/install/bno055:/opt/ros/foxy /usr/bin/cmake --install /home/dr/amr-travelobot/ros_ws/build/ros2_control_demo_hardware
[0.785s] -- Install configuration: ""
[0.785s] -- Execute custom install script
[0.786s] -- Up-to-date symlink: /home/dr/amr-travelobot/ros_ws/install/ros2_control_demo_hardware/share/ros2_control_demo_hardware//ros2_control_demo_hardware.xml
[0.789s] -- Up-to-date symlink: /home/dr/amr-travelobot/ros_ws/install/ros2_control_demo_hardware/lib/libros2_control_demo_hardware.so
[0.790s] -- Up-to-date symlink: /home/dr/amr-travelobot/ros_ws/install/ros2_control_demo_hardware/include/ros2_control_demo_hardware/diffbot_system.hpp
[0.791s] -- Up-to-date symlink: /home/dr/amr-travelobot/ros_ws/install/ros2_control_demo_hardware/include/ros2_control_demo_hardware/rrbot_system_multi_interface.hpp
[0.793s] -- Up-to-date symlink: /home/dr/amr-travelobot/ros_ws/install/ros2_control_demo_hardware/include/ros2_control_demo_hardware/rrbot_system_position_only.hpp
[0.795s] -- Up-to-date symlink: /home/dr/amr-travelobot/ros_ws/install/ros2_control_demo_hardware/include/ros2_control_demo_hardware/rrbot_system_with_sensor.hpp
[0.796s] -- Up-to-date symlink: /home/dr/amr-travelobot/ros_ws/install/ros2_control_demo_hardware/include/ros2_control_demo_hardware/visibility_control.h
[0.799s] -- Up-to-date symlink: /home/dr/amr-travelobot/ros_ws/install/ros2_control_demo_hardware/share/ros2_control_demo_hardware/environment/library_path.sh
[0.810s] -- Up-to-date symlink: /home/dr/amr-travelobot/ros_ws/install/ros2_control_demo_hardware/share/ros2_control_demo_hardware/environment/library_path.dsv
[0.811s] -- Up-to-date symlink: /home/dr/amr-travelobot/ros_ws/install/ros2_control_demo_hardware/share/ament_index/resource_index/package_run_dependencies/ros2_control_demo_hardware
[0.812s] -- Up-to-date symlink: /home/dr/amr-travelobot/ros_ws/install/ros2_control_demo_hardware/share/ament_index/resource_index/parent_prefix_path/ros2_control_demo_hardware
[0.814s] -- Up-to-date symlink: /home/dr/amr-travelobot/ros_ws/install/ros2_control_demo_hardware/share/ros2_control_demo_hardware/environment/ament_prefix_path.sh
[0.815s] -- Up-to-date symlink: /home/dr/amr-travelobot/ros_ws/install/ros2_control_demo_hardware/share/ros2_control_demo_hardware/environment/ament_prefix_path.dsv
[0.817s] -- Up-to-date symlink: /home/dr/amr-travelobot/ros_ws/install/ros2_control_demo_hardware/share/ros2_control_demo_hardware/environment/path.sh
[0.817s] -- Up-to-date symlink: /home/dr/amr-travelobot/ros_ws/install/ros2_control_demo_hardware/share/ros2_control_demo_hardware/environment/path.dsv
[0.819s] -- Up-to-date symlink: /home/dr/amr-travelobot/ros_ws/install/ros2_control_demo_hardware/share/ros2_control_demo_hardware/local_setup.bash
[0.820s] -- Up-to-date symlink: /home/dr/amr-travelobot/ros_ws/install/ros2_control_demo_hardware/share/ros2_control_demo_hardware/local_setup.sh
[0.821s] -- Up-to-date symlink: /home/dr/amr-travelobot/ros_ws/install/ros2_control_demo_hardware/share/ros2_control_demo_hardware/local_setup.zsh
[0.822s] -- Up-to-date symlink: /home/dr/amr-travelobot/ros_ws/install/ros2_control_demo_hardware/share/ros2_control_demo_hardware/local_setup.dsv
[0.823s] -- Symlinking: /home/dr/amr-travelobot/ros_ws/install/ros2_control_demo_hardware/share/ros2_control_demo_hardware/package.dsv
[0.858s] -- Up-to-date symlink: /home/dr/amr-travelobot/ros_ws/install/ros2_control_demo_hardware/share/ament_index/resource_index/packages/ros2_control_demo_hardware
[0.864s] -- Up-to-date symlink: /home/dr/amr-travelobot/ros_ws/install/ros2_control_demo_hardware/share/ament_index/resource_index/hardware_interface__pluginlib__plugin/ros2_control_demo_hardware
[0.869s] -- Up-to-date symlink: /home/dr/amr-travelobot/ros_ws/install/ros2_control_demo_hardware/share/ros2_control_demo_hardware/cmake/ament_cmake_export_include_directories-extras.cmake
[0.870s] -- Up-to-date symlink: /home/dr/amr-travelobot/ros_ws/install/ros2_control_demo_hardware/share/ros2_control_demo_hardware/cmake/ament_cmake_export_libraries-extras.cmake
[0.871s] -- Up-to-date symlink: /home/dr/amr-travelobot/ros_ws/install/ros2_control_demo_hardware/share/ros2_control_demo_hardware/cmake/ament_cmake_export_dependencies-extras.cmake
[0.872s] -- Up-to-date symlink: /home/dr/amr-travelobot/ros_ws/install/ros2_control_demo_hardware/share/ros2_control_demo_hardware/cmake/ros2_control_demo_hardwareConfig.cmake
[0.872s] -- Up-to-date symlink: /home/dr/amr-travelobot/ros_ws/install/ros2_control_demo_hardware/share/ros2_control_demo_hardware/cmake/ros2_control_demo_hardwareConfig-version.cmake
[0.873s] -- Up-to-date symlink: /home/dr/amr-travelobot/ros_ws/install/ros2_control_demo_hardware/share/ros2_control_demo_hardware/package.xml
[1.001s] Invoked command in '/home/dr/amr-travelobot/ros_ws/build/ros2_control_demo_hardware' returned '0': CMAKE_PREFIX_PATH=${CMAKE_PREFIX_PATH}:/home/dr/amr-travelobot/ros_ws/install/ros2_control_test_nodes:/home/dr/amr-travelobot/ros_ws/install/bno055:/opt/ros/foxy /usr/bin/cmake --install /home/dr/amr-travelobot/ros_ws/build/ros2_control_demo_hardware
