[3.445s] Invoking command in '/home/dr/amr-travelobot/ros_ws/src/bno055': PYTHONPATH=/home/dr/amr-travelobot/ros_ws/install/bno055/lib/python3.8/site-packages:${PYTHONPATH} /usr/bin/python3 setup.py egg_info --egg-base ../../build/bno055 build --build-base /home/dr/amr-travelobot/ros_ws/build/bno055/build install --prefix /home/dr/amr-travelobot/ros_ws/install/bno055 --record /home/dr/amr-travelobot/ros_ws/build/bno055/install.log --single-version-externally-managed
[4.450s] running egg_info
[4.453s] writing ../../build/bno055/bno055.egg-info/PKG-INFO
[4.454s] writing dependency_links to ../../build/bno055/bno055.egg-info/dependency_links.txt
[4.455s] writing entry points to ../../build/bno055/bno055.egg-info/entry_points.txt
[4.455s] writing requirements to ../../build/bno055/bno055.egg-info/requires.txt
[4.456s] writing top-level names to ../../build/bno055/bno055.egg-info/top_level.txt
[4.628s] reading manifest file '../../build/bno055/bno055.egg-info/SOURCES.txt'
[4.632s] writing manifest file '../../build/bno055/bno055.egg-info/SOURCES.txt'
[4.632s] running build
[4.633s] running build_py
[4.639s] running install
[4.642s] running install_lib
[4.651s] running install_data
[4.654s] running install_egg_info
[4.661s] removing '/home/dr/amr-travelobot/ros_ws/install/bno055/lib/python3.8/site-packages/bno055-0.1.0-py3.8.egg-info' (and everything under it)
[4.662s] Copying ../../build/bno055/bno055.egg-info to /home/dr/amr-travelobot/ros_ws/install/bno055/lib/python3.8/site-packages/bno055-0.1.0-py3.8.egg-info
[4.666s] running install_scripts
[4.741s] Installing bno055 script to /home/dr/amr-travelobot/ros_ws/install/bno055/lib/bno055
[4.743s] writing list of installed files to '/home/dr/amr-travelobot/ros_ws/build/bno055/install.log'
[4.913s] Invoked command in '/home/dr/amr-travelobot/ros_ws/src/bno055' returned '0': PYTHONPATH=/home/dr/amr-travelobot/ros_ws/install/bno055/lib/python3.8/site-packages:${PYTHONPATH} /usr/bin/python3 setup.py egg_info --egg-base ../../build/bno055 build --build-base /home/dr/amr-travelobot/ros_ws/build/bno055/build install --prefix /home/dr/amr-travelobot/ros_ws/install/bno055 --record /home/dr/amr-travelobot/ros_ws/build/bno055/install.log --single-version-externally-managed
