[0.062s] Invoking command in '/home/dr/amr-travelobot/ros_ws/src/build/rosbot_description': CMAKE_PREFIX_PATH=${CMAKE_PREFIX_PATH}:/home/dr/amr-travelobot/ros_ws/install/bno055:/opt/ros/foxy /usr/bin/cmake /home/dr/amr-travelobot/ros_ws/src/rosbot_description -DCMAKE_INSTALL_PREFIX=/home/dr/amr-travelobot/ros_ws/src/install/rosbot_description
[0.331s] -- The C compiler identification is GNU 9.4.0
[0.639s] -- The CXX compiler identification is GNU 9.4.0
[0.665s] -- Check for working C compiler: /usr/bin/cc
[1.031s] -- Check for working C compiler: /usr/bin/cc -- works
[1.035s] -- Detecting C compiler ABI info
[1.479s] -- Detecting C compiler ABI info - done
[1.548s] -- Detecting C compile features
[1.551s] -- Detecting C compile features - done
[1.565s] -- Check for working CXX compiler: /usr/bin/c++
[2.037s] -- Check for working CXX compiler: /usr/bin/c++ -- works
[2.041s] -- Detecting CXX compiler ABI info
[2.395s] -- Detecting CXX compiler ABI info - done
[2.464s] -- Detecting CXX compile features
[2.468s] -- Detecting CXX compile features - done
[2.496s] -- Found ament_cmake: 0.9.9 (/opt/ros/foxy/share/ament_cmake/cmake)
[2.658s] -- Found PythonInterp: /usr/bin/python3 (found suitable version "3.8.10", minimum required is "3") 
[2.659s] -- Using PYTHON_EXECUTABLE: /usr/bin/python3
[4.444s] -- Configuring done
[4.455s] -- Generating done
[4.460s] -- Build files have been written to: /home/dr/amr-travelobot/ros_ws/src/build/rosbot_description
[4.487s] Invoked command in '/home/dr/amr-travelobot/ros_ws/src/build/rosbot_description' returned '0': CMAKE_PREFIX_PATH=${CMAKE_PREFIX_PATH}:/home/dr/amr-travelobot/ros_ws/install/bno055:/opt/ros/foxy /usr/bin/cmake /home/dr/amr-travelobot/ros_ws/src/rosbot_description -DCMAKE_INSTALL_PREFIX=/home/dr/amr-travelobot/ros_ws/src/install/rosbot_description
[4.493s] Invoking command in '/home/dr/amr-travelobot/ros_ws/src/build/rosbot_description': CMAKE_PREFIX_PATH=${CMAKE_PREFIX_PATH}:/home/dr/amr-travelobot/ros_ws/install/bno055:/opt/ros/foxy /usr/bin/cmake --build /home/dr/amr-travelobot/ros_ws/src/build/rosbot_description -- -j4 -l4
[4.713s] Invoked command in '/home/dr/amr-travelobot/ros_ws/src/build/rosbot_description' returned '0': CMAKE_PREFIX_PATH=${CMAKE_PREFIX_PATH}:/home/dr/amr-travelobot/ros_ws/install/bno055:/opt/ros/foxy /usr/bin/cmake --build /home/dr/amr-travelobot/ros_ws/src/build/rosbot_description -- -j4 -l4
[4.864s] Invoking command in '/home/dr/amr-travelobot/ros_ws/src/build/rosbot_description': CMAKE_PREFIX_PATH=${CMAKE_PREFIX_PATH}:/home/dr/amr-travelobot/ros_ws/install/bno055:/opt/ros/foxy /usr/bin/cmake --install /home/dr/amr-travelobot/ros_ws/src/build/rosbot_description
[4.929s] -- Install configuration: ""
[4.932s] -- Installing: /home/dr/amr-travelobot/ros_ws/src/install/rosbot_description/share/rosbot_description/config
[4.934s] -- Installing: /home/dr/amr-travelobot/ros_ws/src/install/rosbot_description/share/rosbot_description/config/navigation.yaml
[4.938s] -- Installing: /home/dr/amr-travelobot/ros_ws/src/install/rosbot_description/share/rosbot_description/config/ekf2.yaml
[4.939s] -- Installing: /home/dr/amr-travelobot/ros_ws/src/install/rosbot_description/share/rosbot_description/config/slam_toolbox_localization.yaml
[4.941s] -- Installing: /home/dr/amr-travelobot/ros_ws/src/install/rosbot_description/share/rosbot_description/config/teleop_bluetooth.yaml
[4.943s] -- Installing: /home/dr/amr-travelobot/ros_ws/src/install/rosbot_description/share/rosbot_description/config/slam_toolbox_mapping.yaml
[4.945s] -- Installing: /home/dr/amr-travelobot/ros_ws/src/install/rosbot_description/share/rosbot_description/config/diff_drive_controller.yaml
[4.947s] -- Installing: /home/dr/amr-travelobot/ros_ws/src/install/rosbot_description/share/rosbot_description/config/bno055.yaml
[4.949s] -- Installing: /home/dr/amr-travelobot/ros_ws/src/install/rosbot_description/share/rosbot_description/config/navigate_w_replanning_and_recovery.xml
[4.951s] -- Installing: /home/dr/amr-travelobot/ros_ws/src/install/rosbot_description/share/rosbot_description/config/ekf.yaml
[4.953s] -- Installing: /home/dr/amr-travelobot/ros_ws/src/install/rosbot_description/share/rosbot_description/config/localization.yaml
[4.955s] -- Installing: /home/dr/amr-travelobot/ros_ws/src/install/rosbot_description/share/rosbot_description/config/teleop_usb.yaml
[4.957s] -- Installing: /home/dr/amr-travelobot/ros_ws/src/install/rosbot_description/share/rosbot_description/config/slam_toolbox_lifelong.yaml
[4.959s] -- Installing: /home/dr/amr-travelobot/ros_ws/src/install/rosbot_description/share/rosbot_description/rviz
[4.960s] -- Installing: /home/dr/amr-travelobot/ros_ws/src/install/rosbot_description/share/rosbot_description/rviz/rosbot.rviz
[4.962s] -- Installing: /home/dr/amr-travelobot/ros_ws/src/install/rosbot_description/share/rosbot_description/gazebo
[4.964s] -- Installing: /home/dr/amr-travelobot/ros_ws/src/install/rosbot_description/share/rosbot_description/gazebo/rosbot.materials.xacro
[4.969s] -- Installing: /home/dr/amr-travelobot/ros_ws/src/install/rosbot_description/share/rosbot_description/gazebo/rosbot.gazebo.xacro
[4.971s] -- Installing: /home/dr/amr-travelobot/ros_ws/src/install/rosbot_description/share/rosbot_description/ros2_control
[4.972s] -- Installing: /home/dr/amr-travelobot/ros_ws/src/install/rosbot_description/share/rosbot_description/ros2_control/rosbot_system.ros2_control.xacro
[4.975s] -- Installing: /home/dr/amr-travelobot/ros_ws/src/install/rosbot_description/share/rosbot_description/urdf
[4.976s] -- Installing: /home/dr/amr-travelobot/ros_ws/src/install/rosbot_description/share/rosbot_description/urdf/rosbot_links.urdf.xacro
[4.980s] -- Installing: /home/dr/amr-travelobot/ros_ws/src/install/rosbot_description/share/rosbot_description/urdf/inertia.urdf.xacro
[4.983s] -- Installing: /home/dr/amr-travelobot/ros_ws/src/install/rosbot_description/share/rosbot_description/urdf/rosbot.urdf.xacro
[4.985s] -- Installing: /home/dr/amr-travelobot/ros_ws/src/install/rosbot_description/share/rosbot_description/world
[4.986s] -- Installing: /home/dr/amr-travelobot/ros_ws/src/install/rosbot_description/share/rosbot_description/world/office.sdf
[4.989s] -- Installing: /home/dr/amr-travelobot/ros_ws/src/install/rosbot_description/share/rosbot_description/world/simple.sdf
[4.991s] -- Installing: /home/dr/amr-travelobot/ros_ws/src/install/rosbot_description/share/rosbot_description/map
[4.992s] -- Installing: /home/dr/amr-travelobot/ros_ws/src/install/rosbot_description/share/rosbot_description/map/office.posegraph
[5.265s] -- Installing: /home/dr/amr-travelobot/ros_ws/src/install/rosbot_description/share/rosbot_description/map/office.data
[5.363s] -- Installing: /home/dr/amr-travelobot/ros_ws/src/install/rosbot_description/share/rosbot_description/map/office.pgm
[5.373s] -- Installing: /home/dr/amr-travelobot/ros_ws/src/install/rosbot_description/share/rosbot_description/map/office.yaml
[5.376s] -- Installing: /home/dr/amr-travelobot/ros_ws/src/install/rosbot_description/share/ament_index/resource_index/package_run_dependencies/rosbot_description
[5.377s] -- Installing: /home/dr/amr-travelobot/ros_ws/src/install/rosbot_description/share/ament_index/resource_index/parent_prefix_path/rosbot_description
[5.379s] -- Installing: /home/dr/amr-travelobot/ros_ws/src/install/rosbot_description/share/rosbot_description/environment/ament_prefix_path.sh
[5.381s] -- Installing: /home/dr/amr-travelobot/ros_ws/src/install/rosbot_description/share/rosbot_description/environment/ament_prefix_path.dsv
[5.382s] -- Installing: /home/dr/amr-travelobot/ros_ws/src/install/rosbot_description/share/rosbot_description/environment/path.sh
[5.384s] -- Installing: /home/dr/amr-travelobot/ros_ws/src/install/rosbot_description/share/rosbot_description/environment/path.dsv
[5.386s] -- Installing: /home/dr/amr-travelobot/ros_ws/src/install/rosbot_description/share/rosbot_description/local_setup.bash
[5.388s] -- Installing: /home/dr/amr-travelobot/ros_ws/src/install/rosbot_description/share/rosbot_description/local_setup.sh
[5.391s] -- Installing: /home/dr/amr-travelobot/ros_ws/src/install/rosbot_description/share/rosbot_description/local_setup.zsh
[5.397s] -- Installing: /home/dr/amr-travelobot/ros_ws/src/install/rosbot_description/share/rosbot_description/local_setup.dsv
[5.399s] -- Installing: /home/dr/amr-travelobot/ros_ws/src/install/rosbot_description/share/rosbot_description/package.dsv
[5.401s] -- Installing: /home/dr/amr-travelobot/ros_ws/src/install/rosbot_description/share/ament_index/resource_index/packages/rosbot_description
[5.403s] -- Installing: /home/dr/amr-travelobot/ros_ws/src/install/rosbot_description/share/rosbot_description/cmake/rosbot_descriptionConfig.cmake
[5.405s] -- Installing: /home/dr/amr-travelobot/ros_ws/src/install/rosbot_description/share/rosbot_description/cmake/rosbot_descriptionConfig-version.cmake
[5.406s] -- Installing: /home/dr/amr-travelobot/ros_ws/src/install/rosbot_description/share/rosbot_description/package.xml
[5.426s] Invoked command in '/home/dr/amr-travelobot/ros_ws/src/build/rosbot_description' returned '0': CMAKE_PREFIX_PATH=${CMAKE_PREFIX_PATH}:/home/dr/amr-travelobot/ros_ws/install/bno055:/opt/ros/foxy /usr/bin/cmake --install /home/dr/amr-travelobot/ros_ws/src/build/rosbot_description
