[0.074s] Invoking command in '/home/dr/amr-travelobot/ros_ws/build/odrive_ros2_control': AMENT_PREFIX_PATH=/home/dr/amr-travelobot/ros_ws/install/odrive_bringup:/home/dr/amr-travelobot/ros_ws/install/odrive_hardware_interface:/home/dr/amr-travelobot/ros_ws/install/odrive_description:${AMENT_PREFIX_PATH} CMAKE_PREFIX_PATH=/home/dr/amr-travelobot/ros_ws/install/odrive_bringup:/home/dr/amr-travelobot/ros_ws/install/odrive_hardware_interface:/home/dr/amr-travelobot/ros_ws/install/odrive_description:/opt/ros/foxy LD_LIBRARY_PATH=/home/dr/amr-travelobot/ros_ws/install/odrive_hardware_interface/lib:${LD_LIBRARY_PATH} /usr/bin/cmake --build /home/dr/amr-travelobot/ros_ws/build/odrive_ros2_control -- -j4 -l4
[0.385s] Invoked command in '/home/dr/amr-travelobot/ros_ws/build/odrive_ros2_control' returned '0': AMENT_PREFIX_PATH=/home/dr/amr-travelobot/ros_ws/install/odrive_bringup:/home/dr/amr-travelobot/ros_ws/install/odrive_hardware_interface:/home/dr/amr-travelobot/ros_ws/install/odrive_description:${AMENT_PREFIX_PATH} CMAKE_PREFIX_PATH=/home/dr/amr-travelobot/ros_ws/install/odrive_bringup:/home/dr/amr-travelobot/ros_ws/install/odrive_hardware_interface:/home/dr/amr-travelobot/ros_ws/install/odrive_description:/opt/ros/foxy LD_LIBRARY_PATH=/home/dr/amr-travelobot/ros_ws/install/odrive_hardware_interface/lib:${LD_LIBRARY_PATH} /usr/bin/cmake --build /home/dr/amr-travelobot/ros_ws/build/odrive_ros2_control -- -j4 -l4
[0.521s] Invoking command in '/home/dr/amr-travelobot/ros_ws/build/odrive_ros2_control': AMENT_PREFIX_PATH=/home/dr/amr-travelobot/ros_ws/install/odrive_bringup:/home/dr/amr-travelobot/ros_ws/install/odrive_hardware_interface:/home/dr/amr-travelobot/ros_ws/install/odrive_description:${AMENT_PREFIX_PATH} CMAKE_PREFIX_PATH=/home/dr/amr-travelobot/ros_ws/install/odrive_bringup:/home/dr/amr-travelobot/ros_ws/install/odrive_hardware_interface:/home/dr/amr-travelobot/ros_ws/install/odrive_description:/opt/ros/foxy LD_LIBRARY_PATH=/home/dr/amr-travelobot/ros_ws/install/odrive_hardware_interface/lib:${LD_LIBRARY_PATH} /usr/bin/cmake --install /home/dr/amr-travelobot/ros_ws/build/odrive_ros2_control
[0.564s] -- Install configuration: ""
[0.568s] -- Up-to-date: /home/dr/amr-travelobot/ros_ws/install/odrive_ros2_control/share/ament_index/resource_index/package_run_dependencies/odrive_ros2_control
[0.569s] -- Up-to-date: /home/dr/amr-travelobot/ros_ws/install/odrive_ros2_control/share/ament_index/resource_index/parent_prefix_path/odrive_ros2_control
[0.570s] -- Up-to-date: /home/dr/amr-travelobot/ros_ws/install/odrive_ros2_control/share/odrive_ros2_control/environment/ament_prefix_path.sh
[0.570s] -- Up-to-date: /home/dr/amr-travelobot/ros_ws/install/odrive_ros2_control/share/odrive_ros2_control/environment/ament_prefix_path.dsv
[0.571s] -- Up-to-date: /home/dr/amr-travelobot/ros_ws/install/odrive_ros2_control/share/odrive_ros2_control/environment/path.sh
[0.571s] -- Up-to-date: /home/dr/amr-travelobot/ros_ws/install/odrive_ros2_control/share/odrive_ros2_control/environment/path.dsv
[0.572s] -- Up-to-date: /home/dr/amr-travelobot/ros_ws/install/odrive_ros2_control/share/odrive_ros2_control/local_setup.bash
[0.573s] -- Up-to-date: /home/dr/amr-travelobot/ros_ws/install/odrive_ros2_control/share/odrive_ros2_control/local_setup.sh
[0.573s] -- Up-to-date: /home/dr/amr-travelobot/ros_ws/install/odrive_ros2_control/share/odrive_ros2_control/local_setup.zsh
[0.574s] -- Up-to-date: /home/dr/amr-travelobot/ros_ws/install/odrive_ros2_control/share/odrive_ros2_control/local_setup.dsv
[0.574s] -- Installing: /home/dr/amr-travelobot/ros_ws/install/odrive_ros2_control/share/odrive_ros2_control/package.dsv
[0.587s] -- Up-to-date: /home/dr/amr-travelobot/ros_ws/install/odrive_ros2_control/share/ament_index/resource_index/packages/odrive_ros2_control
[0.587s] -- Up-to-date: /home/dr/amr-travelobot/ros_ws/install/odrive_ros2_control/share/odrive_ros2_control/cmake/odrive_ros2_controlConfig.cmake
[0.588s] -- Up-to-date: /home/dr/amr-travelobot/ros_ws/install/odrive_ros2_control/share/odrive_ros2_control/cmake/odrive_ros2_controlConfig-version.cmake
[0.589s] -- Up-to-date: /home/dr/amr-travelobot/ros_ws/install/odrive_ros2_control/share/odrive_ros2_control/package.xml
[0.610s] Invoked command in '/home/dr/amr-travelobot/ros_ws/build/odrive_ros2_control' returned '0': AMENT_PREFIX_PATH=/home/dr/amr-travelobot/ros_ws/install/odrive_bringup:/home/dr/amr-travelobot/ros_ws/install/odrive_hardware_interface:/home/dr/amr-travelobot/ros_ws/install/odrive_description:${AMENT_PREFIX_PATH} CMAKE_PREFIX_PATH=/home/dr/amr-travelobot/ros_ws/install/odrive_bringup:/home/dr/amr-travelobot/ros_ws/install/odrive_hardware_interface:/home/dr/amr-travelobot/ros_ws/install/odrive_description:/opt/ros/foxy LD_LIBRARY_PATH=/home/dr/amr-travelobot/ros_ws/install/odrive_hardware_interface/lib:${LD_LIBRARY_PATH} /usr/bin/cmake --install /home/dr/amr-travelobot/ros_ws/build/odrive_ros2_control
