[0.083s] Invoking command in '/home/dr/amr-travelobot/ros_ws/build/rplidar_ros2': CMAKE_PREFIX_PATH=/opt/ros/foxy /usr/bin/cmake /home/dr/amr-travelobot/ros_ws/src/rplidar_ros -DCMAKE_INSTALL_PREFIX=/home/dr/amr-travelobot/ros_ws/install/rplidar_ros2
[0.307s] -- The C compiler identification is GNU 9.4.0
[0.525s] -- The CXX compiler identification is GNU 9.4.0
[0.543s] -- Check for working C compiler: /usr/bin/cc
[0.810s] -- Check for working C compiler: /usr/bin/cc -- works
[0.814s] -- Detecting C compiler ABI info
[1.085s] -- Detecting C compiler ABI info - done
[1.139s] -- Detecting C compile features
[1.141s] -- Detecting C compile features - done
[1.153s] -- Check for working CXX compiler: /usr/bin/c++
[1.457s] -- Check for working CXX compiler: /usr/bin/c++ -- works
[1.462s] -- Detecting CXX compiler ABI info
[1.767s] -- Detecting CXX compiler ABI info - done
[1.817s] -- Detecting CXX compile features
[1.820s] -- Detecting CXX compile features - done
[1.834s] -- Found ament_cmake: 0.9.9 (/opt/ros/foxy/share/ament_cmake/cmake)
[1.949s] -- Found PythonInterp: /usr/bin/python3 (found suitable version "3.8.10", minimum required is "3") 
[1.951s] -- Using PYTHON_EXECUTABLE: /usr/bin/python3
[2.937s] -- Found rclcpp: 2.4.1 (/opt/ros/foxy/share/rclcpp/cmake)
[3.180s] -- Using all available rosidl_typesupport_c: rosidl_typesupport_fastrtps_c;rosidl_typesupport_introspection_c
[3.220s] -- Found rosidl_adapter: 1.2.1 (/opt/ros/foxy/share/rosidl_adapter/cmake)
[3.627s] -- Found OpenSSL: /usr/lib/aarch64-linux-gnu/libcrypto.so (found version "1.1.1f")  
[3.833s] -- Found FastRTPS: /opt/ros/foxy/include  
[4.290s] -- Using all available rosidl_typesupport_cpp: rosidl_typesupport_fastrtps_cpp;rosidl_typesupport_introspection_cpp
[4.558s] -- Found rmw_implementation_cmake: 1.0.3 (/opt/ros/foxy/share/rmw_implementation_cmake/cmake)
[4.565s] -- Using RMW implementation 'rmw_fastrtps_cpp' as default
[4.569s] -- Looking for pthread.h
[4.839s] -- Looking for pthread.h - found
[4.841s] -- Performing Test CMAKE_HAVE_LIBC_PTHREAD
[5.128s] -- Performing Test CMAKE_HAVE_LIBC_PTHREAD - Failed
[5.130s] -- Looking for pthread_create in pthreads
[5.355s] -- Looking for pthread_create in pthreads - not found
[5.356s] -- Looking for pthread_create in pthread
[5.631s] -- Looking for pthread_create in pthread - found
[5.635s] -- Found Threads: TRUE  
[6.390s] -- Found sensor_msgs: 2.0.5 (/opt/ros/foxy/share/sensor_msgs/cmake)
[6.950s] -- Found std_srvs: 2.0.5 (/opt/ros/foxy/share/std_srvs/cmake)
[7.298s] -- Configuring done
[7.342s] -- Generating done
[7.350s] -- Build files have been written to: /home/dr/amr-travelobot/ros_ws/build/rplidar_ros2
[7.389s] Invoked command in '/home/dr/amr-travelobot/ros_ws/build/rplidar_ros2' returned '0': CMAKE_PREFIX_PATH=/opt/ros/foxy /usr/bin/cmake /home/dr/amr-travelobot/ros_ws/src/rplidar_ros -DCMAKE_INSTALL_PREFIX=/home/dr/amr-travelobot/ros_ws/install/rplidar_ros2
[7.399s] Invoking command in '/home/dr/amr-travelobot/ros_ws/build/rplidar_ros2': CMAKE_PREFIX_PATH=/opt/ros/foxy /usr/bin/cmake --build /home/dr/amr-travelobot/ros_ws/build/rplidar_ros2 -- -j4 -l4
[7.561s] [35m[1mScanning dependencies of target rplidar_scan_publisher[0m
[7.753s] [ 14%] [32mBuilding CXX object CMakeFiles/rplidar_scan_publisher.dir/sdk/src/arch/linux/net_serial.cpp.o[0m
[7.805s] [ 28%] [32mBuilding CXX object CMakeFiles/rplidar_scan_publisher.dir/src/rplidar_scan_publisher.cpp.o[0m
[7.821s] [ 42%] [32mBuilding CXX object CMakeFiles/rplidar_scan_publisher.dir/sdk/src/arch/linux/net_socket.cpp.o[0m
[7.830s] [ 57%] [32mBuilding CXX object CMakeFiles/rplidar_scan_publisher.dir/sdk/src/arch/linux/timer.cpp.o[0m
[9.666s] In file included from [01m[K/home/dr/amr-travelobot/ros_ws/src/rplidar_ros/./sdk/include/rplidar.h:39[m[K,
[9.667s]                  from [01m[K/home/dr/amr-travelobot/ros_ws/src/rplidar_ros/./sdk/src/sdkcommon.h:48[m[K,
[9.667s]                  from [01m[K/home/dr/amr-travelobot/ros_ws/src/rplidar_ros/sdk/src/arch/linux/net_socket.cpp:10[m[K:
[9.668s] [01m[K/home/dr/amr-travelobot/ros_ws/src/rplidar_ros/./sdk/include/rplidar_protocol.h:59:14:[m[K [01;35m[Kwarning: [m[KISO C++ forbids zero-size array ‘[01m[Kdata[m[K’ [[01;35m[K-Wpedantic[m[K]
[9.669s]    59 |     _u8 data[[01;35m[K0[m[K];
[9.669s]       |              [01;35m[K^[m[K
[9.673s] In file included from [01m[K/home/dr/amr-travelobot/ros_ws/src/rplidar_ros/./sdk/include/rplidar.h:40[m[K,
[9.674s]                  from [01m[K/home/dr/amr-travelobot/ros_ws/src/rplidar_ros/./sdk/src/sdkcommon.h:48[m[K,
[9.674s]                  from [01m[K/home/dr/amr-travelobot/ros_ws/src/rplidar_ros/sdk/src/arch/linux/net_socket.cpp:10[m[K:
[9.675s] [01m[K/home/dr/amr-travelobot/ros_ws/src/rplidar_ros/./sdk/include/rplidar_cmd.h:260:18:[m[K [01;35m[Kwarning: [m[KISO C++ forbids zero-size array ‘[01m[Kpayload[m[K’ [[01;35m[K-Wpedantic[m[K]
[9.676s]   260 |     _u8  payload[[01;35m[K0[m[K];
[9.677s]       |                  [01;35m[K^[m[K
[10.169s] [ 71%] [32mBuilding CXX object CMakeFiles/rplidar_scan_publisher.dir/sdk/src/hal/thread.cpp.o[0m
[10.383s] [ 85%] [32mBuilding CXX object CMakeFiles/rplidar_scan_publisher.dir/sdk/src/rplidar_driver.cpp.o[0m
[12.228s] In file included from [01m[K/home/dr/amr-travelobot/ros_ws/src/rplidar_ros/./sdk/include/rplidar.h:39[m[K,
[12.229s]                  from [01m[K/home/dr/amr-travelobot/ros_ws/src/rplidar_ros/./sdk/src/sdkcommon.h:48[m[K,
[12.229s]                  from [01m[K/home/dr/amr-travelobot/ros_ws/src/rplidar_ros/sdk/src/hal/thread.cpp:35[m[K:
[12.229s] [01m[K/home/dr/amr-travelobot/ros_ws/src/rplidar_ros/./sdk/include/rplidar_protocol.h:59:14:[m[K [01;35m[Kwarning: [m[KISO C++ forbids zero-size array ‘[01m[Kdata[m[K’ [[01;35m[K-Wpedantic[m[K]
[12.230s]    59 |     _u8 data[[01;35m[K0[m[K];
[12.230s]       |              [01;35m[K^[m[K
[12.231s] In file included from [01m[K/home/dr/amr-travelobot/ros_ws/src/rplidar_ros/./sdk/include/rplidar.h:40[m[K,
[12.231s]                  from [01m[K/home/dr/amr-travelobot/ros_ws/src/rplidar_ros/./sdk/src/sdkcommon.h:48[m[K,
[12.232s]                  from [01m[K/home/dr/amr-travelobot/ros_ws/src/rplidar_ros/sdk/src/hal/thread.cpp:35[m[K:
[12.232s] [01m[K/home/dr/amr-travelobot/ros_ws/src/rplidar_ros/./sdk/include/rplidar_cmd.h:260:18:[m[K [01;35m[Kwarning: [m[KISO C++ forbids zero-size array ‘[01m[Kpayload[m[K’ [[01;35m[K-Wpedantic[m[K]
[12.233s]   260 |     _u8  payload[[01;35m[K0[m[K];
[12.233s]       |                  [01;35m[K^[m[K
[12.239s] In file included from [01m[K/home/dr/amr-travelobot/ros_ws/src/rplidar_ros/sdk/src/hal/thread.cpp:43[m[K:
[12.240s] [01m[K/home/dr/amr-travelobot/ros_ws/src/rplidar_ros/./sdk/src/arch/linux/thread.hpp:[m[K In static member function ‘[01m[Kstatic rp::hal::Thread rp::hal::Thread::create(thread_proc_t, void*)[m[K’:
[12.240s] [01m[K/home/dr/amr-travelobot/ros_ws/src/rplidar_ros/./sdk/src/arch/linux/thread.hpp:48:77:[m[K [01;35m[Kwarning: [m[Kcast between incompatible function types from ‘[01m[Kthread_proc_t[m[K’ {aka ‘[01m[Klong unsigned int (*)(void*)[m[K’} to ‘[01m[Kvoid* (*)(void*)[m[K’ [[01;35m[K-Wcast-function-type[m[K]
[12.241s]    48 |     pthread_create((pthread_t *)&newborn._handle, NULL, (void * (*)(void *))[01;35m[Kproc[m[K, data);
[12.241s]       |                                                                             [01;35m[K^~~~[m[K
[12.571s] In file included from [01m[K/home/dr/amr-travelobot/ros_ws/src/rplidar_ros/./sdk/include/rplidar.h:39[m[K,
[12.572s]                  from [01m[K/home/dr/amr-travelobot/ros_ws/src/rplidar_ros/sdk/src/sdkcommon.h:48[m[K,
[12.573s]                  from [01m[K/home/dr/amr-travelobot/ros_ws/src/rplidar_ros/sdk/src/rplidar_driver.cpp:35[m[K:
[12.574s] [01m[K/home/dr/amr-travelobot/ros_ws/src/rplidar_ros/./sdk/include/rplidar_protocol.h:59:14:[m[K [01;35m[Kwarning: [m[KISO C++ forbids zero-size array ‘[01m[Kdata[m[K’ [[01;35m[K-Wpedantic[m[K]
[12.575s]    59 |     _u8 data[[01;35m[K0[m[K];
[12.576s]       |              [01;35m[K^[m[K
[12.579s] In file included from [01m[K/home/dr/amr-travelobot/ros_ws/src/rplidar_ros/./sdk/include/rplidar.h:40[m[K,
[12.579s]                  from [01m[K/home/dr/amr-travelobot/ros_ws/src/rplidar_ros/sdk/src/sdkcommon.h:48[m[K,
[12.580s]                  from [01m[K/home/dr/amr-travelobot/ros_ws/src/rplidar_ros/sdk/src/rplidar_driver.cpp:35[m[K:
[12.581s] [01m[K/home/dr/amr-travelobot/ros_ws/src/rplidar_ros/./sdk/include/rplidar_cmd.h:260:18:[m[K [01;35m[Kwarning: [m[KISO C++ forbids zero-size array ‘[01m[Kpayload[m[K’ [[01;35m[K-Wpedantic[m[K]
[12.582s]   260 |     _u8  payload[[01;35m[K0[m[K];
[12.583s]       |                  [01;35m[K^[m[K
[12.848s] [01m[K/home/dr/amr-travelobot/ros_ws/src/rplidar_ros/sdk/src/rplidar_driver.cpp:[m[K In member function ‘[01m[Kvirtual void rp::standalone::rplidar::RPlidarDriverImplCommon::_ultraCapsuleToNormal(const rplidar_response_ultra_capsule_measurement_nodes_t&, rplidar_response_measurement_node_hq_t*, size_t&)[m[K’:
[12.848s] [01m[K/home/dr/amr-travelobot/ros_ws/src/rplidar_ros/sdk/src/rplidar_driver.cpp:1208:32:[m[K [01;35m[Kwarning: [m[Kcomparison of integer expressions of different signedness: ‘[01m[Kint[m[K’ and ‘[01m[Kunsigned int[m[K’ [[01;35m[K-Wsign-compare[m[K]
[12.849s]  1208 |             if (([01;35m[Kdist_predict1 == 0xFFFFFE00[m[K) || (dist_predict1 == 0x1FF)) {
[12.849s]       |                  [01;35m[K~~~~~~~~~~~~~~^~~~~~~~~~~~~[m[K
[12.850s] [01m[K/home/dr/amr-travelobot/ros_ws/src/rplidar_ros/sdk/src/rplidar_driver.cpp:1216:32:[m[K [01;35m[Kwarning: [m[Kcomparison of integer expressions of different signedness: ‘[01m[Kint[m[K’ and ‘[01m[Kunsigned int[m[K’ [[01;35m[K-Wsign-compare[m[K]
[12.851s]  1216 |             if (([01;35m[Kdist_predict2 == 0xFFFFFE00[m[K) || (dist_predict2 == 0x1FF)) {
[12.851s]       |                  [01;35m[K~~~~~~~~~~~~~~^~~~~~~~~~~~~[m[K
[16.046s] In file included from [01m[K/home/dr/amr-travelobot/ros_ws/src/rplidar_ros/./sdk/include/rplidar.h:39[m[K,
[16.047s]                  from [01m[K/home/dr/amr-travelobot/ros_ws/src/rplidar_ros/src/rplidar_scan_publisher.cpp:38[m[K:
[16.047s] [01m[K/home/dr/amr-travelobot/ros_ws/src/rplidar_ros/./sdk/include/rplidar_protocol.h:59:14:[m[K [01;35m[Kwarning: [m[KISO C++ forbids zero-size array ‘[01m[Kdata[m[K’ [[01;35m[K-Wpedantic[m[K]
[16.047s]    59 |     _u8 data[[01;35m[K0[m[K];
[16.048s]       |              [01;35m[K^[m[K
[16.049s] In file included from [01m[K/home/dr/amr-travelobot/ros_ws/src/rplidar_ros/./sdk/include/rplidar.h:40[m[K,
[16.049s]                  from [01m[K/home/dr/amr-travelobot/ros_ws/src/rplidar_ros/src/rplidar_scan_publisher.cpp:38[m[K:
[16.050s] [01m[K/home/dr/amr-travelobot/ros_ws/src/rplidar_ros/./sdk/include/rplidar_cmd.h:260:18:[m[K [01;35m[Kwarning: [m[KISO C++ forbids zero-size array ‘[01m[Kpayload[m[K’ [[01;35m[K-Wpedantic[m[K]
[16.050s]   260 |     _u8  payload[[01;35m[K0[m[K];
[16.051s]       |                  [01;35m[K^[m[K
[25.768s] [100%] [32m[1mLinking CXX executable rplidar_scan_publisher[0m
[26.694s] [100%] Built target rplidar_scan_publisher
[26.736s] Invoked command in '/home/dr/amr-travelobot/ros_ws/build/rplidar_ros2' returned '0': CMAKE_PREFIX_PATH=/opt/ros/foxy /usr/bin/cmake --build /home/dr/amr-travelobot/ros_ws/build/rplidar_ros2 -- -j4 -l4
[26.853s] Invoking command in '/home/dr/amr-travelobot/ros_ws/build/rplidar_ros2': CMAKE_PREFIX_PATH=/opt/ros/foxy /usr/bin/cmake --install /home/dr/amr-travelobot/ros_ws/build/rplidar_ros2
[26.889s] -- Install configuration: ""
[26.890s] -- Installing: /home/dr/amr-travelobot/ros_ws/install/rplidar_ros2/share/rplidar_ros2/launch
[26.890s] -- Installing: /home/dr/amr-travelobot/ros_ws/install/rplidar_ros2/share/rplidar_ros2/launch/view_rplidar_s1_tcp_launch.py
[26.891s] -- Installing: /home/dr/amr-travelobot/ros_ws/install/rplidar_ros2/share/rplidar_ros2/launch/view_rplidar_launch.py
[26.891s] -- Installing: /home/dr/amr-travelobot/ros_ws/install/rplidar_ros2/share/rplidar_ros2/launch/rplidar_s1_launch.py
[26.892s] -- Installing: /home/dr/amr-travelobot/ros_ws/install/rplidar_ros2/share/rplidar_ros2/launch/view_rplidar_a3_launch.py
[26.893s] -- Installing: /home/dr/amr-travelobot/ros_ws/install/rplidar_ros2/share/rplidar_ros2/launch/view_rplidar_s1_launch.py
[26.894s] -- Installing: /home/dr/amr-travelobot/ros_ws/install/rplidar_ros2/share/rplidar_ros2/launch/rplidar_launch.py
[26.895s] -- Installing: /home/dr/amr-travelobot/ros_ws/install/rplidar_ros2/share/rplidar_ros2/launch/rviz.py
[26.896s] -- Installing: /home/dr/amr-travelobot/ros_ws/install/rplidar_ros2/share/rplidar_ros2/launch/rplidar_s1_tcp_launch.py
[26.896s] -- Installing: /home/dr/amr-travelobot/ros_ws/install/rplidar_ros2/share/rplidar_ros2/launch/rplidar_a3_launch.py
[26.897s] -- Installing: /home/dr/amr-travelobot/ros_ws/install/rplidar_ros2/share/rplidar_ros2/rviz
[26.897s] -- Installing: /home/dr/amr-travelobot/ros_ws/install/rplidar_ros2/share/rplidar_ros2/rviz/rplidar_ros2.rviz
[26.898s] -- Installing: /home/dr/amr-travelobot/ros_ws/install/rplidar_ros2/lib/rplidar_ros2/rplidar_scan_publisher
[26.903s] -- Set runtime path of "/home/dr/amr-travelobot/ros_ws/install/rplidar_ros2/lib/rplidar_ros2/rplidar_scan_publisher" to ""
[26.903s] -- Installing: /home/dr/amr-travelobot/ros_ws/install/rplidar_ros2/share/ament_index/resource_index/package_run_dependencies/rplidar_ros2
[26.904s] -- Installing: /home/dr/amr-travelobot/ros_ws/install/rplidar_ros2/share/ament_index/resource_index/parent_prefix_path/rplidar_ros2
[26.906s] -- Installing: /home/dr/amr-travelobot/ros_ws/install/rplidar_ros2/share/rplidar_ros2/environment/ament_prefix_path.sh
[26.906s] -- Installing: /home/dr/amr-travelobot/ros_ws/install/rplidar_ros2/share/rplidar_ros2/environment/ament_prefix_path.dsv
[26.907s] -- Installing: /home/dr/amr-travelobot/ros_ws/install/rplidar_ros2/share/rplidar_ros2/environment/path.sh
[26.908s] -- Installing: /home/dr/amr-travelobot/ros_ws/install/rplidar_ros2/share/rplidar_ros2/environment/path.dsv
[26.908s] -- Installing: /home/dr/amr-travelobot/ros_ws/install/rplidar_ros2/share/rplidar_ros2/local_setup.bash
[26.909s] -- Installing: /home/dr/amr-travelobot/ros_ws/install/rplidar_ros2/share/rplidar_ros2/local_setup.sh
[26.910s] -- Installing: /home/dr/amr-travelobot/ros_ws/install/rplidar_ros2/share/rplidar_ros2/local_setup.zsh
[26.911s] -- Installing: /home/dr/amr-travelobot/ros_ws/install/rplidar_ros2/share/rplidar_ros2/local_setup.dsv
[26.911s] -- Installing: /home/dr/amr-travelobot/ros_ws/install/rplidar_ros2/share/rplidar_ros2/package.dsv
[26.912s] -- Installing: /home/dr/amr-travelobot/ros_ws/install/rplidar_ros2/share/ament_index/resource_index/packages/rplidar_ros2
[26.913s] -- Installing: /home/dr/amr-travelobot/ros_ws/install/rplidar_ros2/share/rplidar_ros2/cmake/ament_cmake_export_dependencies-extras.cmake
[26.914s] -- Installing: /home/dr/amr-travelobot/ros_ws/install/rplidar_ros2/share/rplidar_ros2/cmake/ament_cmake_export_include_directories-extras.cmake
[26.915s] -- Installing: /home/dr/amr-travelobot/ros_ws/install/rplidar_ros2/share/rplidar_ros2/cmake/rplidar_ros2Config.cmake
[26.916s] -- Installing: /home/dr/amr-travelobot/ros_ws/install/rplidar_ros2/share/rplidar_ros2/cmake/rplidar_ros2Config-version.cmake
[26.917s] -- Installing: /home/dr/amr-travelobot/ros_ws/install/rplidar_ros2/share/rplidar_ros2/package.xml
[26.930s] Invoked command in '/home/dr/amr-travelobot/ros_ws/build/rplidar_ros2' returned '0': CMAKE_PREFIX_PATH=/opt/ros/foxy /usr/bin/cmake --install /home/dr/amr-travelobot/ros_ws/build/rplidar_ros2
