[0.129s] Invoking command in '/home/dr/amr-travelobot/ros_ws/build/rosbot_description': CMAKE_PREFIX_PATH=/opt/ros/foxy /usr/bin/cmake --build /home/dr/amr-travelobot/ros_ws/build/rosbot_description -- -j4 -l4
[0.296s] Invoked command in '/home/dr/amr-travelobot/ros_ws/build/rosbot_description' returned '0': CMAKE_PREFIX_PATH=/opt/ros/foxy /usr/bin/cmake --build /home/dr/amr-travelobot/ros_ws/build/rosbot_description -- -j4 -l4
[0.454s] Invoking command in '/home/dr/amr-travelobot/ros_ws/build/rosbot_description': CMAKE_PREFIX_PATH=/opt/ros/foxy /usr/bin/cmake --install /home/dr/amr-travelobot/ros_ws/build/rosbot_description
[0.498s] -- Install configuration: ""
[0.499s] -- Up-to-date: /home/dr/amr-travelobot/ros_ws/install/rosbot_description/share/rosbot_description/config
[0.500s] -- Up-to-date: /home/dr/amr-travelobot/ros_ws/install/rosbot_description/share/rosbot_description/config/navigation.yaml
[0.501s] -- Up-to-date: /home/dr/amr-travelobot/ros_ws/install/rosbot_description/share/rosbot_description/config/ekf2.yaml
[0.502s] -- Up-to-date: /home/dr/amr-travelobot/ros_ws/install/rosbot_description/share/rosbot_description/config/slam_toolbox_localization.yaml
[0.503s] -- Up-to-date: /home/dr/amr-travelobot/ros_ws/install/rosbot_description/share/rosbot_description/config/teleop_bluetooth.yaml
[0.504s] -- Up-to-date: /home/dr/amr-travelobot/ros_ws/install/rosbot_description/share/rosbot_description/config/slam_toolbox_mapping.yaml
[0.505s] -- Up-to-date: /home/dr/amr-travelobot/ros_ws/install/rosbot_description/share/rosbot_description/config/diff_drive_controller.yaml
[0.505s] -- Up-to-date: /home/dr/amr-travelobot/ros_ws/install/rosbot_description/share/rosbot_description/config/bno055.yaml
[0.508s] -- Up-to-date: /home/dr/amr-travelobot/ros_ws/install/rosbot_description/share/rosbot_description/config/navigate_w_replanning_and_recovery.xml
[0.509s] -- Up-to-date: /home/dr/amr-travelobot/ros_ws/install/rosbot_description/share/rosbot_description/config/ekf.yaml
[0.511s] -- Up-to-date: /home/dr/amr-travelobot/ros_ws/install/rosbot_description/share/rosbot_description/config/localization.yaml
[0.512s] -- Up-to-date: /home/dr/amr-travelobot/ros_ws/install/rosbot_description/share/rosbot_description/config/teleop_usb.yaml
[0.520s] -- Up-to-date: /home/dr/amr-travelobot/ros_ws/install/rosbot_description/share/rosbot_description/config/slam_toolbox_lifelong.yaml
[0.521s] -- Up-to-date: /home/dr/amr-travelobot/ros_ws/install/rosbot_description/share/rosbot_description/rviz
[0.522s] -- Up-to-date: /home/dr/amr-travelobot/ros_ws/install/rosbot_description/share/rosbot_description/rviz/rosbot.rviz
[0.522s] -- Up-to-date: /home/dr/amr-travelobot/ros_ws/install/rosbot_description/share/rosbot_description/gazebo
[0.522s] -- Up-to-date: /home/dr/amr-travelobot/ros_ws/install/rosbot_description/share/rosbot_description/gazebo/rosbot.materials.xacro
[0.523s] -- Up-to-date: /home/dr/amr-travelobot/ros_ws/install/rosbot_description/share/rosbot_description/gazebo/rosbot.gazebo.xacro
[0.523s] -- Up-to-date: /home/dr/amr-travelobot/ros_ws/install/rosbot_description/share/rosbot_description/ros2_control
[0.524s] -- Up-to-date: /home/dr/amr-travelobot/ros_ws/install/rosbot_description/share/rosbot_description/ros2_control/rosbot_system.ros2_control.xacro
[0.524s] -- Up-to-date: /home/dr/amr-travelobot/ros_ws/install/rosbot_description/share/rosbot_description/urdf
[0.541s] -- Up-to-date: /home/dr/amr-travelobot/ros_ws/install/rosbot_description/share/rosbot_description/urdf/rosbot_links.urdf.xacro
[0.542s] -- Up-to-date: /home/dr/amr-travelobot/ros_ws/install/rosbot_description/share/rosbot_description/urdf/inertia.urdf.xacro
[0.542s] -- Up-to-date: /home/dr/amr-travelobot/ros_ws/install/rosbot_description/share/rosbot_description/urdf/rosbot.urdf.xacro
[0.543s] -- Up-to-date: /home/dr/amr-travelobot/ros_ws/install/rosbot_description/share/rosbot_description/world
[0.543s] -- Up-to-date: /home/dr/amr-travelobot/ros_ws/install/rosbot_description/share/rosbot_description/world/office.sdf
[0.543s] -- Up-to-date: /home/dr/amr-travelobot/ros_ws/install/rosbot_description/share/rosbot_description/world/simple.sdf
[0.544s] -- Up-to-date: /home/dr/amr-travelobot/ros_ws/install/rosbot_description/share/rosbot_description/map
[0.545s] -- Up-to-date: /home/dr/amr-travelobot/ros_ws/install/rosbot_description/share/rosbot_description/map/office.posegraph
[0.545s] -- Up-to-date: /home/dr/amr-travelobot/ros_ws/install/rosbot_description/share/rosbot_description/map/office.data
[0.546s] -- Up-to-date: /home/dr/amr-travelobot/ros_ws/install/rosbot_description/share/rosbot_description/map/office.pgm
[0.546s] -- Up-to-date: /home/dr/amr-travelobot/ros_ws/install/rosbot_description/share/rosbot_description/map/office.yaml
[0.547s] -- Up-to-date: /home/dr/amr-travelobot/ros_ws/install/rosbot_description/share/ament_index/resource_index/package_run_dependencies/rosbot_description
[0.547s] -- Up-to-date: /home/dr/amr-travelobot/ros_ws/install/rosbot_description/share/ament_index/resource_index/parent_prefix_path/rosbot_description
[0.548s] -- Up-to-date: /home/dr/amr-travelobot/ros_ws/install/rosbot_description/share/rosbot_description/environment/ament_prefix_path.sh
[0.548s] -- Up-to-date: /home/dr/amr-travelobot/ros_ws/install/rosbot_description/share/rosbot_description/environment/ament_prefix_path.dsv
[0.550s] -- Up-to-date: /home/dr/amr-travelobot/ros_ws/install/rosbot_description/share/rosbot_description/environment/path.sh
[0.550s] -- Up-to-date: /home/dr/amr-travelobot/ros_ws/install/rosbot_description/share/rosbot_description/environment/path.dsv
[0.551s] -- Up-to-date: /home/dr/amr-travelobot/ros_ws/install/rosbot_description/share/rosbot_description/local_setup.bash
[0.551s] -- Up-to-date: /home/dr/amr-travelobot/ros_ws/install/rosbot_description/share/rosbot_description/local_setup.sh
[0.552s] -- Up-to-date: /home/dr/amr-travelobot/ros_ws/install/rosbot_description/share/rosbot_description/local_setup.zsh
[0.552s] -- Up-to-date: /home/dr/amr-travelobot/ros_ws/install/rosbot_description/share/rosbot_description/local_setup.dsv
[0.552s] -- Installing: /home/dr/amr-travelobot/ros_ws/install/rosbot_description/share/rosbot_description/package.dsv
[0.553s] -- Up-to-date: /home/dr/amr-travelobot/ros_ws/install/rosbot_description/share/ament_index/resource_index/packages/rosbot_description
[0.553s] -- Up-to-date: /home/dr/amr-travelobot/ros_ws/install/rosbot_description/share/rosbot_description/cmake/rosbot_descriptionConfig.cmake
[0.554s] -- Up-to-date: /home/dr/amr-travelobot/ros_ws/install/rosbot_description/share/rosbot_description/cmake/rosbot_descriptionConfig-version.cmake
[0.554s] -- Up-to-date: /home/dr/amr-travelobot/ros_ws/install/rosbot_description/share/rosbot_description/package.xml
[0.555s] Invoked command in '/home/dr/amr-travelobot/ros_ws/build/rosbot_description' returned '0': CMAKE_PREFIX_PATH=/opt/ros/foxy /usr/bin/cmake --install /home/dr/amr-travelobot/ros_ws/build/rosbot_description
