[0.184s] Invoking command in '/home/dr/amr-travelobot/ros_ws/build/teleop_twist_joy': CMAKE_PREFIX_PATH=${CMAKE_PREFIX_PATH}:/home/dr/amr-travelobot/ros_ws/install/ros2_control_test_nodes:/home/dr/amr-travelobot/ros_ws/install/bno055:/opt/ros/foxy /usr/bin/cmake --build /home/dr/amr-travelobot/ros_ws/build/teleop_twist_joy -- -j4 -l4
[0.642s] [ 50%] Built target teleop_twist_joy
[0.803s] [100%] Built target teleop_twist_joy_node
[0.865s] Invoked command in '/home/dr/amr-travelobot/ros_ws/build/teleop_twist_joy' returned '0': CMAKE_PREFIX_PATH=${CMAKE_PREFIX_PATH}:/home/dr/amr-travelobot/ros_ws/install/ros2_control_test_nodes:/home/dr/amr-travelobot/ros_ws/install/bno055:/opt/ros/foxy /usr/bin/cmake --build /home/dr/amr-travelobot/ros_ws/build/teleop_twist_joy -- -j4 -l4
[1.094s] Invoking command in '/home/dr/amr-travelobot/ros_ws/build/teleop_twist_joy': CMAKE_PREFIX_PATH=${CMAKE_PREFIX_PATH}:/home/dr/amr-travelobot/ros_ws/install/ros2_control_test_nodes:/home/dr/amr-travelobot/ros_ws/install/bno055:/opt/ros/foxy /usr/bin/cmake --install /home/dr/amr-travelobot/ros_ws/build/teleop_twist_joy
[1.158s] -- Install configuration: ""
[1.162s] -- Up-to-date: /home/dr/amr-travelobot/ros_ws/install/teleop_twist_joy/lib/libteleop_twist_joy.so
[1.167s] -- Up-to-date: /home/dr/amr-travelobot/ros_ws/install/teleop_twist_joy/lib/teleop_twist_joy/teleop_node
[1.169s] -- Up-to-date: /home/dr/amr-travelobot/ros_ws/install/teleop_twist_joy/include
[1.170s] -- Up-to-date: /home/dr/amr-travelobot/ros_ws/install/teleop_twist_joy/include/teleop_twist_joy
[1.171s] -- Up-to-date: /home/dr/amr-travelobot/ros_ws/install/teleop_twist_joy/include/teleop_twist_joy/teleop_twist_joy.hpp
[1.172s] -- Up-to-date: /home/dr/amr-travelobot/ros_ws/install/teleop_twist_joy/include/teleop_twist_joy/teleop_twist_joy_export.h
[1.172s] -- Up-to-date: /home/dr/amr-travelobot/ros_ws/install/teleop_twist_joy/share/teleop_twist_joy/launch
[1.173s] -- Up-to-date: /home/dr/amr-travelobot/ros_ws/install/teleop_twist_joy/share/teleop_twist_joy/launch/teleop.launch.py
[1.174s] -- Up-to-date: /home/dr/amr-travelobot/ros_ws/install/teleop_twist_joy/share/teleop_twist_joy/config
[1.174s] -- Up-to-date: /home/dr/amr-travelobot/ros_ws/install/teleop_twist_joy/share/teleop_twist_joy/config/ps3.config.yaml
[1.175s] -- Up-to-date: /home/dr/amr-travelobot/ros_ws/install/teleop_twist_joy/share/teleop_twist_joy/config/xd3.config.yaml
[1.176s] -- Up-to-date: /home/dr/amr-travelobot/ros_ws/install/teleop_twist_joy/share/teleop_twist_joy/config/atk3.config.yaml
[1.176s] -- Up-to-date: /home/dr/amr-travelobot/ros_ws/install/teleop_twist_joy/share/teleop_twist_joy/config/ps3-holonomic.config.yaml
[1.179s] -- Up-to-date: /home/dr/amr-travelobot/ros_ws/install/teleop_twist_joy/share/teleop_twist_joy/config/xbox_usb.config.yaml
[1.180s] -- Up-to-date: /home/dr/amr-travelobot/ros_ws/install/teleop_twist_joy/share/teleop_twist_joy/config/xbox.config.yaml
[1.181s] -- Up-to-date: /home/dr/amr-travelobot/ros_ws/install/teleop_twist_joy/share/teleop_twist_joy/environment/library_path.sh
[1.185s] -- Up-to-date: /home/dr/amr-travelobot/ros_ws/install/teleop_twist_joy/share/teleop_twist_joy/environment/library_path.dsv
[1.186s] -- Up-to-date: /home/dr/amr-travelobot/ros_ws/install/teleop_twist_joy/share/ament_index/resource_index/package_run_dependencies/teleop_twist_joy
[1.187s] -- Up-to-date: /home/dr/amr-travelobot/ros_ws/install/teleop_twist_joy/share/ament_index/resource_index/parent_prefix_path/teleop_twist_joy
[1.187s] -- Up-to-date: /home/dr/amr-travelobot/ros_ws/install/teleop_twist_joy/share/teleop_twist_joy/environment/ament_prefix_path.sh
[1.188s] -- Up-to-date: /home/dr/amr-travelobot/ros_ws/install/teleop_twist_joy/share/teleop_twist_joy/environment/ament_prefix_path.dsv
[1.188s] -- Up-to-date: /home/dr/amr-travelobot/ros_ws/install/teleop_twist_joy/share/teleop_twist_joy/environment/path.sh
[1.189s] -- Up-to-date: /home/dr/amr-travelobot/ros_ws/install/teleop_twist_joy/share/teleop_twist_joy/environment/path.dsv
[1.189s] -- Up-to-date: /home/dr/amr-travelobot/ros_ws/install/teleop_twist_joy/share/teleop_twist_joy/local_setup.bash
[1.190s] -- Up-to-date: /home/dr/amr-travelobot/ros_ws/install/teleop_twist_joy/share/teleop_twist_joy/local_setup.sh
[1.190s] -- Up-to-date: /home/dr/amr-travelobot/ros_ws/install/teleop_twist_joy/share/teleop_twist_joy/local_setup.zsh
[1.191s] -- Up-to-date: /home/dr/amr-travelobot/ros_ws/install/teleop_twist_joy/share/teleop_twist_joy/local_setup.dsv
[1.191s] -- Installing: /home/dr/amr-travelobot/ros_ws/install/teleop_twist_joy/share/teleop_twist_joy/package.dsv
[1.192s] -- Up-to-date: /home/dr/amr-travelobot/ros_ws/install/teleop_twist_joy/share/ament_index/resource_index/packages/teleop_twist_joy
[1.192s] -- Up-to-date: /home/dr/amr-travelobot/ros_ws/install/teleop_twist_joy/share/ament_index/resource_index/rclcpp_components/teleop_twist_joy
[1.192s] -- Up-to-date: /home/dr/amr-travelobot/ros_ws/install/teleop_twist_joy/share/teleop_twist_joy/cmake/ament_cmake_export_include_directories-extras.cmake
[1.193s] -- Up-to-date: /home/dr/amr-travelobot/ros_ws/install/teleop_twist_joy/share/teleop_twist_joy/cmake/ament_cmake_export_libraries-extras.cmake
[1.193s] -- Up-to-date: /home/dr/amr-travelobot/ros_ws/install/teleop_twist_joy/share/teleop_twist_joy/cmake/teleop_twist_joyConfig.cmake
[1.194s] -- Up-to-date: /home/dr/amr-travelobot/ros_ws/install/teleop_twist_joy/share/teleop_twist_joy/cmake/teleop_twist_joyConfig-version.cmake
[1.194s] -- Up-to-date: /home/dr/amr-travelobot/ros_ws/install/teleop_twist_joy/share/teleop_twist_joy/package.xml
[2.322s] Invoked command in '/home/dr/amr-travelobot/ros_ws/build/teleop_twist_joy' returned '0': CMAKE_PREFIX_PATH=${CMAKE_PREFIX_PATH}:/home/dr/amr-travelobot/ros_ws/install/ros2_control_test_nodes:/home/dr/amr-travelobot/ros_ws/install/bno055:/opt/ros/foxy /usr/bin/cmake --install /home/dr/amr-travelobot/ros_ws/build/teleop_twist_joy
