[0.114s] Invoking command in '/home/dr/amr-travelobot/ros_ws/src/build/position_controllers': AMENT_PREFIX_PATH=/home/dr/amr-travelobot/ros_ws/src/install/forward_command_controller:${AMENT_PREFIX_PATH} CMAKE_PREFIX_PATH=/home/dr/amr-travelobot/ros_ws/src/install/forward_command_controller:/home/dr/amr-travelobot/ros_ws/install/turtlesim:/home/dr/amr-travelobot/ros_ws/install/rosbot_bringup:/home/dr/amr-travelobot/ros_ws/install/teleop_twist_joy:/home/dr/amr-travelobot/ros_ws/install/rplidar_ros2:/home/dr/amr-travelobot/ros_ws/install/rosbot_description:/home/dr/amr-travelobot/ros_ws/install/odrive_ros2_control:/home/dr/amr-travelobot/ros_ws/install/odrive_hardware_interface:/home/dr/amr-travelobot/ros_ws/install/odrive_bringup:/home/dr/amr-travelobot/ros_ws/install/odrive_description:/home/dr/amr-travelobot/ros_ws/install/bno055:/opt/ros/foxy LD_LIBRARY_PATH=/home/dr/amr-travelobot/ros_ws/src/install/forward_command_controller/lib:${LD_LIBRARY_PATH} /usr/bin/cmake /home/dr/amr-travelobot/ros_ws/src/ros2_controllers/position_controllers -DCMAKE_INSTALL_PREFIX=/home/dr/amr-travelobot/ros_ws/src/install/position_controllers
[0.423s] -- The C compiler identification is GNU 9.4.0
[0.758s] -- The CXX compiler identification is GNU 9.4.0
[0.786s] -- Check for working C compiler: /usr/bin/cc
[1.149s] -- Check for working C compiler: /usr/bin/cc -- works
[1.155s] -- Detecting C compiler ABI info
[1.544s] -- Detecting C compiler ABI info - done
[1.655s] -- Detecting C compile features
[1.656s] -- Detecting C compile features - done
[1.669s] -- Check for working CXX compiler: /usr/bin/c++
[2.045s] -- Check for working CXX compiler: /usr/bin/c++ -- works
[2.049s] -- Detecting CXX compiler ABI info
[2.489s] -- Detecting CXX compiler ABI info - done
[2.562s] -- Detecting CXX compile features
[2.567s] -- Detecting CXX compile features - done
[2.590s] -- Found ament_cmake: 0.9.9 (/opt/ros/foxy/share/ament_cmake/cmake)
[2.757s] -- Found PythonInterp: /usr/bin/python3 (found suitable version "3.8.10", minimum required is "3") 
[2.758s] -- Using PYTHON_EXECUTABLE: /usr/bin/python3
[4.301s] -- Found forward_command_controller: 0.8.0 (/home/dr/amr-travelobot/ros_ws/src/install/forward_command_controller/share/forward_command_controller/cmake)
[4.611s] -- Using all available rosidl_typesupport_c: rosidl_typesupport_fastrtps_c;rosidl_typesupport_introspection_c
[4.676s] -- Found rosidl_adapter: 1.2.1 (/opt/ros/foxy/share/rosidl_adapter/cmake)
[5.296s] -- Found OpenSSL: /usr/lib/aarch64-linux-gnu/libcrypto.so (found version "1.1.1f")  
[5.527s] -- Found FastRTPS: /opt/ros/foxy/include  
[6.242s] -- Using all available rosidl_typesupport_cpp: rosidl_typesupport_fastrtps_cpp;rosidl_typesupport_introspection_cpp
[9.530s] -- Found rmw_implementation_cmake: 1.0.3 (/opt/ros/foxy/share/rmw_implementation_cmake/cmake)
[9.541s] -- Using RMW implementation 'rmw_fastrtps_cpp' as default
[9.547s] -- Looking for pthread.h
[9.912s] -- Looking for pthread.h - found
[9.913s] -- Performing Test CMAKE_HAVE_LIBC_PTHREAD
[10.288s] -- Performing Test CMAKE_HAVE_LIBC_PTHREAD - Failed
[10.290s] -- Looking for pthread_create in pthreads
[10.653s] -- Looking for pthread_create in pthreads - not found
[10.654s] -- Looking for pthread_create in pthread
[11.032s] -- Looking for pthread_create in pthread - found
[11.037s] -- Found Threads: TRUE  
[13.974s] -- Found ament_cmake_gmock: 0.9.9 (/opt/ros/foxy/share/ament_cmake_gmock/cmake)
[13.989s] -- Found controller_manager: 0.10.1 (/opt/ros/foxy/share/controller_manager/cmake)
[14.370s] -- Found ros2_control_test_assets: 0.10.1 (/opt/ros/foxy/share/ros2_control_test_assets/cmake)
[14.392s] -- Found gmock sources under '/opt/ros/foxy/src/gmock_vendor': C++ tests using 'Google Mock' will be built
[14.426s] -- Found ament_cmake_gtest: 0.9.9 (/opt/ros/foxy/share/ament_cmake_gtest/cmake)
[14.431s] -- Found gtest sources under '/opt/ros/foxy/src/gtest_vendor': C++ tests using 'Google Test' will be built
[15.237s] -- Configuring done
[15.661s] -- Generating done
[15.676s] -- Build files have been written to: /home/dr/amr-travelobot/ros_ws/src/build/position_controllers
[15.757s] Invoked command in '/home/dr/amr-travelobot/ros_ws/src/build/position_controllers' returned '0': AMENT_PREFIX_PATH=/home/dr/amr-travelobot/ros_ws/src/install/forward_command_controller:${AMENT_PREFIX_PATH} CMAKE_PREFIX_PATH=/home/dr/amr-travelobot/ros_ws/src/install/forward_command_controller:/home/dr/amr-travelobot/ros_ws/install/turtlesim:/home/dr/amr-travelobot/ros_ws/install/rosbot_bringup:/home/dr/amr-travelobot/ros_ws/install/teleop_twist_joy:/home/dr/amr-travelobot/ros_ws/install/rplidar_ros2:/home/dr/amr-travelobot/ros_ws/install/rosbot_description:/home/dr/amr-travelobot/ros_ws/install/odrive_ros2_control:/home/dr/amr-travelobot/ros_ws/install/odrive_hardware_interface:/home/dr/amr-travelobot/ros_ws/install/odrive_bringup:/home/dr/amr-travelobot/ros_ws/install/odrive_description:/home/dr/amr-travelobot/ros_ws/install/bno055:/opt/ros/foxy LD_LIBRARY_PATH=/home/dr/amr-travelobot/ros_ws/src/install/forward_command_controller/lib:${LD_LIBRARY_PATH} /usr/bin/cmake /home/dr/amr-travelobot/ros_ws/src/ros2_controllers/position_controllers -DCMAKE_INSTALL_PREFIX=/home/dr/amr-travelobot/ros_ws/src/install/position_controllers
[15.761s] Invoking command in '/home/dr/amr-travelobot/ros_ws/src/build/position_controllers': AMENT_PREFIX_PATH=/home/dr/amr-travelobot/ros_ws/src/install/forward_command_controller:${AMENT_PREFIX_PATH} CMAKE_PREFIX_PATH=/home/dr/amr-travelobot/ros_ws/src/install/forward_command_controller:/home/dr/amr-travelobot/ros_ws/install/turtlesim:/home/dr/amr-travelobot/ros_ws/install/rosbot_bringup:/home/dr/amr-travelobot/ros_ws/install/teleop_twist_joy:/home/dr/amr-travelobot/ros_ws/install/rplidar_ros2:/home/dr/amr-travelobot/ros_ws/install/rosbot_description:/home/dr/amr-travelobot/ros_ws/install/odrive_ros2_control:/home/dr/amr-travelobot/ros_ws/install/odrive_hardware_interface:/home/dr/amr-travelobot/ros_ws/install/odrive_bringup:/home/dr/amr-travelobot/ros_ws/install/odrive_description:/home/dr/amr-travelobot/ros_ws/install/bno055:/opt/ros/foxy LD_LIBRARY_PATH=/home/dr/amr-travelobot/ros_ws/src/install/forward_command_controller/lib:${LD_LIBRARY_PATH} /usr/bin/cmake --build /home/dr/amr-travelobot/ros_ws/src/build/position_controllers -- -j4 -l4
[16.060s] [35m[1mScanning dependencies of target gmock[0m
[16.202s] [  9%] [32mBuilding CXX object gmock/CMakeFiles/gmock.dir/opt/ros/foxy/src/gtest_vendor/src/gtest-all.cc.o[0m
[33.413s] [ 18%] [32mBuilding CXX object gmock/CMakeFiles/gmock.dir/src/gmock-all.cc.o[0m
[42.842s] [ 27%] [32m[1mLinking CXX static library libgmock.a[0m
[43.314s] [ 27%] Built target gmock
[43.360s] [35m[1mScanning dependencies of target gmock_main[0m
[43.441s] [ 36%] [32mBuilding CXX object gmock/CMakeFiles/gmock_main.dir/src/gmock_main.cc.o[0m
[48.081s] [ 45%] [32m[1mLinking CXX static library libgmock_main.a[0m
[48.295s] [ 45%] Built target gmock_main
[48.365s] [35m[1mScanning dependencies of target position_controllers[0m
[48.636s] [ 54%] [32mBuilding CXX object CMakeFiles/position_controllers.dir/src/joint_group_position_controller.cpp.o[0m
[59.855s] [ 63%] [32m[1mLinking CXX shared library libposition_controllers.so[0m
[60.757s] [ 63%] Built target position_controllers
[60.805s] [35m[1mScanning dependencies of target test_load_joint_group_position_controller[0m
[61.081s] [ 72%] [32mBuilding CXX object CMakeFiles/test_load_joint_group_position_controller.dir/test/test_load_joint_group_position_controller.cpp.o[0m
[76.825s] [ 81%] [32m[1mLinking CXX executable test_load_joint_group_position_controller[0m
[78.659s] [ 81%] Built target test_load_joint_group_position_controller
[78.715s] [35m[1mScanning dependencies of target test_joint_group_position_controller[0m
[79.019s] [ 90%] [32mBuilding CXX object CMakeFiles/test_joint_group_position_controller.dir/test/test_joint_group_position_controller.cpp.o[0m
[103.453s] [100%] [32m[1mLinking CXX executable test_joint_group_position_controller[0m
[106.096s] [100%] Built target test_joint_group_position_controller
[106.179s] Invoked command in '/home/dr/amr-travelobot/ros_ws/src/build/position_controllers' returned '0': AMENT_PREFIX_PATH=/home/dr/amr-travelobot/ros_ws/src/install/forward_command_controller:${AMENT_PREFIX_PATH} CMAKE_PREFIX_PATH=/home/dr/amr-travelobot/ros_ws/src/install/forward_command_controller:/home/dr/amr-travelobot/ros_ws/install/turtlesim:/home/dr/amr-travelobot/ros_ws/install/rosbot_bringup:/home/dr/amr-travelobot/ros_ws/install/teleop_twist_joy:/home/dr/amr-travelobot/ros_ws/install/rplidar_ros2:/home/dr/amr-travelobot/ros_ws/install/rosbot_description:/home/dr/amr-travelobot/ros_ws/install/odrive_ros2_control:/home/dr/amr-travelobot/ros_ws/install/odrive_hardware_interface:/home/dr/amr-travelobot/ros_ws/install/odrive_bringup:/home/dr/amr-travelobot/ros_ws/install/odrive_description:/home/dr/amr-travelobot/ros_ws/install/bno055:/opt/ros/foxy LD_LIBRARY_PATH=/home/dr/amr-travelobot/ros_ws/src/install/forward_command_controller/lib:${LD_LIBRARY_PATH} /usr/bin/cmake --build /home/dr/amr-travelobot/ros_ws/src/build/position_controllers -- -j4 -l4
[106.435s] Invoking command in '/home/dr/amr-travelobot/ros_ws/src/build/position_controllers': AMENT_PREFIX_PATH=/home/dr/amr-travelobot/ros_ws/src/install/forward_command_controller:${AMENT_PREFIX_PATH} CMAKE_PREFIX_PATH=/home/dr/amr-travelobot/ros_ws/src/install/forward_command_controller:/home/dr/amr-travelobot/ros_ws/install/turtlesim:/home/dr/amr-travelobot/ros_ws/install/rosbot_bringup:/home/dr/amr-travelobot/ros_ws/install/teleop_twist_joy:/home/dr/amr-travelobot/ros_ws/install/rplidar_ros2:/home/dr/amr-travelobot/ros_ws/install/rosbot_description:/home/dr/amr-travelobot/ros_ws/install/odrive_ros2_control:/home/dr/amr-travelobot/ros_ws/install/odrive_hardware_interface:/home/dr/amr-travelobot/ros_ws/install/odrive_bringup:/home/dr/amr-travelobot/ros_ws/install/odrive_description:/home/dr/amr-travelobot/ros_ws/install/bno055:/opt/ros/foxy LD_LIBRARY_PATH=/home/dr/amr-travelobot/ros_ws/src/install/forward_command_controller/lib:${LD_LIBRARY_PATH} /usr/bin/cmake --install /home/dr/amr-travelobot/ros_ws/src/build/position_controllers
[106.506s] -- Install configuration: ""
[106.506s] -- Installing: /home/dr/amr-travelobot/ros_ws/src/install/position_controllers/share/position_controllers/position_controllers_plugins.xml
[106.508s] -- Installing: /home/dr/amr-travelobot/ros_ws/src/install/position_controllers/include
[106.509s] -- Installing: /home/dr/amr-travelobot/ros_ws/src/install/position_controllers/include/position_controllers
[106.511s] -- Installing: /home/dr/amr-travelobot/ros_ws/src/install/position_controllers/include/position_controllers/joint_group_position_controller.hpp
[106.512s] -- Installing: /home/dr/amr-travelobot/ros_ws/src/install/position_controllers/include/position_controllers/visibility_control.h
[106.515s] -- Installing: /home/dr/amr-travelobot/ros_ws/src/install/position_controllers/lib/libposition_controllers.so
[106.519s] -- Set runtime path of "/home/dr/amr-travelobot/ros_ws/src/install/position_controllers/lib/libposition_controllers.so" to ""
[106.521s] -- Installing: /home/dr/amr-travelobot/ros_ws/src/install/position_controllers/share/position_controllers/environment/library_path.sh
[106.523s] -- Installing: /home/dr/amr-travelobot/ros_ws/src/install/position_controllers/share/position_controllers/environment/library_path.dsv
[106.527s] -- Installing: /home/dr/amr-travelobot/ros_ws/src/install/position_controllers/share/ament_index/resource_index/package_run_dependencies/position_controllers
[106.530s] -- Installing: /home/dr/amr-travelobot/ros_ws/src/install/position_controllers/share/ament_index/resource_index/parent_prefix_path/position_controllers
[106.532s] -- Installing: /home/dr/amr-travelobot/ros_ws/src/install/position_controllers/share/position_controllers/environment/ament_prefix_path.sh
[106.534s] -- Installing: /home/dr/amr-travelobot/ros_ws/src/install/position_controllers/share/position_controllers/environment/ament_prefix_path.dsv
[106.536s] -- Installing: /home/dr/amr-travelobot/ros_ws/src/install/position_controllers/share/position_controllers/environment/path.sh
[106.538s] -- Installing: /home/dr/amr-travelobot/ros_ws/src/install/position_controllers/share/position_controllers/environment/path.dsv
[106.541s] -- Installing: /home/dr/amr-travelobot/ros_ws/src/install/position_controllers/share/position_controllers/local_setup.bash
[106.543s] -- Installing: /home/dr/amr-travelobot/ros_ws/src/install/position_controllers/share/position_controllers/local_setup.sh
[106.547s] -- Installing: /home/dr/amr-travelobot/ros_ws/src/install/position_controllers/share/position_controllers/local_setup.zsh
[106.550s] -- Installing: /home/dr/amr-travelobot/ros_ws/src/install/position_controllers/share/position_controllers/local_setup.dsv
[106.552s] -- Installing: /home/dr/amr-travelobot/ros_ws/src/install/position_controllers/share/position_controllers/package.dsv
[106.554s] -- Installing: /home/dr/amr-travelobot/ros_ws/src/install/position_controllers/share/ament_index/resource_index/packages/position_controllers
[106.559s] -- Installing: /home/dr/amr-travelobot/ros_ws/src/install/position_controllers/share/ament_index/resource_index/controller_interface__pluginlib__plugin/position_controllers
[106.559s] -- Installing: /home/dr/amr-travelobot/ros_ws/src/install/position_controllers/share/position_controllers/cmake/ament_cmake_export_dependencies-extras.cmake
[106.564s] -- Installing: /home/dr/amr-travelobot/ros_ws/src/install/position_controllers/share/position_controllers/cmake/ament_cmake_export_include_directories-extras.cmake
[106.566s] -- Installing: /home/dr/amr-travelobot/ros_ws/src/install/position_controllers/share/position_controllers/cmake/ament_cmake_export_libraries-extras.cmake
[106.568s] -- Installing: /home/dr/amr-travelobot/ros_ws/src/install/position_controllers/share/position_controllers/cmake/position_controllersConfig.cmake
[106.570s] -- Installing: /home/dr/amr-travelobot/ros_ws/src/install/position_controllers/share/position_controllers/cmake/position_controllersConfig-version.cmake
[106.572s] -- Installing: /home/dr/amr-travelobot/ros_ws/src/install/position_controllers/share/position_controllers/package.xml
[106.596s] Invoked command in '/home/dr/amr-travelobot/ros_ws/src/build/position_controllers' returned '0': AMENT_PREFIX_PATH=/home/dr/amr-travelobot/ros_ws/src/install/forward_command_controller:${AMENT_PREFIX_PATH} CMAKE_PREFIX_PATH=/home/dr/amr-travelobot/ros_ws/src/install/forward_command_controller:/home/dr/amr-travelobot/ros_ws/install/turtlesim:/home/dr/amr-travelobot/ros_ws/install/rosbot_bringup:/home/dr/amr-travelobot/ros_ws/install/teleop_twist_joy:/home/dr/amr-travelobot/ros_ws/install/rplidar_ros2:/home/dr/amr-travelobot/ros_ws/install/rosbot_description:/home/dr/amr-travelobot/ros_ws/install/odrive_ros2_control:/home/dr/amr-travelobot/ros_ws/install/odrive_hardware_interface:/home/dr/amr-travelobot/ros_ws/install/odrive_bringup:/home/dr/amr-travelobot/ros_ws/install/odrive_description:/home/dr/amr-travelobot/ros_ws/install/bno055:/opt/ros/foxy LD_LIBRARY_PATH=/home/dr/amr-travelobot/ros_ws/src/install/forward_command_controller/lib:${LD_LIBRARY_PATH} /usr/bin/cmake --install /home/dr/amr-travelobot/ros_ws/src/build/position_controllers
