[0.280s] Invoking command in '/home/dr/amr-travelobot/ros_ws/build/rosbot_bringup': CMAKE_PREFIX_PATH=/home/dr/amr-travelobot/ros_ws/install/teleop_twist_joy:/home/dr/amr-travelobot/ros_ws/install/rplidar_ros2:/home/dr/amr-travelobot/ros_ws/install/rosbot_description:/home/dr/amr-travelobot/ros_ws/install/odrive_hardware_interface:/home/dr/amr-travelobot/ros_ws/install/rosbot_bringup:/home/dr/amr-travelobot/ros_ws/install/odrive_ros2_control:/home/dr/amr-travelobot/ros_ws/install/turtlesim:/home/dr/amr-travelobot/ros_ws/install/odrive_bringup:/home/dr/amr-travelobot/ros_ws/install/odrive_description:/home/dr/amr-travelobot/ros_ws/install/bno055:/opt/ros/foxy LD_LIBRARY_PATH=/home/dr/amr-travelobot/ros_ws/install/teleop_twist_joy/lib:/home/dr/amr-travelobot/ros_ws/install/odrive_hardware_interface/lib:/home/dr/amr-travelobot/ros_ws/install/turtlesim/lib:/opt/ros/foxy/opt/yaml_cpp_vendor/lib:/opt/ros/foxy/opt/rviz_ogre_vendor/lib:/opt/ros/foxy/lib/aarch64-linux-gnu:/opt/ros/foxy/lib /usr/bin/cmake --build /home/dr/amr-travelobot/ros_ws/build/rosbot_bringup -- -j4 -l4
[0.795s] Invoked command in '/home/dr/amr-travelobot/ros_ws/build/rosbot_bringup' returned '0': CMAKE_PREFIX_PATH=/home/dr/amr-travelobot/ros_ws/install/teleop_twist_joy:/home/dr/amr-travelobot/ros_ws/install/rplidar_ros2:/home/dr/amr-travelobot/ros_ws/install/rosbot_description:/home/dr/amr-travelobot/ros_ws/install/odrive_hardware_interface:/home/dr/amr-travelobot/ros_ws/install/rosbot_bringup:/home/dr/amr-travelobot/ros_ws/install/odrive_ros2_control:/home/dr/amr-travelobot/ros_ws/install/turtlesim:/home/dr/amr-travelobot/ros_ws/install/odrive_bringup:/home/dr/amr-travelobot/ros_ws/install/odrive_description:/home/dr/amr-travelobot/ros_ws/install/bno055:/opt/ros/foxy LD_LIBRARY_PATH=/home/dr/amr-travelobot/ros_ws/install/teleop_twist_joy/lib:/home/dr/amr-travelobot/ros_ws/install/odrive_hardware_interface/lib:/home/dr/amr-travelobot/ros_ws/install/turtlesim/lib:/opt/ros/foxy/opt/yaml_cpp_vendor/lib:/opt/ros/foxy/opt/rviz_ogre_vendor/lib:/opt/ros/foxy/lib/aarch64-linux-gnu:/opt/ros/foxy/lib /usr/bin/cmake --build /home/dr/amr-travelobot/ros_ws/build/rosbot_bringup -- -j4 -l4
[1.017s] Invoking command in '/home/dr/amr-travelobot/ros_ws/build/rosbot_bringup': CMAKE_PREFIX_PATH=/home/dr/amr-travelobot/ros_ws/install/teleop_twist_joy:/home/dr/amr-travelobot/ros_ws/install/rplidar_ros2:/home/dr/amr-travelobot/ros_ws/install/rosbot_description:/home/dr/amr-travelobot/ros_ws/install/odrive_hardware_interface:/home/dr/amr-travelobot/ros_ws/install/rosbot_bringup:/home/dr/amr-travelobot/ros_ws/install/odrive_ros2_control:/home/dr/amr-travelobot/ros_ws/install/turtlesim:/home/dr/amr-travelobot/ros_ws/install/odrive_bringup:/home/dr/amr-travelobot/ros_ws/install/odrive_description:/home/dr/amr-travelobot/ros_ws/install/bno055:/opt/ros/foxy LD_LIBRARY_PATH=/home/dr/amr-travelobot/ros_ws/install/teleop_twist_joy/lib:/home/dr/amr-travelobot/ros_ws/install/odrive_hardware_interface/lib:/home/dr/amr-travelobot/ros_ws/install/turtlesim/lib:/opt/ros/foxy/opt/yaml_cpp_vendor/lib:/opt/ros/foxy/opt/rviz_ogre_vendor/lib:/opt/ros/foxy/lib/aarch64-linux-gnu:/opt/ros/foxy/lib /usr/bin/cmake --install /home/dr/amr-travelobot/ros_ws/build/rosbot_bringup
[1.101s] -- Install configuration: ""
[1.102s] -- Up-to-date: /home/dr/amr-travelobot/ros_ws/install/rosbot_bringup/share/rosbot_bringup/launch
[1.111s] -- Up-to-date: /home/dr/amr-travelobot/ros_ws/install/rosbot_bringup/share/rosbot_bringup/launch/rviz.launch.py
[1.112s] -- Up-to-date: /home/dr/amr-travelobot/ros_ws/install/rosbot_bringup/share/rosbot_bringup/launch/robot.launch.py
[1.113s] -- Up-to-date: /home/dr/amr-travelobot/ros_ws/install/rosbot_bringup/share/rosbot_bringup/launch/slam.launch.py
[1.113s] -- Up-to-date: /home/dr/amr-travelobot/ros_ws/install/rosbot_bringup/share/rosbot_bringup/launch/navigation.launch.py
[1.117s] -- Up-to-date: /home/dr/amr-travelobot/ros_ws/install/rosbot_bringup/share/rosbot_bringup/launch/localization.launch.py
[1.117s] -- Up-to-date: /home/dr/amr-travelobot/ros_ws/install/rosbot_bringup/share/rosbot_bringup/launch/imu.launch.py
[1.118s] -- Up-to-date: /home/dr/amr-travelobot/ros_ws/install/rosbot_bringup/share/rosbot_bringup/launch/gazebo.launch.py
[1.119s] -- Up-to-date: /home/dr/amr-travelobot/ros_ws/install/rosbot_bringup/share/ament_index/resource_index/package_run_dependencies/rosbot_bringup
[1.120s] -- Up-to-date: /home/dr/amr-travelobot/ros_ws/install/rosbot_bringup/share/ament_index/resource_index/parent_prefix_path/rosbot_bringup
[1.121s] -- Up-to-date: /home/dr/amr-travelobot/ros_ws/install/rosbot_bringup/share/rosbot_bringup/environment/ament_prefix_path.sh
[1.122s] -- Up-to-date: /home/dr/amr-travelobot/ros_ws/install/rosbot_bringup/share/rosbot_bringup/environment/ament_prefix_path.dsv
[1.124s] -- Up-to-date: /home/dr/amr-travelobot/ros_ws/install/rosbot_bringup/share/rosbot_bringup/environment/path.sh
[1.126s] -- Up-to-date: /home/dr/amr-travelobot/ros_ws/install/rosbot_bringup/share/rosbot_bringup/environment/path.dsv
[1.137s] -- Up-to-date: /home/dr/amr-travelobot/ros_ws/install/rosbot_bringup/share/rosbot_bringup/local_setup.bash
[1.143s] -- Up-to-date: /home/dr/amr-travelobot/ros_ws/install/rosbot_bringup/share/rosbot_bringup/local_setup.sh
[1.154s] -- Up-to-date: /home/dr/amr-travelobot/ros_ws/install/rosbot_bringup/share/rosbot_bringup/local_setup.zsh
[1.155s] -- Up-to-date: /home/dr/amr-travelobot/ros_ws/install/rosbot_bringup/share/rosbot_bringup/local_setup.dsv
[1.156s] -- Installing: /home/dr/amr-travelobot/ros_ws/install/rosbot_bringup/share/rosbot_bringup/package.dsv
[1.156s] -- Up-to-date: /home/dr/amr-travelobot/ros_ws/install/rosbot_bringup/share/ament_index/resource_index/packages/rosbot_bringup
[1.157s] -- Up-to-date: /home/dr/amr-travelobot/ros_ws/install/rosbot_bringup/share/rosbot_bringup/cmake/rosbot_bringupConfig.cmake
[1.157s] -- Up-to-date: /home/dr/amr-travelobot/ros_ws/install/rosbot_bringup/share/rosbot_bringup/cmake/rosbot_bringupConfig-version.cmake
[1.158s] -- Up-to-date: /home/dr/amr-travelobot/ros_ws/install/rosbot_bringup/share/rosbot_bringup/package.xml
[1.164s] Invoked command in '/home/dr/amr-travelobot/ros_ws/build/rosbot_bringup' returned '0': CMAKE_PREFIX_PATH=/home/dr/amr-travelobot/ros_ws/install/teleop_twist_joy:/home/dr/amr-travelobot/ros_ws/install/rplidar_ros2:/home/dr/amr-travelobot/ros_ws/install/rosbot_description:/home/dr/amr-travelobot/ros_ws/install/odrive_hardware_interface:/home/dr/amr-travelobot/ros_ws/install/rosbot_bringup:/home/dr/amr-travelobot/ros_ws/install/odrive_ros2_control:/home/dr/amr-travelobot/ros_ws/install/turtlesim:/home/dr/amr-travelobot/ros_ws/install/odrive_bringup:/home/dr/amr-travelobot/ros_ws/install/odrive_description:/home/dr/amr-travelobot/ros_ws/install/bno055:/opt/ros/foxy LD_LIBRARY_PATH=/home/dr/amr-travelobot/ros_ws/install/teleop_twist_joy/lib:/home/dr/amr-travelobot/ros_ws/install/odrive_hardware_interface/lib:/home/dr/amr-travelobot/ros_ws/install/turtlesim/lib:/opt/ros/foxy/opt/yaml_cpp_vendor/lib:/opt/ros/foxy/opt/rviz_ogre_vendor/lib:/opt/ros/foxy/lib/aarch64-linux-gnu:/opt/ros/foxy/lib /usr/bin/cmake --install /home/dr/amr-travelobot/ros_ws/build/rosbot_bringup
