[0.072s] Invoking command in '/home/dr/amr-travelobot/ros_ws/src/build/joint_state_controller': AMENT_PREFIX_PATH=/home/dr/amr-travelobot/ros_ws/src/install/joint_state_broadcaster:${AMENT_PREFIX_PATH} CMAKE_PREFIX_PATH=/home/dr/amr-travelobot/ros_ws/src/install/joint_state_broadcaster:/home/dr/amr-travelobot/ros_ws/install/turtlesim:/home/dr/amr-travelobot/ros_ws/install/rosbot_bringup:/home/dr/amr-travelobot/ros_ws/install/teleop_twist_joy:/home/dr/amr-travelobot/ros_ws/install/rplidar_ros2:/home/dr/amr-travelobot/ros_ws/install/rosbot_description:/home/dr/amr-travelobot/ros_ws/install/odrive_ros2_control:/home/dr/amr-travelobot/ros_ws/install/odrive_hardware_interface:/home/dr/amr-travelobot/ros_ws/install/odrive_bringup:/home/dr/amr-travelobot/ros_ws/install/odrive_description:/home/dr/amr-travelobot/ros_ws/install/bno055:/opt/ros/foxy LD_LIBRARY_PATH=/home/dr/amr-travelobot/ros_ws/src/install/joint_state_broadcaster/lib:${LD_LIBRARY_PATH} /usr/bin/cmake /home/dr/amr-travelobot/ros_ws/src/ros2_controllers/joint_state_controller -DCMAKE_INSTALL_PREFIX=/home/dr/amr-travelobot/ros_ws/src/install/joint_state_controller
[0.323s] -- The C compiler identification is GNU 9.4.0
[0.560s] -- The CXX compiler identification is GNU 9.4.0
[0.584s] -- Check for working C compiler: /usr/bin/cc
[0.875s] -- Check for working C compiler: /usr/bin/cc -- works
[0.879s] -- Detecting C compiler ABI info
[1.173s] -- Detecting C compiler ABI info - done
[1.227s] -- Detecting C compile features
[1.229s] -- Detecting C compile features - done
[1.243s] -- Check for working CXX compiler: /usr/bin/c++
[1.570s] -- Check for working CXX compiler: /usr/bin/c++ -- works
[1.576s] -- Detecting CXX compiler ABI info
[1.909s] -- Detecting CXX compiler ABI info - done
[1.965s] -- Detecting CXX compile features
[1.969s] -- Detecting CXX compile features - done
[1.988s] -- Found ament_cmake: 0.9.9 (/opt/ros/foxy/share/ament_cmake/cmake)
[2.125s] -- Found PythonInterp: /usr/bin/python3 (found suitable version "3.8.10", minimum required is "3") 
[2.126s] -- Using PYTHON_EXECUTABLE: /usr/bin/python3
[3.325s] -- Found joint_state_broadcaster: 0.8.0 (/home/dr/amr-travelobot/ros_ws/src/install/joint_state_broadcaster/share/joint_state_broadcaster/cmake)
[3.573s] -- Using all available rosidl_typesupport_c: rosidl_typesupport_fastrtps_c;rosidl_typesupport_introspection_c
[3.628s] -- Found rosidl_adapter: 1.2.1 (/opt/ros/foxy/share/rosidl_adapter/cmake)
[4.076s] -- Found OpenSSL: /usr/lib/aarch64-linux-gnu/libcrypto.so (found version "1.1.1f")  
[4.280s] -- Found FastRTPS: /opt/ros/foxy/include  
[4.792s] -- Using all available rosidl_typesupport_cpp: rosidl_typesupport_fastrtps_cpp;rosidl_typesupport_introspection_cpp
[7.883s] -- Found rmw_implementation_cmake: 1.0.3 (/opt/ros/foxy/share/rmw_implementation_cmake/cmake)
[7.894s] -- Using RMW implementation 'rmw_fastrtps_cpp' as default
[7.899s] -- Looking for pthread.h
[8.212s] -- Looking for pthread.h - found
[8.214s] -- Performing Test CMAKE_HAVE_LIBC_PTHREAD
[8.525s] -- Performing Test CMAKE_HAVE_LIBC_PTHREAD - Failed
[8.527s] -- Looking for pthread_create in pthreads
[8.777s] -- Looking for pthread_create in pthreads - not found
[8.779s] -- Looking for pthread_create in pthread
[9.077s] -- Looking for pthread_create in pthread - found
[9.083s] -- Found Threads: TRUE  
[11.387s] -- Found ament_cmake_gmock: 0.9.9 (/opt/ros/foxy/share/ament_cmake_gmock/cmake)
[11.403s] -- Found controller_manager: 0.10.1 (/opt/ros/foxy/share/controller_manager/cmake)
[11.690s] -- Found ros2_control_test_assets: 0.10.1 (/opt/ros/foxy/share/ros2_control_test_assets/cmake)
[11.712s] -- Found gmock sources under '/opt/ros/foxy/src/gmock_vendor': C++ tests using 'Google Mock' will be built
[11.744s] -- Found ament_cmake_gtest: 0.9.9 (/opt/ros/foxy/share/ament_cmake_gtest/cmake)
[11.749s] -- Found gtest sources under '/opt/ros/foxy/src/gtest_vendor': C++ tests using 'Google Test' will be built
[12.447s] -- Configuring done
[12.697s] -- Generating done
[12.711s] -- Build files have been written to: /home/dr/amr-travelobot/ros_ws/src/build/joint_state_controller
[12.762s] Invoked command in '/home/dr/amr-travelobot/ros_ws/src/build/joint_state_controller' returned '0': AMENT_PREFIX_PATH=/home/dr/amr-travelobot/ros_ws/src/install/joint_state_broadcaster:${AMENT_PREFIX_PATH} CMAKE_PREFIX_PATH=/home/dr/amr-travelobot/ros_ws/src/install/joint_state_broadcaster:/home/dr/amr-travelobot/ros_ws/install/turtlesim:/home/dr/amr-travelobot/ros_ws/install/rosbot_bringup:/home/dr/amr-travelobot/ros_ws/install/teleop_twist_joy:/home/dr/amr-travelobot/ros_ws/install/rplidar_ros2:/home/dr/amr-travelobot/ros_ws/install/rosbot_description:/home/dr/amr-travelobot/ros_ws/install/odrive_ros2_control:/home/dr/amr-travelobot/ros_ws/install/odrive_hardware_interface:/home/dr/amr-travelobot/ros_ws/install/odrive_bringup:/home/dr/amr-travelobot/ros_ws/install/odrive_description:/home/dr/amr-travelobot/ros_ws/install/bno055:/opt/ros/foxy LD_LIBRARY_PATH=/home/dr/amr-travelobot/ros_ws/src/install/joint_state_broadcaster/lib:${LD_LIBRARY_PATH} /usr/bin/cmake /home/dr/amr-travelobot/ros_ws/src/ros2_controllers/joint_state_controller -DCMAKE_INSTALL_PREFIX=/home/dr/amr-travelobot/ros_ws/src/install/joint_state_controller
[12.773s] Invoking command in '/home/dr/amr-travelobot/ros_ws/src/build/joint_state_controller': AMENT_PREFIX_PATH=/home/dr/amr-travelobot/ros_ws/src/install/joint_state_broadcaster:${AMENT_PREFIX_PATH} CMAKE_PREFIX_PATH=/home/dr/amr-travelobot/ros_ws/src/install/joint_state_broadcaster:/home/dr/amr-travelobot/ros_ws/install/turtlesim:/home/dr/amr-travelobot/ros_ws/install/rosbot_bringup:/home/dr/amr-travelobot/ros_ws/install/teleop_twist_joy:/home/dr/amr-travelobot/ros_ws/install/rplidar_ros2:/home/dr/amr-travelobot/ros_ws/install/rosbot_description:/home/dr/amr-travelobot/ros_ws/install/odrive_ros2_control:/home/dr/amr-travelobot/ros_ws/install/odrive_hardware_interface:/home/dr/amr-travelobot/ros_ws/install/odrive_bringup:/home/dr/amr-travelobot/ros_ws/install/odrive_description:/home/dr/amr-travelobot/ros_ws/install/bno055:/opt/ros/foxy LD_LIBRARY_PATH=/home/dr/amr-travelobot/ros_ws/src/install/joint_state_broadcaster/lib:${LD_LIBRARY_PATH} /usr/bin/cmake --build /home/dr/amr-travelobot/ros_ws/src/build/joint_state_controller -- -j4 -l4
[12.958s] [35m[1mScanning dependencies of target gmock[0m
[13.053s] [ 11%] [32mBuilding CXX object gmock/CMakeFiles/gmock.dir/opt/ros/foxy/src/gtest_vendor/src/gtest-all.cc.o[0m
[28.547s] [ 22%] [32mBuilding CXX object gmock/CMakeFiles/gmock.dir/src/gmock-all.cc.o[0m
[38.238s] [ 33%] [32m[1mLinking CXX static library libgmock.a[0m
[38.850s] [ 33%] Built target gmock
[38.924s] [35m[1mScanning dependencies of target joint_state_controller[0m
[39.149s] [ 44%] [32mBuilding CXX object CMakeFiles/joint_state_controller.dir/src/joint_state_controller.cpp.o[0m
[49.746s] [ 55%] [32m[1mLinking CXX shared library libjoint_state_controller.so[0m
[50.382s] [ 55%] Built target joint_state_controller
[50.452s] [35m[1mScanning dependencies of target gmock_main[0m
[50.544s] [ 66%] [32mBuilding CXX object gmock/CMakeFiles/gmock_main.dir/src/gmock_main.cc.o[0m
[55.324s] [ 77%] [32m[1mLinking CXX static library libgmock_main.a[0m
[55.492s] [ 77%] Built target gmock_main
[55.541s] [35m[1mScanning dependencies of target test_load_joint_state_controller[0m
[55.889s] [ 88%] [32mBuilding CXX object CMakeFiles/test_load_joint_state_controller.dir/test/test_load_joint_state_controller.cpp.o[0m
[73.769s] [100%] [32m[1mLinking CXX executable test_load_joint_state_controller[0m
[75.589s] [100%] Built target test_load_joint_state_controller
[75.656s] Invoked command in '/home/dr/amr-travelobot/ros_ws/src/build/joint_state_controller' returned '0': AMENT_PREFIX_PATH=/home/dr/amr-travelobot/ros_ws/src/install/joint_state_broadcaster:${AMENT_PREFIX_PATH} CMAKE_PREFIX_PATH=/home/dr/amr-travelobot/ros_ws/src/install/joint_state_broadcaster:/home/dr/amr-travelobot/ros_ws/install/turtlesim:/home/dr/amr-travelobot/ros_ws/install/rosbot_bringup:/home/dr/amr-travelobot/ros_ws/install/teleop_twist_joy:/home/dr/amr-travelobot/ros_ws/install/rplidar_ros2:/home/dr/amr-travelobot/ros_ws/install/rosbot_description:/home/dr/amr-travelobot/ros_ws/install/odrive_ros2_control:/home/dr/amr-travelobot/ros_ws/install/odrive_hardware_interface:/home/dr/amr-travelobot/ros_ws/install/odrive_bringup:/home/dr/amr-travelobot/ros_ws/install/odrive_description:/home/dr/amr-travelobot/ros_ws/install/bno055:/opt/ros/foxy LD_LIBRARY_PATH=/home/dr/amr-travelobot/ros_ws/src/install/joint_state_broadcaster/lib:${LD_LIBRARY_PATH} /usr/bin/cmake --build /home/dr/amr-travelobot/ros_ws/src/build/joint_state_controller -- -j4 -l4
[75.871s] Invoking command in '/home/dr/amr-travelobot/ros_ws/src/build/joint_state_controller': AMENT_PREFIX_PATH=/home/dr/amr-travelobot/ros_ws/src/install/joint_state_broadcaster:${AMENT_PREFIX_PATH} CMAKE_PREFIX_PATH=/home/dr/amr-travelobot/ros_ws/src/install/joint_state_broadcaster:/home/dr/amr-travelobot/ros_ws/install/turtlesim:/home/dr/amr-travelobot/ros_ws/install/rosbot_bringup:/home/dr/amr-travelobot/ros_ws/install/teleop_twist_joy:/home/dr/amr-travelobot/ros_ws/install/rplidar_ros2:/home/dr/amr-travelobot/ros_ws/install/rosbot_description:/home/dr/amr-travelobot/ros_ws/install/odrive_ros2_control:/home/dr/amr-travelobot/ros_ws/install/odrive_hardware_interface:/home/dr/amr-travelobot/ros_ws/install/odrive_bringup:/home/dr/amr-travelobot/ros_ws/install/odrive_description:/home/dr/amr-travelobot/ros_ws/install/bno055:/opt/ros/foxy LD_LIBRARY_PATH=/home/dr/amr-travelobot/ros_ws/src/install/joint_state_broadcaster/lib:${LD_LIBRARY_PATH} /usr/bin/cmake --install /home/dr/amr-travelobot/ros_ws/src/build/joint_state_controller
[75.925s] -- Install configuration: ""
[75.926s] -- Installing: /home/dr/amr-travelobot/ros_ws/src/install/joint_state_controller/share/joint_state_controller/joint_state_plugin.xml
[75.927s] -- Installing: /home/dr/amr-travelobot/ros_ws/src/install/joint_state_controller/lib/libjoint_state_controller.so
[75.930s] -- Set runtime path of "/home/dr/amr-travelobot/ros_ws/src/install/joint_state_controller/lib/libjoint_state_controller.so" to ""
[75.932s] -- Installing: /home/dr/amr-travelobot/ros_ws/src/install/joint_state_controller/share/joint_state_controller/environment/library_path.sh
[75.932s] -- Installing: /home/dr/amr-travelobot/ros_ws/src/install/joint_state_controller/share/joint_state_controller/environment/library_path.dsv
[75.934s] -- Installing: /home/dr/amr-travelobot/ros_ws/src/install/joint_state_controller/share/ament_index/resource_index/package_run_dependencies/joint_state_controller
[75.935s] -- Installing: /home/dr/amr-travelobot/ros_ws/src/install/joint_state_controller/share/ament_index/resource_index/parent_prefix_path/joint_state_controller
[75.940s] -- Installing: /home/dr/amr-travelobot/ros_ws/src/install/joint_state_controller/share/joint_state_controller/environment/ament_prefix_path.sh
[75.942s] -- Installing: /home/dr/amr-travelobot/ros_ws/src/install/joint_state_controller/share/joint_state_controller/environment/ament_prefix_path.dsv
[75.943s] -- Installing: /home/dr/amr-travelobot/ros_ws/src/install/joint_state_controller/share/joint_state_controller/environment/path.sh
[75.945s] -- Installing: /home/dr/amr-travelobot/ros_ws/src/install/joint_state_controller/share/joint_state_controller/environment/path.dsv
[75.947s] -- Installing: /home/dr/amr-travelobot/ros_ws/src/install/joint_state_controller/share/joint_state_controller/local_setup.bash
[75.949s] -- Installing: /home/dr/amr-travelobot/ros_ws/src/install/joint_state_controller/share/joint_state_controller/local_setup.sh
[75.951s] -- Installing: /home/dr/amr-travelobot/ros_ws/src/install/joint_state_controller/share/joint_state_controller/local_setup.zsh
[75.952s] -- Installing: /home/dr/amr-travelobot/ros_ws/src/install/joint_state_controller/share/joint_state_controller/local_setup.dsv
[75.954s] -- Installing: /home/dr/amr-travelobot/ros_ws/src/install/joint_state_controller/share/joint_state_controller/package.dsv
[75.956s] -- Installing: /home/dr/amr-travelobot/ros_ws/src/install/joint_state_controller/share/ament_index/resource_index/packages/joint_state_controller
[75.958s] -- Installing: /home/dr/amr-travelobot/ros_ws/src/install/joint_state_controller/share/ament_index/resource_index/controller_interface__pluginlib__plugin/joint_state_controller
[75.960s] -- Installing: /home/dr/amr-travelobot/ros_ws/src/install/joint_state_controller/share/joint_state_controller/cmake/ament_cmake_export_dependencies-extras.cmake
[75.966s] -- Installing: /home/dr/amr-travelobot/ros_ws/src/install/joint_state_controller/share/joint_state_controller/cmake/ament_cmake_export_libraries-extras.cmake
[75.968s] -- Installing: /home/dr/amr-travelobot/ros_ws/src/install/joint_state_controller/share/joint_state_controller/cmake/joint_state_controllerConfig.cmake
[75.969s] -- Installing: /home/dr/amr-travelobot/ros_ws/src/install/joint_state_controller/share/joint_state_controller/cmake/joint_state_controllerConfig-version.cmake
[75.971s] -- Installing: /home/dr/amr-travelobot/ros_ws/src/install/joint_state_controller/share/joint_state_controller/package.xml
[75.989s] Invoked command in '/home/dr/amr-travelobot/ros_ws/src/build/joint_state_controller' returned '0': AMENT_PREFIX_PATH=/home/dr/amr-travelobot/ros_ws/src/install/joint_state_broadcaster:${AMENT_PREFIX_PATH} CMAKE_PREFIX_PATH=/home/dr/amr-travelobot/ros_ws/src/install/joint_state_broadcaster:/home/dr/amr-travelobot/ros_ws/install/turtlesim:/home/dr/amr-travelobot/ros_ws/install/rosbot_bringup:/home/dr/amr-travelobot/ros_ws/install/teleop_twist_joy:/home/dr/amr-travelobot/ros_ws/install/rplidar_ros2:/home/dr/amr-travelobot/ros_ws/install/rosbot_description:/home/dr/amr-travelobot/ros_ws/install/odrive_ros2_control:/home/dr/amr-travelobot/ros_ws/install/odrive_hardware_interface:/home/dr/amr-travelobot/ros_ws/install/odrive_bringup:/home/dr/amr-travelobot/ros_ws/install/odrive_description:/home/dr/amr-travelobot/ros_ws/install/bno055:/opt/ros/foxy LD_LIBRARY_PATH=/home/dr/amr-travelobot/ros_ws/src/install/joint_state_broadcaster/lib:${LD_LIBRARY_PATH} /usr/bin/cmake --install /home/dr/amr-travelobot/ros_ws/src/build/joint_state_controller
