[0.230s] Invoking command in '/home/dr/amr-travelobot/ros_ws/build/odrive_bringup': CMAKE_PREFIX_PATH=/home/dr/amr-travelobot/ros_ws/install/odrive_description:/home/dr/amr-travelobot/ros_ws/install/rosbot_bringup:/home/dr/amr-travelobot/ros_ws/install/odrive_ros2_control:/home/dr/amr-travelobot/ros_ws/install/odrive_hardware_interface:/home/dr/amr-travelobot/ros_ws/install/turtlesim:/home/dr/amr-travelobot/ros_ws/install/teleop_twist_joy:/home/dr/amr-travelobot/ros_ws/install/rplidar_ros2:/home/dr/amr-travelobot/ros_ws/install/rosbot_description:/home/dr/amr-travelobot/ros_ws/install/odrive_bringup:/home/dr/amr-travelobot/ros_ws/install/bno055:/opt/ros/foxy /usr/bin/cmake --build /home/dr/amr-travelobot/ros_ws/build/odrive_bringup -- -j4 -l4
[0.489s] Invoked command in '/home/dr/amr-travelobot/ros_ws/build/odrive_bringup' returned '0': CMAKE_PREFIX_PATH=/home/dr/amr-travelobot/ros_ws/install/odrive_description:/home/dr/amr-travelobot/ros_ws/install/rosbot_bringup:/home/dr/amr-travelobot/ros_ws/install/odrive_ros2_control:/home/dr/amr-travelobot/ros_ws/install/odrive_hardware_interface:/home/dr/amr-travelobot/ros_ws/install/turtlesim:/home/dr/amr-travelobot/ros_ws/install/teleop_twist_joy:/home/dr/amr-travelobot/ros_ws/install/rplidar_ros2:/home/dr/amr-travelobot/ros_ws/install/rosbot_description:/home/dr/amr-travelobot/ros_ws/install/odrive_bringup:/home/dr/amr-travelobot/ros_ws/install/bno055:/opt/ros/foxy /usr/bin/cmake --build /home/dr/amr-travelobot/ros_ws/build/odrive_bringup -- -j4 -l4
[1.667s] Invoking command in '/home/dr/amr-travelobot/ros_ws/build/odrive_bringup': CMAKE_PREFIX_PATH=/home/dr/amr-travelobot/ros_ws/install/odrive_description:/home/dr/amr-travelobot/ros_ws/install/rosbot_bringup:/home/dr/amr-travelobot/ros_ws/install/odrive_ros2_control:/home/dr/amr-travelobot/ros_ws/install/odrive_hardware_interface:/home/dr/amr-travelobot/ros_ws/install/turtlesim:/home/dr/amr-travelobot/ros_ws/install/teleop_twist_joy:/home/dr/amr-travelobot/ros_ws/install/rplidar_ros2:/home/dr/amr-travelobot/ros_ws/install/rosbot_description:/home/dr/amr-travelobot/ros_ws/install/odrive_bringup:/home/dr/amr-travelobot/ros_ws/install/bno055:/opt/ros/foxy /usr/bin/cmake --install /home/dr/amr-travelobot/ros_ws/build/odrive_bringup
[1.712s] -- Install configuration: ""
[1.713s] -- Up-to-date: /home/dr/amr-travelobot/ros_ws/install/odrive_bringup/share/odrive_bringup/config
[1.713s] -- Up-to-date: /home/dr/amr-travelobot/ros_ws/install/odrive_bringup/share/odrive_bringup/config/odrive_controllers.yaml
[1.714s] -- Up-to-date: /home/dr/amr-travelobot/ros_ws/install/odrive_bringup/share/odrive_bringup/launch
[1.714s] -- Installing: /home/dr/amr-travelobot/ros_ws/install/odrive_bringup/share/odrive_bringup/launch/odrive.launch.py
[1.716s] -- Up-to-date: /home/dr/amr-travelobot/ros_ws/install/odrive_bringup/share/ament_index/resource_index/package_run_dependencies/odrive_bringup
[1.717s] -- Up-to-date: /home/dr/amr-travelobot/ros_ws/install/odrive_bringup/share/ament_index/resource_index/parent_prefix_path/odrive_bringup
[1.718s] -- Up-to-date: /home/dr/amr-travelobot/ros_ws/install/odrive_bringup/share/odrive_bringup/environment/ament_prefix_path.sh
[1.718s] -- Up-to-date: /home/dr/amr-travelobot/ros_ws/install/odrive_bringup/share/odrive_bringup/environment/ament_prefix_path.dsv
[1.719s] -- Up-to-date: /home/dr/amr-travelobot/ros_ws/install/odrive_bringup/share/odrive_bringup/environment/path.sh
[1.720s] -- Up-to-date: /home/dr/amr-travelobot/ros_ws/install/odrive_bringup/share/odrive_bringup/environment/path.dsv
[1.720s] -- Up-to-date: /home/dr/amr-travelobot/ros_ws/install/odrive_bringup/share/odrive_bringup/local_setup.bash
[1.721s] -- Up-to-date: /home/dr/amr-travelobot/ros_ws/install/odrive_bringup/share/odrive_bringup/local_setup.sh
[1.721s] -- Up-to-date: /home/dr/amr-travelobot/ros_ws/install/odrive_bringup/share/odrive_bringup/local_setup.zsh
[1.722s] -- Up-to-date: /home/dr/amr-travelobot/ros_ws/install/odrive_bringup/share/odrive_bringup/local_setup.dsv
[1.722s] -- Installing: /home/dr/amr-travelobot/ros_ws/install/odrive_bringup/share/odrive_bringup/package.dsv
[1.723s] -- Up-to-date: /home/dr/amr-travelobot/ros_ws/install/odrive_bringup/share/ament_index/resource_index/packages/odrive_bringup
[1.724s] -- Up-to-date: /home/dr/amr-travelobot/ros_ws/install/odrive_bringup/share/odrive_bringup/cmake/odrive_bringupConfig.cmake
[1.724s] -- Up-to-date: /home/dr/amr-travelobot/ros_ws/install/odrive_bringup/share/odrive_bringup/cmake/odrive_bringupConfig-version.cmake
[1.725s] -- Up-to-date: /home/dr/amr-travelobot/ros_ws/install/odrive_bringup/share/odrive_bringup/package.xml
[1.733s] Invoked command in '/home/dr/amr-travelobot/ros_ws/build/odrive_bringup' returned '0': CMAKE_PREFIX_PATH=/home/dr/amr-travelobot/ros_ws/install/odrive_description:/home/dr/amr-travelobot/ros_ws/install/rosbot_bringup:/home/dr/amr-travelobot/ros_ws/install/odrive_ros2_control:/home/dr/amr-travelobot/ros_ws/install/odrive_hardware_interface:/home/dr/amr-travelobot/ros_ws/install/turtlesim:/home/dr/amr-travelobot/ros_ws/install/teleop_twist_joy:/home/dr/amr-travelobot/ros_ws/install/rplidar_ros2:/home/dr/amr-travelobot/ros_ws/install/rosbot_description:/home/dr/amr-travelobot/ros_ws/install/odrive_bringup:/home/dr/amr-travelobot/ros_ws/install/bno055:/opt/ros/foxy /usr/bin/cmake --install /home/dr/amr-travelobot/ros_ws/build/odrive_bringup
