[0.136s] Invoking command in '/home/dr/amr-travelobot/ros_ws/src/build/joint_state_broadcaster': CMAKE_PREFIX_PATH=${CMAKE_PREFIX_PATH}:/home/dr/amr-travelobot/ros_ws/install/bno055:/opt/ros/foxy /usr/bin/cmake /home/dr/amr-travelobot/ros_ws/src/ros2_controllers/joint_state_broadcaster -DCMAKE_INSTALL_PREFIX=/home/dr/amr-travelobot/ros_ws/src/install/joint_state_broadcaster
[0.363s] -- The C compiler identification is GNU 9.4.0
[0.595s] -- The CXX compiler identification is GNU 9.4.0
[0.616s] -- Check for working C compiler: /usr/bin/cc
[0.889s] -- Check for working C compiler: /usr/bin/cc -- works
[0.894s] -- Detecting C compiler ABI info
[1.180s] -- Detecting C compiler ABI info - done
[1.228s] -- Detecting C compile features
[1.230s] -- Detecting C compile features - done
[1.241s] -- Check for working CXX compiler: /usr/bin/c++
[1.555s] -- Check for working CXX compiler: /usr/bin/c++ -- works
[1.562s] -- Detecting CXX compiler ABI info
[1.879s] -- Detecting CXX compiler ABI info - done
[1.930s] -- Detecting CXX compile features
[1.934s] -- Detecting CXX compile features - done
[1.951s] -- Found ament_cmake: 0.9.9 (/opt/ros/foxy/share/ament_cmake/cmake)
[2.074s] -- Found PythonInterp: /usr/bin/python3 (found suitable version "3.8.10", minimum required is "3") 
[2.075s] -- Using PYTHON_EXECUTABLE: /usr/bin/python3
[3.122s] -- Found control_msgs: 2.5.1 (/opt/ros/foxy/share/control_msgs/cmake)
[3.321s] -- Using all available rosidl_typesupport_c: rosidl_typesupport_fastrtps_c;rosidl_typesupport_introspection_c
[3.369s] -- Found rosidl_adapter: 1.2.1 (/opt/ros/foxy/share/rosidl_adapter/cmake)
[3.787s] -- Found OpenSSL: /usr/lib/aarch64-linux-gnu/libcrypto.so (found version "1.1.1f")  
[3.978s] -- Found FastRTPS: /opt/ros/foxy/include  
[4.448s] -- Using all available rosidl_typesupport_cpp: rosidl_typesupport_fastrtps_cpp;rosidl_typesupport_introspection_cpp
[6.411s] -- Found controller_interface: 0.10.1 (/opt/ros/foxy/share/controller_interface/cmake)
[7.019s] -- Found rmw_implementation_cmake: 1.0.3 (/opt/ros/foxy/share/rmw_implementation_cmake/cmake)
[7.027s] -- Using RMW implementation 'rmw_fastrtps_cpp' as default
[7.030s] -- Looking for pthread.h
[7.318s] -- Looking for pthread.h - found
[7.320s] -- Performing Test CMAKE_HAVE_LIBC_PTHREAD
[7.620s] -- Performing Test CMAKE_HAVE_LIBC_PTHREAD - Failed
[7.622s] -- Looking for pthread_create in pthreads
[7.864s] -- Looking for pthread_create in pthreads - not found
[7.866s] -- Looking for pthread_create in pthread
[8.163s] -- Looking for pthread_create in pthread - found
[8.170s] -- Found Threads: TRUE  
[9.415s] -- Found realtime_tools: 2.2.0 (/opt/ros/foxy/share/realtime_tools/cmake)
[9.735s] -- Found ament_cmake_gmock: 0.9.9 (/opt/ros/foxy/share/ament_cmake_gmock/cmake)
[9.751s] -- Found controller_manager: 0.10.1 (/opt/ros/foxy/share/controller_manager/cmake)
[10.010s] -- Found ros2_control_test_assets: 0.10.1 (/opt/ros/foxy/share/ros2_control_test_assets/cmake)
[10.030s] -- Found gmock sources under '/opt/ros/foxy/src/gmock_vendor': C++ tests using 'Google Mock' will be built
[10.062s] -- Found ament_cmake_gtest: 0.9.9 (/opt/ros/foxy/share/ament_cmake_gtest/cmake)
[10.066s] -- Found gtest sources under '/opt/ros/foxy/src/gtest_vendor': C++ tests using 'Google Test' will be built
[10.683s] -- Configuring done
[10.962s] -- Generating done
[10.974s] -- Build files have been written to: /home/dr/amr-travelobot/ros_ws/src/build/joint_state_broadcaster
[11.031s] Invoked command in '/home/dr/amr-travelobot/ros_ws/src/build/joint_state_broadcaster' returned '0': CMAKE_PREFIX_PATH=${CMAKE_PREFIX_PATH}:/home/dr/amr-travelobot/ros_ws/install/bno055:/opt/ros/foxy /usr/bin/cmake /home/dr/amr-travelobot/ros_ws/src/ros2_controllers/joint_state_broadcaster -DCMAKE_INSTALL_PREFIX=/home/dr/amr-travelobot/ros_ws/src/install/joint_state_broadcaster
[11.035s] Invoking command in '/home/dr/amr-travelobot/ros_ws/src/build/joint_state_broadcaster': CMAKE_PREFIX_PATH=${CMAKE_PREFIX_PATH}:/home/dr/amr-travelobot/ros_ws/install/bno055:/opt/ros/foxy /usr/bin/cmake --build /home/dr/amr-travelobot/ros_ws/src/build/joint_state_broadcaster -- -j4 -l4
[11.254s] [35m[1mScanning dependencies of target gmock[0m
[11.279s] [35m[1mScanning dependencies of target gmock_main[0m
[11.290s] [35m[1mScanning dependencies of target joint_state_broadcaster[0m
[11.411s] [  9%] [32mBuilding CXX object gmock/CMakeFiles/gmock.dir/opt/ros/foxy/src/gtest_vendor/src/gtest-all.cc.o[0m
[11.462s] [ 18%] [32mBuilding CXX object gmock/CMakeFiles/gmock_main.dir/src/gmock_main.cc.o[0m
[11.473s] [ 27%] [32mBuilding CXX object gmock/CMakeFiles/gmock.dir/src/gmock-all.cc.o[0m
[11.771s] [ 36%] [32mBuilding CXX object CMakeFiles/joint_state_broadcaster.dir/src/joint_state_broadcaster.cpp.o[0m
[25.205s] [ 45%] [32m[1mLinking CXX static library libgmock_main.a[0m
[25.790s] [ 45%] Built target gmock_main
[53.722s] [ 54%] [32m[1mLinking CXX static library libgmock.a[0m
[54.401s] [ 54%] Built target gmock
[59.357s] [ 63%] [32m[1mLinking CXX shared library libjoint_state_broadcaster.so[0m
[60.650s] [ 63%] Built target joint_state_broadcaster
[60.693s] [35m[1mScanning dependencies of target test_load_joint_state_broadcaster[0m
[60.963s] [ 72%] [32mBuilding CXX object CMakeFiles/test_load_joint_state_broadcaster.dir/test/test_load_joint_state_broadcaster.cpp.o[0m
[77.549s] [ 81%] [32m[1mLinking CXX executable test_load_joint_state_broadcaster[0m
[79.286s] [ 81%] Built target test_load_joint_state_broadcaster
[79.329s] [35m[1mScanning dependencies of target test_joint_state_broadcaster[0m
[79.568s] [ 90%] [32mBuilding CXX object CMakeFiles/test_joint_state_broadcaster.dir/test/test_joint_state_broadcaster.cpp.o[0m
[120.415s] [100%] [32m[1mLinking CXX executable test_joint_state_broadcaster[0m
[123.628s] [100%] Built target test_joint_state_broadcaster
[123.678s] Invoked command in '/home/dr/amr-travelobot/ros_ws/src/build/joint_state_broadcaster' returned '0': CMAKE_PREFIX_PATH=${CMAKE_PREFIX_PATH}:/home/dr/amr-travelobot/ros_ws/install/bno055:/opt/ros/foxy /usr/bin/cmake --build /home/dr/amr-travelobot/ros_ws/src/build/joint_state_broadcaster -- -j4 -l4
[123.821s] Invoking command in '/home/dr/amr-travelobot/ros_ws/src/build/joint_state_broadcaster': CMAKE_PREFIX_PATH=${CMAKE_PREFIX_PATH}:/home/dr/amr-travelobot/ros_ws/install/bno055:/opt/ros/foxy /usr/bin/cmake --install /home/dr/amr-travelobot/ros_ws/src/build/joint_state_broadcaster
[123.862s] -- Install configuration: ""
[123.863s] -- Installing: /home/dr/amr-travelobot/ros_ws/src/install/joint_state_broadcaster/share/joint_state_broadcaster/joint_state_plugin.xml
[123.864s] -- Installing: /home/dr/amr-travelobot/ros_ws/src/install/joint_state_broadcaster/include
[123.864s] -- Installing: /home/dr/amr-travelobot/ros_ws/src/install/joint_state_broadcaster/include/joint_state_broadcaster
[123.865s] -- Installing: /home/dr/amr-travelobot/ros_ws/src/install/joint_state_broadcaster/include/joint_state_broadcaster/joint_state_broadcaster.hpp
[123.866s] -- Installing: /home/dr/amr-travelobot/ros_ws/src/install/joint_state_broadcaster/include/joint_state_broadcaster/visibility_control.h
[123.867s] -- Installing: /home/dr/amr-travelobot/ros_ws/src/install/joint_state_broadcaster/lib/libjoint_state_broadcaster.so
[123.877s] -- Set runtime path of "/home/dr/amr-travelobot/ros_ws/src/install/joint_state_broadcaster/lib/libjoint_state_broadcaster.so" to ""
[123.878s] -- Installing: /home/dr/amr-travelobot/ros_ws/src/install/joint_state_broadcaster/share/joint_state_broadcaster/environment/library_path.sh
[123.879s] -- Installing: /home/dr/amr-travelobot/ros_ws/src/install/joint_state_broadcaster/share/joint_state_broadcaster/environment/library_path.dsv
[123.880s] -- Installing: /home/dr/amr-travelobot/ros_ws/src/install/joint_state_broadcaster/share/ament_index/resource_index/package_run_dependencies/joint_state_broadcaster
[123.881s] -- Installing: /home/dr/amr-travelobot/ros_ws/src/install/joint_state_broadcaster/share/ament_index/resource_index/parent_prefix_path/joint_state_broadcaster
[123.882s] -- Installing: /home/dr/amr-travelobot/ros_ws/src/install/joint_state_broadcaster/share/joint_state_broadcaster/environment/ament_prefix_path.sh
[123.883s] -- Installing: /home/dr/amr-travelobot/ros_ws/src/install/joint_state_broadcaster/share/joint_state_broadcaster/environment/ament_prefix_path.dsv
[123.884s] -- Installing: /home/dr/amr-travelobot/ros_ws/src/install/joint_state_broadcaster/share/joint_state_broadcaster/environment/path.sh
[123.884s] -- Installing: /home/dr/amr-travelobot/ros_ws/src/install/joint_state_broadcaster/share/joint_state_broadcaster/environment/path.dsv
[123.885s] -- Installing: /home/dr/amr-travelobot/ros_ws/src/install/joint_state_broadcaster/share/joint_state_broadcaster/local_setup.bash
[123.886s] -- Installing: /home/dr/amr-travelobot/ros_ws/src/install/joint_state_broadcaster/share/joint_state_broadcaster/local_setup.sh
[123.887s] -- Installing: /home/dr/amr-travelobot/ros_ws/src/install/joint_state_broadcaster/share/joint_state_broadcaster/local_setup.zsh
[123.887s] -- Installing: /home/dr/amr-travelobot/ros_ws/src/install/joint_state_broadcaster/share/joint_state_broadcaster/local_setup.dsv
[123.888s] -- Installing: /home/dr/amr-travelobot/ros_ws/src/install/joint_state_broadcaster/share/joint_state_broadcaster/package.dsv
[123.889s] -- Installing: /home/dr/amr-travelobot/ros_ws/src/install/joint_state_broadcaster/share/ament_index/resource_index/packages/joint_state_broadcaster
[123.890s] -- Installing: /home/dr/amr-travelobot/ros_ws/src/install/joint_state_broadcaster/share/ament_index/resource_index/controller_interface__pluginlib__plugin/joint_state_broadcaster
[123.891s] -- Installing: /home/dr/amr-travelobot/ros_ws/src/install/joint_state_broadcaster/share/joint_state_broadcaster/cmake/ament_cmake_export_dependencies-extras.cmake
[123.918s] -- Installing: /home/dr/amr-travelobot/ros_ws/src/install/joint_state_broadcaster/share/joint_state_broadcaster/cmake/ament_cmake_export_include_directories-extras.cmake
[123.919s] -- Installing: /home/dr/amr-travelobot/ros_ws/src/install/joint_state_broadcaster/share/joint_state_broadcaster/cmake/ament_cmake_export_libraries-extras.cmake
[123.919s] -- Installing: /home/dr/amr-travelobot/ros_ws/src/install/joint_state_broadcaster/share/joint_state_broadcaster/cmake/joint_state_broadcasterConfig.cmake
[123.919s] -- Installing: /home/dr/amr-travelobot/ros_ws/src/install/joint_state_broadcaster/share/joint_state_broadcaster/cmake/joint_state_broadcasterConfig-version.cmake
[123.920s] -- Installing: /home/dr/amr-travelobot/ros_ws/src/install/joint_state_broadcaster/share/joint_state_broadcaster/package.xml
[123.921s] Invoked command in '/home/dr/amr-travelobot/ros_ws/src/build/joint_state_broadcaster' returned '0': CMAKE_PREFIX_PATH=${CMAKE_PREFIX_PATH}:/home/dr/amr-travelobot/ros_ws/install/bno055:/opt/ros/foxy /usr/bin/cmake --install /home/dr/amr-travelobot/ros_ws/src/build/joint_state_broadcaster
