[0.107s] Invoking command in '/home/dr/amr-travelobot/ros_ws/build/turtlesim': CMAKE_PREFIX_PATH=${CMAKE_PREFIX_PATH}:/home/dr/amr-travelobot/ros_ws/install/ros2_control_test_nodes:/home/dr/amr-travelobot/ros_ws/install/bno055:/opt/ros/foxy /usr/bin/cmake --build /home/dr/amr-travelobot/ros_ws/build/turtlesim -- -j4 -l4
[0.419s] [  1%] Built target turtlesim__cpp
[0.498s] [ 11%] Built target turtlesim__rosidl_generator_c
[0.775s] [ 21%] Built target turtlesim__rosidl_typesupport_cpp
[0.820s] [ 31%] Built target turtlesim__rosidl_typesupport_introspection_cpp
[0.848s] [ 41%] Built target turtlesim__rosidl_typesupport_fastrtps_cpp
[0.884s] [ 51%] Built target turtlesim__rosidl_typesupport_c
[1.039s] [ 61%] Built target turtlesim__rosidl_typesupport_introspection_c
[1.075s] [ 71%] Built target turtlesim__rosidl_typesupport_fastrtps_c
[1.187s] [ 71%] Built target turtlesim
[1.458s] [ 73%] Built target turtle_teleop_key
[1.519s] [ 74%] Built target turtlesim__py
[1.722s] [ 76%] Built target mimic
[1.771s] [ 82%] Built target turtlesim_node
[1.781s] [ 84%] Built target draw_square
[1.870s] [ 93%] Built target turtlesim__python
[2.126s] [ 95%] Built target turtlesim__rosidl_typesupport_introspection_c__pyext
[2.185s] [ 97%] Built target turtlesim__rosidl_typesupport_fastrtps_c__pyext
[2.194s] [100%] Built target turtlesim__rosidl_typesupport_c__pyext
[2.259s] Invoked command in '/home/dr/amr-travelobot/ros_ws/build/turtlesim' returned '0': CMAKE_PREFIX_PATH=${CMAKE_PREFIX_PATH}:/home/dr/amr-travelobot/ros_ws/install/ros2_control_test_nodes:/home/dr/amr-travelobot/ros_ws/install/bno055:/opt/ros/foxy /usr/bin/cmake --build /home/dr/amr-travelobot/ros_ws/build/turtlesim -- -j4 -l4
[3.177s] Invoking command in '/home/dr/amr-travelobot/ros_ws/build/turtlesim': CMAKE_PREFIX_PATH=${CMAKE_PREFIX_PATH}:/home/dr/amr-travelobot/ros_ws/install/ros2_control_test_nodes:/home/dr/amr-travelobot/ros_ws/install/bno055:/opt/ros/foxy /usr/bin/cmake --install /home/dr/amr-travelobot/ros_ws/build/turtlesim
[3.218s] -- Install configuration: ""
[3.219s] -- Up-to-date: /home/dr/amr-travelobot/ros_ws/install/turtlesim/share/ament_index/resource_index/rosidl_interfaces/turtlesim
[3.220s] -- Up-to-date: /home/dr/amr-travelobot/ros_ws/install/turtlesim/include/turtlesim
[3.220s] -- Up-to-date: /home/dr/amr-travelobot/ros_ws/install/turtlesim/include/turtlesim/msg
[3.221s] -- Up-to-date: /home/dr/amr-travelobot/ros_ws/install/turtlesim/include/turtlesim/msg/rosidl_generator_c__visibility_control.h
[3.221s] -- Up-to-date: /home/dr/amr-travelobot/ros_ws/install/turtlesim/include/turtlesim/msg/detail
[3.222s] -- Up-to-date: /home/dr/amr-travelobot/ros_ws/install/turtlesim/include/turtlesim/msg/detail/pose__functions.c
[3.222s] -- Up-to-date: /home/dr/amr-travelobot/ros_ws/install/turtlesim/include/turtlesim/msg/detail/pose__type_support.h
[3.222s] -- Up-to-date: /home/dr/amr-travelobot/ros_ws/install/turtlesim/include/turtlesim/msg/detail/pose__functions.h
[3.223s] -- Up-to-date: /home/dr/amr-travelobot/ros_ws/install/turtlesim/include/turtlesim/msg/detail/color__functions.c
[3.223s] -- Up-to-date: /home/dr/amr-travelobot/ros_ws/install/turtlesim/include/turtlesim/msg/detail/color__functions.h
[3.223s] -- Up-to-date: /home/dr/amr-travelobot/ros_ws/install/turtlesim/include/turtlesim/msg/detail/color__type_support.h
[3.224s] -- Up-to-date: /home/dr/amr-travelobot/ros_ws/install/turtlesim/include/turtlesim/msg/detail/pose__struct.h
[3.224s] -- Up-to-date: /home/dr/amr-travelobot/ros_ws/install/turtlesim/include/turtlesim/msg/detail/color__struct.h
[3.225s] -- Up-to-date: /home/dr/amr-travelobot/ros_ws/install/turtlesim/include/turtlesim/msg/color.h
[3.225s] -- Up-to-date: /home/dr/amr-travelobot/ros_ws/install/turtlesim/include/turtlesim/msg/pose.h
[3.225s] -- Up-to-date: /home/dr/amr-travelobot/ros_ws/install/turtlesim/include/turtlesim/srv
[3.228s] -- Up-to-date: /home/dr/amr-travelobot/ros_ws/install/turtlesim/include/turtlesim/srv/set_pen.h
[3.228s] -- Up-to-date: /home/dr/amr-travelobot/ros_ws/install/turtlesim/include/turtlesim/srv/detail
[3.229s] -- Up-to-date: /home/dr/amr-travelobot/ros_ws/install/turtlesim/include/turtlesim/srv/detail/set_pen__functions.c
[3.229s] -- Up-to-date: /home/dr/amr-travelobot/ros_ws/install/turtlesim/include/turtlesim/srv/detail/set_pen__functions.h
[3.230s] -- Up-to-date: /home/dr/amr-travelobot/ros_ws/install/turtlesim/include/turtlesim/srv/detail/teleport_relative__functions.h
[3.232s] -- Up-to-date: /home/dr/amr-travelobot/ros_ws/install/turtlesim/include/turtlesim/srv/detail/spawn__functions.c
[3.232s] -- Up-to-date: /home/dr/amr-travelobot/ros_ws/install/turtlesim/include/turtlesim/srv/detail/teleport_relative__struct.h
[3.233s] -- Up-to-date: /home/dr/amr-travelobot/ros_ws/install/turtlesim/include/turtlesim/srv/detail/teleport_absolute__functions.c
[3.233s] -- Up-to-date: /home/dr/amr-travelobot/ros_ws/install/turtlesim/include/turtlesim/srv/detail/set_pen__type_support.h
[3.234s] -- Up-to-date: /home/dr/amr-travelobot/ros_ws/install/turtlesim/include/turtlesim/srv/detail/spawn__type_support.h
[3.234s] -- Up-to-date: /home/dr/amr-travelobot/ros_ws/install/turtlesim/include/turtlesim/srv/detail/kill__functions.h
[3.235s] -- Up-to-date: /home/dr/amr-travelobot/ros_ws/install/turtlesim/include/turtlesim/srv/detail/set_pen__struct.h
[3.235s] -- Up-to-date: /home/dr/amr-travelobot/ros_ws/install/turtlesim/include/turtlesim/srv/detail/kill__struct.h
[3.236s] -- Up-to-date: /home/dr/amr-travelobot/ros_ws/install/turtlesim/include/turtlesim/srv/detail/teleport_absolute__functions.h
[3.237s] -- Up-to-date: /home/dr/amr-travelobot/ros_ws/install/turtlesim/include/turtlesim/srv/detail/teleport_relative__functions.c
[3.238s] -- Up-to-date: /home/dr/amr-travelobot/ros_ws/install/turtlesim/include/turtlesim/srv/detail/teleport_absolute__struct.h
[3.239s] -- Up-to-date: /home/dr/amr-travelobot/ros_ws/install/turtlesim/include/turtlesim/srv/detail/spawn__functions.h
[3.239s] -- Up-to-date: /home/dr/amr-travelobot/ros_ws/install/turtlesim/include/turtlesim/srv/detail/teleport_relative__type_support.h
[3.240s] -- Up-to-date: /home/dr/amr-travelobot/ros_ws/install/turtlesim/include/turtlesim/srv/detail/kill__type_support.h
[3.240s] -- Up-to-date: /home/dr/amr-travelobot/ros_ws/install/turtlesim/include/turtlesim/srv/detail/teleport_absolute__type_support.h
[3.241s] -- Up-to-date: /home/dr/amr-travelobot/ros_ws/install/turtlesim/include/turtlesim/srv/detail/kill__functions.c
[3.241s] -- Up-to-date: /home/dr/amr-travelobot/ros_ws/install/turtlesim/include/turtlesim/srv/detail/spawn__struct.h
[3.242s] -- Up-to-date: /home/dr/amr-travelobot/ros_ws/install/turtlesim/include/turtlesim/srv/kill.h
[3.242s] -- Up-to-date: /home/dr/amr-travelobot/ros_ws/install/turtlesim/include/turtlesim/srv/teleport_absolute.h
[3.243s] -- Up-to-date: /home/dr/amr-travelobot/ros_ws/install/turtlesim/include/turtlesim/srv/teleport_relative.h
[3.244s] -- Up-to-date: /home/dr/amr-travelobot/ros_ws/install/turtlesim/include/turtlesim/srv/spawn.h
[3.245s] -- Up-to-date: /home/dr/amr-travelobot/ros_ws/install/turtlesim/include/turtlesim/action
[3.246s] -- Up-to-date: /home/dr/amr-travelobot/ros_ws/install/turtlesim/include/turtlesim/action/detail
[3.247s] -- Up-to-date: /home/dr/amr-travelobot/ros_ws/install/turtlesim/include/turtlesim/action/detail/rotate_absolute__functions.c
[3.248s] -- Up-to-date: /home/dr/amr-travelobot/ros_ws/install/turtlesim/include/turtlesim/action/detail/rotate_absolute__type_support.h
[3.248s] -- Up-to-date: /home/dr/amr-travelobot/ros_ws/install/turtlesim/include/turtlesim/action/detail/rotate_absolute__struct.h
[3.249s] -- Up-to-date: /home/dr/amr-travelobot/ros_ws/install/turtlesim/include/turtlesim/action/detail/rotate_absolute__functions.h
[3.249s] -- Up-to-date: /home/dr/amr-travelobot/ros_ws/install/turtlesim/include/turtlesim/action/rotate_absolute.h
[3.249s] -- Up-to-date: /home/dr/amr-travelobot/ros_ws/install/turtlesim/share/turtlesim/environment/library_path.sh
[3.250s] -- Up-to-date: /home/dr/amr-travelobot/ros_ws/install/turtlesim/share/turtlesim/environment/library_path.dsv
[3.251s] -- Up-to-date: /home/dr/amr-travelobot/ros_ws/install/turtlesim/lib/libturtlesim__rosidl_generator_c.so
[3.251s] -- Up-to-date: /home/dr/amr-travelobot/ros_ws/install/turtlesim/include/turtlesim
[3.252s] -- Up-to-date: /home/dr/amr-travelobot/ros_ws/install/turtlesim/include/turtlesim/msg
[3.252s] -- Up-to-date: /home/dr/amr-travelobot/ros_ws/install/turtlesim/include/turtlesim/msg/detail
[3.253s] -- Up-to-date: /home/dr/amr-travelobot/ros_ws/install/turtlesim/include/turtlesim/msg/detail/pose__rosidl_typesupport_fastrtps_c.h
[3.254s] -- Up-to-date: /home/dr/amr-travelobot/ros_ws/install/turtlesim/include/turtlesim/msg/detail/color__rosidl_typesupport_fastrtps_c.h
[3.254s] -- Up-to-date: /home/dr/amr-travelobot/ros_ws/install/turtlesim/include/turtlesim/msg/rosidl_typesupport_fastrtps_c__visibility_control.h
[3.255s] -- Up-to-date: /home/dr/amr-travelobot/ros_ws/install/turtlesim/include/turtlesim/srv
[3.257s] -- Up-to-date: /home/dr/amr-travelobot/ros_ws/install/turtlesim/include/turtlesim/srv/detail
[3.258s] -- Up-to-date: /home/dr/amr-travelobot/ros_ws/install/turtlesim/include/turtlesim/srv/detail/teleport_relative__rosidl_typesupport_fastrtps_c.h
[3.259s] -- Up-to-date: /home/dr/amr-travelobot/ros_ws/install/turtlesim/include/turtlesim/srv/detail/teleport_absolute__rosidl_typesupport_fastrtps_c.h
[3.260s] -- Up-to-date: /home/dr/amr-travelobot/ros_ws/install/turtlesim/include/turtlesim/srv/detail/spawn__rosidl_typesupport_fastrtps_c.h
[3.261s] -- Up-to-date: /home/dr/amr-travelobot/ros_ws/install/turtlesim/include/turtlesim/srv/detail/kill__rosidl_typesupport_fastrtps_c.h
[3.262s] -- Up-to-date: /home/dr/amr-travelobot/ros_ws/install/turtlesim/include/turtlesim/srv/detail/set_pen__rosidl_typesupport_fastrtps_c.h
[3.264s] -- Up-to-date: /home/dr/amr-travelobot/ros_ws/install/turtlesim/include/turtlesim/action
[3.265s] -- Up-to-date: /home/dr/amr-travelobot/ros_ws/install/turtlesim/include/turtlesim/action/detail
[3.266s] -- Up-to-date: /home/dr/amr-travelobot/ros_ws/install/turtlesim/include/turtlesim/action/detail/rotate_absolute__rosidl_typesupport_fastrtps_c.h
[3.266s] -- Up-to-date: /home/dr/amr-travelobot/ros_ws/install/turtlesim/lib/libturtlesim__rosidl_typesupport_fastrtps_c.so
[3.267s] -- Up-to-date: /home/dr/amr-travelobot/ros_ws/install/turtlesim/include/turtlesim
[3.268s] -- Up-to-date: /home/dr/amr-travelobot/ros_ws/install/turtlesim/include/turtlesim/msg
[3.268s] -- Up-to-date: /home/dr/amr-travelobot/ros_ws/install/turtlesim/include/turtlesim/msg/detail
[3.269s] -- Up-to-date: /home/dr/amr-travelobot/ros_ws/install/turtlesim/include/turtlesim/msg/detail/pose__rosidl_typesupport_fastrtps_cpp.hpp
[3.269s] -- Up-to-date: /home/dr/amr-travelobot/ros_ws/install/turtlesim/include/turtlesim/msg/detail/dds_fastrtps
[3.270s] -- Up-to-date: /home/dr/amr-travelobot/ros_ws/install/turtlesim/include/turtlesim/msg/detail/color__rosidl_typesupport_fastrtps_cpp.hpp
[3.271s] -- Up-to-date: /home/dr/amr-travelobot/ros_ws/install/turtlesim/include/turtlesim/msg/rosidl_typesupport_fastrtps_cpp__visibility_control.h
[3.271s] -- Up-to-date: /home/dr/amr-travelobot/ros_ws/install/turtlesim/include/turtlesim/srv
[3.272s] -- Up-to-date: /home/dr/amr-travelobot/ros_ws/install/turtlesim/include/turtlesim/srv/detail
[3.272s] -- Up-to-date: /home/dr/amr-travelobot/ros_ws/install/turtlesim/include/turtlesim/srv/detail/teleport_absolute__rosidl_typesupport_fastrtps_cpp.hpp
[3.273s] -- Up-to-date: /home/dr/amr-travelobot/ros_ws/install/turtlesim/include/turtlesim/srv/detail/kill__rosidl_typesupport_fastrtps_cpp.hpp
[3.273s] -- Up-to-date: /home/dr/amr-travelobot/ros_ws/install/turtlesim/include/turtlesim/srv/detail/dds_fastrtps
[3.274s] -- Up-to-date: /home/dr/amr-travelobot/ros_ws/install/turtlesim/include/turtlesim/srv/detail/teleport_relative__rosidl_typesupport_fastrtps_cpp.hpp
[3.275s] -- Up-to-date: /home/dr/amr-travelobot/ros_ws/install/turtlesim/include/turtlesim/srv/detail/spawn__rosidl_typesupport_fastrtps_cpp.hpp
[3.275s] -- Up-to-date: /home/dr/amr-travelobot/ros_ws/install/turtlesim/include/turtlesim/srv/detail/set_pen__rosidl_typesupport_fastrtps_cpp.hpp
[3.276s] -- Up-to-date: /home/dr/amr-travelobot/ros_ws/install/turtlesim/include/turtlesim/action
[3.276s] -- Up-to-date: /home/dr/amr-travelobot/ros_ws/install/turtlesim/include/turtlesim/action/detail
[3.276s] -- Up-to-date: /home/dr/amr-travelobot/ros_ws/install/turtlesim/include/turtlesim/action/detail/rotate_absolute__rosidl_typesupport_fastrtps_cpp.hpp
[3.277s] -- Up-to-date: /home/dr/amr-travelobot/ros_ws/install/turtlesim/include/turtlesim/action/detail/dds_fastrtps
[3.277s] -- Up-to-date: /home/dr/amr-travelobot/ros_ws/install/turtlesim/lib/libturtlesim__rosidl_typesupport_fastrtps_cpp.so
[3.277s] -- Up-to-date: /home/dr/amr-travelobot/ros_ws/install/turtlesim/include/turtlesim
[3.278s] -- Up-to-date: /home/dr/amr-travelobot/ros_ws/install/turtlesim/include/turtlesim/msg
[3.278s] -- Up-to-date: /home/dr/amr-travelobot/ros_ws/install/turtlesim/include/turtlesim/msg/detail
[3.279s] -- Up-to-date: /home/dr/amr-travelobot/ros_ws/install/turtlesim/include/turtlesim/msg/detail/color__type_support.c
[3.279s] -- Up-to-date: /home/dr/amr-travelobot/ros_ws/install/turtlesim/include/turtlesim/msg/detail/pose__type_support.c
[3.280s] -- Up-to-date: /home/dr/amr-travelobot/ros_ws/install/turtlesim/include/turtlesim/msg/detail/pose__rosidl_typesupport_introspection_c.h
[3.280s] -- Up-to-date: /home/dr/amr-travelobot/ros_ws/install/turtlesim/include/turtlesim/msg/detail/color__rosidl_typesupport_introspection_c.h
[3.282s] -- Up-to-date: /home/dr/amr-travelobot/ros_ws/install/turtlesim/include/turtlesim/msg/rosidl_typesupport_introspection_c__visibility_control.h
[3.282s] -- Up-to-date: /home/dr/amr-travelobot/ros_ws/install/turtlesim/include/turtlesim/srv
[3.283s] -- Up-to-date: /home/dr/amr-travelobot/ros_ws/install/turtlesim/include/turtlesim/srv/detail
[3.283s] -- Up-to-date: /home/dr/amr-travelobot/ros_ws/install/turtlesim/include/turtlesim/srv/detail/spawn__type_support.c
[3.284s] -- Up-to-date: /home/dr/amr-travelobot/ros_ws/install/turtlesim/include/turtlesim/srv/detail/set_pen__type_support.c
[3.284s] -- Up-to-date: /home/dr/amr-travelobot/ros_ws/install/turtlesim/include/turtlesim/srv/detail/teleport_relative__rosidl_typesupport_introspection_c.h
[3.285s] -- Up-to-date: /home/dr/amr-travelobot/ros_ws/install/turtlesim/include/turtlesim/srv/detail/kill__rosidl_typesupport_introspection_c.h
[3.285s] -- Up-to-date: /home/dr/amr-travelobot/ros_ws/install/turtlesim/include/turtlesim/srv/detail/teleport_absolute__rosidl_typesupport_introspection_c.h
[3.286s] -- Up-to-date: /home/dr/amr-travelobot/ros_ws/install/turtlesim/include/turtlesim/srv/detail/kill__type_support.c
[3.286s] -- Up-to-date: /home/dr/amr-travelobot/ros_ws/install/turtlesim/include/turtlesim/srv/detail/spawn__rosidl_typesupport_introspection_c.h
[3.287s] -- Up-to-date: /home/dr/amr-travelobot/ros_ws/install/turtlesim/include/turtlesim/srv/detail/teleport_relative__type_support.c
[3.287s] -- Up-to-date: /home/dr/amr-travelobot/ros_ws/install/turtlesim/include/turtlesim/srv/detail/teleport_absolute__type_support.c
[3.288s] -- Up-to-date: /home/dr/amr-travelobot/ros_ws/install/turtlesim/include/turtlesim/srv/detail/set_pen__rosidl_typesupport_introspection_c.h
[3.288s] -- Up-to-date: /home/dr/amr-travelobot/ros_ws/install/turtlesim/include/turtlesim/action
[3.288s] -- Up-to-date: /home/dr/amr-travelobot/ros_ws/install/turtlesim/include/turtlesim/action/detail
[3.289s] -- Up-to-date: /home/dr/amr-travelobot/ros_ws/install/turtlesim/include/turtlesim/action/detail/rotate_absolute__rosidl_typesupport_introspection_c.h
[3.289s] -- Up-to-date: /home/dr/amr-travelobot/ros_ws/install/turtlesim/include/turtlesim/action/detail/rotate_absolute__type_support.c
[3.290s] -- Up-to-date: /home/dr/amr-travelobot/ros_ws/install/turtlesim/lib/libturtlesim__rosidl_typesupport_introspection_c.so
[3.290s] -- Up-to-date: /home/dr/amr-travelobot/ros_ws/install/turtlesim/lib/libturtlesim__rosidl_typesupport_c.so
[3.291s] -- Up-to-date: /home/dr/amr-travelobot/ros_ws/install/turtlesim/include/turtlesim
[3.295s] -- Up-to-date: /home/dr/amr-travelobot/ros_ws/install/turtlesim/include/turtlesim/msg
[3.296s] -- Up-to-date: /home/dr/amr-travelobot/ros_ws/install/turtlesim/include/turtlesim/msg/detail
[3.296s] -- Up-to-date: /home/dr/amr-travelobot/ros_ws/install/turtlesim/include/turtlesim/msg/detail/pose__traits.hpp
[3.297s] -- Up-to-date: /home/dr/amr-travelobot/ros_ws/install/turtlesim/include/turtlesim/msg/detail/color__traits.hpp
[3.298s] -- Up-to-date: /home/dr/amr-travelobot/ros_ws/install/turtlesim/include/turtlesim/msg/detail/color__builder.hpp
[3.298s] -- Up-to-date: /home/dr/amr-travelobot/ros_ws/install/turtlesim/include/turtlesim/msg/detail/pose__struct.hpp
[3.299s] -- Up-to-date: /home/dr/amr-travelobot/ros_ws/install/turtlesim/include/turtlesim/msg/detail/pose__builder.hpp
[3.299s] -- Up-to-date: /home/dr/amr-travelobot/ros_ws/install/turtlesim/include/turtlesim/msg/detail/color__struct.hpp
[3.300s] -- Up-to-date: /home/dr/amr-travelobot/ros_ws/install/turtlesim/include/turtlesim/msg/pose.hpp
[3.301s] -- Up-to-date: /home/dr/amr-travelobot/ros_ws/install/turtlesim/include/turtlesim/msg/color.hpp
[3.301s] -- Up-to-date: /home/dr/amr-travelobot/ros_ws/install/turtlesim/include/turtlesim/srv
[3.302s] -- Up-to-date: /home/dr/amr-travelobot/ros_ws/install/turtlesim/include/turtlesim/srv/detail
[3.302s] -- Up-to-date: /home/dr/amr-travelobot/ros_ws/install/turtlesim/include/turtlesim/srv/detail/teleport_absolute__struct.hpp
[3.303s] -- Up-to-date: /home/dr/amr-travelobot/ros_ws/install/turtlesim/include/turtlesim/srv/detail/spawn__builder.hpp
[3.303s] -- Up-to-date: /home/dr/amr-travelobot/ros_ws/install/turtlesim/include/turtlesim/srv/detail/spawn__traits.hpp
[3.304s] -- Up-to-date: /home/dr/amr-travelobot/ros_ws/install/turtlesim/include/turtlesim/srv/detail/teleport_relative__builder.hpp
[3.304s] -- Up-to-date: /home/dr/amr-travelobot/ros_ws/install/turtlesim/include/turtlesim/srv/detail/set_pen__builder.hpp
[3.305s] -- Up-to-date: /home/dr/amr-travelobot/ros_ws/install/turtlesim/include/turtlesim/srv/detail/kill__struct.hpp
[3.305s] -- Up-to-date: /home/dr/amr-travelobot/ros_ws/install/turtlesim/include/turtlesim/srv/detail/teleport_relative__traits.hpp
[3.305s] -- Up-to-date: /home/dr/amr-travelobot/ros_ws/install/turtlesim/include/turtlesim/srv/detail/kill__traits.hpp
[3.306s] -- Up-to-date: /home/dr/amr-travelobot/ros_ws/install/turtlesim/include/turtlesim/srv/detail/teleport_absolute__traits.hpp
[3.306s] -- Up-to-date: /home/dr/amr-travelobot/ros_ws/install/turtlesim/include/turtlesim/srv/detail/set_pen__struct.hpp
[3.307s] -- Up-to-date: /home/dr/amr-travelobot/ros_ws/install/turtlesim/include/turtlesim/srv/detail/kill__builder.hpp
[3.307s] -- Up-to-date: /home/dr/amr-travelobot/ros_ws/install/turtlesim/include/turtlesim/srv/detail/set_pen__traits.hpp
[3.308s] -- Up-to-date: /home/dr/amr-travelobot/ros_ws/install/turtlesim/include/turtlesim/srv/detail/teleport_absolute__builder.hpp
[3.308s] -- Up-to-date: /home/dr/amr-travelobot/ros_ws/install/turtlesim/include/turtlesim/srv/detail/spawn__struct.hpp
[3.309s] -- Up-to-date: /home/dr/amr-travelobot/ros_ws/install/turtlesim/include/turtlesim/srv/detail/teleport_relative__struct.hpp
[3.309s] -- Up-to-date: /home/dr/amr-travelobot/ros_ws/install/turtlesim/include/turtlesim/srv/teleport_absolute.hpp
[3.310s] -- Up-to-date: /home/dr/amr-travelobot/ros_ws/install/turtlesim/include/turtlesim/srv/spawn.hpp
[3.311s] -- Up-to-date: /home/dr/amr-travelobot/ros_ws/install/turtlesim/include/turtlesim/srv/set_pen.hpp
[3.312s] -- Up-to-date: /home/dr/amr-travelobot/ros_ws/install/turtlesim/include/turtlesim/srv/teleport_relative.hpp
[3.313s] -- Up-to-date: /home/dr/amr-travelobot/ros_ws/install/turtlesim/include/turtlesim/srv/kill.hpp
[3.313s] -- Up-to-date: /home/dr/amr-travelobot/ros_ws/install/turtlesim/include/turtlesim/action
[3.314s] -- Up-to-date: /home/dr/amr-travelobot/ros_ws/install/turtlesim/include/turtlesim/action/detail
[3.315s] -- Up-to-date: /home/dr/amr-travelobot/ros_ws/install/turtlesim/include/turtlesim/action/detail/rotate_absolute__builder.hpp
[3.315s] -- Up-to-date: /home/dr/amr-travelobot/ros_ws/install/turtlesim/include/turtlesim/action/detail/rotate_absolute__struct.hpp
[3.316s] -- Up-to-date: /home/dr/amr-travelobot/ros_ws/install/turtlesim/include/turtlesim/action/detail/rotate_absolute__traits.hpp
[3.317s] -- Up-to-date: /home/dr/amr-travelobot/ros_ws/install/turtlesim/include/turtlesim/action/rotate_absolute.hpp
[3.317s] -- Up-to-date: /home/dr/amr-travelobot/ros_ws/install/turtlesim/include/turtlesim
[3.317s] -- Up-to-date: /home/dr/amr-travelobot/ros_ws/install/turtlesim/include/turtlesim/msg
[3.319s] -- Up-to-date: /home/dr/amr-travelobot/ros_ws/install/turtlesim/include/turtlesim/msg/detail
[3.320s] -- Up-to-date: /home/dr/amr-travelobot/ros_ws/install/turtlesim/include/turtlesim/msg/detail/pose__rosidl_typesupport_introspection_cpp.hpp
[3.320s] -- Up-to-date: /home/dr/amr-travelobot/ros_ws/install/turtlesim/include/turtlesim/msg/detail/color__type_support.cpp
[3.321s] -- Up-to-date: /home/dr/amr-travelobot/ros_ws/install/turtlesim/include/turtlesim/msg/detail/pose__type_support.cpp
[3.321s] -- Up-to-date: /home/dr/amr-travelobot/ros_ws/install/turtlesim/include/turtlesim/msg/detail/color__rosidl_typesupport_introspection_cpp.hpp
[3.322s] -- Up-to-date: /home/dr/amr-travelobot/ros_ws/install/turtlesim/include/turtlesim/srv
[3.322s] -- Up-to-date: /home/dr/amr-travelobot/ros_ws/install/turtlesim/include/turtlesim/srv/detail
[3.323s] -- Up-to-date: /home/dr/amr-travelobot/ros_ws/install/turtlesim/include/turtlesim/srv/detail/set_pen__type_support.cpp
[3.323s] -- Up-to-date: /home/dr/amr-travelobot/ros_ws/install/turtlesim/include/turtlesim/srv/detail/teleport_absolute__type_support.cpp
[3.324s] -- Up-to-date: /home/dr/amr-travelobot/ros_ws/install/turtlesim/include/turtlesim/srv/detail/teleport_absolute__rosidl_typesupport_introspection_cpp.hpp
[3.324s] -- Up-to-date: /home/dr/amr-travelobot/ros_ws/install/turtlesim/include/turtlesim/srv/detail/set_pen__rosidl_typesupport_introspection_cpp.hpp
[3.325s] -- Up-to-date: /home/dr/amr-travelobot/ros_ws/install/turtlesim/include/turtlesim/srv/detail/kill__type_support.cpp
[3.325s] -- Up-to-date: /home/dr/amr-travelobot/ros_ws/install/turtlesim/include/turtlesim/srv/detail/spawn__type_support.cpp
[3.326s] -- Up-to-date: /home/dr/amr-travelobot/ros_ws/install/turtlesim/include/turtlesim/srv/detail/teleport_relative__rosidl_typesupport_introspection_cpp.hpp
[3.326s] -- Up-to-date: /home/dr/amr-travelobot/ros_ws/install/turtlesim/include/turtlesim/srv/detail/teleport_relative__type_support.cpp
[3.327s] -- Up-to-date: /home/dr/amr-travelobot/ros_ws/install/turtlesim/include/turtlesim/srv/detail/spawn__rosidl_typesupport_introspection_cpp.hpp
[3.327s] -- Up-to-date: /home/dr/amr-travelobot/ros_ws/install/turtlesim/include/turtlesim/srv/detail/kill__rosidl_typesupport_introspection_cpp.hpp
[3.328s] -- Up-to-date: /home/dr/amr-travelobot/ros_ws/install/turtlesim/include/turtlesim/action
[3.328s] -- Up-to-date: /home/dr/amr-travelobot/ros_ws/install/turtlesim/include/turtlesim/action/detail
[3.329s] -- Up-to-date: /home/dr/amr-travelobot/ros_ws/install/turtlesim/include/turtlesim/action/detail/rotate_absolute__rosidl_typesupport_introspection_cpp.hpp
[3.329s] -- Up-to-date: /home/dr/amr-travelobot/ros_ws/install/turtlesim/include/turtlesim/action/detail/rotate_absolute__type_support.cpp
[3.330s] -- Up-to-date: /home/dr/amr-travelobot/ros_ws/install/turtlesim/lib/libturtlesim__rosidl_typesupport_introspection_cpp.so
[3.330s] -- Up-to-date: /home/dr/amr-travelobot/ros_ws/install/turtlesim/lib/libturtlesim__rosidl_typesupport_cpp.so
[3.331s] -- Up-to-date: /home/dr/amr-travelobot/ros_ws/install/turtlesim/share/turtlesim/environment/pythonpath.sh
[3.331s] -- Up-to-date: /home/dr/amr-travelobot/ros_ws/install/turtlesim/share/turtlesim/environment/pythonpath.dsv
[3.332s] -- Up-to-date: /home/dr/amr-travelobot/ros_ws/install/turtlesim/lib/python3.8/site-packages/turtlesim/__init__.py
[3.444s] -- Up-to-date: /home/dr/amr-travelobot/ros_ws/install/turtlesim/lib/python3.8/site-packages/turtlesim/action
[3.444s] -- Up-to-date: /home/dr/amr-travelobot/ros_ws/install/turtlesim/lib/python3.8/site-packages/turtlesim/action/_rotate_absolute_s.c
[3.445s] -- Up-to-date: /home/dr/amr-travelobot/ros_ws/install/turtlesim/lib/python3.8/site-packages/turtlesim/action/__init__.py
[3.445s] -- Up-to-date: /home/dr/amr-travelobot/ros_ws/install/turtlesim/lib/python3.8/site-packages/turtlesim/action/_rotate_absolute.py
[3.446s] -- Up-to-date: /home/dr/amr-travelobot/ros_ws/install/turtlesim/lib/python3.8/site-packages/turtlesim/msg
[3.446s] -- Up-to-date: /home/dr/amr-travelobot/ros_ws/install/turtlesim/lib/python3.8/site-packages/turtlesim/msg/_pose.py
[3.447s] -- Up-to-date: /home/dr/amr-travelobot/ros_ws/install/turtlesim/lib/python3.8/site-packages/turtlesim/msg/_pose_s.c
[3.448s] -- Up-to-date: /home/dr/amr-travelobot/ros_ws/install/turtlesim/lib/python3.8/site-packages/turtlesim/msg/__init__.py
[3.448s] -- Up-to-date: /home/dr/amr-travelobot/ros_ws/install/turtlesim/lib/python3.8/site-packages/turtlesim/msg/_color.py
[3.449s] -- Up-to-date: /home/dr/amr-travelobot/ros_ws/install/turtlesim/lib/python3.8/site-packages/turtlesim/msg/_color_s.c
[3.449s] -- Up-to-date: /home/dr/amr-travelobot/ros_ws/install/turtlesim/lib/python3.8/site-packages/turtlesim/srv
[3.450s] -- Up-to-date: /home/dr/amr-travelobot/ros_ws/install/turtlesim/lib/python3.8/site-packages/turtlesim/srv/_set_pen_s.c
[3.450s] -- Up-to-date: /home/dr/amr-travelobot/ros_ws/install/turtlesim/lib/python3.8/site-packages/turtlesim/srv/_set_pen.py
[3.451s] -- Up-to-date: /home/dr/amr-travelobot/ros_ws/install/turtlesim/lib/python3.8/site-packages/turtlesim/srv/_kill_s.c
[3.451s] -- Up-to-date: /home/dr/amr-travelobot/ros_ws/install/turtlesim/lib/python3.8/site-packages/turtlesim/srv/_kill.py
[3.452s] -- Up-to-date: /home/dr/amr-travelobot/ros_ws/install/turtlesim/lib/python3.8/site-packages/turtlesim/srv/_spawn.py
[3.452s] -- Up-to-date: /home/dr/amr-travelobot/ros_ws/install/turtlesim/lib/python3.8/site-packages/turtlesim/srv/__init__.py
[3.453s] -- Up-to-date: /home/dr/amr-travelobot/ros_ws/install/turtlesim/lib/python3.8/site-packages/turtlesim/srv/_teleport_relative_s.c
[3.453s] -- Up-to-date: /home/dr/amr-travelobot/ros_ws/install/turtlesim/lib/python3.8/site-packages/turtlesim/srv/_teleport_absolute_s.c
[3.454s] -- Up-to-date: /home/dr/amr-travelobot/ros_ws/install/turtlesim/lib/python3.8/site-packages/turtlesim/srv/_teleport_absolute.py
[3.454s] -- Up-to-date: /home/dr/amr-travelobot/ros_ws/install/turtlesim/lib/python3.8/site-packages/turtlesim/srv/_teleport_relative.py
[3.455s] -- Up-to-date: /home/dr/amr-travelobot/ros_ws/install/turtlesim/lib/python3.8/site-packages/turtlesim/srv/_spawn_s.c
[3.455s] -- Up-to-date: /home/dr/amr-travelobot/ros_ws/install/turtlesim/lib/python3.8/site-packages/turtlesim/turtlesim_s__rosidl_typesupport_fastrtps_c.cpython-38-aarch64-linux-gnu.so
[3.455s] -- Up-to-date: /home/dr/amr-travelobot/ros_ws/install/turtlesim/lib/python3.8/site-packages/turtlesim/turtlesim_s__rosidl_typesupport_introspection_c.cpython-38-aarch64-linux-gnu.so
[3.456s] -- Up-to-date: /home/dr/amr-travelobot/ros_ws/install/turtlesim/lib/python3.8/site-packages/turtlesim/turtlesim_s__rosidl_typesupport_c.cpython-38-aarch64-linux-gnu.so
[3.458s] -- Up-to-date: /home/dr/amr-travelobot/ros_ws/install/turtlesim/lib/libturtlesim__python.so
[3.459s] -- Up-to-date: /home/dr/amr-travelobot/ros_ws/install/turtlesim/share/turtlesim/action/RotateAbsolute.idl
[3.460s] -- Up-to-date: /home/dr/amr-travelobot/ros_ws/install/turtlesim/share/turtlesim/msg/Color.idl
[3.461s] -- Up-to-date: /home/dr/amr-travelobot/ros_ws/install/turtlesim/share/turtlesim/msg/Pose.idl
[3.461s] -- Up-to-date: /home/dr/amr-travelobot/ros_ws/install/turtlesim/share/turtlesim/srv/Kill.idl
[3.462s] -- Up-to-date: /home/dr/amr-travelobot/ros_ws/install/turtlesim/share/turtlesim/srv/SetPen.idl
[3.462s] -- Up-to-date: /home/dr/amr-travelobot/ros_ws/install/turtlesim/share/turtlesim/srv/Spawn.idl
[3.463s] -- Up-to-date: /home/dr/amr-travelobot/ros_ws/install/turtlesim/share/turtlesim/srv/TeleportAbsolute.idl
[3.464s] -- Up-to-date: /home/dr/amr-travelobot/ros_ws/install/turtlesim/share/turtlesim/srv/TeleportRelative.idl
[3.464s] -- Up-to-date: /home/dr/amr-travelobot/ros_ws/install/turtlesim/share/turtlesim/action/RotateAbsolute.action
[3.465s] -- Up-to-date: /home/dr/amr-travelobot/ros_ws/install/turtlesim/share/turtlesim/msg/Color.msg
[3.465s] -- Up-to-date: /home/dr/amr-travelobot/ros_ws/install/turtlesim/share/turtlesim/msg/Pose.msg
[3.466s] -- Up-to-date: /home/dr/amr-travelobot/ros_ws/install/turtlesim/share/turtlesim/srv/Kill.srv
[3.466s] -- Up-to-date: /home/dr/amr-travelobot/ros_ws/install/turtlesim/share/turtlesim/srv/Kill_Request.msg
[3.467s] -- Up-to-date: /home/dr/amr-travelobot/ros_ws/install/turtlesim/share/turtlesim/srv/Kill_Response.msg
[3.468s] -- Up-to-date: /home/dr/amr-travelobot/ros_ws/install/turtlesim/share/turtlesim/srv/SetPen.srv
[3.468s] -- Up-to-date: /home/dr/amr-travelobot/ros_ws/install/turtlesim/share/turtlesim/srv/SetPen_Request.msg
[3.469s] -- Up-to-date: /home/dr/amr-travelobot/ros_ws/install/turtlesim/share/turtlesim/srv/SetPen_Response.msg
[3.469s] -- Up-to-date: /home/dr/amr-travelobot/ros_ws/install/turtlesim/share/turtlesim/srv/Spawn.srv
[3.470s] -- Up-to-date: /home/dr/amr-travelobot/ros_ws/install/turtlesim/share/turtlesim/srv/Spawn_Request.msg
[3.471s] -- Up-to-date: /home/dr/amr-travelobot/ros_ws/install/turtlesim/share/turtlesim/srv/Spawn_Response.msg
[3.472s] -- Up-to-date: /home/dr/amr-travelobot/ros_ws/install/turtlesim/share/turtlesim/srv/TeleportAbsolute.srv
[3.473s] -- Up-to-date: /home/dr/amr-travelobot/ros_ws/install/turtlesim/share/turtlesim/srv/TeleportAbsolute_Request.msg
[3.474s] -- Up-to-date: /home/dr/amr-travelobot/ros_ws/install/turtlesim/share/turtlesim/srv/TeleportAbsolute_Response.msg
[3.475s] -- Up-to-date: /home/dr/amr-travelobot/ros_ws/install/turtlesim/share/turtlesim/srv/TeleportRelative.srv
[3.475s] -- Up-to-date: /home/dr/amr-travelobot/ros_ws/install/turtlesim/share/turtlesim/srv/TeleportRelative_Request.msg
[3.477s] -- Up-to-date: /home/dr/amr-travelobot/ros_ws/install/turtlesim/share/turtlesim/srv/TeleportRelative_Response.msg
[3.482s] -- Up-to-date: /home/dr/amr-travelobot/ros_ws/install/turtlesim/lib/turtlesim/turtlesim_node
[3.485s] -- Up-to-date: /home/dr/amr-travelobot/ros_ws/install/turtlesim/lib/turtlesim/turtle_teleop_key
[3.488s] -- Up-to-date: /home/dr/amr-travelobot/ros_ws/install/turtlesim/lib/turtlesim/draw_square
[3.492s] -- Up-to-date: /home/dr/amr-travelobot/ros_ws/install/turtlesim/lib/turtlesim/mimic
[3.497s] -- Up-to-date: /home/dr/amr-travelobot/ros_ws/install/turtlesim/share/turtlesim/images
[3.498s] -- Up-to-date: /home/dr/amr-travelobot/ros_ws/install/turtlesim/share/turtlesim/images/dashing.png
[3.498s] -- Up-to-date: /home/dr/amr-travelobot/ros_ws/install/turtlesim/share/turtlesim/images/eloquent.png
[3.499s] -- Up-to-date: /home/dr/amr-travelobot/ros_ws/install/turtlesim/share/turtlesim/images/foxy.png
[3.500s] -- Up-to-date: /home/dr/amr-travelobot/ros_ws/install/turtlesim/share/turtlesim/images/bouncy.png
[3.501s] -- Up-to-date: /home/dr/amr-travelobot/ros_ws/install/turtlesim/share/turtlesim/images/ardent.png
[3.501s] -- Up-to-date: /home/dr/amr-travelobot/ros_ws/install/turtlesim/share/turtlesim/images/crystal.png
[3.502s] -- Up-to-date: /home/dr/amr-travelobot/ros_ws/install/turtlesim/share/turtlesim/launch
[3.503s] -- Up-to-date: /home/dr/amr-travelobot/ros_ws/install/turtlesim/share/turtlesim/launch/multisim.launch.py
[3.504s] -- Up-to-date: /home/dr/amr-travelobot/ros_ws/install/turtlesim/share/ament_index/resource_index/package_run_dependencies/turtlesim
[3.504s] -- Up-to-date: /home/dr/amr-travelobot/ros_ws/install/turtlesim/share/ament_index/resource_index/parent_prefix_path/turtlesim
[3.505s] -- Up-to-date: /home/dr/amr-travelobot/ros_ws/install/turtlesim/share/turtlesim/environment/ament_prefix_path.sh
[3.505s] -- Up-to-date: /home/dr/amr-travelobot/ros_ws/install/turtlesim/share/turtlesim/environment/ament_prefix_path.dsv
[3.506s] -- Up-to-date: /home/dr/amr-travelobot/ros_ws/install/turtlesim/share/turtlesim/environment/path.sh
[3.507s] -- Up-to-date: /home/dr/amr-travelobot/ros_ws/install/turtlesim/share/turtlesim/environment/path.dsv
[3.507s] -- Up-to-date: /home/dr/amr-travelobot/ros_ws/install/turtlesim/share/turtlesim/local_setup.bash
[3.508s] -- Up-to-date: /home/dr/amr-travelobot/ros_ws/install/turtlesim/share/turtlesim/local_setup.sh
[3.509s] -- Up-to-date: /home/dr/amr-travelobot/ros_ws/install/turtlesim/share/turtlesim/local_setup.zsh
[3.509s] -- Up-to-date: /home/dr/amr-travelobot/ros_ws/install/turtlesim/share/turtlesim/local_setup.dsv
[3.510s] -- Installing: /home/dr/amr-travelobot/ros_ws/install/turtlesim/share/turtlesim/package.dsv
[3.511s] -- Up-to-date: /home/dr/amr-travelobot/ros_ws/install/turtlesim/share/ament_index/resource_index/packages/turtlesim
[3.511s] -- Up-to-date: /home/dr/amr-travelobot/ros_ws/install/turtlesim/share/turtlesim/cmake/turtlesim__rosidl_generator_cExport.cmake
[3.512s] -- Up-to-date: /home/dr/amr-travelobot/ros_ws/install/turtlesim/share/turtlesim/cmake/turtlesim__rosidl_generator_cExport-noconfig.cmake
[3.512s] -- Up-to-date: /home/dr/amr-travelobot/ros_ws/install/turtlesim/share/turtlesim/cmake/turtlesim__rosidl_typesupport_introspection_cExport.cmake
[3.513s] -- Up-to-date: /home/dr/amr-travelobot/ros_ws/install/turtlesim/share/turtlesim/cmake/turtlesim__rosidl_typesupport_introspection_cExport-noconfig.cmake
[3.513s] -- Up-to-date: /home/dr/amr-travelobot/ros_ws/install/turtlesim/share/turtlesim/cmake/turtlesim__rosidl_typesupport_cExport.cmake
[3.520s] -- Up-to-date: /home/dr/amr-travelobot/ros_ws/install/turtlesim/share/turtlesim/cmake/turtlesim__rosidl_typesupport_cExport-noconfig.cmake
[3.521s] -- Up-to-date: /home/dr/amr-travelobot/ros_ws/install/turtlesim/share/turtlesim/cmake/turtlesim__rosidl_generator_cppExport.cmake
[3.523s] -- Up-to-date: /home/dr/amr-travelobot/ros_ws/install/turtlesim/share/turtlesim/cmake/turtlesim__rosidl_typesupport_introspection_cppExport.cmake
[3.524s] -- Up-to-date: /home/dr/amr-travelobot/ros_ws/install/turtlesim/share/turtlesim/cmake/turtlesim__rosidl_typesupport_introspection_cppExport-noconfig.cmake
[3.525s] -- Up-to-date: /home/dr/amr-travelobot/ros_ws/install/turtlesim/share/turtlesim/cmake/turtlesim__rosidl_typesupport_cppExport.cmake
[3.526s] -- Up-to-date: /home/dr/amr-travelobot/ros_ws/install/turtlesim/share/turtlesim/cmake/turtlesim__rosidl_typesupport_cppExport-noconfig.cmake
[3.526s] -- Up-to-date: /home/dr/amr-travelobot/ros_ws/install/turtlesim/share/turtlesim/cmake/rosidl_cmake-extras.cmake
[3.527s] -- Up-to-date: /home/dr/amr-travelobot/ros_ws/install/turtlesim/share/turtlesim/cmake/ament_cmake_export_dependencies-extras.cmake
[3.528s] -- Up-to-date: /home/dr/amr-travelobot/ros_ws/install/turtlesim/share/turtlesim/cmake/ament_cmake_export_libraries-extras.cmake
[3.528s] -- Up-to-date: /home/dr/amr-travelobot/ros_ws/install/turtlesim/share/turtlesim/cmake/ament_cmake_export_targets-extras.cmake
[3.529s] -- Up-to-date: /home/dr/amr-travelobot/ros_ws/install/turtlesim/share/turtlesim/cmake/ament_cmake_export_include_directories-extras.cmake
[3.529s] -- Up-to-date: /home/dr/amr-travelobot/ros_ws/install/turtlesim/share/turtlesim/cmake/rosidl_cmake_export_typesupport_libraries-extras.cmake
[3.531s] -- Up-to-date: /home/dr/amr-travelobot/ros_ws/install/turtlesim/share/turtlesim/cmake/rosidl_cmake_export_typesupport_targets-extras.cmake
[3.532s] -- Up-to-date: /home/dr/amr-travelobot/ros_ws/install/turtlesim/share/turtlesim/cmake/turtlesimConfig.cmake
[3.532s] -- Up-to-date: /home/dr/amr-travelobot/ros_ws/install/turtlesim/share/turtlesim/cmake/turtlesimConfig-version.cmake
[3.533s] -- Up-to-date: /home/dr/amr-travelobot/ros_ws/install/turtlesim/share/turtlesim/package.xml
[3.547s] Invoked command in '/home/dr/amr-travelobot/ros_ws/build/turtlesim' returned '0': CMAKE_PREFIX_PATH=${CMAKE_PREFIX_PATH}:/home/dr/amr-travelobot/ros_ws/install/ros2_control_test_nodes:/home/dr/amr-travelobot/ros_ws/install/bno055:/opt/ros/foxy /usr/bin/cmake --install /home/dr/amr-travelobot/ros_ws/build/turtlesim
