[3.557s] Invoking command in '/home/dr/amr-travelobot/ros_ws/src/bno055': PYTHONPATH=/home/dr/amr-travelobot/ros_ws/install/bno055/lib/python3.8/site-packages:${PYTHONPATH} /usr/bin/python3 setup.py egg_info --egg-base ../../build/bno055 build --build-base /home/dr/amr-travelobot/ros_ws/build/bno055/build install --prefix /home/dr/amr-travelobot/ros_ws/install/bno055 --record /home/dr/amr-travelobot/ros_ws/build/bno055/install.log --single-version-externally-managed
[4.705s] running egg_info
[4.709s] writing ../../build/bno055/bno055.egg-info/PKG-INFO
[4.710s] writing dependency_links to ../../build/bno055/bno055.egg-info/dependency_links.txt
[4.711s] writing entry points to ../../build/bno055/bno055.egg-info/entry_points.txt
[4.712s] writing requirements to ../../build/bno055/bno055.egg-info/requires.txt
[4.713s] writing top-level names to ../../build/bno055/bno055.egg-info/top_level.txt
[4.914s] reading manifest file '../../build/bno055/bno055.egg-info/SOURCES.txt'
[4.919s] writing manifest file '../../build/bno055/bno055.egg-info/SOURCES.txt'
[4.919s] running build
[4.919s] running build_py
[4.934s] running install
[4.936s] running install_lib
[4.951s] running install_data
[4.954s] running install_egg_info
[4.965s] removing '/home/dr/amr-travelobot/ros_ws/install/bno055/lib/python3.8/site-packages/bno055-0.1.0-py3.8.egg-info' (and everything under it)
[4.966s] Copying ../../build/bno055/bno055.egg-info to /home/dr/amr-travelobot/ros_ws/install/bno055/lib/python3.8/site-packages/bno055-0.1.0-py3.8.egg-info
[4.970s] running install_scripts
[5.048s] Installing bno055 script to /home/dr/amr-travelobot/ros_ws/install/bno055/lib/bno055
[5.053s] writing list of installed files to '/home/dr/amr-travelobot/ros_ws/build/bno055/install.log'
[5.177s] Invoked command in '/home/dr/amr-travelobot/ros_ws/src/bno055' returned '0': PYTHONPATH=/home/dr/amr-travelobot/ros_ws/install/bno055/lib/python3.8/site-packages:${PYTHONPATH} /usr/bin/python3 setup.py egg_info --egg-base ../../build/bno055 build --build-base /home/dr/amr-travelobot/ros_ws/build/bno055/build install --prefix /home/dr/amr-travelobot/ros_ws/install/bno055 --record /home/dr/amr-travelobot/ros_ws/build/bno055/install.log --single-version-externally-managed
