[0.145s] Invoking command in '/home/dr/amr-travelobot/ros_ws/build/rplidar_ros2': CMAKE_PREFIX_PATH=/opt/ros/foxy /usr/bin/cmake --build /home/dr/amr-travelobot/ros_ws/build/rplidar_ros2 -- -j4 -l4
[0.466s] [100%] Built target rplidar_scan_publisher
[0.573s] Invoked command in '/home/dr/amr-travelobot/ros_ws/build/rplidar_ros2' returned '0': CMAKE_PREFIX_PATH=/opt/ros/foxy /usr/bin/cmake --build /home/dr/amr-travelobot/ros_ws/build/rplidar_ros2 -- -j4 -l4
[0.867s] Invoking command in '/home/dr/amr-travelobot/ros_ws/build/rplidar_ros2': CMAKE_PREFIX_PATH=/opt/ros/foxy /usr/bin/cmake --install /home/dr/amr-travelobot/ros_ws/build/rplidar_ros2
[0.927s] -- Install configuration: ""
[0.928s] -- Up-to-date: /home/dr/amr-travelobot/ros_ws/install/rplidar_ros2/share/rplidar_ros2/launch
[0.929s] -- Up-to-date: /home/dr/amr-travelobot/ros_ws/install/rplidar_ros2/share/rplidar_ros2/launch/view_rplidar_s1_tcp_launch.py
[0.929s] -- Up-to-date: /home/dr/amr-travelobot/ros_ws/install/rplidar_ros2/share/rplidar_ros2/launch/view_rplidar_launch.py
[0.930s] -- Up-to-date: /home/dr/amr-travelobot/ros_ws/install/rplidar_ros2/share/rplidar_ros2/launch/rplidar_s1_launch.py
[0.930s] -- Up-to-date: /home/dr/amr-travelobot/ros_ws/install/rplidar_ros2/share/rplidar_ros2/launch/view_rplidar_a3_launch.py
[0.931s] -- Up-to-date: /home/dr/amr-travelobot/ros_ws/install/rplidar_ros2/share/rplidar_ros2/launch/view_rplidar_s1_launch.py
[0.932s] -- Up-to-date: /home/dr/amr-travelobot/ros_ws/install/rplidar_ros2/share/rplidar_ros2/launch/rplidar_launch.py
[0.932s] -- Up-to-date: /home/dr/amr-travelobot/ros_ws/install/rplidar_ros2/share/rplidar_ros2/launch/rviz.py
[0.933s] -- Up-to-date: /home/dr/amr-travelobot/ros_ws/install/rplidar_ros2/share/rplidar_ros2/launch/rplidar_s1_tcp_launch.py
[0.933s] -- Up-to-date: /home/dr/amr-travelobot/ros_ws/install/rplidar_ros2/share/rplidar_ros2/launch/rplidar_a3_launch.py
[0.934s] -- Up-to-date: /home/dr/amr-travelobot/ros_ws/install/rplidar_ros2/share/rplidar_ros2/rviz
[0.940s] -- Up-to-date: /home/dr/amr-travelobot/ros_ws/install/rplidar_ros2/share/rplidar_ros2/rviz/rplidar_ros2.rviz
[0.963s] -- Up-to-date: /home/dr/amr-travelobot/ros_ws/install/rplidar_ros2/lib/rplidar_ros2/rplidar_scan_publisher
[0.964s] -- Up-to-date: /home/dr/amr-travelobot/ros_ws/install/rplidar_ros2/share/ament_index/resource_index/package_run_dependencies/rplidar_ros2
[0.965s] -- Up-to-date: /home/dr/amr-travelobot/ros_ws/install/rplidar_ros2/share/ament_index/resource_index/parent_prefix_path/rplidar_ros2
[0.965s] -- Up-to-date: /home/dr/amr-travelobot/ros_ws/install/rplidar_ros2/share/rplidar_ros2/environment/ament_prefix_path.sh
[0.966s] -- Up-to-date: /home/dr/amr-travelobot/ros_ws/install/rplidar_ros2/share/rplidar_ros2/environment/ament_prefix_path.dsv
[0.967s] -- Up-to-date: /home/dr/amr-travelobot/ros_ws/install/rplidar_ros2/share/rplidar_ros2/environment/path.sh
[0.967s] -- Up-to-date: /home/dr/amr-travelobot/ros_ws/install/rplidar_ros2/share/rplidar_ros2/environment/path.dsv
[0.968s] -- Up-to-date: /home/dr/amr-travelobot/ros_ws/install/rplidar_ros2/share/rplidar_ros2/local_setup.bash
[0.968s] -- Up-to-date: /home/dr/amr-travelobot/ros_ws/install/rplidar_ros2/share/rplidar_ros2/local_setup.sh
[0.969s] -- Up-to-date: /home/dr/amr-travelobot/ros_ws/install/rplidar_ros2/share/rplidar_ros2/local_setup.zsh
[0.969s] -- Up-to-date: /home/dr/amr-travelobot/ros_ws/install/rplidar_ros2/share/rplidar_ros2/local_setup.dsv
[0.970s] -- Installing: /home/dr/amr-travelobot/ros_ws/install/rplidar_ros2/share/rplidar_ros2/package.dsv
[0.970s] -- Up-to-date: /home/dr/amr-travelobot/ros_ws/install/rplidar_ros2/share/ament_index/resource_index/packages/rplidar_ros2
[0.973s] -- Up-to-date: /home/dr/amr-travelobot/ros_ws/install/rplidar_ros2/share/rplidar_ros2/cmake/ament_cmake_export_dependencies-extras.cmake
[0.974s] -- Up-to-date: /home/dr/amr-travelobot/ros_ws/install/rplidar_ros2/share/rplidar_ros2/cmake/ament_cmake_export_include_directories-extras.cmake
[0.992s] -- Up-to-date: /home/dr/amr-travelobot/ros_ws/install/rplidar_ros2/share/rplidar_ros2/cmake/rplidar_ros2Config.cmake
[0.995s] -- Up-to-date: /home/dr/amr-travelobot/ros_ws/install/rplidar_ros2/share/rplidar_ros2/cmake/rplidar_ros2Config-version.cmake
[0.997s] -- Up-to-date: /home/dr/amr-travelobot/ros_ws/install/rplidar_ros2/share/rplidar_ros2/package.xml
[1.075s] Invoked command in '/home/dr/amr-travelobot/ros_ws/build/rplidar_ros2' returned '0': CMAKE_PREFIX_PATH=/opt/ros/foxy /usr/bin/cmake --install /home/dr/amr-travelobot/ros_ws/build/rplidar_ros2
