[0.194s] Invoking command in '/home/dr/amr-travelobot/ros_ws/build/odrive_bringup': CMAKE_PREFIX_PATH=/home/dr/amr-travelobot/ros_ws/install/odrive_description:/home/dr/amr-travelobot/ros_ws/install/rosbot_bringup:/home/dr/amr-travelobot/ros_ws/install/odrive_ros2_control:/home/dr/amr-travelobot/ros_ws/install/odrive_hardware_interface:/home/dr/amr-travelobot/ros_ws/install/turtlesim:/home/dr/amr-travelobot/ros_ws/install/teleop_twist_joy:/home/dr/amr-travelobot/ros_ws/install/rplidar_ros2:/home/dr/amr-travelobot/ros_ws/install/rosbot_description:/home/dr/amr-travelobot/ros_ws/install/odrive_bringup:/home/dr/amr-travelobot/ros_ws/install/bno055:/opt/ros/foxy /usr/bin/cmake --build /home/dr/amr-travelobot/ros_ws/build/odrive_bringup -- -j4 -l4
[0.327s] Invoked command in '/home/dr/amr-travelobot/ros_ws/build/odrive_bringup' returned '0': CMAKE_PREFIX_PATH=/home/dr/amr-travelobot/ros_ws/install/odrive_description:/home/dr/amr-travelobot/ros_ws/install/rosbot_bringup:/home/dr/amr-travelobot/ros_ws/install/odrive_ros2_control:/home/dr/amr-travelobot/ros_ws/install/odrive_hardware_interface:/home/dr/amr-travelobot/ros_ws/install/turtlesim:/home/dr/amr-travelobot/ros_ws/install/teleop_twist_joy:/home/dr/amr-travelobot/ros_ws/install/rplidar_ros2:/home/dr/amr-travelobot/ros_ws/install/rosbot_description:/home/dr/amr-travelobot/ros_ws/install/odrive_bringup:/home/dr/amr-travelobot/ros_ws/install/bno055:/opt/ros/foxy /usr/bin/cmake --build /home/dr/amr-travelobot/ros_ws/build/odrive_bringup -- -j4 -l4
[0.606s] Invoking command in '/home/dr/amr-travelobot/ros_ws/build/odrive_bringup': CMAKE_PREFIX_PATH=/home/dr/amr-travelobot/ros_ws/install/odrive_description:/home/dr/amr-travelobot/ros_ws/install/rosbot_bringup:/home/dr/amr-travelobot/ros_ws/install/odrive_ros2_control:/home/dr/amr-travelobot/ros_ws/install/odrive_hardware_interface:/home/dr/amr-travelobot/ros_ws/install/turtlesim:/home/dr/amr-travelobot/ros_ws/install/teleop_twist_joy:/home/dr/amr-travelobot/ros_ws/install/rplidar_ros2:/home/dr/amr-travelobot/ros_ws/install/rosbot_description:/home/dr/amr-travelobot/ros_ws/install/odrive_bringup:/home/dr/amr-travelobot/ros_ws/install/bno055:/opt/ros/foxy /usr/bin/cmake --install /home/dr/amr-travelobot/ros_ws/build/odrive_bringup
[0.668s] -- Install configuration: ""
[0.670s] -- Up-to-date: /home/dr/amr-travelobot/ros_ws/install/odrive_bringup/share/odrive_bringup/config
[0.679s] -- Up-to-date: /home/dr/amr-travelobot/ros_ws/install/odrive_bringup/share/odrive_bringup/config/odrive_controllers.yaml
[0.683s] -- Up-to-date: /home/dr/amr-travelobot/ros_ws/install/odrive_bringup/share/odrive_bringup/launch
[0.685s] -- Installing: /home/dr/amr-travelobot/ros_ws/install/odrive_bringup/share/odrive_bringup/launch/odrive.launch.py
[0.692s] -- Up-to-date: /home/dr/amr-travelobot/ros_ws/install/odrive_bringup/share/ament_index/resource_index/package_run_dependencies/odrive_bringup
[0.698s] -- Up-to-date: /home/dr/amr-travelobot/ros_ws/install/odrive_bringup/share/ament_index/resource_index/parent_prefix_path/odrive_bringup
[0.699s] -- Up-to-date: /home/dr/amr-travelobot/ros_ws/install/odrive_bringup/share/odrive_bringup/environment/ament_prefix_path.sh
[0.699s] -- Up-to-date: /home/dr/amr-travelobot/ros_ws/install/odrive_bringup/share/odrive_bringup/environment/ament_prefix_path.dsv
[0.700s] -- Up-to-date: /home/dr/amr-travelobot/ros_ws/install/odrive_bringup/share/odrive_bringup/environment/path.sh
[0.701s] -- Up-to-date: /home/dr/amr-travelobot/ros_ws/install/odrive_bringup/share/odrive_bringup/environment/path.dsv
[0.701s] -- Up-to-date: /home/dr/amr-travelobot/ros_ws/install/odrive_bringup/share/odrive_bringup/local_setup.bash
[0.702s] -- Up-to-date: /home/dr/amr-travelobot/ros_ws/install/odrive_bringup/share/odrive_bringup/local_setup.sh
[0.702s] -- Up-to-date: /home/dr/amr-travelobot/ros_ws/install/odrive_bringup/share/odrive_bringup/local_setup.zsh
[0.702s] -- Up-to-date: /home/dr/amr-travelobot/ros_ws/install/odrive_bringup/share/odrive_bringup/local_setup.dsv
[0.703s] -- Installing: /home/dr/amr-travelobot/ros_ws/install/odrive_bringup/share/odrive_bringup/package.dsv
[0.703s] -- Up-to-date: /home/dr/amr-travelobot/ros_ws/install/odrive_bringup/share/ament_index/resource_index/packages/odrive_bringup
[0.704s] -- Up-to-date: /home/dr/amr-travelobot/ros_ws/install/odrive_bringup/share/odrive_bringup/cmake/odrive_bringupConfig.cmake
[0.705s] -- Up-to-date: /home/dr/amr-travelobot/ros_ws/install/odrive_bringup/share/odrive_bringup/cmake/odrive_bringupConfig-version.cmake
[0.706s] -- Up-to-date: /home/dr/amr-travelobot/ros_ws/install/odrive_bringup/share/odrive_bringup/package.xml
[1.730s] Invoked command in '/home/dr/amr-travelobot/ros_ws/build/odrive_bringup' returned '0': CMAKE_PREFIX_PATH=/home/dr/amr-travelobot/ros_ws/install/odrive_description:/home/dr/amr-travelobot/ros_ws/install/rosbot_bringup:/home/dr/amr-travelobot/ros_ws/install/odrive_ros2_control:/home/dr/amr-travelobot/ros_ws/install/odrive_hardware_interface:/home/dr/amr-travelobot/ros_ws/install/turtlesim:/home/dr/amr-travelobot/ros_ws/install/teleop_twist_joy:/home/dr/amr-travelobot/ros_ws/install/rplidar_ros2:/home/dr/amr-travelobot/ros_ws/install/rosbot_description:/home/dr/amr-travelobot/ros_ws/install/odrive_bringup:/home/dr/amr-travelobot/ros_ws/install/bno055:/opt/ros/foxy /usr/bin/cmake --install /home/dr/amr-travelobot/ros_ws/build/odrive_bringup
