[0.068s] Invoking command in '/home/dr/amr-travelobot/ros_ws/src/build/turtlesim': CMAKE_PREFIX_PATH=${CMAKE_PREFIX_PATH}:/home/dr/amr-travelobot/ros_ws/install/bno055:/opt/ros/foxy /usr/bin/cmake /home/dr/amr-travelobot/ros_ws/src/ros_tutorials/turtlesim -DCMAKE_INSTALL_PREFIX=/home/dr/amr-travelobot/ros_ws/src/install/turtlesim
[0.352s] -- The C compiler identification is GNU 9.4.0
[0.593s] -- The CXX compiler identification is GNU 9.4.0
[0.631s] -- Check for working C compiler: /usr/bin/cc
[0.948s] -- Check for working C compiler: /usr/bin/cc -- works
[0.952s] -- Detecting C compiler ABI info
[1.226s] -- Detecting C compiler ABI info - done
[1.304s] -- Detecting C compile features
[1.306s] -- Detecting C compile features - done
[1.333s] -- Check for working CXX compiler: /usr/bin/c++
[1.728s] -- Check for working CXX compiler: /usr/bin/c++ -- works
[1.733s] -- Detecting CXX compiler ABI info
[2.137s] -- Detecting CXX compiler ABI info - done
[2.214s] -- Detecting CXX compile features
[2.218s] -- Detecting CXX compile features - done
[2.240s] -- Found ament_cmake: 0.9.9 (/opt/ros/foxy/share/ament_cmake/cmake)
[2.376s] -- Found PythonInterp: /usr/bin/python3 (found suitable version "3.8.10", minimum required is "3") 
[2.377s] -- Using PYTHON_EXECUTABLE: /usr/bin/python3
[3.631s] -- Found ament_index_cpp: 1.1.0 (/opt/ros/foxy/share/ament_index_cpp/cmake)
[3.660s] -- Found geometry_msgs: 2.0.5 (/opt/ros/foxy/share/geometry_msgs/cmake)
[3.880s] -- Using all available rosidl_typesupport_c: rosidl_typesupport_fastrtps_c;rosidl_typesupport_introspection_c
[3.934s] -- Found rosidl_adapter: 1.2.1 (/opt/ros/foxy/share/rosidl_adapter/cmake)
[4.475s] -- Found OpenSSL: /usr/lib/aarch64-linux-gnu/libcrypto.so (found version "1.1.1f")  
[4.678s] -- Found FastRTPS: /opt/ros/foxy/include  
[5.195s] -- Using all available rosidl_typesupport_cpp: rosidl_typesupport_fastrtps_cpp;rosidl_typesupport_introspection_cpp
[5.744s] -- Found rclcpp: 2.4.1 (/opt/ros/foxy/share/rclcpp/cmake)
[5.997s] -- Found rmw_implementation_cmake: 1.0.3 (/opt/ros/foxy/share/rmw_implementation_cmake/cmake)
[6.007s] -- Using RMW implementation 'rmw_fastrtps_cpp' as default
[6.012s] -- Looking for pthread.h
[6.346s] -- Looking for pthread.h - found
[6.348s] -- Performing Test CMAKE_HAVE_LIBC_PTHREAD
[6.639s] -- Performing Test CMAKE_HAVE_LIBC_PTHREAD - Failed
[6.639s] -- Looking for pthread_create in pthreads
[6.864s] -- Looking for pthread_create in pthreads - not found
[6.865s] -- Looking for pthread_create in pthread
[7.149s] -- Looking for pthread_create in pthread - found
[7.154s] -- Found Threads: TRUE  
[7.878s] -- Found rclcpp_action: 2.4.1 (/opt/ros/foxy/share/rclcpp_action/cmake)
[8.265s] -- Found rosidl_default_generators: 1.0.1 (/opt/ros/foxy/share/rosidl_default_generators/cmake)
[8.341s] -- Found std_srvs: 2.0.5 (/opt/ros/foxy/share/std_srvs/cmake)
[8.496s] -- Found PythonInterp: /usr/bin/python3 (found version "3.8.10") 
[9.389s] -- Found ament_cmake_ros: 0.9.2 (/opt/ros/foxy/share/ament_cmake_ros/cmake)
[10.220s] -- Using all available rosidl_typesupport_c: rosidl_typesupport_fastrtps_c;rosidl_typesupport_introspection_c
[10.358s] -- Using all available rosidl_typesupport_cpp: rosidl_typesupport_fastrtps_cpp;rosidl_typesupport_introspection_cpp
[10.477s] -- Found PythonInterp: /usr/bin/python3 (found suitable version "3.8.10", minimum required is "3.5") 
[10.489s] -- Found python_cmake_module: 0.8.1 (/opt/ros/foxy/share/python_cmake_module/cmake)
[10.614s] -- Found PythonLibs: /usr/lib/aarch64-linux-gnu/libpython3.8.so (found suitable version "3.8.10", minimum required is "3.5") 
[10.615s] -- Using PYTHON_EXECUTABLE: /usr/bin/python3
[10.615s] -- Using PYTHON_INCLUDE_DIRS: /usr/include/python3.8
[10.615s] -- Using PYTHON_LIBRARIES: /usr/lib/aarch64-linux-gnu/libpython3.8.so
[10.709s] -- Found PythonExtra: .so  
[11.052s] -- Configuring done
[11.469s] -- Generating done
[11.486s] -- Build files have been written to: /home/dr/amr-travelobot/ros_ws/src/build/turtlesim
