[0.327s] Invoking command in '/home/dr/amr-travelobot/ros_ws/build/diffbot_description': CMAKE_PREFIX_PATH=${CMAKE_PREFIX_PATH}:/home/dr/amr-travelobot/ros_ws/install/ros2_control_test_nodes:/home/dr/amr-travelobot/ros_ws/install/bno055:/opt/ros/foxy /usr/bin/cmake --build /home/dr/amr-travelobot/ros_ws/build/diffbot_description -- -j4 -l4
[0.656s] Invoked command in '/home/dr/amr-travelobot/ros_ws/build/diffbot_description' returned '0': CMAKE_PREFIX_PATH=${CMAKE_PREFIX_PATH}:/home/dr/amr-travelobot/ros_ws/install/ros2_control_test_nodes:/home/dr/amr-travelobot/ros_ws/install/bno055:/opt/ros/foxy /usr/bin/cmake --build /home/dr/amr-travelobot/ros_ws/build/diffbot_description -- -j4 -l4
[0.833s] Invoking command in '/home/dr/amr-travelobot/ros_ws/build/diffbot_description': CMAKE_PREFIX_PATH=${CMAKE_PREFIX_PATH}:/home/dr/amr-travelobot/ros_ws/install/ros2_control_test_nodes:/home/dr/amr-travelobot/ros_ws/install/bno055:/opt/ros/foxy /usr/bin/cmake --install /home/dr/amr-travelobot/ros_ws/build/diffbot_description
[0.886s] -- Install configuration: ""
[0.888s] -- Execute custom install script
[0.894s] -- Up-to-date symlink: /home/dr/amr-travelobot/ros_ws/install/diffbot_description/share/diffbot_description/config/diffbot.rviz
[0.896s] -- Up-to-date symlink: /home/dr/amr-travelobot/ros_ws/install/diffbot_description/share/diffbot_description/gazebo/diffbot.gazebo.xacro
[0.898s] -- Up-to-date symlink: /home/dr/amr-travelobot/ros_ws/install/diffbot_description/share/diffbot_description/gazebo/diffbot.materials.xacro
[0.901s] -- Up-to-date symlink: /home/dr/amr-travelobot/ros_ws/install/diffbot_description/share/diffbot_description/ros2_control/diffbot_system.ros2_control.xacro
[0.903s] -- Up-to-date symlink: /home/dr/amr-travelobot/ros_ws/install/diffbot_description/share/diffbot_description/urdf/diffbot.urdf.xacro
[0.906s] -- Up-to-date symlink: /home/dr/amr-travelobot/ros_ws/install/diffbot_description/share/diffbot_description/urdf/diffbot_system.urdf.xacro
[0.916s] -- Up-to-date symlink: /home/dr/amr-travelobot/ros_ws/install/diffbot_description/share/ament_index/resource_index/package_run_dependencies/diffbot_description
[0.916s] -- Up-to-date symlink: /home/dr/amr-travelobot/ros_ws/install/diffbot_description/share/ament_index/resource_index/parent_prefix_path/diffbot_description
[0.925s] -- Up-to-date symlink: /home/dr/amr-travelobot/ros_ws/install/diffbot_description/share/diffbot_description/environment/ament_prefix_path.sh
[0.927s] -- Up-to-date symlink: /home/dr/amr-travelobot/ros_ws/install/diffbot_description/share/diffbot_description/environment/ament_prefix_path.dsv
[0.941s] -- Up-to-date symlink: /home/dr/amr-travelobot/ros_ws/install/diffbot_description/share/diffbot_description/environment/path.sh
[0.942s] -- Up-to-date symlink: /home/dr/amr-travelobot/ros_ws/install/diffbot_description/share/diffbot_description/environment/path.dsv
[0.942s] -- Up-to-date symlink: /home/dr/amr-travelobot/ros_ws/install/diffbot_description/share/diffbot_description/local_setup.bash
[0.943s] -- Up-to-date symlink: /home/dr/amr-travelobot/ros_ws/install/diffbot_description/share/diffbot_description/local_setup.sh
[0.946s] -- Up-to-date symlink: /home/dr/amr-travelobot/ros_ws/install/diffbot_description/share/diffbot_description/local_setup.zsh
[0.947s] -- Up-to-date symlink: /home/dr/amr-travelobot/ros_ws/install/diffbot_description/share/diffbot_description/local_setup.dsv
[0.948s] -- Symlinking: /home/dr/amr-travelobot/ros_ws/install/diffbot_description/share/diffbot_description/package.dsv
[0.980s] -- Up-to-date symlink: /home/dr/amr-travelobot/ros_ws/install/diffbot_description/share/ament_index/resource_index/packages/diffbot_description
[0.981s] -- Up-to-date symlink: /home/dr/amr-travelobot/ros_ws/install/diffbot_description/share/diffbot_description/cmake/diffbot_descriptionConfig.cmake
[0.982s] -- Up-to-date symlink: /home/dr/amr-travelobot/ros_ws/install/diffbot_description/share/diffbot_description/cmake/diffbot_descriptionConfig-version.cmake
[0.982s] -- Up-to-date symlink: /home/dr/amr-travelobot/ros_ws/install/diffbot_description/share/diffbot_description/package.xml
[0.991s] Invoked command in '/home/dr/amr-travelobot/ros_ws/build/diffbot_description' returned '0': CMAKE_PREFIX_PATH=${CMAKE_PREFIX_PATH}:/home/dr/amr-travelobot/ros_ws/install/ros2_control_test_nodes:/home/dr/amr-travelobot/ros_ws/install/bno055:/opt/ros/foxy /usr/bin/cmake --install /home/dr/amr-travelobot/ros_ws/build/diffbot_description
