[0.061s] Invoking command in '/home/dr/amr-travelobot/ros_ws/build/ros2_control_demos': AMENT_PREFIX_PATH=/home/dr/amr-travelobot/ros_ws/install/ros2_control_demo_bringup:/home/dr/amr-travelobot/ros_ws/install/rrbot_description:/home/dr/amr-travelobot/ros_ws/install/ros2_control_test_nodes:/home/dr/amr-travelobot/ros_ws/install/ros2_control_demo_hardware:/home/dr/amr-travelobot/ros_ws/install/diffbot_description:${AMENT_PREFIX_PATH} CMAKE_PREFIX_PATH=/home/dr/amr-travelobot/ros_ws/install/ros2_control_demo_bringup:/home/dr/amr-travelobot/ros_ws/install/rrbot_description:/home/dr/amr-travelobot/ros_ws/install/ros2_control_demo_hardware:/home/dr/amr-travelobot/ros_ws/install/diffbot_description:/opt/ros/foxy LD_LIBRARY_PATH=/home/dr/amr-travelobot/ros_ws/install/ros2_control_demo_hardware/lib:${LD_LIBRARY_PATH} PYTHONPATH=/home/dr/amr-travelobot/ros_ws/install/ros2_control_test_nodes/lib/python3.8/site-packages:${PYTHONPATH} /usr/bin/cmake /home/dr/amr-travelobot/ros_ws/src/ros2_control_demos/ros2_control_demos -DCMAKE_INSTALL_PREFIX=/home/dr/amr-travelobot/ros_ws/install/ros2_control_demos
[0.450s] -- The C compiler identification is GNU 9.4.0
[0.703s] -- The CXX compiler identification is GNU 9.4.0
[0.742s] -- Check for working C compiler: /usr/bin/cc
[1.214s] -- Check for working C compiler: /usr/bin/cc -- works
[1.219s] -- Detecting C compiler ABI info
[1.782s] -- Detecting C compiler ABI info - done
[1.956s] -- Detecting C compile features
[1.959s] -- Detecting C compile features - done
[1.977s] -- Check for working CXX compiler: /usr/bin/c++
[2.467s] -- Check for working CXX compiler: /usr/bin/c++ -- works
[2.470s] -- Detecting CXX compiler ABI info
[2.854s] -- Detecting CXX compiler ABI info - done
[2.936s] -- Detecting CXX compile features
[2.938s] -- Detecting CXX compile features - done
[2.955s] -- Found ament_cmake: 0.9.9 (/opt/ros/foxy/share/ament_cmake/cmake)
[3.109s] -- Found PythonInterp: /usr/bin/python3 (found suitable version "3.8.10", minimum required is "3") 
[3.111s] -- Using PYTHON_EXECUTABLE: /usr/bin/python3
[5.063s] -- Configuring done
[5.089s] -- Generating done
[5.093s] -- Build files have been written to: /home/dr/amr-travelobot/ros_ws/build/ros2_control_demos
[5.122s] Invoked command in '/home/dr/amr-travelobot/ros_ws/build/ros2_control_demos' returned '0': AMENT_PREFIX_PATH=/home/dr/amr-travelobot/ros_ws/install/ros2_control_demo_bringup:/home/dr/amr-travelobot/ros_ws/install/rrbot_description:/home/dr/amr-travelobot/ros_ws/install/ros2_control_test_nodes:/home/dr/amr-travelobot/ros_ws/install/ros2_control_demo_hardware:/home/dr/amr-travelobot/ros_ws/install/diffbot_description:${AMENT_PREFIX_PATH} CMAKE_PREFIX_PATH=/home/dr/amr-travelobot/ros_ws/install/ros2_control_demo_bringup:/home/dr/amr-travelobot/ros_ws/install/rrbot_description:/home/dr/amr-travelobot/ros_ws/install/ros2_control_demo_hardware:/home/dr/amr-travelobot/ros_ws/install/diffbot_description:/opt/ros/foxy LD_LIBRARY_PATH=/home/dr/amr-travelobot/ros_ws/install/ros2_control_demo_hardware/lib:${LD_LIBRARY_PATH} PYTHONPATH=/home/dr/amr-travelobot/ros_ws/install/ros2_control_test_nodes/lib/python3.8/site-packages:${PYTHONPATH} /usr/bin/cmake /home/dr/amr-travelobot/ros_ws/src/ros2_control_demos/ros2_control_demos -DCMAKE_INSTALL_PREFIX=/home/dr/amr-travelobot/ros_ws/install/ros2_control_demos
[5.129s] Invoking command in '/home/dr/amr-travelobot/ros_ws/build/ros2_control_demos': AMENT_PREFIX_PATH=/home/dr/amr-travelobot/ros_ws/install/ros2_control_demo_bringup:/home/dr/amr-travelobot/ros_ws/install/rrbot_description:/home/dr/amr-travelobot/ros_ws/install/ros2_control_test_nodes:/home/dr/amr-travelobot/ros_ws/install/ros2_control_demo_hardware:/home/dr/amr-travelobot/ros_ws/install/diffbot_description:${AMENT_PREFIX_PATH} CMAKE_PREFIX_PATH=/home/dr/amr-travelobot/ros_ws/install/ros2_control_demo_bringup:/home/dr/amr-travelobot/ros_ws/install/rrbot_description:/home/dr/amr-travelobot/ros_ws/install/ros2_control_demo_hardware:/home/dr/amr-travelobot/ros_ws/install/diffbot_description:/opt/ros/foxy LD_LIBRARY_PATH=/home/dr/amr-travelobot/ros_ws/install/ros2_control_demo_hardware/lib:${LD_LIBRARY_PATH} PYTHONPATH=/home/dr/amr-travelobot/ros_ws/install/ros2_control_test_nodes/lib/python3.8/site-packages:${PYTHONPATH} /usr/bin/cmake --build /home/dr/amr-travelobot/ros_ws/build/ros2_control_demos -- -j4 -l4
[5.494s] Invoked command in '/home/dr/amr-travelobot/ros_ws/build/ros2_control_demos' returned '0': AMENT_PREFIX_PATH=/home/dr/amr-travelobot/ros_ws/install/ros2_control_demo_bringup:/home/dr/amr-travelobot/ros_ws/install/rrbot_description:/home/dr/amr-travelobot/ros_ws/install/ros2_control_test_nodes:/home/dr/amr-travelobot/ros_ws/install/ros2_control_demo_hardware:/home/dr/amr-travelobot/ros_ws/install/diffbot_description:${AMENT_PREFIX_PATH} CMAKE_PREFIX_PATH=/home/dr/amr-travelobot/ros_ws/install/ros2_control_demo_bringup:/home/dr/amr-travelobot/ros_ws/install/rrbot_description:/home/dr/amr-travelobot/ros_ws/install/ros2_control_demo_hardware:/home/dr/amr-travelobot/ros_ws/install/diffbot_description:/opt/ros/foxy LD_LIBRARY_PATH=/home/dr/amr-travelobot/ros_ws/install/ros2_control_demo_hardware/lib:${LD_LIBRARY_PATH} PYTHONPATH=/home/dr/amr-travelobot/ros_ws/install/ros2_control_test_nodes/lib/python3.8/site-packages:${PYTHONPATH} /usr/bin/cmake --build /home/dr/amr-travelobot/ros_ws/build/ros2_control_demos -- -j4 -l4
[5.863s] Invoking command in '/home/dr/amr-travelobot/ros_ws/build/ros2_control_demos': AMENT_PREFIX_PATH=/home/dr/amr-travelobot/ros_ws/install/ros2_control_demo_bringup:/home/dr/amr-travelobot/ros_ws/install/rrbot_description:/home/dr/amr-travelobot/ros_ws/install/ros2_control_test_nodes:/home/dr/amr-travelobot/ros_ws/install/ros2_control_demo_hardware:/home/dr/amr-travelobot/ros_ws/install/diffbot_description:${AMENT_PREFIX_PATH} CMAKE_PREFIX_PATH=/home/dr/amr-travelobot/ros_ws/install/ros2_control_demo_bringup:/home/dr/amr-travelobot/ros_ws/install/rrbot_description:/home/dr/amr-travelobot/ros_ws/install/ros2_control_demo_hardware:/home/dr/amr-travelobot/ros_ws/install/diffbot_description:/opt/ros/foxy LD_LIBRARY_PATH=/home/dr/amr-travelobot/ros_ws/install/ros2_control_demo_hardware/lib:${LD_LIBRARY_PATH} PYTHONPATH=/home/dr/amr-travelobot/ros_ws/install/ros2_control_test_nodes/lib/python3.8/site-packages:${PYTHONPATH} /usr/bin/cmake --install /home/dr/amr-travelobot/ros_ws/build/ros2_control_demos
[6.006s] -- Install configuration: ""
[6.008s] -- Installing: /home/dr/amr-travelobot/ros_ws/install/ros2_control_demos/share/ament_index/resource_index/package_run_dependencies/ros2_control_demos
[6.009s] -- Installing: /home/dr/amr-travelobot/ros_ws/install/ros2_control_demos/share/ament_index/resource_index/parent_prefix_path/ros2_control_demos
[6.012s] -- Installing: /home/dr/amr-travelobot/ros_ws/install/ros2_control_demos/share/ros2_control_demos/environment/ament_prefix_path.sh
[6.039s] -- Installing: /home/dr/amr-travelobot/ros_ws/install/ros2_control_demos/share/ros2_control_demos/environment/ament_prefix_path.dsv
[6.043s] -- Installing: /home/dr/amr-travelobot/ros_ws/install/ros2_control_demos/share/ros2_control_demos/environment/path.sh
[6.046s] -- Installing: /home/dr/amr-travelobot/ros_ws/install/ros2_control_demos/share/ros2_control_demos/environment/path.dsv
[6.051s] -- Installing: /home/dr/amr-travelobot/ros_ws/install/ros2_control_demos/share/ros2_control_demos/local_setup.bash
[6.056s] -- Installing: /home/dr/amr-travelobot/ros_ws/install/ros2_control_demos/share/ros2_control_demos/local_setup.sh
[6.061s] -- Installing: /home/dr/amr-travelobot/ros_ws/install/ros2_control_demos/share/ros2_control_demos/local_setup.zsh
[6.069s] -- Installing: /home/dr/amr-travelobot/ros_ws/install/ros2_control_demos/share/ros2_control_demos/local_setup.dsv
[6.074s] -- Installing: /home/dr/amr-travelobot/ros_ws/install/ros2_control_demos/share/ros2_control_demos/package.dsv
[6.076s] -- Installing: /home/dr/amr-travelobot/ros_ws/install/ros2_control_demos/share/ament_index/resource_index/packages/ros2_control_demos
[6.087s] -- Installing: /home/dr/amr-travelobot/ros_ws/install/ros2_control_demos/share/ros2_control_demos/cmake/ros2_control_demosConfig.cmake
[6.092s] -- Installing: /home/dr/amr-travelobot/ros_ws/install/ros2_control_demos/share/ros2_control_demos/cmake/ros2_control_demosConfig-version.cmake
[6.102s] -- Installing: /home/dr/amr-travelobot/ros_ws/install/ros2_control_demos/share/ros2_control_demos/package.xml
[6.133s] Invoked command in '/home/dr/amr-travelobot/ros_ws/build/ros2_control_demos' returned '0': AMENT_PREFIX_PATH=/home/dr/amr-travelobot/ros_ws/install/ros2_control_demo_bringup:/home/dr/amr-travelobot/ros_ws/install/rrbot_description:/home/dr/amr-travelobot/ros_ws/install/ros2_control_test_nodes:/home/dr/amr-travelobot/ros_ws/install/ros2_control_demo_hardware:/home/dr/amr-travelobot/ros_ws/install/diffbot_description:${AMENT_PREFIX_PATH} CMAKE_PREFIX_PATH=/home/dr/amr-travelobot/ros_ws/install/ros2_control_demo_bringup:/home/dr/amr-travelobot/ros_ws/install/rrbot_description:/home/dr/amr-travelobot/ros_ws/install/ros2_control_demo_hardware:/home/dr/amr-travelobot/ros_ws/install/diffbot_description:/opt/ros/foxy LD_LIBRARY_PATH=/home/dr/amr-travelobot/ros_ws/install/ros2_control_demo_hardware/lib:${LD_LIBRARY_PATH} PYTHONPATH=/home/dr/amr-travelobot/ros_ws/install/ros2_control_test_nodes/lib/python3.8/site-packages:${PYTHONPATH} /usr/bin/cmake --install /home/dr/amr-travelobot/ros_ws/build/ros2_control_demos
