[0.168s] Invoking command in '/home/dr/amr-travelobot/ros_ws/build/odrive_hardware_interface': CMAKE_PREFIX_PATH=/opt/ros/foxy /usr/bin/cmake --build /home/dr/amr-travelobot/ros_ws/build/odrive_hardware_interface -- -j4 -l4
[0.350s] -- Found ament_cmake_auto: 1.1.5 (/opt/ros/galactic/share/ament_cmake_auto/cmake)
[0.479s] -- Using PYTHON_EXECUTABLE: /usr/bin/python3
[1.993s] -- Using all available rosidl_typesupport_c: rosidl_typesupport_fastrtps_c;rosidl_typesupport_introspection_c
[2.012s] -- Found rosidl_adapter: 2.2.2 (/opt/ros/galactic/share/rosidl_adapter/cmake)
[2.835s] -- Using all available rosidl_typesupport_cpp: rosidl_typesupport_fastrtps_cpp;rosidl_typesupport_introspection_cpp
[5.699s] -- Found rmw_implementation_cmake: 3.3.1 (/opt/ros/galactic/share/rmw_implementation_cmake/cmake)
[5.709s] -- Found rmw_fastrtps_cpp: 1.3.0 (/opt/ros/foxy/share/rmw_fastrtps_cpp/cmake)
[6.398s] -- Using RMW implementation 'rmw_fastrtps_cpp' as default
[7.492s] -- Found ament_lint_auto: 0.10.7 (/opt/ros/galactic/share/ament_lint_auto/cmake)
[7.549s] -- Added test 'copyright' to check source files copyright and LICENSE
[7.555s] -- Added test 'cppcheck' to perform static code analysis on C / C++ code
[7.557s] -- Configured cppcheck include dirs: /home/dr/amr-travelobot/ros_ws/src/odrive_ros2_control/odrive_hardware_interface/include
[7.557s] -- Configured cppcheck exclude dirs and/or files: 
[7.562s] -- Added test 'cpplint' to check C / C++ code against the Google style
[7.562s] -- Configured cpplint exclude dirs and/or files: 
[7.565s] -- Added test 'lint_cmake' to check CMake code style
[7.571s] -- Added test 'uncrustify' to check C / C++ code style
[7.571s] -- Configured uncrustify additional arguments: 
[7.573s] -- Added test 'xmllint' to check XML markup files
[7.603s] -- Configuring done
[7.871s] -- Generating done
[7.882s] -- Build files have been written to: /home/dr/amr-travelobot/ros_ws/build/odrive_hardware_interface
[7.985s] [35m[1mScanning dependencies of target odrive_usb[0m
[8.027s] [ 25%] [32mBuilding CXX object CMakeFiles/odrive_usb.dir/src/odrive_usb.cpp.o[0m
[10.876s] [ 50%] [32m[1mLinking CXX shared library libodrive_usb.so[0m
[11.390s] [ 50%] Built target odrive_usb
[11.434s] [35m[1mScanning dependencies of target odrive_hardware_interface[0m
[11.573s] [ 75%] [32mBuilding CXX object CMakeFiles/odrive_hardware_interface.dir/src/odrive_hardware_interface.cpp.o[0m
[12.066s] In file included from [01m[K/home/dr/amr-travelobot/ros_ws/src/odrive_ros2_control/odrive_hardware_interface/src/odrive_hardware_interface.cpp:15[m[K:
[12.066s] [01m[K/home/dr/amr-travelobot/ros_ws/src/odrive_ros2_control/odrive_hardware_interface/include/odrive_hardware_interface/odrive_hardware_interface.hpp:20:10:[m[K [01;31m[Kfatal error: [m[Khardware_interface/base_interface.hpp: No such file or directory
[12.067s]    20 | #include [01;31m[K"hardware_interface/base_interface.hpp"[m[K
[12.067s]       |          [01;31m[K^~~~~~~~~~~~~~~~~~~~~~~~~~~~~~~~~~~~~~~[m[K
[12.068s] compilation terminated.
[12.079s] make[2]: *** [CMakeFiles/odrive_hardware_interface.dir/build.make:63: CMakeFiles/odrive_hardware_interface.dir/src/odrive_hardware_interface.cpp.o] Error 1
[12.081s] make[1]: *** [CMakeFiles/Makefile2:80: CMakeFiles/odrive_hardware_interface.dir/all] Error 2
[12.081s] make: *** [Makefile:141: all] Error 2
[12.093s] Invoked command in '/home/dr/amr-travelobot/ros_ws/build/odrive_hardware_interface' returned '2': CMAKE_PREFIX_PATH=/opt/ros/foxy /usr/bin/cmake --build /home/dr/amr-travelobot/ros_ws/build/odrive_hardware_interface -- -j4 -l4
