[0.161s] Invoking command in '/home/dr/amr-travelobot/ros_ws/build/odrive_bringup': CMAKE_PREFIX_PATH=/home/dr/amr-travelobot/ros_ws/install/odrive_description:/home/dr/amr-travelobot/ros_ws/install/turtlesim:/home/dr/amr-travelobot/ros_ws/install/rosbot_bringup:/home/dr/amr-travelobot/ros_ws/install/teleop_twist_joy:/home/dr/amr-travelobot/ros_ws/install/ros2_control_demos:/home/dr/amr-travelobot/ros_ws/install/ros2_control_demo_bringup:/home/dr/amr-travelobot/ros_ws/install/rrbot_description:/home/dr/amr-travelobot/ros_ws/install/rplidar_ros2:/home/dr/amr-travelobot/ros_ws/install/rosbot_description:/home/dr/amr-travelobot/ros_ws/install/ros2_control_demo_hardware:/home/dr/amr-travelobot/ros_ws/install/odrive_ros2_control:/home/dr/amr-travelobot/ros_ws/install/odrive_hardware_interface:/home/dr/amr-travelobot/ros_ws/install/odrive_bringup:/home/dr/amr-travelobot/ros_ws/install/diffbot_description:/home/dr/amr-travelobot/ros_ws/install/ros2_control_test_nodes:/home/dr/amr-travelobot/ros_ws/install/bno055:/opt/ros/foxy /usr/bin/cmake --build /home/dr/amr-travelobot/ros_ws/build/odrive_bringup -- -j4 -l4
[0.451s] Invoked command in '/home/dr/amr-travelobot/ros_ws/build/odrive_bringup' returned '0': CMAKE_PREFIX_PATH=/home/dr/amr-travelobot/ros_ws/install/odrive_description:/home/dr/amr-travelobot/ros_ws/install/turtlesim:/home/dr/amr-travelobot/ros_ws/install/rosbot_bringup:/home/dr/amr-travelobot/ros_ws/install/teleop_twist_joy:/home/dr/amr-travelobot/ros_ws/install/ros2_control_demos:/home/dr/amr-travelobot/ros_ws/install/ros2_control_demo_bringup:/home/dr/amr-travelobot/ros_ws/install/rrbot_description:/home/dr/amr-travelobot/ros_ws/install/rplidar_ros2:/home/dr/amr-travelobot/ros_ws/install/rosbot_description:/home/dr/amr-travelobot/ros_ws/install/ros2_control_demo_hardware:/home/dr/amr-travelobot/ros_ws/install/odrive_ros2_control:/home/dr/amr-travelobot/ros_ws/install/odrive_hardware_interface:/home/dr/amr-travelobot/ros_ws/install/odrive_bringup:/home/dr/amr-travelobot/ros_ws/install/diffbot_description:/home/dr/amr-travelobot/ros_ws/install/ros2_control_test_nodes:/home/dr/amr-travelobot/ros_ws/install/bno055:/opt/ros/foxy /usr/bin/cmake --build /home/dr/amr-travelobot/ros_ws/build/odrive_bringup -- -j4 -l4
[1.595s] Invoking command in '/home/dr/amr-travelobot/ros_ws/build/odrive_bringup': CMAKE_PREFIX_PATH=/home/dr/amr-travelobot/ros_ws/install/odrive_description:/home/dr/amr-travelobot/ros_ws/install/turtlesim:/home/dr/amr-travelobot/ros_ws/install/rosbot_bringup:/home/dr/amr-travelobot/ros_ws/install/teleop_twist_joy:/home/dr/amr-travelobot/ros_ws/install/ros2_control_demos:/home/dr/amr-travelobot/ros_ws/install/ros2_control_demo_bringup:/home/dr/amr-travelobot/ros_ws/install/rrbot_description:/home/dr/amr-travelobot/ros_ws/install/rplidar_ros2:/home/dr/amr-travelobot/ros_ws/install/rosbot_description:/home/dr/amr-travelobot/ros_ws/install/ros2_control_demo_hardware:/home/dr/amr-travelobot/ros_ws/install/odrive_ros2_control:/home/dr/amr-travelobot/ros_ws/install/odrive_hardware_interface:/home/dr/amr-travelobot/ros_ws/install/odrive_bringup:/home/dr/amr-travelobot/ros_ws/install/diffbot_description:/home/dr/amr-travelobot/ros_ws/install/ros2_control_test_nodes:/home/dr/amr-travelobot/ros_ws/install/bno055:/opt/ros/foxy /usr/bin/cmake --install /home/dr/amr-travelobot/ros_ws/build/odrive_bringup
[1.651s] -- Install configuration: ""
[1.652s] -- Up-to-date: /home/dr/amr-travelobot/ros_ws/install/odrive_bringup/share/odrive_bringup/config
[1.652s] -- Up-to-date: /home/dr/amr-travelobot/ros_ws/install/odrive_bringup/share/odrive_bringup/config/odrive_controllers.yaml
[1.653s] -- Up-to-date: /home/dr/amr-travelobot/ros_ws/install/odrive_bringup/share/odrive_bringup/launch
[1.653s] -- Installing: /home/dr/amr-travelobot/ros_ws/install/odrive_bringup/share/odrive_bringup/launch/odrive.launch.py
[1.654s] -- Up-to-date: /home/dr/amr-travelobot/ros_ws/install/odrive_bringup/share/ament_index/resource_index/package_run_dependencies/odrive_bringup
[1.654s] -- Up-to-date: /home/dr/amr-travelobot/ros_ws/install/odrive_bringup/share/ament_index/resource_index/parent_prefix_path/odrive_bringup
[1.655s] -- Up-to-date: /home/dr/amr-travelobot/ros_ws/install/odrive_bringup/share/odrive_bringup/environment/ament_prefix_path.sh
[1.655s] -- Up-to-date: /home/dr/amr-travelobot/ros_ws/install/odrive_bringup/share/odrive_bringup/environment/ament_prefix_path.dsv
[1.655s] -- Up-to-date: /home/dr/amr-travelobot/ros_ws/install/odrive_bringup/share/odrive_bringup/environment/path.sh
[1.656s] -- Up-to-date: /home/dr/amr-travelobot/ros_ws/install/odrive_bringup/share/odrive_bringup/environment/path.dsv
[1.656s] -- Up-to-date: /home/dr/amr-travelobot/ros_ws/install/odrive_bringup/share/odrive_bringup/local_setup.bash
[1.675s] -- Up-to-date: /home/dr/amr-travelobot/ros_ws/install/odrive_bringup/share/odrive_bringup/local_setup.sh
[1.676s] -- Up-to-date: /home/dr/amr-travelobot/ros_ws/install/odrive_bringup/share/odrive_bringup/local_setup.zsh
[1.677s] -- Up-to-date: /home/dr/amr-travelobot/ros_ws/install/odrive_bringup/share/odrive_bringup/local_setup.dsv
[1.678s] -- Installing: /home/dr/amr-travelobot/ros_ws/install/odrive_bringup/share/odrive_bringup/package.dsv
[1.691s] -- Up-to-date: /home/dr/amr-travelobot/ros_ws/install/odrive_bringup/share/ament_index/resource_index/packages/odrive_bringup
[1.693s] -- Up-to-date: /home/dr/amr-travelobot/ros_ws/install/odrive_bringup/share/odrive_bringup/cmake/odrive_bringupConfig.cmake
[1.693s] -- Up-to-date: /home/dr/amr-travelobot/ros_ws/install/odrive_bringup/share/odrive_bringup/cmake/odrive_bringupConfig-version.cmake
[1.695s] -- Up-to-date: /home/dr/amr-travelobot/ros_ws/install/odrive_bringup/share/odrive_bringup/package.xml
[1.744s] Invoked command in '/home/dr/amr-travelobot/ros_ws/build/odrive_bringup' returned '0': CMAKE_PREFIX_PATH=/home/dr/amr-travelobot/ros_ws/install/odrive_description:/home/dr/amr-travelobot/ros_ws/install/turtlesim:/home/dr/amr-travelobot/ros_ws/install/rosbot_bringup:/home/dr/amr-travelobot/ros_ws/install/teleop_twist_joy:/home/dr/amr-travelobot/ros_ws/install/ros2_control_demos:/home/dr/amr-travelobot/ros_ws/install/ros2_control_demo_bringup:/home/dr/amr-travelobot/ros_ws/install/rrbot_description:/home/dr/amr-travelobot/ros_ws/install/rplidar_ros2:/home/dr/amr-travelobot/ros_ws/install/rosbot_description:/home/dr/amr-travelobot/ros_ws/install/ros2_control_demo_hardware:/home/dr/amr-travelobot/ros_ws/install/odrive_ros2_control:/home/dr/amr-travelobot/ros_ws/install/odrive_hardware_interface:/home/dr/amr-travelobot/ros_ws/install/odrive_bringup:/home/dr/amr-travelobot/ros_ws/install/diffbot_description:/home/dr/amr-travelobot/ros_ws/install/ros2_control_test_nodes:/home/dr/amr-travelobot/ros_ws/install/bno055:/opt/ros/foxy /usr/bin/cmake --install /home/dr/amr-travelobot/ros_ws/build/odrive_bringup
