[0.223s] Invoking command in '/home/dr/amr-travelobot/ros_ws/build/odrive_description': CMAKE_PREFIX_PATH=${CMAKE_PREFIX_PATH}:/home/dr/amr-travelobot/ros_ws/install/bno055:/opt/ros/galactic /usr/bin/cmake /home/dr/amr-travelobot/ros_ws/src/odrive_ros2_control/odrive_description -DCMAKE_INSTALL_PREFIX=/home/dr/amr-travelobot/ros_ws/install/odrive_description
[1.275s] -- The C compiler identification is GNU 9.4.0
[1.829s] -- The CXX compiler identification is GNU 9.4.0
[1.861s] -- Check for working C compiler: /usr/bin/cc
[2.169s] -- Check for working C compiler: /usr/bin/cc -- works
[2.171s] -- Detecting C compiler ABI info
[2.472s] -- Detecting C compiler ABI info - done
[2.528s] -- Detecting C compile features
[2.529s] -- Detecting C compile features - done
[2.539s] -- Check for working CXX compiler: /usr/bin/c++
[2.888s] -- Check for working CXX compiler: /usr/bin/c++ -- works
[2.894s] -- Detecting CXX compiler ABI info
[3.224s] -- Detecting CXX compiler ABI info - done
[3.276s] -- Detecting CXX compile features
[3.278s] -- Detecting CXX compile features - done
[3.305s] -- Found ament_cmake_auto: 1.1.5 (/opt/ros/galactic/share/ament_cmake_auto/cmake)
[3.499s] -- Found PythonInterp: /usr/bin/python3 (found suitable version "3.8.10", minimum required is "3") 
[3.499s] -- Using PYTHON_EXECUTABLE: /usr/bin/python3
[4.297s] -- Configuring done
[4.306s] -- Generating done
[4.311s] -- Build files have been written to: /home/dr/amr-travelobot/ros_ws/build/odrive_description
[4.362s] Invoked command in '/home/dr/amr-travelobot/ros_ws/build/odrive_description' returned '0': CMAKE_PREFIX_PATH=${CMAKE_PREFIX_PATH}:/home/dr/amr-travelobot/ros_ws/install/bno055:/opt/ros/galactic /usr/bin/cmake /home/dr/amr-travelobot/ros_ws/src/odrive_ros2_control/odrive_description -DCMAKE_INSTALL_PREFIX=/home/dr/amr-travelobot/ros_ws/install/odrive_description
[4.366s] Invoking command in '/home/dr/amr-travelobot/ros_ws/build/odrive_description': CMAKE_PREFIX_PATH=${CMAKE_PREFIX_PATH}:/home/dr/amr-travelobot/ros_ws/install/bno055:/opt/ros/galactic /usr/bin/cmake --build /home/dr/amr-travelobot/ros_ws/build/odrive_description -- -j4 -l4
[4.567s] Invoked command in '/home/dr/amr-travelobot/ros_ws/build/odrive_description' returned '0': CMAKE_PREFIX_PATH=${CMAKE_PREFIX_PATH}:/home/dr/amr-travelobot/ros_ws/install/bno055:/opt/ros/galactic /usr/bin/cmake --build /home/dr/amr-travelobot/ros_ws/build/odrive_description -- -j4 -l4
[4.694s] Invoking command in '/home/dr/amr-travelobot/ros_ws/build/odrive_description': CMAKE_PREFIX_PATH=${CMAKE_PREFIX_PATH}:/home/dr/amr-travelobot/ros_ws/install/bno055:/opt/ros/galactic /usr/bin/cmake --install /home/dr/amr-travelobot/ros_ws/build/odrive_description
[4.742s] -- Install configuration: ""
[4.743s] -- Installing: /home/dr/amr-travelobot/ros_ws/install/odrive_description/share/odrive_description/urdf
[4.744s] -- Installing: /home/dr/amr-travelobot/ros_ws/install/odrive_description/share/odrive_description/urdf/odrive.ros2_control.xacro
[4.745s] -- Installing: /home/dr/amr-travelobot/ros_ws/install/odrive_description/share/odrive_description/urdf/odrive.urdf.xacro
[4.746s] -- Installing: /home/dr/amr-travelobot/ros_ws/install/odrive_description/share/ament_index/resource_index/package_run_dependencies/odrive_description
[4.746s] -- Installing: /home/dr/amr-travelobot/ros_ws/install/odrive_description/share/ament_index/resource_index/parent_prefix_path/odrive_description
[4.747s] -- Installing: /home/dr/amr-travelobot/ros_ws/install/odrive_description/share/odrive_description/environment/ament_prefix_path.sh
[4.747s] -- Installing: /home/dr/amr-travelobot/ros_ws/install/odrive_description/share/odrive_description/environment/ament_prefix_path.dsv
[4.748s] -- Installing: /home/dr/amr-travelobot/ros_ws/install/odrive_description/share/odrive_description/environment/path.sh
[4.748s] -- Installing: /home/dr/amr-travelobot/ros_ws/install/odrive_description/share/odrive_description/environment/path.dsv
[4.754s] -- Installing: /home/dr/amr-travelobot/ros_ws/install/odrive_description/share/odrive_description/local_setup.bash
[4.754s] -- Installing: /home/dr/amr-travelobot/ros_ws/install/odrive_description/share/odrive_description/local_setup.sh
[4.755s] -- Installing: /home/dr/amr-travelobot/ros_ws/install/odrive_description/share/odrive_description/local_setup.zsh
[4.756s] -- Installing: /home/dr/amr-travelobot/ros_ws/install/odrive_description/share/odrive_description/local_setup.dsv
[4.756s] -- Installing: /home/dr/amr-travelobot/ros_ws/install/odrive_description/share/odrive_description/package.dsv
[4.757s] -- Installing: /home/dr/amr-travelobot/ros_ws/install/odrive_description/share/ament_index/resource_index/packages/odrive_description
[4.757s] -- Installing: /home/dr/amr-travelobot/ros_ws/install/odrive_description/share/odrive_description/cmake/odrive_descriptionConfig.cmake
[4.758s] -- Installing: /home/dr/amr-travelobot/ros_ws/install/odrive_description/share/odrive_description/cmake/odrive_descriptionConfig-version.cmake
[4.759s] -- Installing: /home/dr/amr-travelobot/ros_ws/install/odrive_description/share/odrive_description/package.xml
[4.764s] Invoked command in '/home/dr/amr-travelobot/ros_ws/build/odrive_description' returned '0': CMAKE_PREFIX_PATH=${CMAKE_PREFIX_PATH}:/home/dr/amr-travelobot/ros_ws/install/bno055:/opt/ros/galactic /usr/bin/cmake --install /home/dr/amr-travelobot/ros_ws/build/odrive_description
