[0.113s] Invoking command in '/home/dr/amr-travelobot/ros_ws/build/odrive_hardware_interface': CMAKE_PREFIX_PATH=${CMAKE_PREFIX_PATH}:/home/dr/amr-travelobot/ros_ws/install/bno055:/opt/ros/foxy /usr/bin/cmake /home/dr/amr-travelobot/ros_ws/src/odrive_ros2_control/odrive_hardware_interface -DCMAKE_INSTALL_PREFIX=/home/dr/amr-travelobot/ros_ws/install/odrive_hardware_interface
[0.340s] -- The C compiler identification is GNU 9.4.0
[0.580s] -- The CXX compiler identification is GNU 9.4.0
[0.600s] -- Check for working C compiler: /usr/bin/cc
[0.876s] -- Check for working C compiler: /usr/bin/cc -- works
[0.879s] -- Detecting C compiler ABI info
[1.153s] -- Detecting C compiler ABI info - done
[1.202s] -- Detecting C compile features
[1.204s] -- Detecting C compile features - done
[1.216s] -- Check for working CXX compiler: /usr/bin/c++
[1.517s] -- Check for working CXX compiler: /usr/bin/c++ -- works
[1.520s] -- Detecting CXX compiler ABI info
[1.820s] -- Detecting CXX compiler ABI info - done
[1.868s] -- Detecting CXX compile features
[1.870s] -- Detecting CXX compile features - done
[1.884s] -- Found ament_cmake_auto: 0.9.9 (/opt/ros/foxy/share/ament_cmake_auto/cmake)
[2.014s] -- Found PythonInterp: /usr/bin/python3 (found suitable version "3.8.10", minimum required is "3") 
[2.015s] -- Using PYTHON_EXECUTABLE: /usr/bin/python3
[3.684s] -- Using all available rosidl_typesupport_c: rosidl_typesupport_fastrtps_c;rosidl_typesupport_introspection_c
[3.746s] -- Found rosidl_adapter: 1.2.1 (/opt/ros/foxy/share/rosidl_adapter/cmake)
[4.357s] -- Found OpenSSL: /usr/lib/aarch64-linux-gnu/libcrypto.so (found version "1.1.1f")  
[4.557s] -- Found FastRTPS: /opt/ros/foxy/include  
[5.060s] -- Using all available rosidl_typesupport_cpp: rosidl_typesupport_fastrtps_cpp;rosidl_typesupport_introspection_cpp
[7.722s] -- Found rmw_implementation_cmake: 1.0.3 (/opt/ros/foxy/share/rmw_implementation_cmake/cmake)
[7.729s] -- Using RMW implementation 'rmw_fastrtps_cpp' as default
[7.733s] -- Looking for pthread.h
[8.003s] -- Looking for pthread.h - found
[8.004s] -- Performing Test CMAKE_HAVE_LIBC_PTHREAD
[8.260s] -- Performing Test CMAKE_HAVE_LIBC_PTHREAD - Failed
[8.260s] -- Looking for pthread_create in pthreads
[8.465s] -- Looking for pthread_create in pthreads - not found
[8.466s] -- Looking for pthread_create in pthread
[8.712s] -- Looking for pthread_create in pthread - found
[8.716s] -- Found Threads: TRUE  
[9.356s] -- Checking for one of the modules 'libusb-1.0'
[9.693s] -- Found ament_lint_auto: 0.9.6 (/opt/ros/foxy/share/ament_lint_auto/cmake)
[9.830s] -- Added test 'copyright' to check source files copyright and LICENSE
[9.836s] -- Added test 'cppcheck' to perform static code analysis on C / C++ code
[9.838s] -- Configured cppcheck include dirs: /home/dr/amr-travelobot/ros_ws/src/odrive_ros2_control/odrive_hardware_interface/include
[9.838s] -- Configured cppcheck exclude dirs and/or files: 
[9.843s] -- Added test 'cpplint' to check C / C++ code against the Google style
[9.844s] -- Configured cpplint exclude dirs and/or files: 
[9.847s] -- Added test 'lint_cmake' to check CMake code style
[9.853s] -- Added test 'uncrustify' to check C / C++ code style
[9.853s] -- Configured uncrustify additional arguments: 
[9.856s] -- Added test 'xmllint' to check XML markup files
[9.879s] -- Configuring done
[10.011s] -- Generating done
[10.018s] -- Build files have been written to: /home/dr/amr-travelobot/ros_ws/build/odrive_hardware_interface
[10.053s] Invoked command in '/home/dr/amr-travelobot/ros_ws/build/odrive_hardware_interface' returned '0': CMAKE_PREFIX_PATH=${CMAKE_PREFIX_PATH}:/home/dr/amr-travelobot/ros_ws/install/bno055:/opt/ros/foxy /usr/bin/cmake /home/dr/amr-travelobot/ros_ws/src/odrive_ros2_control/odrive_hardware_interface -DCMAKE_INSTALL_PREFIX=/home/dr/amr-travelobot/ros_ws/install/odrive_hardware_interface
[10.061s] Invoking command in '/home/dr/amr-travelobot/ros_ws/build/odrive_hardware_interface': CMAKE_PREFIX_PATH=${CMAKE_PREFIX_PATH}:/home/dr/amr-travelobot/ros_ws/install/bno055:/opt/ros/foxy /usr/bin/cmake --build /home/dr/amr-travelobot/ros_ws/build/odrive_hardware_interface -- -j4 -l4
[10.208s] [35m[1mScanning dependencies of target odrive_usb[0m
[10.248s] [ 25%] [32mBuilding CXX object CMakeFiles/odrive_usb.dir/src/odrive_usb.cpp.o[0m
[12.500s] [ 50%] [32m[1mLinking CXX shared library libodrive_usb.so[0m
[12.852s] [ 50%] Built target odrive_usb
[12.889s] [35m[1mScanning dependencies of target odrive_hardware_interface[0m
[13.037s] [ 75%] [32mBuilding CXX object CMakeFiles/odrive_hardware_interface.dir/src/odrive_hardware_interface.cpp.o[0m
[25.005s] [100%] [32m[1mLinking CXX shared library libodrive_hardware_interface.so[0m
[25.832s] [100%] Built target odrive_hardware_interface
[25.878s] Invoked command in '/home/dr/amr-travelobot/ros_ws/build/odrive_hardware_interface' returned '0': CMAKE_PREFIX_PATH=${CMAKE_PREFIX_PATH}:/home/dr/amr-travelobot/ros_ws/install/bno055:/opt/ros/foxy /usr/bin/cmake --build /home/dr/amr-travelobot/ros_ws/build/odrive_hardware_interface -- -j4 -l4
[25.984s] Invoking command in '/home/dr/amr-travelobot/ros_ws/build/odrive_hardware_interface': CMAKE_PREFIX_PATH=${CMAKE_PREFIX_PATH}:/home/dr/amr-travelobot/ros_ws/install/bno055:/opt/ros/foxy /usr/bin/cmake --install /home/dr/amr-travelobot/ros_ws/build/odrive_hardware_interface
[26.014s] -- Install configuration: ""
[26.015s] -- Installing: /home/dr/amr-travelobot/ros_ws/install/odrive_hardware_interface/share/odrive_hardware_interface/odrive_hardware_interface.xml
[26.015s] -- Installing: /home/dr/amr-travelobot/ros_ws/install/odrive_hardware_interface/include
[26.016s] -- Installing: /home/dr/amr-travelobot/ros_ws/install/odrive_hardware_interface/include/odrive_hardware_interface
[26.016s] -- Installing: /home/dr/amr-travelobot/ros_ws/install/odrive_hardware_interface/include/odrive_hardware_interface/odrive_usb.hpp
[26.017s] -- Installing: /home/dr/amr-travelobot/ros_ws/install/odrive_hardware_interface/include/odrive_hardware_interface/visibility_control.hpp
[26.017s] -- Installing: /home/dr/amr-travelobot/ros_ws/install/odrive_hardware_interface/include/odrive_hardware_interface/odrive_endpoints.hpp
[26.018s] -- Installing: /home/dr/amr-travelobot/ros_ws/install/odrive_hardware_interface/include/odrive_hardware_interface/odrive_hardware_interface.hpp
[26.018s] -- Installing: /home/dr/amr-travelobot/ros_ws/install/odrive_hardware_interface/share/odrive_hardware_interface/environment/library_path.sh
[26.019s] -- Installing: /home/dr/amr-travelobot/ros_ws/install/odrive_hardware_interface/share/odrive_hardware_interface/environment/library_path.dsv
[26.020s] -- Installing: /home/dr/amr-travelobot/ros_ws/install/odrive_hardware_interface/lib/libodrive_usb.so
[26.022s] -- Set runtime path of "/home/dr/amr-travelobot/ros_ws/install/odrive_hardware_interface/lib/libodrive_usb.so" to ""
[26.022s] -- Installing: /home/dr/amr-travelobot/ros_ws/install/odrive_hardware_interface/lib/libodrive_hardware_interface.so
[26.027s] -- Set runtime path of "/home/dr/amr-travelobot/ros_ws/install/odrive_hardware_interface/lib/libodrive_hardware_interface.so" to ""
[26.028s] -- Installing: /home/dr/amr-travelobot/ros_ws/install/odrive_hardware_interface/share/ament_index/resource_index/package_run_dependencies/odrive_hardware_interface
[26.029s] -- Installing: /home/dr/amr-travelobot/ros_ws/install/odrive_hardware_interface/share/ament_index/resource_index/parent_prefix_path/odrive_hardware_interface
[26.029s] -- Installing: /home/dr/amr-travelobot/ros_ws/install/odrive_hardware_interface/share/odrive_hardware_interface/environment/ament_prefix_path.sh
[26.030s] -- Installing: /home/dr/amr-travelobot/ros_ws/install/odrive_hardware_interface/share/odrive_hardware_interface/environment/ament_prefix_path.dsv
[26.031s] -- Installing: /home/dr/amr-travelobot/ros_ws/install/odrive_hardware_interface/share/odrive_hardware_interface/environment/path.sh
[26.031s] -- Installing: /home/dr/amr-travelobot/ros_ws/install/odrive_hardware_interface/share/odrive_hardware_interface/environment/path.dsv
[26.032s] -- Installing: /home/dr/amr-travelobot/ros_ws/install/odrive_hardware_interface/share/odrive_hardware_interface/local_setup.bash
[26.033s] -- Installing: /home/dr/amr-travelobot/ros_ws/install/odrive_hardware_interface/share/odrive_hardware_interface/local_setup.sh
[26.033s] -- Installing: /home/dr/amr-travelobot/ros_ws/install/odrive_hardware_interface/share/odrive_hardware_interface/local_setup.zsh
[26.034s] -- Installing: /home/dr/amr-travelobot/ros_ws/install/odrive_hardware_interface/share/odrive_hardware_interface/local_setup.dsv
[26.034s] -- Installing: /home/dr/amr-travelobot/ros_ws/install/odrive_hardware_interface/share/odrive_hardware_interface/package.dsv
[26.035s] -- Installing: /home/dr/amr-travelobot/ros_ws/install/odrive_hardware_interface/share/ament_index/resource_index/packages/odrive_hardware_interface
[26.036s] -- Installing: /home/dr/amr-travelobot/ros_ws/install/odrive_hardware_interface/share/ament_index/resource_index/hardware_interface__pluginlib__plugin/odrive_hardware_interface
[26.037s] -- Installing: /home/dr/amr-travelobot/ros_ws/install/odrive_hardware_interface/share/odrive_hardware_interface/cmake/ament_cmake_export_dependencies-extras.cmake
[26.038s] -- Installing: /home/dr/amr-travelobot/ros_ws/install/odrive_hardware_interface/share/odrive_hardware_interface/cmake/ament_cmake_export_include_directories-extras.cmake
[26.038s] -- Installing: /home/dr/amr-travelobot/ros_ws/install/odrive_hardware_interface/share/odrive_hardware_interface/cmake/ament_cmake_export_libraries-extras.cmake
[26.039s] -- Installing: /home/dr/amr-travelobot/ros_ws/install/odrive_hardware_interface/share/odrive_hardware_interface/cmake/odrive_hardware_interfaceConfig.cmake
[26.039s] -- Installing: /home/dr/amr-travelobot/ros_ws/install/odrive_hardware_interface/share/odrive_hardware_interface/cmake/odrive_hardware_interfaceConfig-version.cmake
[26.040s] -- Installing: /home/dr/amr-travelobot/ros_ws/install/odrive_hardware_interface/share/odrive_hardware_interface/package.xml
[26.052s] Invoked command in '/home/dr/amr-travelobot/ros_ws/build/odrive_hardware_interface' returned '0': CMAKE_PREFIX_PATH=${CMAKE_PREFIX_PATH}:/home/dr/amr-travelobot/ros_ws/install/bno055:/opt/ros/foxy /usr/bin/cmake --install /home/dr/amr-travelobot/ros_ws/build/odrive_hardware_interface
