[0.096s] Invoking command in '/home/dr/amr-travelobot/ros_ws/build/turtlesim': CMAKE_PREFIX_PATH=${CMAKE_PREFIX_PATH}:/home/dr/amr-travelobot/ros_ws/install/ros2_control_test_nodes:/home/dr/amr-travelobot/ros_ws/install/bno055:/opt/ros/foxy /usr/bin/cmake --build /home/dr/amr-travelobot/ros_ws/build/turtlesim -- -j4 -l4
[0.543s] [  1%] Built target turtlesim__cpp
[0.615s] [ 11%] Built target turtlesim__rosidl_generator_c
[0.753s] [ 21%] Built target turtlesim__rosidl_typesupport_cpp
[0.825s] [ 31%] Built target turtlesim__rosidl_typesupport_introspection_cpp
[0.881s] [ 41%] Built target turtlesim__rosidl_typesupport_c
[0.927s] [ 51%] Built target turtlesim__rosidl_typesupport_fastrtps_cpp
[1.005s] [ 61%] Built target turtlesim__rosidl_typesupport_introspection_c
[1.138s] [ 71%] Built target turtlesim__rosidl_typesupport_fastrtps_c
[1.246s] [ 71%] Built target turtlesim
[1.587s] [ 72%] Built target turtlesim__py
[1.739s] [ 74%] Built target turtle_teleop_key
[1.764s] [ 76%] Built target draw_square
[1.818s] [ 78%] Built target mimic
[1.980s] [ 84%] Built target turtlesim_node
[2.017s] [ 93%] Built target turtlesim__python
[2.273s] [ 95%] Built target turtlesim__rosidl_typesupport_fastrtps_c__pyext
[2.301s] [ 97%] Built target turtlesim__rosidl_typesupport_introspection_c__pyext
[2.338s] [100%] Built target turtlesim__rosidl_typesupport_c__pyext
[2.445s] Invoked command in '/home/dr/amr-travelobot/ros_ws/build/turtlesim' returned '0': CMAKE_PREFIX_PATH=${CMAKE_PREFIX_PATH}:/home/dr/amr-travelobot/ros_ws/install/ros2_control_test_nodes:/home/dr/amr-travelobot/ros_ws/install/bno055:/opt/ros/foxy /usr/bin/cmake --build /home/dr/amr-travelobot/ros_ws/build/turtlesim -- -j4 -l4
[3.242s] Invoking command in '/home/dr/amr-travelobot/ros_ws/build/turtlesim': CMAKE_PREFIX_PATH=${CMAKE_PREFIX_PATH}:/home/dr/amr-travelobot/ros_ws/install/ros2_control_test_nodes:/home/dr/amr-travelobot/ros_ws/install/bno055:/opt/ros/foxy /usr/bin/cmake --install /home/dr/amr-travelobot/ros_ws/build/turtlesim
[3.289s] -- Install configuration: ""
[3.292s] -- Up-to-date: /home/dr/amr-travelobot/ros_ws/install/turtlesim/share/ament_index/resource_index/rosidl_interfaces/turtlesim
[3.294s] -- Up-to-date: /home/dr/amr-travelobot/ros_ws/install/turtlesim/include/turtlesim
[3.295s] -- Up-to-date: /home/dr/amr-travelobot/ros_ws/install/turtlesim/include/turtlesim/msg
[3.296s] -- Up-to-date: /home/dr/amr-travelobot/ros_ws/install/turtlesim/include/turtlesim/msg/rosidl_generator_c__visibility_control.h
[3.297s] -- Up-to-date: /home/dr/amr-travelobot/ros_ws/install/turtlesim/include/turtlesim/msg/detail
[3.298s] -- Up-to-date: /home/dr/amr-travelobot/ros_ws/install/turtlesim/include/turtlesim/msg/detail/pose__functions.c
[3.299s] -- Up-to-date: /home/dr/amr-travelobot/ros_ws/install/turtlesim/include/turtlesim/msg/detail/pose__type_support.h
[3.300s] -- Up-to-date: /home/dr/amr-travelobot/ros_ws/install/turtlesim/include/turtlesim/msg/detail/pose__functions.h
[3.301s] -- Up-to-date: /home/dr/amr-travelobot/ros_ws/install/turtlesim/include/turtlesim/msg/detail/color__functions.c
[3.305s] -- Up-to-date: /home/dr/amr-travelobot/ros_ws/install/turtlesim/include/turtlesim/msg/detail/color__functions.h
[3.306s] -- Up-to-date: /home/dr/amr-travelobot/ros_ws/install/turtlesim/include/turtlesim/msg/detail/color__type_support.h
[3.308s] -- Up-to-date: /home/dr/amr-travelobot/ros_ws/install/turtlesim/include/turtlesim/msg/detail/pose__struct.h
[3.309s] -- Up-to-date: /home/dr/amr-travelobot/ros_ws/install/turtlesim/include/turtlesim/msg/detail/color__struct.h
[3.309s] -- Up-to-date: /home/dr/amr-travelobot/ros_ws/install/turtlesim/include/turtlesim/msg/color.h
[3.311s] -- Up-to-date: /home/dr/amr-travelobot/ros_ws/install/turtlesim/include/turtlesim/msg/pose.h
[3.312s] -- Up-to-date: /home/dr/amr-travelobot/ros_ws/install/turtlesim/include/turtlesim/srv
[3.313s] -- Up-to-date: /home/dr/amr-travelobot/ros_ws/install/turtlesim/include/turtlesim/srv/set_pen.h
[3.313s] -- Up-to-date: /home/dr/amr-travelobot/ros_ws/install/turtlesim/include/turtlesim/srv/detail
[3.314s] -- Up-to-date: /home/dr/amr-travelobot/ros_ws/install/turtlesim/include/turtlesim/srv/detail/set_pen__functions.c
[3.315s] -- Up-to-date: /home/dr/amr-travelobot/ros_ws/install/turtlesim/include/turtlesim/srv/detail/set_pen__functions.h
[3.316s] -- Up-to-date: /home/dr/amr-travelobot/ros_ws/install/turtlesim/include/turtlesim/srv/detail/teleport_relative__functions.h
[3.316s] -- Up-to-date: /home/dr/amr-travelobot/ros_ws/install/turtlesim/include/turtlesim/srv/detail/spawn__functions.c
[3.318s] -- Up-to-date: /home/dr/amr-travelobot/ros_ws/install/turtlesim/include/turtlesim/srv/detail/teleport_relative__struct.h
[3.320s] -- Up-to-date: /home/dr/amr-travelobot/ros_ws/install/turtlesim/include/turtlesim/srv/detail/teleport_absolute__functions.c
[3.320s] -- Up-to-date: /home/dr/amr-travelobot/ros_ws/install/turtlesim/include/turtlesim/srv/detail/set_pen__type_support.h
[3.324s] -- Up-to-date: /home/dr/amr-travelobot/ros_ws/install/turtlesim/include/turtlesim/srv/detail/spawn__type_support.h
[3.325s] -- Up-to-date: /home/dr/amr-travelobot/ros_ws/install/turtlesim/include/turtlesim/srv/detail/kill__functions.h
[3.338s] -- Up-to-date: /home/dr/amr-travelobot/ros_ws/install/turtlesim/include/turtlesim/srv/detail/set_pen__struct.h
[3.342s] -- Up-to-date: /home/dr/amr-travelobot/ros_ws/install/turtlesim/include/turtlesim/srv/detail/kill__struct.h
[3.343s] -- Up-to-date: /home/dr/amr-travelobot/ros_ws/install/turtlesim/include/turtlesim/srv/detail/teleport_absolute__functions.h
[3.344s] -- Up-to-date: /home/dr/amr-travelobot/ros_ws/install/turtlesim/include/turtlesim/srv/detail/teleport_relative__functions.c
[3.345s] -- Up-to-date: /home/dr/amr-travelobot/ros_ws/install/turtlesim/include/turtlesim/srv/detail/teleport_absolute__struct.h
[3.346s] -- Up-to-date: /home/dr/amr-travelobot/ros_ws/install/turtlesim/include/turtlesim/srv/detail/spawn__functions.h
[3.346s] -- Up-to-date: /home/dr/amr-travelobot/ros_ws/install/turtlesim/include/turtlesim/srv/detail/teleport_relative__type_support.h
[3.347s] -- Up-to-date: /home/dr/amr-travelobot/ros_ws/install/turtlesim/include/turtlesim/srv/detail/kill__type_support.h
[3.347s] -- Up-to-date: /home/dr/amr-travelobot/ros_ws/install/turtlesim/include/turtlesim/srv/detail/teleport_absolute__type_support.h
[3.348s] -- Up-to-date: /home/dr/amr-travelobot/ros_ws/install/turtlesim/include/turtlesim/srv/detail/kill__functions.c
[3.348s] -- Up-to-date: /home/dr/amr-travelobot/ros_ws/install/turtlesim/include/turtlesim/srv/detail/spawn__struct.h
[3.348s] -- Up-to-date: /home/dr/amr-travelobot/ros_ws/install/turtlesim/include/turtlesim/srv/kill.h
[3.349s] -- Up-to-date: /home/dr/amr-travelobot/ros_ws/install/turtlesim/include/turtlesim/srv/teleport_absolute.h
[3.349s] -- Up-to-date: /home/dr/amr-travelobot/ros_ws/install/turtlesim/include/turtlesim/srv/teleport_relative.h
[3.350s] -- Up-to-date: /home/dr/amr-travelobot/ros_ws/install/turtlesim/include/turtlesim/srv/spawn.h
[3.350s] -- Up-to-date: /home/dr/amr-travelobot/ros_ws/install/turtlesim/include/turtlesim/action
[3.351s] -- Up-to-date: /home/dr/amr-travelobot/ros_ws/install/turtlesim/include/turtlesim/action/detail
[3.352s] -- Up-to-date: /home/dr/amr-travelobot/ros_ws/install/turtlesim/include/turtlesim/action/detail/rotate_absolute__functions.c
[3.352s] -- Up-to-date: /home/dr/amr-travelobot/ros_ws/install/turtlesim/include/turtlesim/action/detail/rotate_absolute__type_support.h
[3.353s] -- Up-to-date: /home/dr/amr-travelobot/ros_ws/install/turtlesim/include/turtlesim/action/detail/rotate_absolute__struct.h
[3.354s] -- Up-to-date: /home/dr/amr-travelobot/ros_ws/install/turtlesim/include/turtlesim/action/detail/rotate_absolute__functions.h
[3.354s] -- Up-to-date: /home/dr/amr-travelobot/ros_ws/install/turtlesim/include/turtlesim/action/rotate_absolute.h
[3.355s] -- Up-to-date: /home/dr/amr-travelobot/ros_ws/install/turtlesim/share/turtlesim/environment/library_path.sh
[3.356s] -- Up-to-date: /home/dr/amr-travelobot/ros_ws/install/turtlesim/share/turtlesim/environment/library_path.dsv
[3.356s] -- Up-to-date: /home/dr/amr-travelobot/ros_ws/install/turtlesim/lib/libturtlesim__rosidl_generator_c.so
[3.357s] -- Up-to-date: /home/dr/amr-travelobot/ros_ws/install/turtlesim/include/turtlesim
[3.357s] -- Up-to-date: /home/dr/amr-travelobot/ros_ws/install/turtlesim/include/turtlesim/msg
[3.358s] -- Up-to-date: /home/dr/amr-travelobot/ros_ws/install/turtlesim/include/turtlesim/msg/detail
[3.358s] -- Up-to-date: /home/dr/amr-travelobot/ros_ws/install/turtlesim/include/turtlesim/msg/detail/pose__rosidl_typesupport_fastrtps_c.h
[3.359s] -- Up-to-date: /home/dr/amr-travelobot/ros_ws/install/turtlesim/include/turtlesim/msg/detail/color__rosidl_typesupport_fastrtps_c.h
[3.359s] -- Up-to-date: /home/dr/amr-travelobot/ros_ws/install/turtlesim/include/turtlesim/msg/rosidl_typesupport_fastrtps_c__visibility_control.h
[3.360s] -- Up-to-date: /home/dr/amr-travelobot/ros_ws/install/turtlesim/include/turtlesim/srv
[3.361s] -- Up-to-date: /home/dr/amr-travelobot/ros_ws/install/turtlesim/include/turtlesim/srv/detail
[3.361s] -- Up-to-date: /home/dr/amr-travelobot/ros_ws/install/turtlesim/include/turtlesim/srv/detail/teleport_relative__rosidl_typesupport_fastrtps_c.h
[3.362s] -- Up-to-date: /home/dr/amr-travelobot/ros_ws/install/turtlesim/include/turtlesim/srv/detail/teleport_absolute__rosidl_typesupport_fastrtps_c.h
[3.362s] -- Up-to-date: /home/dr/amr-travelobot/ros_ws/install/turtlesim/include/turtlesim/srv/detail/spawn__rosidl_typesupport_fastrtps_c.h
[3.363s] -- Up-to-date: /home/dr/amr-travelobot/ros_ws/install/turtlesim/include/turtlesim/srv/detail/kill__rosidl_typesupport_fastrtps_c.h
[3.363s] -- Up-to-date: /home/dr/amr-travelobot/ros_ws/install/turtlesim/include/turtlesim/srv/detail/set_pen__rosidl_typesupport_fastrtps_c.h
[3.364s] -- Up-to-date: /home/dr/amr-travelobot/ros_ws/install/turtlesim/include/turtlesim/action
[3.364s] -- Up-to-date: /home/dr/amr-travelobot/ros_ws/install/turtlesim/include/turtlesim/action/detail
[3.364s] -- Up-to-date: /home/dr/amr-travelobot/ros_ws/install/turtlesim/include/turtlesim/action/detail/rotate_absolute__rosidl_typesupport_fastrtps_c.h
[3.365s] -- Up-to-date: /home/dr/amr-travelobot/ros_ws/install/turtlesim/lib/libturtlesim__rosidl_typesupport_fastrtps_c.so
[3.365s] -- Up-to-date: /home/dr/amr-travelobot/ros_ws/install/turtlesim/include/turtlesim
[3.366s] -- Up-to-date: /home/dr/amr-travelobot/ros_ws/install/turtlesim/include/turtlesim/msg
[3.366s] -- Up-to-date: /home/dr/amr-travelobot/ros_ws/install/turtlesim/include/turtlesim/msg/detail
[3.367s] -- Up-to-date: /home/dr/amr-travelobot/ros_ws/install/turtlesim/include/turtlesim/msg/detail/pose__rosidl_typesupport_fastrtps_cpp.hpp
[3.371s] -- Up-to-date: /home/dr/amr-travelobot/ros_ws/install/turtlesim/include/turtlesim/msg/detail/dds_fastrtps
[3.383s] -- Up-to-date: /home/dr/amr-travelobot/ros_ws/install/turtlesim/include/turtlesim/msg/detail/color__rosidl_typesupport_fastrtps_cpp.hpp
[3.384s] -- Up-to-date: /home/dr/amr-travelobot/ros_ws/install/turtlesim/include/turtlesim/msg/rosidl_typesupport_fastrtps_cpp__visibility_control.h
[3.384s] -- Up-to-date: /home/dr/amr-travelobot/ros_ws/install/turtlesim/include/turtlesim/srv
[3.386s] -- Up-to-date: /home/dr/amr-travelobot/ros_ws/install/turtlesim/include/turtlesim/srv/detail
[3.387s] -- Up-to-date: /home/dr/amr-travelobot/ros_ws/install/turtlesim/include/turtlesim/srv/detail/teleport_absolute__rosidl_typesupport_fastrtps_cpp.hpp
[3.388s] -- Up-to-date: /home/dr/amr-travelobot/ros_ws/install/turtlesim/include/turtlesim/srv/detail/kill__rosidl_typesupport_fastrtps_cpp.hpp
[3.390s] -- Up-to-date: /home/dr/amr-travelobot/ros_ws/install/turtlesim/include/turtlesim/srv/detail/dds_fastrtps
[3.393s] -- Up-to-date: /home/dr/amr-travelobot/ros_ws/install/turtlesim/include/turtlesim/srv/detail/teleport_relative__rosidl_typesupport_fastrtps_cpp.hpp
[3.406s] -- Up-to-date: /home/dr/amr-travelobot/ros_ws/install/turtlesim/include/turtlesim/srv/detail/spawn__rosidl_typesupport_fastrtps_cpp.hpp
[3.407s] -- Up-to-date: /home/dr/amr-travelobot/ros_ws/install/turtlesim/include/turtlesim/srv/detail/set_pen__rosidl_typesupport_fastrtps_cpp.hpp
[3.409s] -- Up-to-date: /home/dr/amr-travelobot/ros_ws/install/turtlesim/include/turtlesim/action
[3.411s] -- Up-to-date: /home/dr/amr-travelobot/ros_ws/install/turtlesim/include/turtlesim/action/detail
[3.412s] -- Up-to-date: /home/dr/amr-travelobot/ros_ws/install/turtlesim/include/turtlesim/action/detail/rotate_absolute__rosidl_typesupport_fastrtps_cpp.hpp
[3.414s] -- Up-to-date: /home/dr/amr-travelobot/ros_ws/install/turtlesim/include/turtlesim/action/detail/dds_fastrtps
[3.416s] -- Up-to-date: /home/dr/amr-travelobot/ros_ws/install/turtlesim/lib/libturtlesim__rosidl_typesupport_fastrtps_cpp.so
[3.416s] -- Up-to-date: /home/dr/amr-travelobot/ros_ws/install/turtlesim/include/turtlesim
[3.418s] -- Up-to-date: /home/dr/amr-travelobot/ros_ws/install/turtlesim/include/turtlesim/msg
[3.419s] -- Up-to-date: /home/dr/amr-travelobot/ros_ws/install/turtlesim/include/turtlesim/msg/detail
[3.429s] -- Up-to-date: /home/dr/amr-travelobot/ros_ws/install/turtlesim/include/turtlesim/msg/detail/color__type_support.c
[3.431s] -- Up-to-date: /home/dr/amr-travelobot/ros_ws/install/turtlesim/include/turtlesim/msg/detail/pose__type_support.c
[3.431s] -- Up-to-date: /home/dr/amr-travelobot/ros_ws/install/turtlesim/include/turtlesim/msg/detail/pose__rosidl_typesupport_introspection_c.h
[3.432s] -- Up-to-date: /home/dr/amr-travelobot/ros_ws/install/turtlesim/include/turtlesim/msg/detail/color__rosidl_typesupport_introspection_c.h
[3.434s] -- Up-to-date: /home/dr/amr-travelobot/ros_ws/install/turtlesim/include/turtlesim/msg/rosidl_typesupport_introspection_c__visibility_control.h
[3.435s] -- Up-to-date: /home/dr/amr-travelobot/ros_ws/install/turtlesim/include/turtlesim/srv
[3.436s] -- Up-to-date: /home/dr/amr-travelobot/ros_ws/install/turtlesim/include/turtlesim/srv/detail
[3.436s] -- Up-to-date: /home/dr/amr-travelobot/ros_ws/install/turtlesim/include/turtlesim/srv/detail/spawn__type_support.c
[3.437s] -- Up-to-date: /home/dr/amr-travelobot/ros_ws/install/turtlesim/include/turtlesim/srv/detail/set_pen__type_support.c
[3.437s] -- Up-to-date: /home/dr/amr-travelobot/ros_ws/install/turtlesim/include/turtlesim/srv/detail/teleport_relative__rosidl_typesupport_introspection_c.h
[3.437s] -- Up-to-date: /home/dr/amr-travelobot/ros_ws/install/turtlesim/include/turtlesim/srv/detail/kill__rosidl_typesupport_introspection_c.h
[3.438s] -- Up-to-date: /home/dr/amr-travelobot/ros_ws/install/turtlesim/include/turtlesim/srv/detail/teleport_absolute__rosidl_typesupport_introspection_c.h
[3.438s] -- Up-to-date: /home/dr/amr-travelobot/ros_ws/install/turtlesim/include/turtlesim/srv/detail/kill__type_support.c
[3.439s] -- Up-to-date: /home/dr/amr-travelobot/ros_ws/install/turtlesim/include/turtlesim/srv/detail/spawn__rosidl_typesupport_introspection_c.h
[3.439s] -- Up-to-date: /home/dr/amr-travelobot/ros_ws/install/turtlesim/include/turtlesim/srv/detail/teleport_relative__type_support.c
[3.440s] -- Up-to-date: /home/dr/amr-travelobot/ros_ws/install/turtlesim/include/turtlesim/srv/detail/teleport_absolute__type_support.c
[3.440s] -- Up-to-date: /home/dr/amr-travelobot/ros_ws/install/turtlesim/include/turtlesim/srv/detail/set_pen__rosidl_typesupport_introspection_c.h
[3.441s] -- Up-to-date: /home/dr/amr-travelobot/ros_ws/install/turtlesim/include/turtlesim/action
[3.441s] -- Up-to-date: /home/dr/amr-travelobot/ros_ws/install/turtlesim/include/turtlesim/action/detail
[3.441s] -- Up-to-date: /home/dr/amr-travelobot/ros_ws/install/turtlesim/include/turtlesim/action/detail/rotate_absolute__rosidl_typesupport_introspection_c.h
[3.442s] -- Up-to-date: /home/dr/amr-travelobot/ros_ws/install/turtlesim/include/turtlesim/action/detail/rotate_absolute__type_support.c
[3.442s] -- Up-to-date: /home/dr/amr-travelobot/ros_ws/install/turtlesim/lib/libturtlesim__rosidl_typesupport_introspection_c.so
[3.445s] -- Up-to-date: /home/dr/amr-travelobot/ros_ws/install/turtlesim/lib/libturtlesim__rosidl_typesupport_c.so
[3.446s] -- Up-to-date: /home/dr/amr-travelobot/ros_ws/install/turtlesim/include/turtlesim
[3.446s] -- Up-to-date: /home/dr/amr-travelobot/ros_ws/install/turtlesim/include/turtlesim/msg
[3.447s] -- Up-to-date: /home/dr/amr-travelobot/ros_ws/install/turtlesim/include/turtlesim/msg/detail
[3.447s] -- Up-to-date: /home/dr/amr-travelobot/ros_ws/install/turtlesim/include/turtlesim/msg/detail/pose__traits.hpp
[3.447s] -- Up-to-date: /home/dr/amr-travelobot/ros_ws/install/turtlesim/include/turtlesim/msg/detail/color__traits.hpp
[3.448s] -- Up-to-date: /home/dr/amr-travelobot/ros_ws/install/turtlesim/include/turtlesim/msg/detail/color__builder.hpp
[3.448s] -- Up-to-date: /home/dr/amr-travelobot/ros_ws/install/turtlesim/include/turtlesim/msg/detail/pose__struct.hpp
[3.449s] -- Up-to-date: /home/dr/amr-travelobot/ros_ws/install/turtlesim/include/turtlesim/msg/detail/pose__builder.hpp
[3.449s] -- Up-to-date: /home/dr/amr-travelobot/ros_ws/install/turtlesim/include/turtlesim/msg/detail/color__struct.hpp
[3.450s] -- Up-to-date: /home/dr/amr-travelobot/ros_ws/install/turtlesim/include/turtlesim/msg/pose.hpp
[3.450s] -- Up-to-date: /home/dr/amr-travelobot/ros_ws/install/turtlesim/include/turtlesim/msg/color.hpp
[3.451s] -- Up-to-date: /home/dr/amr-travelobot/ros_ws/install/turtlesim/include/turtlesim/srv
[3.451s] -- Up-to-date: /home/dr/amr-travelobot/ros_ws/install/turtlesim/include/turtlesim/srv/detail
[3.452s] -- Up-to-date: /home/dr/amr-travelobot/ros_ws/install/turtlesim/include/turtlesim/srv/detail/teleport_absolute__struct.hpp
[3.452s] -- Up-to-date: /home/dr/amr-travelobot/ros_ws/install/turtlesim/include/turtlesim/srv/detail/spawn__builder.hpp
[3.453s] -- Up-to-date: /home/dr/amr-travelobot/ros_ws/install/turtlesim/include/turtlesim/srv/detail/spawn__traits.hpp
[3.453s] -- Up-to-date: /home/dr/amr-travelobot/ros_ws/install/turtlesim/include/turtlesim/srv/detail/teleport_relative__builder.hpp
[3.453s] -- Up-to-date: /home/dr/amr-travelobot/ros_ws/install/turtlesim/include/turtlesim/srv/detail/set_pen__builder.hpp
[3.454s] -- Up-to-date: /home/dr/amr-travelobot/ros_ws/install/turtlesim/include/turtlesim/srv/detail/kill__struct.hpp
[3.454s] -- Up-to-date: /home/dr/amr-travelobot/ros_ws/install/turtlesim/include/turtlesim/srv/detail/teleport_relative__traits.hpp
[3.455s] -- Up-to-date: /home/dr/amr-travelobot/ros_ws/install/turtlesim/include/turtlesim/srv/detail/kill__traits.hpp
[3.455s] -- Up-to-date: /home/dr/amr-travelobot/ros_ws/install/turtlesim/include/turtlesim/srv/detail/teleport_absolute__traits.hpp
[3.456s] -- Up-to-date: /home/dr/amr-travelobot/ros_ws/install/turtlesim/include/turtlesim/srv/detail/set_pen__struct.hpp
[3.456s] -- Up-to-date: /home/dr/amr-travelobot/ros_ws/install/turtlesim/include/turtlesim/srv/detail/kill__builder.hpp
[3.457s] -- Up-to-date: /home/dr/amr-travelobot/ros_ws/install/turtlesim/include/turtlesim/srv/detail/set_pen__traits.hpp
[3.457s] -- Up-to-date: /home/dr/amr-travelobot/ros_ws/install/turtlesim/include/turtlesim/srv/detail/teleport_absolute__builder.hpp
[3.458s] -- Up-to-date: /home/dr/amr-travelobot/ros_ws/install/turtlesim/include/turtlesim/srv/detail/spawn__struct.hpp
[3.458s] -- Up-to-date: /home/dr/amr-travelobot/ros_ws/install/turtlesim/include/turtlesim/srv/detail/teleport_relative__struct.hpp
[3.459s] -- Up-to-date: /home/dr/amr-travelobot/ros_ws/install/turtlesim/include/turtlesim/srv/teleport_absolute.hpp
[3.459s] -- Up-to-date: /home/dr/amr-travelobot/ros_ws/install/turtlesim/include/turtlesim/srv/spawn.hpp
[3.460s] -- Up-to-date: /home/dr/amr-travelobot/ros_ws/install/turtlesim/include/turtlesim/srv/set_pen.hpp
[3.461s] -- Up-to-date: /home/dr/amr-travelobot/ros_ws/install/turtlesim/include/turtlesim/srv/teleport_relative.hpp
[3.461s] -- Up-to-date: /home/dr/amr-travelobot/ros_ws/install/turtlesim/include/turtlesim/srv/kill.hpp
[3.462s] -- Up-to-date: /home/dr/amr-travelobot/ros_ws/install/turtlesim/include/turtlesim/action
[3.462s] -- Up-to-date: /home/dr/amr-travelobot/ros_ws/install/turtlesim/include/turtlesim/action/detail
[3.463s] -- Up-to-date: /home/dr/amr-travelobot/ros_ws/install/turtlesim/include/turtlesim/action/detail/rotate_absolute__builder.hpp
[3.463s] -- Up-to-date: /home/dr/amr-travelobot/ros_ws/install/turtlesim/include/turtlesim/action/detail/rotate_absolute__struct.hpp
[3.464s] -- Up-to-date: /home/dr/amr-travelobot/ros_ws/install/turtlesim/include/turtlesim/action/detail/rotate_absolute__traits.hpp
[3.464s] -- Up-to-date: /home/dr/amr-travelobot/ros_ws/install/turtlesim/include/turtlesim/action/rotate_absolute.hpp
[3.465s] -- Up-to-date: /home/dr/amr-travelobot/ros_ws/install/turtlesim/include/turtlesim
[3.465s] -- Up-to-date: /home/dr/amr-travelobot/ros_ws/install/turtlesim/include/turtlesim/msg
[3.466s] -- Up-to-date: /home/dr/amr-travelobot/ros_ws/install/turtlesim/include/turtlesim/msg/detail
[3.466s] -- Up-to-date: /home/dr/amr-travelobot/ros_ws/install/turtlesim/include/turtlesim/msg/detail/pose__rosidl_typesupport_introspection_cpp.hpp
[3.467s] -- Up-to-date: /home/dr/amr-travelobot/ros_ws/install/turtlesim/include/turtlesim/msg/detail/color__type_support.cpp
[3.467s] -- Up-to-date: /home/dr/amr-travelobot/ros_ws/install/turtlesim/include/turtlesim/msg/detail/pose__type_support.cpp
[3.468s] -- Up-to-date: /home/dr/amr-travelobot/ros_ws/install/turtlesim/include/turtlesim/msg/detail/color__rosidl_typesupport_introspection_cpp.hpp
[3.468s] -- Up-to-date: /home/dr/amr-travelobot/ros_ws/install/turtlesim/include/turtlesim/srv
[3.469s] -- Up-to-date: /home/dr/amr-travelobot/ros_ws/install/turtlesim/include/turtlesim/srv/detail
[3.469s] -- Up-to-date: /home/dr/amr-travelobot/ros_ws/install/turtlesim/include/turtlesim/srv/detail/set_pen__type_support.cpp
[3.470s] -- Up-to-date: /home/dr/amr-travelobot/ros_ws/install/turtlesim/include/turtlesim/srv/detail/teleport_absolute__type_support.cpp
[3.470s] -- Up-to-date: /home/dr/amr-travelobot/ros_ws/install/turtlesim/include/turtlesim/srv/detail/teleport_absolute__rosidl_typesupport_introspection_cpp.hpp
[3.470s] -- Up-to-date: /home/dr/amr-travelobot/ros_ws/install/turtlesim/include/turtlesim/srv/detail/set_pen__rosidl_typesupport_introspection_cpp.hpp
[3.471s] -- Up-to-date: /home/dr/amr-travelobot/ros_ws/install/turtlesim/include/turtlesim/srv/detail/kill__type_support.cpp
[3.471s] -- Up-to-date: /home/dr/amr-travelobot/ros_ws/install/turtlesim/include/turtlesim/srv/detail/spawn__type_support.cpp
[3.472s] -- Up-to-date: /home/dr/amr-travelobot/ros_ws/install/turtlesim/include/turtlesim/srv/detail/teleport_relative__rosidl_typesupport_introspection_cpp.hpp
[3.472s] -- Up-to-date: /home/dr/amr-travelobot/ros_ws/install/turtlesim/include/turtlesim/srv/detail/teleport_relative__type_support.cpp
[3.473s] -- Up-to-date: /home/dr/amr-travelobot/ros_ws/install/turtlesim/include/turtlesim/srv/detail/spawn__rosidl_typesupport_introspection_cpp.hpp
[3.473s] -- Up-to-date: /home/dr/amr-travelobot/ros_ws/install/turtlesim/include/turtlesim/srv/detail/kill__rosidl_typesupport_introspection_cpp.hpp
[3.474s] -- Up-to-date: /home/dr/amr-travelobot/ros_ws/install/turtlesim/include/turtlesim/action
[3.474s] -- Up-to-date: /home/dr/amr-travelobot/ros_ws/install/turtlesim/include/turtlesim/action/detail
[3.475s] -- Up-to-date: /home/dr/amr-travelobot/ros_ws/install/turtlesim/include/turtlesim/action/detail/rotate_absolute__rosidl_typesupport_introspection_cpp.hpp
[3.475s] -- Up-to-date: /home/dr/amr-travelobot/ros_ws/install/turtlesim/include/turtlesim/action/detail/rotate_absolute__type_support.cpp
[3.476s] -- Up-to-date: /home/dr/amr-travelobot/ros_ws/install/turtlesim/lib/libturtlesim__rosidl_typesupport_introspection_cpp.so
[3.476s] -- Up-to-date: /home/dr/amr-travelobot/ros_ws/install/turtlesim/lib/libturtlesim__rosidl_typesupport_cpp.so
[3.477s] -- Up-to-date: /home/dr/amr-travelobot/ros_ws/install/turtlesim/share/turtlesim/environment/pythonpath.sh
[3.478s] -- Up-to-date: /home/dr/amr-travelobot/ros_ws/install/turtlesim/share/turtlesim/environment/pythonpath.dsv
[3.489s] -- Up-to-date: /home/dr/amr-travelobot/ros_ws/install/turtlesim/lib/python3.8/site-packages/turtlesim/__init__.py
[3.532s] -- Up-to-date: /home/dr/amr-travelobot/ros_ws/install/turtlesim/lib/python3.8/site-packages/turtlesim/action
[3.534s] -- Up-to-date: /home/dr/amr-travelobot/ros_ws/install/turtlesim/lib/python3.8/site-packages/turtlesim/action/_rotate_absolute_s.c
[3.535s] -- Up-to-date: /home/dr/amr-travelobot/ros_ws/install/turtlesim/lib/python3.8/site-packages/turtlesim/action/__init__.py
[3.536s] -- Up-to-date: /home/dr/amr-travelobot/ros_ws/install/turtlesim/lib/python3.8/site-packages/turtlesim/action/_rotate_absolute.py
[3.538s] -- Up-to-date: /home/dr/amr-travelobot/ros_ws/install/turtlesim/lib/python3.8/site-packages/turtlesim/msg
[3.539s] -- Up-to-date: /home/dr/amr-travelobot/ros_ws/install/turtlesim/lib/python3.8/site-packages/turtlesim/msg/_pose.py
[3.540s] -- Up-to-date: /home/dr/amr-travelobot/ros_ws/install/turtlesim/lib/python3.8/site-packages/turtlesim/msg/_pose_s.c
[3.541s] -- Up-to-date: /home/dr/amr-travelobot/ros_ws/install/turtlesim/lib/python3.8/site-packages/turtlesim/msg/__init__.py
[3.542s] -- Up-to-date: /home/dr/amr-travelobot/ros_ws/install/turtlesim/lib/python3.8/site-packages/turtlesim/msg/_color.py
[3.543s] -- Up-to-date: /home/dr/amr-travelobot/ros_ws/install/turtlesim/lib/python3.8/site-packages/turtlesim/msg/_color_s.c
[3.545s] -- Up-to-date: /home/dr/amr-travelobot/ros_ws/install/turtlesim/lib/python3.8/site-packages/turtlesim/srv
[3.545s] -- Up-to-date: /home/dr/amr-travelobot/ros_ws/install/turtlesim/lib/python3.8/site-packages/turtlesim/srv/_set_pen_s.c
[3.547s] -- Up-to-date: /home/dr/amr-travelobot/ros_ws/install/turtlesim/lib/python3.8/site-packages/turtlesim/srv/_set_pen.py
[3.548s] -- Up-to-date: /home/dr/amr-travelobot/ros_ws/install/turtlesim/lib/python3.8/site-packages/turtlesim/srv/_kill_s.c
[3.549s] -- Up-to-date: /home/dr/amr-travelobot/ros_ws/install/turtlesim/lib/python3.8/site-packages/turtlesim/srv/_kill.py
[3.549s] -- Up-to-date: /home/dr/amr-travelobot/ros_ws/install/turtlesim/lib/python3.8/site-packages/turtlesim/srv/_spawn.py
[3.551s] -- Up-to-date: /home/dr/amr-travelobot/ros_ws/install/turtlesim/lib/python3.8/site-packages/turtlesim/srv/__init__.py
[3.551s] -- Up-to-date: /home/dr/amr-travelobot/ros_ws/install/turtlesim/lib/python3.8/site-packages/turtlesim/srv/_teleport_relative_s.c
[3.559s] -- Up-to-date: /home/dr/amr-travelobot/ros_ws/install/turtlesim/lib/python3.8/site-packages/turtlesim/srv/_teleport_absolute_s.c
[3.563s] -- Up-to-date: /home/dr/amr-travelobot/ros_ws/install/turtlesim/lib/python3.8/site-packages/turtlesim/srv/_teleport_absolute.py
[3.566s] -- Up-to-date: /home/dr/amr-travelobot/ros_ws/install/turtlesim/lib/python3.8/site-packages/turtlesim/srv/_teleport_relative.py
[3.567s] -- Up-to-date: /home/dr/amr-travelobot/ros_ws/install/turtlesim/lib/python3.8/site-packages/turtlesim/srv/_spawn_s.c
[3.567s] -- Up-to-date: /home/dr/amr-travelobot/ros_ws/install/turtlesim/lib/python3.8/site-packages/turtlesim/turtlesim_s__rosidl_typesupport_fastrtps_c.cpython-38-aarch64-linux-gnu.so
[3.568s] -- Up-to-date: /home/dr/amr-travelobot/ros_ws/install/turtlesim/lib/python3.8/site-packages/turtlesim/turtlesim_s__rosidl_typesupport_introspection_c.cpython-38-aarch64-linux-gnu.so
[3.569s] -- Up-to-date: /home/dr/amr-travelobot/ros_ws/install/turtlesim/lib/python3.8/site-packages/turtlesim/turtlesim_s__rosidl_typesupport_c.cpython-38-aarch64-linux-gnu.so
[3.569s] -- Up-to-date: /home/dr/amr-travelobot/ros_ws/install/turtlesim/lib/libturtlesim__python.so
[3.570s] -- Up-to-date: /home/dr/amr-travelobot/ros_ws/install/turtlesim/share/turtlesim/action/RotateAbsolute.idl
[3.570s] -- Up-to-date: /home/dr/amr-travelobot/ros_ws/install/turtlesim/share/turtlesim/msg/Color.idl
[3.571s] -- Up-to-date: /home/dr/amr-travelobot/ros_ws/install/turtlesim/share/turtlesim/msg/Pose.idl
[3.572s] -- Up-to-date: /home/dr/amr-travelobot/ros_ws/install/turtlesim/share/turtlesim/srv/Kill.idl
[3.572s] -- Up-to-date: /home/dr/amr-travelobot/ros_ws/install/turtlesim/share/turtlesim/srv/SetPen.idl
[3.573s] -- Up-to-date: /home/dr/amr-travelobot/ros_ws/install/turtlesim/share/turtlesim/srv/Spawn.idl
[3.573s] -- Up-to-date: /home/dr/amr-travelobot/ros_ws/install/turtlesim/share/turtlesim/srv/TeleportAbsolute.idl
[3.574s] -- Up-to-date: /home/dr/amr-travelobot/ros_ws/install/turtlesim/share/turtlesim/srv/TeleportRelative.idl
[3.574s] -- Up-to-date: /home/dr/amr-travelobot/ros_ws/install/turtlesim/share/turtlesim/action/RotateAbsolute.action
[3.575s] -- Up-to-date: /home/dr/amr-travelobot/ros_ws/install/turtlesim/share/turtlesim/msg/Color.msg
[3.575s] -- Up-to-date: /home/dr/amr-travelobot/ros_ws/install/turtlesim/share/turtlesim/msg/Pose.msg
[3.576s] -- Up-to-date: /home/dr/amr-travelobot/ros_ws/install/turtlesim/share/turtlesim/srv/Kill.srv
[3.577s] -- Up-to-date: /home/dr/amr-travelobot/ros_ws/install/turtlesim/share/turtlesim/srv/Kill_Request.msg
[3.579s] -- Up-to-date: /home/dr/amr-travelobot/ros_ws/install/turtlesim/share/turtlesim/srv/Kill_Response.msg
[3.580s] -- Up-to-date: /home/dr/amr-travelobot/ros_ws/install/turtlesim/share/turtlesim/srv/SetPen.srv
[3.581s] -- Up-to-date: /home/dr/amr-travelobot/ros_ws/install/turtlesim/share/turtlesim/srv/SetPen_Request.msg
[3.581s] -- Up-to-date: /home/dr/amr-travelobot/ros_ws/install/turtlesim/share/turtlesim/srv/SetPen_Response.msg
[3.582s] -- Up-to-date: /home/dr/amr-travelobot/ros_ws/install/turtlesim/share/turtlesim/srv/Spawn.srv
[3.582s] -- Up-to-date: /home/dr/amr-travelobot/ros_ws/install/turtlesim/share/turtlesim/srv/Spawn_Request.msg
[3.583s] -- Up-to-date: /home/dr/amr-travelobot/ros_ws/install/turtlesim/share/turtlesim/srv/Spawn_Response.msg
[3.583s] -- Up-to-date: /home/dr/amr-travelobot/ros_ws/install/turtlesim/share/turtlesim/srv/TeleportAbsolute.srv
[3.584s] -- Up-to-date: /home/dr/amr-travelobot/ros_ws/install/turtlesim/share/turtlesim/srv/TeleportAbsolute_Request.msg
[3.584s] -- Up-to-date: /home/dr/amr-travelobot/ros_ws/install/turtlesim/share/turtlesim/srv/TeleportAbsolute_Response.msg
[3.585s] -- Up-to-date: /home/dr/amr-travelobot/ros_ws/install/turtlesim/share/turtlesim/srv/TeleportRelative.srv
[3.585s] -- Up-to-date: /home/dr/amr-travelobot/ros_ws/install/turtlesim/share/turtlesim/srv/TeleportRelative_Request.msg
[3.586s] -- Up-to-date: /home/dr/amr-travelobot/ros_ws/install/turtlesim/share/turtlesim/srv/TeleportRelative_Response.msg
[3.586s] -- Up-to-date: /home/dr/amr-travelobot/ros_ws/install/turtlesim/lib/turtlesim/turtlesim_node
[3.587s] -- Up-to-date: /home/dr/amr-travelobot/ros_ws/install/turtlesim/lib/turtlesim/turtle_teleop_key
[3.587s] -- Up-to-date: /home/dr/amr-travelobot/ros_ws/install/turtlesim/lib/turtlesim/draw_square
[3.596s] -- Up-to-date: /home/dr/amr-travelobot/ros_ws/install/turtlesim/lib/turtlesim/mimic
[3.602s] -- Up-to-date: /home/dr/amr-travelobot/ros_ws/install/turtlesim/share/turtlesim/images
[3.603s] -- Up-to-date: /home/dr/amr-travelobot/ros_ws/install/turtlesim/share/turtlesim/images/dashing.png
[3.604s] -- Up-to-date: /home/dr/amr-travelobot/ros_ws/install/turtlesim/share/turtlesim/images/eloquent.png
[3.604s] -- Up-to-date: /home/dr/amr-travelobot/ros_ws/install/turtlesim/share/turtlesim/images/foxy.png
[3.605s] -- Up-to-date: /home/dr/amr-travelobot/ros_ws/install/turtlesim/share/turtlesim/images/bouncy.png
[3.605s] -- Up-to-date: /home/dr/amr-travelobot/ros_ws/install/turtlesim/share/turtlesim/images/ardent.png
[3.605s] -- Up-to-date: /home/dr/amr-travelobot/ros_ws/install/turtlesim/share/turtlesim/images/crystal.png
[3.606s] -- Up-to-date: /home/dr/amr-travelobot/ros_ws/install/turtlesim/share/turtlesim/launch
[3.610s] -- Up-to-date: /home/dr/amr-travelobot/ros_ws/install/turtlesim/share/turtlesim/launch/multisim.launch.py
[3.611s] -- Up-to-date: /home/dr/amr-travelobot/ros_ws/install/turtlesim/share/ament_index/resource_index/package_run_dependencies/turtlesim
[3.611s] -- Up-to-date: /home/dr/amr-travelobot/ros_ws/install/turtlesim/share/ament_index/resource_index/parent_prefix_path/turtlesim
[3.612s] -- Up-to-date: /home/dr/amr-travelobot/ros_ws/install/turtlesim/share/turtlesim/environment/ament_prefix_path.sh
[3.612s] -- Up-to-date: /home/dr/amr-travelobot/ros_ws/install/turtlesim/share/turtlesim/environment/ament_prefix_path.dsv
[3.613s] -- Up-to-date: /home/dr/amr-travelobot/ros_ws/install/turtlesim/share/turtlesim/environment/path.sh
[3.614s] -- Up-to-date: /home/dr/amr-travelobot/ros_ws/install/turtlesim/share/turtlesim/environment/path.dsv
[3.615s] -- Up-to-date: /home/dr/amr-travelobot/ros_ws/install/turtlesim/share/turtlesim/local_setup.bash
[3.615s] -- Up-to-date: /home/dr/amr-travelobot/ros_ws/install/turtlesim/share/turtlesim/local_setup.sh
[3.616s] -- Up-to-date: /home/dr/amr-travelobot/ros_ws/install/turtlesim/share/turtlesim/local_setup.zsh
[3.616s] -- Up-to-date: /home/dr/amr-travelobot/ros_ws/install/turtlesim/share/turtlesim/local_setup.dsv
[3.617s] -- Installing: /home/dr/amr-travelobot/ros_ws/install/turtlesim/share/turtlesim/package.dsv
[3.617s] -- Up-to-date: /home/dr/amr-travelobot/ros_ws/install/turtlesim/share/ament_index/resource_index/packages/turtlesim
[3.618s] -- Up-to-date: /home/dr/amr-travelobot/ros_ws/install/turtlesim/share/turtlesim/cmake/turtlesim__rosidl_generator_cExport.cmake
[3.618s] -- Up-to-date: /home/dr/amr-travelobot/ros_ws/install/turtlesim/share/turtlesim/cmake/turtlesim__rosidl_generator_cExport-noconfig.cmake
[3.619s] -- Up-to-date: /home/dr/amr-travelobot/ros_ws/install/turtlesim/share/turtlesim/cmake/turtlesim__rosidl_typesupport_introspection_cExport.cmake
[3.619s] -- Up-to-date: /home/dr/amr-travelobot/ros_ws/install/turtlesim/share/turtlesim/cmake/turtlesim__rosidl_typesupport_introspection_cExport-noconfig.cmake
[3.620s] -- Up-to-date: /home/dr/amr-travelobot/ros_ws/install/turtlesim/share/turtlesim/cmake/turtlesim__rosidl_typesupport_cExport.cmake
[3.621s] -- Up-to-date: /home/dr/amr-travelobot/ros_ws/install/turtlesim/share/turtlesim/cmake/turtlesim__rosidl_typesupport_cExport-noconfig.cmake
[3.621s] -- Up-to-date: /home/dr/amr-travelobot/ros_ws/install/turtlesim/share/turtlesim/cmake/turtlesim__rosidl_generator_cppExport.cmake
[3.622s] -- Up-to-date: /home/dr/amr-travelobot/ros_ws/install/turtlesim/share/turtlesim/cmake/turtlesim__rosidl_typesupport_introspection_cppExport.cmake
[3.622s] -- Up-to-date: /home/dr/amr-travelobot/ros_ws/install/turtlesim/share/turtlesim/cmake/turtlesim__rosidl_typesupport_introspection_cppExport-noconfig.cmake
[3.622s] -- Up-to-date: /home/dr/amr-travelobot/ros_ws/install/turtlesim/share/turtlesim/cmake/turtlesim__rosidl_typesupport_cppExport.cmake
[3.623s] -- Up-to-date: /home/dr/amr-travelobot/ros_ws/install/turtlesim/share/turtlesim/cmake/turtlesim__rosidl_typesupport_cppExport-noconfig.cmake
[3.623s] -- Up-to-date: /home/dr/amr-travelobot/ros_ws/install/turtlesim/share/turtlesim/cmake/rosidl_cmake-extras.cmake
[3.624s] -- Up-to-date: /home/dr/amr-travelobot/ros_ws/install/turtlesim/share/turtlesim/cmake/ament_cmake_export_dependencies-extras.cmake
[3.624s] -- Up-to-date: /home/dr/amr-travelobot/ros_ws/install/turtlesim/share/turtlesim/cmake/ament_cmake_export_libraries-extras.cmake
[3.625s] -- Up-to-date: /home/dr/amr-travelobot/ros_ws/install/turtlesim/share/turtlesim/cmake/ament_cmake_export_targets-extras.cmake
[3.625s] -- Up-to-date: /home/dr/amr-travelobot/ros_ws/install/turtlesim/share/turtlesim/cmake/ament_cmake_export_include_directories-extras.cmake
[3.625s] -- Up-to-date: /home/dr/amr-travelobot/ros_ws/install/turtlesim/share/turtlesim/cmake/rosidl_cmake_export_typesupport_libraries-extras.cmake
[3.626s] -- Up-to-date: /home/dr/amr-travelobot/ros_ws/install/turtlesim/share/turtlesim/cmake/rosidl_cmake_export_typesupport_targets-extras.cmake
[3.627s] -- Up-to-date: /home/dr/amr-travelobot/ros_ws/install/turtlesim/share/turtlesim/cmake/turtlesimConfig.cmake
[3.627s] -- Up-to-date: /home/dr/amr-travelobot/ros_ws/install/turtlesim/share/turtlesim/cmake/turtlesimConfig-version.cmake
[3.627s] -- Up-to-date: /home/dr/amr-travelobot/ros_ws/install/turtlesim/share/turtlesim/package.xml
[3.646s] Invoked command in '/home/dr/amr-travelobot/ros_ws/build/turtlesim' returned '0': CMAKE_PREFIX_PATH=${CMAKE_PREFIX_PATH}:/home/dr/amr-travelobot/ros_ws/install/ros2_control_test_nodes:/home/dr/amr-travelobot/ros_ws/install/bno055:/opt/ros/foxy /usr/bin/cmake --install /home/dr/amr-travelobot/ros_ws/build/turtlesim
