[0.173s] Invoking command in '/home/dr/amr-travelobot/ros_ws/build/rosbot_description': CMAKE_PREFIX_PATH=${CMAKE_PREFIX_PATH}:/home/dr/amr-travelobot/ros_ws/install/bno055:/opt/ros/foxy /usr/bin/cmake --build /home/dr/amr-travelobot/ros_ws/build/rosbot_description -- -j4 -l4
[0.484s] Invoked command in '/home/dr/amr-travelobot/ros_ws/build/rosbot_description' returned '0': CMAKE_PREFIX_PATH=${CMAKE_PREFIX_PATH}:/home/dr/amr-travelobot/ros_ws/install/bno055:/opt/ros/foxy /usr/bin/cmake --build /home/dr/amr-travelobot/ros_ws/build/rosbot_description -- -j4 -l4
[0.624s] Invoking command in '/home/dr/amr-travelobot/ros_ws/build/rosbot_description': CMAKE_PREFIX_PATH=${CMAKE_PREFIX_PATH}:/home/dr/amr-travelobot/ros_ws/install/bno055:/opt/ros/foxy /usr/bin/cmake --install /home/dr/amr-travelobot/ros_ws/build/rosbot_description
[0.682s] -- Install configuration: ""
[0.683s] -- Up-to-date: /home/dr/amr-travelobot/ros_ws/install/rosbot_description/share/rosbot_description/config
[0.684s] -- Up-to-date: /home/dr/amr-travelobot/ros_ws/install/rosbot_description/share/rosbot_description/config/navigation.yaml
[0.685s] -- Up-to-date: /home/dr/amr-travelobot/ros_ws/install/rosbot_description/share/rosbot_description/config/ekf2.yaml
[0.685s] -- Up-to-date: /home/dr/amr-travelobot/ros_ws/install/rosbot_description/share/rosbot_description/config/slam_toolbox_localization.yaml
[0.689s] -- Up-to-date: /home/dr/amr-travelobot/ros_ws/install/rosbot_description/share/rosbot_description/config/teleop_bluetooth.yaml
[0.690s] -- Up-to-date: /home/dr/amr-travelobot/ros_ws/install/rosbot_description/share/rosbot_description/config/slam_toolbox_mapping.yaml
[0.691s] -- Up-to-date: /home/dr/amr-travelobot/ros_ws/install/rosbot_description/share/rosbot_description/config/diff_drive_controller.yaml
[0.692s] -- Up-to-date: /home/dr/amr-travelobot/ros_ws/install/rosbot_description/share/rosbot_description/config/bno055.yaml
[0.693s] -- Up-to-date: /home/dr/amr-travelobot/ros_ws/install/rosbot_description/share/rosbot_description/config/navigate_w_replanning_and_recovery.xml
[0.693s] -- Up-to-date: /home/dr/amr-travelobot/ros_ws/install/rosbot_description/share/rosbot_description/config/ekf.yaml
[0.694s] -- Up-to-date: /home/dr/amr-travelobot/ros_ws/install/rosbot_description/share/rosbot_description/config/localization.yaml
[0.695s] -- Up-to-date: /home/dr/amr-travelobot/ros_ws/install/rosbot_description/share/rosbot_description/config/teleop_usb.yaml
[0.696s] -- Up-to-date: /home/dr/amr-travelobot/ros_ws/install/rosbot_description/share/rosbot_description/config/slam_toolbox_lifelong.yaml
[0.696s] -- Up-to-date: /home/dr/amr-travelobot/ros_ws/install/rosbot_description/share/rosbot_description/rviz
[0.697s] -- Up-to-date: /home/dr/amr-travelobot/ros_ws/install/rosbot_description/share/rosbot_description/rviz/rosbot.rviz
[0.700s] -- Up-to-date: /home/dr/amr-travelobot/ros_ws/install/rosbot_description/share/rosbot_description/gazebo
[0.701s] -- Up-to-date: /home/dr/amr-travelobot/ros_ws/install/rosbot_description/share/rosbot_description/gazebo/rosbot.materials.xacro
[0.703s] -- Up-to-date: /home/dr/amr-travelobot/ros_ws/install/rosbot_description/share/rosbot_description/gazebo/rosbot.gazebo.xacro
[0.704s] -- Up-to-date: /home/dr/amr-travelobot/ros_ws/install/rosbot_description/share/rosbot_description/ros2_control
[0.705s] -- Up-to-date: /home/dr/amr-travelobot/ros_ws/install/rosbot_description/share/rosbot_description/ros2_control/rosbot_system.ros2_control.xacro
[0.706s] -- Up-to-date: /home/dr/amr-travelobot/ros_ws/install/rosbot_description/share/rosbot_description/urdf
[0.707s] -- Up-to-date: /home/dr/amr-travelobot/ros_ws/install/rosbot_description/share/rosbot_description/urdf/rosbot_links.urdf.xacro
[0.707s] -- Up-to-date: /home/dr/amr-travelobot/ros_ws/install/rosbot_description/share/rosbot_description/urdf/inertia.urdf.xacro
[0.710s] -- Up-to-date: /home/dr/amr-travelobot/ros_ws/install/rosbot_description/share/rosbot_description/urdf/rosbot.urdf.xacro
[0.710s] -- Up-to-date: /home/dr/amr-travelobot/ros_ws/install/rosbot_description/share/rosbot_description/world
[0.711s] -- Up-to-date: /home/dr/amr-travelobot/ros_ws/install/rosbot_description/share/rosbot_description/world/office.sdf
[0.712s] -- Up-to-date: /home/dr/amr-travelobot/ros_ws/install/rosbot_description/share/rosbot_description/world/simple.sdf
[0.714s] -- Up-to-date: /home/dr/amr-travelobot/ros_ws/install/rosbot_description/share/rosbot_description/map
[0.719s] -- Up-to-date: /home/dr/amr-travelobot/ros_ws/install/rosbot_description/share/rosbot_description/map/office.posegraph
[0.720s] -- Up-to-date: /home/dr/amr-travelobot/ros_ws/install/rosbot_description/share/rosbot_description/map/office.data
[0.721s] -- Up-to-date: /home/dr/amr-travelobot/ros_ws/install/rosbot_description/share/rosbot_description/map/office.pgm
[0.722s] -- Up-to-date: /home/dr/amr-travelobot/ros_ws/install/rosbot_description/share/rosbot_description/map/office.yaml
[0.723s] -- Up-to-date: /home/dr/amr-travelobot/ros_ws/install/rosbot_description/share/ament_index/resource_index/package_run_dependencies/rosbot_description
[0.726s] -- Up-to-date: /home/dr/amr-travelobot/ros_ws/install/rosbot_description/share/ament_index/resource_index/parent_prefix_path/rosbot_description
[0.727s] -- Up-to-date: /home/dr/amr-travelobot/ros_ws/install/rosbot_description/share/rosbot_description/environment/ament_prefix_path.sh
[0.731s] -- Up-to-date: /home/dr/amr-travelobot/ros_ws/install/rosbot_description/share/rosbot_description/environment/ament_prefix_path.dsv
[0.732s] -- Up-to-date: /home/dr/amr-travelobot/ros_ws/install/rosbot_description/share/rosbot_description/environment/path.sh
[0.733s] -- Up-to-date: /home/dr/amr-travelobot/ros_ws/install/rosbot_description/share/rosbot_description/environment/path.dsv
[0.733s] -- Up-to-date: /home/dr/amr-travelobot/ros_ws/install/rosbot_description/share/rosbot_description/local_setup.bash
[0.734s] -- Up-to-date: /home/dr/amr-travelobot/ros_ws/install/rosbot_description/share/rosbot_description/local_setup.sh
[0.735s] -- Up-to-date: /home/dr/amr-travelobot/ros_ws/install/rosbot_description/share/rosbot_description/local_setup.zsh
[0.735s] -- Up-to-date: /home/dr/amr-travelobot/ros_ws/install/rosbot_description/share/rosbot_description/local_setup.dsv
[0.736s] -- Installing: /home/dr/amr-travelobot/ros_ws/install/rosbot_description/share/rosbot_description/package.dsv
[0.736s] -- Up-to-date: /home/dr/amr-travelobot/ros_ws/install/rosbot_description/share/ament_index/resource_index/packages/rosbot_description
[0.737s] -- Up-to-date: /home/dr/amr-travelobot/ros_ws/install/rosbot_description/share/rosbot_description/cmake/rosbot_descriptionConfig.cmake
[0.738s] -- Up-to-date: /home/dr/amr-travelobot/ros_ws/install/rosbot_description/share/rosbot_description/cmake/rosbot_descriptionConfig-version.cmake
[0.739s] -- Up-to-date: /home/dr/amr-travelobot/ros_ws/install/rosbot_description/share/rosbot_description/package.xml
[0.826s] Invoked command in '/home/dr/amr-travelobot/ros_ws/build/rosbot_description' returned '0': CMAKE_PREFIX_PATH=${CMAKE_PREFIX_PATH}:/home/dr/amr-travelobot/ros_ws/install/bno055:/opt/ros/foxy /usr/bin/cmake --install /home/dr/amr-travelobot/ros_ws/build/rosbot_description
