[0.227s] Invoking command in '/home/dr/amr-travelobot/ros_ws/build/diffbot_description': CMAKE_PREFIX_PATH=${CMAKE_PREFIX_PATH}:/home/dr/amr-travelobot/ros_ws/install/ros2_control_test_nodes:/home/dr/amr-travelobot/ros_ws/install/bno055:/opt/ros/foxy /usr/bin/cmake --build /home/dr/amr-travelobot/ros_ws/build/diffbot_description -- -j4 -l4
[0.545s] Invoked command in '/home/dr/amr-travelobot/ros_ws/build/diffbot_description' returned '0': CMAKE_PREFIX_PATH=${CMAKE_PREFIX_PATH}:/home/dr/amr-travelobot/ros_ws/install/ros2_control_test_nodes:/home/dr/amr-travelobot/ros_ws/install/bno055:/opt/ros/foxy /usr/bin/cmake --build /home/dr/amr-travelobot/ros_ws/build/diffbot_description -- -j4 -l4
[0.698s] Invoking command in '/home/dr/amr-travelobot/ros_ws/build/diffbot_description': CMAKE_PREFIX_PATH=${CMAKE_PREFIX_PATH}:/home/dr/amr-travelobot/ros_ws/install/ros2_control_test_nodes:/home/dr/amr-travelobot/ros_ws/install/bno055:/opt/ros/foxy /usr/bin/cmake --install /home/dr/amr-travelobot/ros_ws/build/diffbot_description
[0.738s] -- Install configuration: ""
[0.741s] -- Execute custom install script
[0.745s] -- Up-to-date symlink: /home/dr/amr-travelobot/ros_ws/install/diffbot_description/share/diffbot_description/config/diffbot.rviz
[0.748s] -- Up-to-date symlink: /home/dr/amr-travelobot/ros_ws/install/diffbot_description/share/diffbot_description/gazebo/diffbot.gazebo.xacro
[0.751s] -- Up-to-date symlink: /home/dr/amr-travelobot/ros_ws/install/diffbot_description/share/diffbot_description/gazebo/diffbot.materials.xacro
[0.754s] -- Up-to-date symlink: /home/dr/amr-travelobot/ros_ws/install/diffbot_description/share/diffbot_description/ros2_control/diffbot_system.ros2_control.xacro
[0.758s] -- Up-to-date symlink: /home/dr/amr-travelobot/ros_ws/install/diffbot_description/share/diffbot_description/urdf/diffbot.urdf.xacro
[0.761s] -- Up-to-date symlink: /home/dr/amr-travelobot/ros_ws/install/diffbot_description/share/diffbot_description/urdf/diffbot_system.urdf.xacro
[0.762s] -- Up-to-date symlink: /home/dr/amr-travelobot/ros_ws/install/diffbot_description/share/ament_index/resource_index/package_run_dependencies/diffbot_description
[0.763s] -- Up-to-date symlink: /home/dr/amr-travelobot/ros_ws/install/diffbot_description/share/ament_index/resource_index/parent_prefix_path/diffbot_description
[0.776s] -- Up-to-date symlink: /home/dr/amr-travelobot/ros_ws/install/diffbot_description/share/diffbot_description/environment/ament_prefix_path.sh
[0.779s] -- Up-to-date symlink: /home/dr/amr-travelobot/ros_ws/install/diffbot_description/share/diffbot_description/environment/ament_prefix_path.dsv
[0.786s] -- Up-to-date symlink: /home/dr/amr-travelobot/ros_ws/install/diffbot_description/share/diffbot_description/environment/path.sh
[0.786s] -- Up-to-date symlink: /home/dr/amr-travelobot/ros_ws/install/diffbot_description/share/diffbot_description/environment/path.dsv
[0.787s] -- Up-to-date symlink: /home/dr/amr-travelobot/ros_ws/install/diffbot_description/share/diffbot_description/local_setup.bash
[0.787s] -- Up-to-date symlink: /home/dr/amr-travelobot/ros_ws/install/diffbot_description/share/diffbot_description/local_setup.sh
[0.788s] -- Up-to-date symlink: /home/dr/amr-travelobot/ros_ws/install/diffbot_description/share/diffbot_description/local_setup.zsh
[0.788s] -- Up-to-date symlink: /home/dr/amr-travelobot/ros_ws/install/diffbot_description/share/diffbot_description/local_setup.dsv
[0.789s] -- Symlinking: /home/dr/amr-travelobot/ros_ws/install/diffbot_description/share/diffbot_description/package.dsv
[0.821s] -- Up-to-date symlink: /home/dr/amr-travelobot/ros_ws/install/diffbot_description/share/ament_index/resource_index/packages/diffbot_description
[0.822s] -- Up-to-date symlink: /home/dr/amr-travelobot/ros_ws/install/diffbot_description/share/diffbot_description/cmake/diffbot_descriptionConfig.cmake
[0.824s] -- Up-to-date symlink: /home/dr/amr-travelobot/ros_ws/install/diffbot_description/share/diffbot_description/cmake/diffbot_descriptionConfig-version.cmake
[0.825s] -- Up-to-date symlink: /home/dr/amr-travelobot/ros_ws/install/diffbot_description/share/diffbot_description/package.xml
[0.835s] Invoked command in '/home/dr/amr-travelobot/ros_ws/build/diffbot_description' returned '0': CMAKE_PREFIX_PATH=${CMAKE_PREFIX_PATH}:/home/dr/amr-travelobot/ros_ws/install/ros2_control_test_nodes:/home/dr/amr-travelobot/ros_ws/install/bno055:/opt/ros/foxy /usr/bin/cmake --install /home/dr/amr-travelobot/ros_ws/build/diffbot_description
