[0.064s] Invoking command in '/home/dr/amr-travelobot/ros_ws/build/turtlesim': CMAKE_PREFIX_PATH=/opt/ros/foxy /usr/bin/cmake --build /home/dr/amr-travelobot/ros_ws/build/turtlesim -- -j4 -l4
[0.481s] [  1%] Built target turtlesim__cpp
[0.565s] [ 11%] Built target turtlesim__rosidl_generator_c
[0.863s] [ 21%] Built target turtlesim__rosidl_typesupport_cpp
[0.867s] [ 31%] Built target turtlesim__rosidl_typesupport_introspection_cpp
[0.920s] [ 41%] Built target turtlesim__rosidl_typesupport_c
[0.991s] [ 51%] Built target turtlesim__rosidl_typesupport_fastrtps_cpp
[1.121s] [ 61%] Built target turtlesim__rosidl_typesupport_introspection_c
[1.229s] [ 71%] Built target turtlesim__rosidl_typesupport_fastrtps_c
[1.331s] [ 71%] Built target turtlesim
[1.620s] [ 73%] Built target turtle_teleop_key
[1.667s] [ 78%] Built target turtlesim__py
[1.672s] [ 78%] Built target draw_square
[1.673s] [ 77%] Built target mimic
[2.017s] [ 87%] Built target turtlesim__python
[2.062s] [ 93%] Built target turtlesim_node
[2.358s] [ 95%] Built target turtlesim__rosidl_typesupport_fastrtps_c__pyext
[2.396s] [ 97%] Built target turtlesim__rosidl_typesupport_introspection_c__pyext
[2.406s] [100%] Built target turtlesim__rosidl_typesupport_c__pyext
[2.492s] Invoked command in '/home/dr/amr-travelobot/ros_ws/build/turtlesim' returned '0': CMAKE_PREFIX_PATH=/opt/ros/foxy /usr/bin/cmake --build /home/dr/amr-travelobot/ros_ws/build/turtlesim -- -j4 -l4
[3.158s] Invoking command in '/home/dr/amr-travelobot/ros_ws/build/turtlesim': CMAKE_PREFIX_PATH=/opt/ros/foxy /usr/bin/cmake --install /home/dr/amr-travelobot/ros_ws/build/turtlesim
[3.228s] -- Install configuration: ""
[3.230s] -- Up-to-date: /home/dr/amr-travelobot/ros_ws/install/turtlesim/share/ament_index/resource_index/rosidl_interfaces/turtlesim
[3.230s] -- Up-to-date: /home/dr/amr-travelobot/ros_ws/install/turtlesim/include/turtlesim
[3.231s] -- Up-to-date: /home/dr/amr-travelobot/ros_ws/install/turtlesim/include/turtlesim/msg
[3.232s] -- Up-to-date: /home/dr/amr-travelobot/ros_ws/install/turtlesim/include/turtlesim/msg/rosidl_generator_c__visibility_control.h
[3.232s] -- Up-to-date: /home/dr/amr-travelobot/ros_ws/install/turtlesim/include/turtlesim/msg/detail
[3.233s] -- Up-to-date: /home/dr/amr-travelobot/ros_ws/install/turtlesim/include/turtlesim/msg/detail/pose__functions.c
[3.233s] -- Up-to-date: /home/dr/amr-travelobot/ros_ws/install/turtlesim/include/turtlesim/msg/detail/pose__type_support.h
[3.234s] -- Up-to-date: /home/dr/amr-travelobot/ros_ws/install/turtlesim/include/turtlesim/msg/detail/pose__functions.h
[3.235s] -- Up-to-date: /home/dr/amr-travelobot/ros_ws/install/turtlesim/include/turtlesim/msg/detail/color__functions.c
[3.235s] -- Up-to-date: /home/dr/amr-travelobot/ros_ws/install/turtlesim/include/turtlesim/msg/detail/color__functions.h
[3.236s] -- Up-to-date: /home/dr/amr-travelobot/ros_ws/install/turtlesim/include/turtlesim/msg/detail/color__type_support.h
[3.239s] -- Up-to-date: /home/dr/amr-travelobot/ros_ws/install/turtlesim/include/turtlesim/msg/detail/pose__struct.h
[3.239s] -- Up-to-date: /home/dr/amr-travelobot/ros_ws/install/turtlesim/include/turtlesim/msg/detail/color__struct.h
[3.240s] -- Up-to-date: /home/dr/amr-travelobot/ros_ws/install/turtlesim/include/turtlesim/msg/color.h
[3.241s] -- Up-to-date: /home/dr/amr-travelobot/ros_ws/install/turtlesim/include/turtlesim/msg/pose.h
[3.241s] -- Up-to-date: /home/dr/amr-travelobot/ros_ws/install/turtlesim/include/turtlesim/srv
[3.241s] -- Up-to-date: /home/dr/amr-travelobot/ros_ws/install/turtlesim/include/turtlesim/srv/set_pen.h
[3.242s] -- Up-to-date: /home/dr/amr-travelobot/ros_ws/install/turtlesim/include/turtlesim/srv/detail
[3.242s] -- Up-to-date: /home/dr/amr-travelobot/ros_ws/install/turtlesim/include/turtlesim/srv/detail/set_pen__functions.c
[3.243s] -- Up-to-date: /home/dr/amr-travelobot/ros_ws/install/turtlesim/include/turtlesim/srv/detail/set_pen__functions.h
[3.243s] -- Up-to-date: /home/dr/amr-travelobot/ros_ws/install/turtlesim/include/turtlesim/srv/detail/teleport_relative__functions.h
[3.244s] -- Up-to-date: /home/dr/amr-travelobot/ros_ws/install/turtlesim/include/turtlesim/srv/detail/spawn__functions.c
[3.244s] -- Up-to-date: /home/dr/amr-travelobot/ros_ws/install/turtlesim/include/turtlesim/srv/detail/teleport_relative__struct.h
[3.245s] -- Up-to-date: /home/dr/amr-travelobot/ros_ws/install/turtlesim/include/turtlesim/srv/detail/teleport_absolute__functions.c
[3.245s] -- Up-to-date: /home/dr/amr-travelobot/ros_ws/install/turtlesim/include/turtlesim/srv/detail/set_pen__type_support.h
[3.246s] -- Up-to-date: /home/dr/amr-travelobot/ros_ws/install/turtlesim/include/turtlesim/srv/detail/spawn__type_support.h
[3.246s] -- Up-to-date: /home/dr/amr-travelobot/ros_ws/install/turtlesim/include/turtlesim/srv/detail/kill__functions.h
[3.247s] -- Up-to-date: /home/dr/amr-travelobot/ros_ws/install/turtlesim/include/turtlesim/srv/detail/set_pen__struct.h
[3.247s] -- Up-to-date: /home/dr/amr-travelobot/ros_ws/install/turtlesim/include/turtlesim/srv/detail/kill__struct.h
[3.248s] -- Up-to-date: /home/dr/amr-travelobot/ros_ws/install/turtlesim/include/turtlesim/srv/detail/teleport_absolute__functions.h
[3.248s] -- Up-to-date: /home/dr/amr-travelobot/ros_ws/install/turtlesim/include/turtlesim/srv/detail/teleport_relative__functions.c
[3.249s] -- Up-to-date: /home/dr/amr-travelobot/ros_ws/install/turtlesim/include/turtlesim/srv/detail/teleport_absolute__struct.h
[3.249s] -- Up-to-date: /home/dr/amr-travelobot/ros_ws/install/turtlesim/include/turtlesim/srv/detail/spawn__functions.h
[3.249s] -- Up-to-date: /home/dr/amr-travelobot/ros_ws/install/turtlesim/include/turtlesim/srv/detail/teleport_relative__type_support.h
[3.250s] -- Up-to-date: /home/dr/amr-travelobot/ros_ws/install/turtlesim/include/turtlesim/srv/detail/kill__type_support.h
[3.250s] -- Up-to-date: /home/dr/amr-travelobot/ros_ws/install/turtlesim/include/turtlesim/srv/detail/teleport_absolute__type_support.h
[3.251s] -- Up-to-date: /home/dr/amr-travelobot/ros_ws/install/turtlesim/include/turtlesim/srv/detail/kill__functions.c
[3.251s] -- Up-to-date: /home/dr/amr-travelobot/ros_ws/install/turtlesim/include/turtlesim/srv/detail/spawn__struct.h
[3.252s] -- Up-to-date: /home/dr/amr-travelobot/ros_ws/install/turtlesim/include/turtlesim/srv/kill.h
[3.252s] -- Up-to-date: /home/dr/amr-travelobot/ros_ws/install/turtlesim/include/turtlesim/srv/teleport_absolute.h
[3.253s] -- Up-to-date: /home/dr/amr-travelobot/ros_ws/install/turtlesim/include/turtlesim/srv/teleport_relative.h
[3.253s] -- Up-to-date: /home/dr/amr-travelobot/ros_ws/install/turtlesim/include/turtlesim/srv/spawn.h
[3.254s] -- Up-to-date: /home/dr/amr-travelobot/ros_ws/install/turtlesim/include/turtlesim/action
[3.254s] -- Up-to-date: /home/dr/amr-travelobot/ros_ws/install/turtlesim/include/turtlesim/action/detail
[3.255s] -- Up-to-date: /home/dr/amr-travelobot/ros_ws/install/turtlesim/include/turtlesim/action/detail/rotate_absolute__functions.c
[3.255s] -- Up-to-date: /home/dr/amr-travelobot/ros_ws/install/turtlesim/include/turtlesim/action/detail/rotate_absolute__type_support.h
[3.256s] -- Up-to-date: /home/dr/amr-travelobot/ros_ws/install/turtlesim/include/turtlesim/action/detail/rotate_absolute__struct.h
[3.257s] -- Up-to-date: /home/dr/amr-travelobot/ros_ws/install/turtlesim/include/turtlesim/action/detail/rotate_absolute__functions.h
[3.258s] -- Up-to-date: /home/dr/amr-travelobot/ros_ws/install/turtlesim/include/turtlesim/action/rotate_absolute.h
[3.258s] -- Up-to-date: /home/dr/amr-travelobot/ros_ws/install/turtlesim/share/turtlesim/environment/library_path.sh
[3.259s] -- Up-to-date: /home/dr/amr-travelobot/ros_ws/install/turtlesim/share/turtlesim/environment/library_path.dsv
[3.260s] -- Up-to-date: /home/dr/amr-travelobot/ros_ws/install/turtlesim/lib/libturtlesim__rosidl_generator_c.so
[3.260s] -- Up-to-date: /home/dr/amr-travelobot/ros_ws/install/turtlesim/include/turtlesim
[3.261s] -- Up-to-date: /home/dr/amr-travelobot/ros_ws/install/turtlesim/include/turtlesim/msg
[3.261s] -- Up-to-date: /home/dr/amr-travelobot/ros_ws/install/turtlesim/include/turtlesim/msg/detail
[3.262s] -- Up-to-date: /home/dr/amr-travelobot/ros_ws/install/turtlesim/include/turtlesim/msg/detail/pose__rosidl_typesupport_fastrtps_c.h
[3.262s] -- Up-to-date: /home/dr/amr-travelobot/ros_ws/install/turtlesim/include/turtlesim/msg/detail/color__rosidl_typesupport_fastrtps_c.h
[3.263s] -- Up-to-date: /home/dr/amr-travelobot/ros_ws/install/turtlesim/include/turtlesim/msg/rosidl_typesupport_fastrtps_c__visibility_control.h
[3.264s] -- Up-to-date: /home/dr/amr-travelobot/ros_ws/install/turtlesim/include/turtlesim/srv
[3.264s] -- Up-to-date: /home/dr/amr-travelobot/ros_ws/install/turtlesim/include/turtlesim/srv/detail
[3.265s] -- Up-to-date: /home/dr/amr-travelobot/ros_ws/install/turtlesim/include/turtlesim/srv/detail/teleport_relative__rosidl_typesupport_fastrtps_c.h
[3.266s] -- Up-to-date: /home/dr/amr-travelobot/ros_ws/install/turtlesim/include/turtlesim/srv/detail/teleport_absolute__rosidl_typesupport_fastrtps_c.h
[3.266s] -- Up-to-date: /home/dr/amr-travelobot/ros_ws/install/turtlesim/include/turtlesim/srv/detail/spawn__rosidl_typesupport_fastrtps_c.h
[3.266s] -- Up-to-date: /home/dr/amr-travelobot/ros_ws/install/turtlesim/include/turtlesim/srv/detail/kill__rosidl_typesupport_fastrtps_c.h
[3.267s] -- Up-to-date: /home/dr/amr-travelobot/ros_ws/install/turtlesim/include/turtlesim/srv/detail/set_pen__rosidl_typesupport_fastrtps_c.h
[3.268s] -- Up-to-date: /home/dr/amr-travelobot/ros_ws/install/turtlesim/include/turtlesim/action
[3.268s] -- Up-to-date: /home/dr/amr-travelobot/ros_ws/install/turtlesim/include/turtlesim/action/detail
[3.269s] -- Up-to-date: /home/dr/amr-travelobot/ros_ws/install/turtlesim/include/turtlesim/action/detail/rotate_absolute__rosidl_typesupport_fastrtps_c.h
[3.269s] -- Up-to-date: /home/dr/amr-travelobot/ros_ws/install/turtlesim/lib/libturtlesim__rosidl_typesupport_fastrtps_c.so
[3.270s] -- Up-to-date: /home/dr/amr-travelobot/ros_ws/install/turtlesim/include/turtlesim
[3.270s] -- Up-to-date: /home/dr/amr-travelobot/ros_ws/install/turtlesim/include/turtlesim/msg
[3.271s] -- Up-to-date: /home/dr/amr-travelobot/ros_ws/install/turtlesim/include/turtlesim/msg/detail
[3.271s] -- Up-to-date: /home/dr/amr-travelobot/ros_ws/install/turtlesim/include/turtlesim/msg/detail/pose__rosidl_typesupport_fastrtps_cpp.hpp
[3.272s] -- Up-to-date: /home/dr/amr-travelobot/ros_ws/install/turtlesim/include/turtlesim/msg/detail/dds_fastrtps
[3.272s] -- Up-to-date: /home/dr/amr-travelobot/ros_ws/install/turtlesim/include/turtlesim/msg/detail/color__rosidl_typesupport_fastrtps_cpp.hpp
[3.273s] -- Up-to-date: /home/dr/amr-travelobot/ros_ws/install/turtlesim/include/turtlesim/msg/rosidl_typesupport_fastrtps_cpp__visibility_control.h
[3.273s] -- Up-to-date: /home/dr/amr-travelobot/ros_ws/install/turtlesim/include/turtlesim/srv
[3.274s] -- Up-to-date: /home/dr/amr-travelobot/ros_ws/install/turtlesim/include/turtlesim/srv/detail
[3.274s] -- Up-to-date: /home/dr/amr-travelobot/ros_ws/install/turtlesim/include/turtlesim/srv/detail/teleport_absolute__rosidl_typesupport_fastrtps_cpp.hpp
[3.275s] -- Up-to-date: /home/dr/amr-travelobot/ros_ws/install/turtlesim/include/turtlesim/srv/detail/kill__rosidl_typesupport_fastrtps_cpp.hpp
[3.276s] -- Up-to-date: /home/dr/amr-travelobot/ros_ws/install/turtlesim/include/turtlesim/srv/detail/dds_fastrtps
[3.276s] -- Up-to-date: /home/dr/amr-travelobot/ros_ws/install/turtlesim/include/turtlesim/srv/detail/teleport_relative__rosidl_typesupport_fastrtps_cpp.hpp
[3.276s] -- Up-to-date: /home/dr/amr-travelobot/ros_ws/install/turtlesim/include/turtlesim/srv/detail/spawn__rosidl_typesupport_fastrtps_cpp.hpp
[3.277s] -- Up-to-date: /home/dr/amr-travelobot/ros_ws/install/turtlesim/include/turtlesim/srv/detail/set_pen__rosidl_typesupport_fastrtps_cpp.hpp
[3.277s] -- Up-to-date: /home/dr/amr-travelobot/ros_ws/install/turtlesim/include/turtlesim/action
[3.278s] -- Up-to-date: /home/dr/amr-travelobot/ros_ws/install/turtlesim/include/turtlesim/action/detail
[3.278s] -- Up-to-date: /home/dr/amr-travelobot/ros_ws/install/turtlesim/include/turtlesim/action/detail/rotate_absolute__rosidl_typesupport_fastrtps_cpp.hpp
[3.279s] -- Up-to-date: /home/dr/amr-travelobot/ros_ws/install/turtlesim/include/turtlesim/action/detail/dds_fastrtps
[3.279s] -- Up-to-date: /home/dr/amr-travelobot/ros_ws/install/turtlesim/lib/libturtlesim__rosidl_typesupport_fastrtps_cpp.so
[3.280s] -- Up-to-date: /home/dr/amr-travelobot/ros_ws/install/turtlesim/include/turtlesim
[3.280s] -- Up-to-date: /home/dr/amr-travelobot/ros_ws/install/turtlesim/include/turtlesim/msg
[3.280s] -- Up-to-date: /home/dr/amr-travelobot/ros_ws/install/turtlesim/include/turtlesim/msg/detail
[3.281s] -- Up-to-date: /home/dr/amr-travelobot/ros_ws/install/turtlesim/include/turtlesim/msg/detail/color__type_support.c
[3.281s] -- Up-to-date: /home/dr/amr-travelobot/ros_ws/install/turtlesim/include/turtlesim/msg/detail/pose__type_support.c
[3.282s] -- Up-to-date: /home/dr/amr-travelobot/ros_ws/install/turtlesim/include/turtlesim/msg/detail/pose__rosidl_typesupport_introspection_c.h
[3.282s] -- Up-to-date: /home/dr/amr-travelobot/ros_ws/install/turtlesim/include/turtlesim/msg/detail/color__rosidl_typesupport_introspection_c.h
[3.282s] -- Up-to-date: /home/dr/amr-travelobot/ros_ws/install/turtlesim/include/turtlesim/msg/rosidl_typesupport_introspection_c__visibility_control.h
[3.283s] -- Up-to-date: /home/dr/amr-travelobot/ros_ws/install/turtlesim/include/turtlesim/srv
[3.283s] -- Up-to-date: /home/dr/amr-travelobot/ros_ws/install/turtlesim/include/turtlesim/srv/detail
[3.284s] -- Up-to-date: /home/dr/amr-travelobot/ros_ws/install/turtlesim/include/turtlesim/srv/detail/spawn__type_support.c
[3.285s] -- Up-to-date: /home/dr/amr-travelobot/ros_ws/install/turtlesim/include/turtlesim/srv/detail/set_pen__type_support.c
[3.285s] -- Up-to-date: /home/dr/amr-travelobot/ros_ws/install/turtlesim/include/turtlesim/srv/detail/teleport_relative__rosidl_typesupport_introspection_c.h
[3.285s] -- Up-to-date: /home/dr/amr-travelobot/ros_ws/install/turtlesim/include/turtlesim/srv/detail/kill__rosidl_typesupport_introspection_c.h
[3.286s] -- Up-to-date: /home/dr/amr-travelobot/ros_ws/install/turtlesim/include/turtlesim/srv/detail/teleport_absolute__rosidl_typesupport_introspection_c.h
[3.286s] -- Up-to-date: /home/dr/amr-travelobot/ros_ws/install/turtlesim/include/turtlesim/srv/detail/kill__type_support.c
[3.287s] -- Up-to-date: /home/dr/amr-travelobot/ros_ws/install/turtlesim/include/turtlesim/srv/detail/spawn__rosidl_typesupport_introspection_c.h
[3.287s] -- Up-to-date: /home/dr/amr-travelobot/ros_ws/install/turtlesim/include/turtlesim/srv/detail/teleport_relative__type_support.c
[3.288s] -- Up-to-date: /home/dr/amr-travelobot/ros_ws/install/turtlesim/include/turtlesim/srv/detail/teleport_absolute__type_support.c
[3.288s] -- Up-to-date: /home/dr/amr-travelobot/ros_ws/install/turtlesim/include/turtlesim/srv/detail/set_pen__rosidl_typesupport_introspection_c.h
[3.288s] -- Up-to-date: /home/dr/amr-travelobot/ros_ws/install/turtlesim/include/turtlesim/action
[3.289s] -- Up-to-date: /home/dr/amr-travelobot/ros_ws/install/turtlesim/include/turtlesim/action/detail
[3.289s] -- Up-to-date: /home/dr/amr-travelobot/ros_ws/install/turtlesim/include/turtlesim/action/detail/rotate_absolute__rosidl_typesupport_introspection_c.h
[3.290s] -- Up-to-date: /home/dr/amr-travelobot/ros_ws/install/turtlesim/include/turtlesim/action/detail/rotate_absolute__type_support.c
[3.290s] -- Up-to-date: /home/dr/amr-travelobot/ros_ws/install/turtlesim/lib/libturtlesim__rosidl_typesupport_introspection_c.so
[3.290s] -- Up-to-date: /home/dr/amr-travelobot/ros_ws/install/turtlesim/lib/libturtlesim__rosidl_typesupport_c.so
[3.291s] -- Up-to-date: /home/dr/amr-travelobot/ros_ws/install/turtlesim/include/turtlesim
[3.291s] -- Up-to-date: /home/dr/amr-travelobot/ros_ws/install/turtlesim/include/turtlesim/msg
[3.291s] -- Up-to-date: /home/dr/amr-travelobot/ros_ws/install/turtlesim/include/turtlesim/msg/detail
[3.292s] -- Up-to-date: /home/dr/amr-travelobot/ros_ws/install/turtlesim/include/turtlesim/msg/detail/pose__traits.hpp
[3.292s] -- Up-to-date: /home/dr/amr-travelobot/ros_ws/install/turtlesim/include/turtlesim/msg/detail/color__traits.hpp
[3.293s] -- Up-to-date: /home/dr/amr-travelobot/ros_ws/install/turtlesim/include/turtlesim/msg/detail/color__builder.hpp
[3.293s] -- Up-to-date: /home/dr/amr-travelobot/ros_ws/install/turtlesim/include/turtlesim/msg/detail/pose__struct.hpp
[3.293s] -- Up-to-date: /home/dr/amr-travelobot/ros_ws/install/turtlesim/include/turtlesim/msg/detail/pose__builder.hpp
[3.294s] -- Up-to-date: /home/dr/amr-travelobot/ros_ws/install/turtlesim/include/turtlesim/msg/detail/color__struct.hpp
[3.294s] -- Up-to-date: /home/dr/amr-travelobot/ros_ws/install/turtlesim/include/turtlesim/msg/pose.hpp
[3.295s] -- Up-to-date: /home/dr/amr-travelobot/ros_ws/install/turtlesim/include/turtlesim/msg/color.hpp
[3.295s] -- Up-to-date: /home/dr/amr-travelobot/ros_ws/install/turtlesim/include/turtlesim/srv
[3.295s] -- Up-to-date: /home/dr/amr-travelobot/ros_ws/install/turtlesim/include/turtlesim/srv/detail
[3.296s] -- Up-to-date: /home/dr/amr-travelobot/ros_ws/install/turtlesim/include/turtlesim/srv/detail/teleport_absolute__struct.hpp
[3.296s] -- Up-to-date: /home/dr/amr-travelobot/ros_ws/install/turtlesim/include/turtlesim/srv/detail/spawn__builder.hpp
[3.296s] -- Up-to-date: /home/dr/amr-travelobot/ros_ws/install/turtlesim/include/turtlesim/srv/detail/spawn__traits.hpp
[3.297s] -- Up-to-date: /home/dr/amr-travelobot/ros_ws/install/turtlesim/include/turtlesim/srv/detail/teleport_relative__builder.hpp
[3.297s] -- Up-to-date: /home/dr/amr-travelobot/ros_ws/install/turtlesim/include/turtlesim/srv/detail/set_pen__builder.hpp
[3.297s] -- Up-to-date: /home/dr/amr-travelobot/ros_ws/install/turtlesim/include/turtlesim/srv/detail/kill__struct.hpp
[3.298s] -- Up-to-date: /home/dr/amr-travelobot/ros_ws/install/turtlesim/include/turtlesim/srv/detail/teleport_relative__traits.hpp
[3.298s] -- Up-to-date: /home/dr/amr-travelobot/ros_ws/install/turtlesim/include/turtlesim/srv/detail/kill__traits.hpp
[3.299s] -- Up-to-date: /home/dr/amr-travelobot/ros_ws/install/turtlesim/include/turtlesim/srv/detail/teleport_absolute__traits.hpp
[3.299s] -- Up-to-date: /home/dr/amr-travelobot/ros_ws/install/turtlesim/include/turtlesim/srv/detail/set_pen__struct.hpp
[3.300s] -- Up-to-date: /home/dr/amr-travelobot/ros_ws/install/turtlesim/include/turtlesim/srv/detail/kill__builder.hpp
[3.300s] -- Up-to-date: /home/dr/amr-travelobot/ros_ws/install/turtlesim/include/turtlesim/srv/detail/set_pen__traits.hpp
[3.300s] -- Up-to-date: /home/dr/amr-travelobot/ros_ws/install/turtlesim/include/turtlesim/srv/detail/teleport_absolute__builder.hpp
[3.301s] -- Up-to-date: /home/dr/amr-travelobot/ros_ws/install/turtlesim/include/turtlesim/srv/detail/spawn__struct.hpp
[3.301s] -- Up-to-date: /home/dr/amr-travelobot/ros_ws/install/turtlesim/include/turtlesim/srv/detail/teleport_relative__struct.hpp
[3.301s] -- Up-to-date: /home/dr/amr-travelobot/ros_ws/install/turtlesim/include/turtlesim/srv/teleport_absolute.hpp
[3.302s] -- Up-to-date: /home/dr/amr-travelobot/ros_ws/install/turtlesim/include/turtlesim/srv/spawn.hpp
[3.302s] -- Up-to-date: /home/dr/amr-travelobot/ros_ws/install/turtlesim/include/turtlesim/srv/set_pen.hpp
[3.302s] -- Up-to-date: /home/dr/amr-travelobot/ros_ws/install/turtlesim/include/turtlesim/srv/teleport_relative.hpp
[3.303s] -- Up-to-date: /home/dr/amr-travelobot/ros_ws/install/turtlesim/include/turtlesim/srv/kill.hpp
[3.303s] -- Up-to-date: /home/dr/amr-travelobot/ros_ws/install/turtlesim/include/turtlesim/action
[3.304s] -- Up-to-date: /home/dr/amr-travelobot/ros_ws/install/turtlesim/include/turtlesim/action/detail
[3.304s] -- Up-to-date: /home/dr/amr-travelobot/ros_ws/install/turtlesim/include/turtlesim/action/detail/rotate_absolute__builder.hpp
[3.304s] -- Up-to-date: /home/dr/amr-travelobot/ros_ws/install/turtlesim/include/turtlesim/action/detail/rotate_absolute__struct.hpp
[3.305s] -- Up-to-date: /home/dr/amr-travelobot/ros_ws/install/turtlesim/include/turtlesim/action/detail/rotate_absolute__traits.hpp
[3.305s] -- Up-to-date: /home/dr/amr-travelobot/ros_ws/install/turtlesim/include/turtlesim/action/rotate_absolute.hpp
[3.305s] -- Up-to-date: /home/dr/amr-travelobot/ros_ws/install/turtlesim/include/turtlesim
[3.306s] -- Up-to-date: /home/dr/amr-travelobot/ros_ws/install/turtlesim/include/turtlesim/msg
[3.306s] -- Up-to-date: /home/dr/amr-travelobot/ros_ws/install/turtlesim/include/turtlesim/msg/detail
[3.307s] -- Up-to-date: /home/dr/amr-travelobot/ros_ws/install/turtlesim/include/turtlesim/msg/detail/pose__rosidl_typesupport_introspection_cpp.hpp
[3.307s] -- Up-to-date: /home/dr/amr-travelobot/ros_ws/install/turtlesim/include/turtlesim/msg/detail/color__type_support.cpp
[3.307s] -- Up-to-date: /home/dr/amr-travelobot/ros_ws/install/turtlesim/include/turtlesim/msg/detail/pose__type_support.cpp
[3.308s] -- Up-to-date: /home/dr/amr-travelobot/ros_ws/install/turtlesim/include/turtlesim/msg/detail/color__rosidl_typesupport_introspection_cpp.hpp
[3.308s] -- Up-to-date: /home/dr/amr-travelobot/ros_ws/install/turtlesim/include/turtlesim/srv
[3.309s] -- Up-to-date: /home/dr/amr-travelobot/ros_ws/install/turtlesim/include/turtlesim/srv/detail
[3.309s] -- Up-to-date: /home/dr/amr-travelobot/ros_ws/install/turtlesim/include/turtlesim/srv/detail/set_pen__type_support.cpp
[3.309s] -- Up-to-date: /home/dr/amr-travelobot/ros_ws/install/turtlesim/include/turtlesim/srv/detail/teleport_absolute__type_support.cpp
[3.310s] -- Up-to-date: /home/dr/amr-travelobot/ros_ws/install/turtlesim/include/turtlesim/srv/detail/teleport_absolute__rosidl_typesupport_introspection_cpp.hpp
[3.310s] -- Up-to-date: /home/dr/amr-travelobot/ros_ws/install/turtlesim/include/turtlesim/srv/detail/set_pen__rosidl_typesupport_introspection_cpp.hpp
[3.310s] -- Up-to-date: /home/dr/amr-travelobot/ros_ws/install/turtlesim/include/turtlesim/srv/detail/kill__type_support.cpp
[3.311s] -- Up-to-date: /home/dr/amr-travelobot/ros_ws/install/turtlesim/include/turtlesim/srv/detail/spawn__type_support.cpp
[3.311s] -- Up-to-date: /home/dr/amr-travelobot/ros_ws/install/turtlesim/include/turtlesim/srv/detail/teleport_relative__rosidl_typesupport_introspection_cpp.hpp
[3.312s] -- Up-to-date: /home/dr/amr-travelobot/ros_ws/install/turtlesim/include/turtlesim/srv/detail/teleport_relative__type_support.cpp
[3.312s] -- Up-to-date: /home/dr/amr-travelobot/ros_ws/install/turtlesim/include/turtlesim/srv/detail/spawn__rosidl_typesupport_introspection_cpp.hpp
[3.312s] -- Up-to-date: /home/dr/amr-travelobot/ros_ws/install/turtlesim/include/turtlesim/srv/detail/kill__rosidl_typesupport_introspection_cpp.hpp
[3.313s] -- Up-to-date: /home/dr/amr-travelobot/ros_ws/install/turtlesim/include/turtlesim/action
[3.313s] -- Up-to-date: /home/dr/amr-travelobot/ros_ws/install/turtlesim/include/turtlesim/action/detail
[3.314s] -- Up-to-date: /home/dr/amr-travelobot/ros_ws/install/turtlesim/include/turtlesim/action/detail/rotate_absolute__rosidl_typesupport_introspection_cpp.hpp
[3.314s] -- Up-to-date: /home/dr/amr-travelobot/ros_ws/install/turtlesim/include/turtlesim/action/detail/rotate_absolute__type_support.cpp
[3.314s] -- Up-to-date: /home/dr/amr-travelobot/ros_ws/install/turtlesim/lib/libturtlesim__rosidl_typesupport_introspection_cpp.so
[3.315s] -- Up-to-date: /home/dr/amr-travelobot/ros_ws/install/turtlesim/lib/libturtlesim__rosidl_typesupport_cpp.so
[3.315s] -- Up-to-date: /home/dr/amr-travelobot/ros_ws/install/turtlesim/share/turtlesim/environment/pythonpath.sh
[3.316s] -- Up-to-date: /home/dr/amr-travelobot/ros_ws/install/turtlesim/share/turtlesim/environment/pythonpath.dsv
[3.316s] -- Up-to-date: /home/dr/amr-travelobot/ros_ws/install/turtlesim/lib/python3.8/site-packages/turtlesim/__init__.py
[3.427s] -- Up-to-date: /home/dr/amr-travelobot/ros_ws/install/turtlesim/lib/python3.8/site-packages/turtlesim/action
[3.428s] -- Up-to-date: /home/dr/amr-travelobot/ros_ws/install/turtlesim/lib/python3.8/site-packages/turtlesim/action/_rotate_absolute_s.c
[3.429s] -- Up-to-date: /home/dr/amr-travelobot/ros_ws/install/turtlesim/lib/python3.8/site-packages/turtlesim/action/__init__.py
[3.430s] -- Up-to-date: /home/dr/amr-travelobot/ros_ws/install/turtlesim/lib/python3.8/site-packages/turtlesim/action/_rotate_absolute.py
[3.430s] -- Up-to-date: /home/dr/amr-travelobot/ros_ws/install/turtlesim/lib/python3.8/site-packages/turtlesim/msg
[3.431s] -- Up-to-date: /home/dr/amr-travelobot/ros_ws/install/turtlesim/lib/python3.8/site-packages/turtlesim/msg/_pose.py
[3.431s] -- Up-to-date: /home/dr/amr-travelobot/ros_ws/install/turtlesim/lib/python3.8/site-packages/turtlesim/msg/_pose_s.c
[3.432s] -- Up-to-date: /home/dr/amr-travelobot/ros_ws/install/turtlesim/lib/python3.8/site-packages/turtlesim/msg/__init__.py
[3.432s] -- Up-to-date: /home/dr/amr-travelobot/ros_ws/install/turtlesim/lib/python3.8/site-packages/turtlesim/msg/_color.py
[3.432s] -- Up-to-date: /home/dr/amr-travelobot/ros_ws/install/turtlesim/lib/python3.8/site-packages/turtlesim/msg/_color_s.c
[3.433s] -- Up-to-date: /home/dr/amr-travelobot/ros_ws/install/turtlesim/lib/python3.8/site-packages/turtlesim/srv
[3.433s] -- Up-to-date: /home/dr/amr-travelobot/ros_ws/install/turtlesim/lib/python3.8/site-packages/turtlesim/srv/_set_pen_s.c
[3.433s] -- Up-to-date: /home/dr/amr-travelobot/ros_ws/install/turtlesim/lib/python3.8/site-packages/turtlesim/srv/_set_pen.py
[3.434s] -- Up-to-date: /home/dr/amr-travelobot/ros_ws/install/turtlesim/lib/python3.8/site-packages/turtlesim/srv/_kill_s.c
[3.434s] -- Up-to-date: /home/dr/amr-travelobot/ros_ws/install/turtlesim/lib/python3.8/site-packages/turtlesim/srv/_kill.py
[3.435s] -- Up-to-date: /home/dr/amr-travelobot/ros_ws/install/turtlesim/lib/python3.8/site-packages/turtlesim/srv/_spawn.py
[3.435s] -- Up-to-date: /home/dr/amr-travelobot/ros_ws/install/turtlesim/lib/python3.8/site-packages/turtlesim/srv/__init__.py
[3.435s] -- Up-to-date: /home/dr/amr-travelobot/ros_ws/install/turtlesim/lib/python3.8/site-packages/turtlesim/srv/_teleport_relative_s.c
[3.436s] -- Up-to-date: /home/dr/amr-travelobot/ros_ws/install/turtlesim/lib/python3.8/site-packages/turtlesim/srv/_teleport_absolute_s.c
[3.436s] -- Up-to-date: /home/dr/amr-travelobot/ros_ws/install/turtlesim/lib/python3.8/site-packages/turtlesim/srv/_teleport_absolute.py
[3.436s] -- Up-to-date: /home/dr/amr-travelobot/ros_ws/install/turtlesim/lib/python3.8/site-packages/turtlesim/srv/_teleport_relative.py
[3.437s] -- Up-to-date: /home/dr/amr-travelobot/ros_ws/install/turtlesim/lib/python3.8/site-packages/turtlesim/srv/_spawn_s.c
[3.437s] -- Up-to-date: /home/dr/amr-travelobot/ros_ws/install/turtlesim/lib/python3.8/site-packages/turtlesim/turtlesim_s__rosidl_typesupport_fastrtps_c.cpython-38-aarch64-linux-gnu.so
[3.440s] -- Up-to-date: /home/dr/amr-travelobot/ros_ws/install/turtlesim/lib/python3.8/site-packages/turtlesim/turtlesim_s__rosidl_typesupport_introspection_c.cpython-38-aarch64-linux-gnu.so
[3.442s] -- Up-to-date: /home/dr/amr-travelobot/ros_ws/install/turtlesim/lib/python3.8/site-packages/turtlesim/turtlesim_s__rosidl_typesupport_c.cpython-38-aarch64-linux-gnu.so
[3.446s] -- Up-to-date: /home/dr/amr-travelobot/ros_ws/install/turtlesim/lib/libturtlesim__python.so
[3.448s] -- Up-to-date: /home/dr/amr-travelobot/ros_ws/install/turtlesim/share/turtlesim/action/RotateAbsolute.idl
[3.448s] -- Up-to-date: /home/dr/amr-travelobot/ros_ws/install/turtlesim/share/turtlesim/msg/Color.idl
[3.449s] -- Up-to-date: /home/dr/amr-travelobot/ros_ws/install/turtlesim/share/turtlesim/msg/Pose.idl
[3.449s] -- Up-to-date: /home/dr/amr-travelobot/ros_ws/install/turtlesim/share/turtlesim/srv/Kill.idl
[3.450s] -- Up-to-date: /home/dr/amr-travelobot/ros_ws/install/turtlesim/share/turtlesim/srv/SetPen.idl
[3.450s] -- Up-to-date: /home/dr/amr-travelobot/ros_ws/install/turtlesim/share/turtlesim/srv/Spawn.idl
[3.451s] -- Up-to-date: /home/dr/amr-travelobot/ros_ws/install/turtlesim/share/turtlesim/srv/TeleportAbsolute.idl
[3.451s] -- Up-to-date: /home/dr/amr-travelobot/ros_ws/install/turtlesim/share/turtlesim/srv/TeleportRelative.idl
[3.451s] -- Up-to-date: /home/dr/amr-travelobot/ros_ws/install/turtlesim/share/turtlesim/action/RotateAbsolute.action
[3.452s] -- Up-to-date: /home/dr/amr-travelobot/ros_ws/install/turtlesim/share/turtlesim/msg/Color.msg
[3.452s] -- Up-to-date: /home/dr/amr-travelobot/ros_ws/install/turtlesim/share/turtlesim/msg/Pose.msg
[3.453s] -- Up-to-date: /home/dr/amr-travelobot/ros_ws/install/turtlesim/share/turtlesim/srv/Kill.srv
[3.453s] -- Up-to-date: /home/dr/amr-travelobot/ros_ws/install/turtlesim/share/turtlesim/srv/Kill_Request.msg
[3.454s] -- Up-to-date: /home/dr/amr-travelobot/ros_ws/install/turtlesim/share/turtlesim/srv/Kill_Response.msg
[3.454s] -- Up-to-date: /home/dr/amr-travelobot/ros_ws/install/turtlesim/share/turtlesim/srv/SetPen.srv
[3.454s] -- Up-to-date: /home/dr/amr-travelobot/ros_ws/install/turtlesim/share/turtlesim/srv/SetPen_Request.msg
[3.455s] -- Up-to-date: /home/dr/amr-travelobot/ros_ws/install/turtlesim/share/turtlesim/srv/SetPen_Response.msg
[3.456s] -- Up-to-date: /home/dr/amr-travelobot/ros_ws/install/turtlesim/share/turtlesim/srv/Spawn.srv
[3.456s] -- Up-to-date: /home/dr/amr-travelobot/ros_ws/install/turtlesim/share/turtlesim/srv/Spawn_Request.msg
[3.456s] -- Up-to-date: /home/dr/amr-travelobot/ros_ws/install/turtlesim/share/turtlesim/srv/Spawn_Response.msg
[3.457s] -- Up-to-date: /home/dr/amr-travelobot/ros_ws/install/turtlesim/share/turtlesim/srv/TeleportAbsolute.srv
[3.457s] -- Up-to-date: /home/dr/amr-travelobot/ros_ws/install/turtlesim/share/turtlesim/srv/TeleportAbsolute_Request.msg
[3.458s] -- Up-to-date: /home/dr/amr-travelobot/ros_ws/install/turtlesim/share/turtlesim/srv/TeleportAbsolute_Response.msg
[3.459s] -- Up-to-date: /home/dr/amr-travelobot/ros_ws/install/turtlesim/share/turtlesim/srv/TeleportRelative.srv
[3.459s] -- Up-to-date: /home/dr/amr-travelobot/ros_ws/install/turtlesim/share/turtlesim/srv/TeleportRelative_Request.msg
[3.460s] -- Up-to-date: /home/dr/amr-travelobot/ros_ws/install/turtlesim/share/turtlesim/srv/TeleportRelative_Response.msg
[3.460s] -- Up-to-date: /home/dr/amr-travelobot/ros_ws/install/turtlesim/lib/turtlesim/turtlesim_node
[3.462s] -- Up-to-date: /home/dr/amr-travelobot/ros_ws/install/turtlesim/lib/turtlesim/turtle_teleop_key
[3.466s] -- Up-to-date: /home/dr/amr-travelobot/ros_ws/install/turtlesim/lib/turtlesim/draw_square
[3.469s] -- Up-to-date: /home/dr/amr-travelobot/ros_ws/install/turtlesim/lib/turtlesim/mimic
[3.470s] -- Up-to-date: /home/dr/amr-travelobot/ros_ws/install/turtlesim/share/turtlesim/images
[3.471s] -- Up-to-date: /home/dr/amr-travelobot/ros_ws/install/turtlesim/share/turtlesim/images/dashing.png
[3.471s] -- Up-to-date: /home/dr/amr-travelobot/ros_ws/install/turtlesim/share/turtlesim/images/eloquent.png
[3.472s] -- Up-to-date: /home/dr/amr-travelobot/ros_ws/install/turtlesim/share/turtlesim/images/foxy.png
[3.472s] -- Up-to-date: /home/dr/amr-travelobot/ros_ws/install/turtlesim/share/turtlesim/images/bouncy.png
[3.473s] -- Up-to-date: /home/dr/amr-travelobot/ros_ws/install/turtlesim/share/turtlesim/images/ardent.png
[3.473s] -- Up-to-date: /home/dr/amr-travelobot/ros_ws/install/turtlesim/share/turtlesim/images/crystal.png
[3.474s] -- Up-to-date: /home/dr/amr-travelobot/ros_ws/install/turtlesim/share/turtlesim/launch
[3.474s] -- Up-to-date: /home/dr/amr-travelobot/ros_ws/install/turtlesim/share/turtlesim/launch/multisim.launch.py
[3.474s] -- Up-to-date: /home/dr/amr-travelobot/ros_ws/install/turtlesim/share/ament_index/resource_index/package_run_dependencies/turtlesim
[3.475s] -- Up-to-date: /home/dr/amr-travelobot/ros_ws/install/turtlesim/share/ament_index/resource_index/parent_prefix_path/turtlesim
[3.475s] -- Up-to-date: /home/dr/amr-travelobot/ros_ws/install/turtlesim/share/turtlesim/environment/ament_prefix_path.sh
[3.476s] -- Up-to-date: /home/dr/amr-travelobot/ros_ws/install/turtlesim/share/turtlesim/environment/ament_prefix_path.dsv
[3.476s] -- Up-to-date: /home/dr/amr-travelobot/ros_ws/install/turtlesim/share/turtlesim/environment/path.sh
[3.477s] -- Up-to-date: /home/dr/amr-travelobot/ros_ws/install/turtlesim/share/turtlesim/environment/path.dsv
[3.477s] -- Up-to-date: /home/dr/amr-travelobot/ros_ws/install/turtlesim/share/turtlesim/local_setup.bash
[3.478s] -- Up-to-date: /home/dr/amr-travelobot/ros_ws/install/turtlesim/share/turtlesim/local_setup.sh
[3.478s] -- Up-to-date: /home/dr/amr-travelobot/ros_ws/install/turtlesim/share/turtlesim/local_setup.zsh
[3.479s] -- Up-to-date: /home/dr/amr-travelobot/ros_ws/install/turtlesim/share/turtlesim/local_setup.dsv
[3.479s] -- Installing: /home/dr/amr-travelobot/ros_ws/install/turtlesim/share/turtlesim/package.dsv
[3.479s] -- Up-to-date: /home/dr/amr-travelobot/ros_ws/install/turtlesim/share/ament_index/resource_index/packages/turtlesim
[3.481s] -- Up-to-date: /home/dr/amr-travelobot/ros_ws/install/turtlesim/share/turtlesim/cmake/turtlesim__rosidl_generator_cExport.cmake
[3.482s] -- Up-to-date: /home/dr/amr-travelobot/ros_ws/install/turtlesim/share/turtlesim/cmake/turtlesim__rosidl_generator_cExport-noconfig.cmake
[3.483s] -- Up-to-date: /home/dr/amr-travelobot/ros_ws/install/turtlesim/share/turtlesim/cmake/turtlesim__rosidl_typesupport_introspection_cExport.cmake
[3.484s] -- Up-to-date: /home/dr/amr-travelobot/ros_ws/install/turtlesim/share/turtlesim/cmake/turtlesim__rosidl_typesupport_introspection_cExport-noconfig.cmake
[3.485s] -- Up-to-date: /home/dr/amr-travelobot/ros_ws/install/turtlesim/share/turtlesim/cmake/turtlesim__rosidl_typesupport_cExport.cmake
[3.486s] -- Up-to-date: /home/dr/amr-travelobot/ros_ws/install/turtlesim/share/turtlesim/cmake/turtlesim__rosidl_typesupport_cExport-noconfig.cmake
[3.487s] -- Up-to-date: /home/dr/amr-travelobot/ros_ws/install/turtlesim/share/turtlesim/cmake/turtlesim__rosidl_generator_cppExport.cmake
[3.489s] -- Up-to-date: /home/dr/amr-travelobot/ros_ws/install/turtlesim/share/turtlesim/cmake/turtlesim__rosidl_typesupport_introspection_cppExport.cmake
[3.489s] -- Up-to-date: /home/dr/amr-travelobot/ros_ws/install/turtlesim/share/turtlesim/cmake/turtlesim__rosidl_typesupport_introspection_cppExport-noconfig.cmake
[3.491s] -- Up-to-date: /home/dr/amr-travelobot/ros_ws/install/turtlesim/share/turtlesim/cmake/turtlesim__rosidl_typesupport_cppExport.cmake
[3.491s] -- Up-to-date: /home/dr/amr-travelobot/ros_ws/install/turtlesim/share/turtlesim/cmake/turtlesim__rosidl_typesupport_cppExport-noconfig.cmake
[3.492s] -- Up-to-date: /home/dr/amr-travelobot/ros_ws/install/turtlesim/share/turtlesim/cmake/rosidl_cmake-extras.cmake
[3.492s] -- Up-to-date: /home/dr/amr-travelobot/ros_ws/install/turtlesim/share/turtlesim/cmake/ament_cmake_export_dependencies-extras.cmake
[3.493s] -- Up-to-date: /home/dr/amr-travelobot/ros_ws/install/turtlesim/share/turtlesim/cmake/ament_cmake_export_libraries-extras.cmake
[3.493s] -- Up-to-date: /home/dr/amr-travelobot/ros_ws/install/turtlesim/share/turtlesim/cmake/ament_cmake_export_targets-extras.cmake
[3.493s] -- Up-to-date: /home/dr/amr-travelobot/ros_ws/install/turtlesim/share/turtlesim/cmake/ament_cmake_export_include_directories-extras.cmake
[3.494s] -- Up-to-date: /home/dr/amr-travelobot/ros_ws/install/turtlesim/share/turtlesim/cmake/rosidl_cmake_export_typesupport_libraries-extras.cmake
[3.494s] -- Up-to-date: /home/dr/amr-travelobot/ros_ws/install/turtlesim/share/turtlesim/cmake/rosidl_cmake_export_typesupport_targets-extras.cmake
[3.495s] -- Up-to-date: /home/dr/amr-travelobot/ros_ws/install/turtlesim/share/turtlesim/cmake/turtlesimConfig.cmake
[3.496s] -- Up-to-date: /home/dr/amr-travelobot/ros_ws/install/turtlesim/share/turtlesim/cmake/turtlesimConfig-version.cmake
[3.497s] -- Up-to-date: /home/dr/amr-travelobot/ros_ws/install/turtlesim/share/turtlesim/package.xml
[3.512s] Invoked command in '/home/dr/amr-travelobot/ros_ws/build/turtlesim' returned '0': CMAKE_PREFIX_PATH=/opt/ros/foxy /usr/bin/cmake --install /home/dr/amr-travelobot/ros_ws/build/turtlesim
