[4.818s] Invoking command in '/home/dr/amr-travelobot/ros_ws/src/bno055': PYTHONPATH=/home/dr/amr-travelobot/ros_ws/install/bno055/lib/python3.8/site-packages:${PYTHONPATH} /usr/bin/python3 setup.py egg_info --egg-base ../../build/bno055 build --build-base /home/dr/amr-travelobot/ros_ws/build/bno055/build install --prefix /home/dr/amr-travelobot/ros_ws/install/bno055 --record /home/dr/amr-travelobot/ros_ws/build/bno055/install.log --single-version-externally-managed
[5.969s] running egg_info
[5.971s] writing ../../build/bno055/bno055.egg-info/PKG-INFO
[5.971s] writing dependency_links to ../../build/bno055/bno055.egg-info/dependency_links.txt
[5.972s] writing entry points to ../../build/bno055/bno055.egg-info/entry_points.txt
[5.973s] writing requirements to ../../build/bno055/bno055.egg-info/requires.txt
[5.973s] writing top-level names to ../../build/bno055/bno055.egg-info/top_level.txt
[6.146s] reading manifest file '../../build/bno055/bno055.egg-info/SOURCES.txt'
[6.155s] writing manifest file '../../build/bno055/bno055.egg-info/SOURCES.txt'
[6.157s] running build
[6.157s] running build_py
[6.163s] running install
[6.166s] running install_lib
[6.178s] running install_data
[6.180s] running install_egg_info
[6.188s] removing '/home/dr/amr-travelobot/ros_ws/install/bno055/lib/python3.8/site-packages/bno055-0.1.0-py3.8.egg-info' (and everything under it)
[6.189s] Copying ../../build/bno055/bno055.egg-info to /home/dr/amr-travelobot/ros_ws/install/bno055/lib/python3.8/site-packages/bno055-0.1.0-py3.8.egg-info
[6.196s] running install_scripts
[6.287s] Installing bno055 script to /home/dr/amr-travelobot/ros_ws/install/bno055/lib/bno055
[6.290s] writing list of installed files to '/home/dr/amr-travelobot/ros_ws/build/bno055/install.log'
[6.420s] Invoked command in '/home/dr/amr-travelobot/ros_ws/src/bno055' returned '0': PYTHONPATH=/home/dr/amr-travelobot/ros_ws/install/bno055/lib/python3.8/site-packages:${PYTHONPATH} /usr/bin/python3 setup.py egg_info --egg-base ../../build/bno055 build --build-base /home/dr/amr-travelobot/ros_ws/build/bno055/build install --prefix /home/dr/amr-travelobot/ros_ws/install/bno055 --record /home/dr/amr-travelobot/ros_ws/build/bno055/install.log --single-version-externally-managed
