[0.079s] Invoking command in '/home/dr/amr-travelobot/ros_ws/src/build/gripper_controllers': CMAKE_PREFIX_PATH=${CMAKE_PREFIX_PATH}:/home/dr/amr-travelobot/ros_ws/install/bno055:/opt/ros/foxy /usr/bin/cmake /home/dr/amr-travelobot/ros_ws/src/ros2_controllers/gripper_controllers -DCMAKE_INSTALL_PREFIX=/home/dr/amr-travelobot/ros_ws/src/install/gripper_controllers
[0.433s] -- The C compiler identification is GNU 9.4.0
[0.664s] -- The CXX compiler identification is GNU 9.4.0
[0.686s] -- Check for working C compiler: /usr/bin/cc
[1.025s] -- Check for working C compiler: /usr/bin/cc -- works
[1.028s] -- Detecting C compiler ABI info
[1.327s] -- Detecting C compiler ABI info - done
[1.377s] -- Detecting C compile features
[1.379s] -- Detecting C compile features - done
[1.390s] -- Check for working CXX compiler: /usr/bin/c++
[1.762s] -- Check for working CXX compiler: /usr/bin/c++ -- works
[1.767s] -- Detecting CXX compiler ABI info
[2.116s] -- Detecting CXX compiler ABI info - done
[2.174s] -- Detecting CXX compile features
[2.177s] -- Detecting CXX compile features - done
[2.194s] -- Found ament_cmake: 0.9.9 (/opt/ros/foxy/share/ament_cmake/cmake)
[2.347s] -- Found PythonInterp: /usr/bin/python3 (found suitable version "3.8.10", minimum required is "3") 
[2.347s] -- Using PYTHON_EXECUTABLE: /usr/bin/python3
[3.639s] -- Found rclcpp_action: 2.4.1 (/opt/ros/foxy/share/rclcpp_action/cmake)
[3.870s] -- Using all available rosidl_typesupport_c: rosidl_typesupport_fastrtps_c;rosidl_typesupport_introspection_c
[3.922s] -- Found rosidl_adapter: 1.2.1 (/opt/ros/foxy/share/rosidl_adapter/cmake)
[4.407s] -- Found OpenSSL: /usr/lib/aarch64-linux-gnu/libcrypto.so (found version "1.1.1f")  
[4.606s] -- Found FastRTPS: /opt/ros/foxy/include  
[5.113s] -- Using all available rosidl_typesupport_cpp: rosidl_typesupport_fastrtps_cpp;rosidl_typesupport_introspection_cpp
[5.752s] -- Found rmw_implementation_cmake: 1.0.3 (/opt/ros/foxy/share/rmw_implementation_cmake/cmake)
[5.762s] -- Using RMW implementation 'rmw_fastrtps_cpp' as default
[5.767s] -- Looking for pthread.h
[6.113s] -- Looking for pthread.h - found
[6.115s] -- Performing Test CMAKE_HAVE_LIBC_PTHREAD
[6.457s] -- Performing Test CMAKE_HAVE_LIBC_PTHREAD - Failed
[6.459s] -- Looking for pthread_create in pthreads
[6.763s] -- Looking for pthread_create in pthreads - not found
[6.764s] -- Looking for pthread_create in pthread
[7.066s] -- Looking for pthread_create in pthread - found
[7.074s] -- Found Threads: TRUE  
[8.024s] -- Found control_msgs: 2.5.1 (/opt/ros/foxy/share/control_msgs/cmake)
[9.797s] CMake Error at CMakeLists.txt:21 (find_package):
[9.798s]   By not providing "Findcontrol_toolbox.cmake" in CMAKE_MODULE_PATH this
[9.798s]   project has asked CMake to find a package configuration file provided by
[9.798s]   "control_toolbox", but CMake did not find one.
[9.799s] 
[9.799s]   Could not find a package configuration file provided by "control_toolbox"
[9.800s]   with any of the following names:
[9.800s] 
[9.800s]     control_toolboxConfig.cmake
[9.801s]     control_toolbox-config.cmake
[9.801s] 
[9.802s]   Add the installation prefix of "control_toolbox" to CMAKE_PREFIX_PATH or
[9.802s]   set "control_toolbox_DIR" to a directory containing one of the above files.
[9.803s]   If "control_toolbox" provides a separate development package or SDK, be
[9.803s]   sure it has been installed.
[9.804s] 
[9.804s] 
[9.810s] -- Configuring incomplete, errors occurred!
[9.810s] See also "/home/dr/amr-travelobot/ros_ws/src/build/gripper_controllers/CMakeFiles/CMakeOutput.log".
[9.811s] See also "/home/dr/amr-travelobot/ros_ws/src/build/gripper_controllers/CMakeFiles/CMakeError.log".
[9.844s] Invoked command in '/home/dr/amr-travelobot/ros_ws/src/build/gripper_controllers' returned '1': CMAKE_PREFIX_PATH=${CMAKE_PREFIX_PATH}:/home/dr/amr-travelobot/ros_ws/install/bno055:/opt/ros/foxy /usr/bin/cmake /home/dr/amr-travelobot/ros_ws/src/ros2_controllers/gripper_controllers -DCMAKE_INSTALL_PREFIX=/home/dr/amr-travelobot/ros_ws/src/install/gripper_controllers
