[0.164s] Invoking command in '/home/dr/amr-travelobot/ros_ws/src/build/forward_command_controller': CMAKE_PREFIX_PATH=${CMAKE_PREFIX_PATH}:/home/dr/amr-travelobot/ros_ws/install/bno055:/opt/ros/foxy /usr/bin/cmake /home/dr/amr-travelobot/ros_ws/src/ros2_controllers/forward_command_controller -DCMAKE_INSTALL_PREFIX=/home/dr/amr-travelobot/ros_ws/src/install/forward_command_controller
[0.405s] -- The C compiler identification is GNU 9.4.0
[0.638s] -- The CXX compiler identification is GNU 9.4.0
[0.659s] -- Check for working C compiler: /usr/bin/cc
[0.935s] -- Check for working C compiler: /usr/bin/cc -- works
[0.937s] -- Detecting C compiler ABI info
[1.218s] -- Detecting C compiler ABI info - done
[1.272s] -- Detecting C compile features
[1.274s] -- Detecting C compile features - done
[1.284s] -- Check for working CXX compiler: /usr/bin/c++
[1.601s] -- Check for working CXX compiler: /usr/bin/c++ -- works
[1.606s] -- Detecting CXX compiler ABI info
[1.927s] -- Detecting CXX compiler ABI info - done
[1.980s] -- Detecting CXX compile features
[1.983s] -- Detecting CXX compile features - done
[2.000s] -- Found ament_cmake: 0.9.9 (/opt/ros/foxy/share/ament_cmake/cmake)
[2.122s] -- Found PythonInterp: /usr/bin/python3 (found suitable version "3.8.10", minimum required is "3") 
[2.123s] -- Using PYTHON_EXECUTABLE: /usr/bin/python3
[3.159s] -- Found controller_interface: 0.10.1 (/opt/ros/foxy/share/controller_interface/cmake)
[3.391s] -- Using all available rosidl_typesupport_c: rosidl_typesupport_fastrtps_c;rosidl_typesupport_introspection_c
[3.439s] -- Found rosidl_adapter: 1.2.1 (/opt/ros/foxy/share/rosidl_adapter/cmake)
[3.858s] -- Found OpenSSL: /usr/lib/aarch64-linux-gnu/libcrypto.so (found version "1.1.1f")  
[4.049s] -- Found FastRTPS: /opt/ros/foxy/include  
[4.517s] -- Using all available rosidl_typesupport_cpp: rosidl_typesupport_fastrtps_cpp;rosidl_typesupport_introspection_cpp
[7.110s] -- Found rmw_implementation_cmake: 1.0.3 (/opt/ros/foxy/share/rmw_implementation_cmake/cmake)
[7.119s] -- Using RMW implementation 'rmw_fastrtps_cpp' as default
[7.123s] -- Looking for pthread.h
[7.419s] -- Looking for pthread.h - found
[7.420s] -- Performing Test CMAKE_HAVE_LIBC_PTHREAD
[7.716s] -- Performing Test CMAKE_HAVE_LIBC_PTHREAD - Failed
[7.717s] -- Looking for pthread_create in pthreads
[7.952s] -- Looking for pthread_create in pthreads - not found
[7.954s] -- Looking for pthread_create in pthread
[8.239s] -- Looking for pthread_create in pthread - found
[8.243s] -- Found Threads: TRUE  
[9.465s] -- Found realtime_tools: 2.2.0 (/opt/ros/foxy/share/realtime_tools/cmake)
[9.902s] -- Found ament_cmake_gmock: 0.9.9 (/opt/ros/foxy/share/ament_cmake_gmock/cmake)
[9.916s] -- Found controller_manager: 0.10.1 (/opt/ros/foxy/share/controller_manager/cmake)
[10.229s] -- Found ros2_control_test_assets: 0.10.1 (/opt/ros/foxy/share/ros2_control_test_assets/cmake)
[10.248s] -- Found gmock sources under '/opt/ros/foxy/src/gmock_vendor': C++ tests using 'Google Mock' will be built
[10.278s] -- Found ament_cmake_gtest: 0.9.9 (/opt/ros/foxy/share/ament_cmake_gtest/cmake)
[10.283s] -- Found gtest sources under '/opt/ros/foxy/src/gtest_vendor': C++ tests using 'Google Test' will be built
[11.086s] -- Configuring done
[11.399s] -- Generating done
[11.410s] -- Build files have been written to: /home/dr/amr-travelobot/ros_ws/src/build/forward_command_controller
[11.459s] Invoked command in '/home/dr/amr-travelobot/ros_ws/src/build/forward_command_controller' returned '0': CMAKE_PREFIX_PATH=${CMAKE_PREFIX_PATH}:/home/dr/amr-travelobot/ros_ws/install/bno055:/opt/ros/foxy /usr/bin/cmake /home/dr/amr-travelobot/ros_ws/src/ros2_controllers/forward_command_controller -DCMAKE_INSTALL_PREFIX=/home/dr/amr-travelobot/ros_ws/src/install/forward_command_controller
[11.469s] Invoking command in '/home/dr/amr-travelobot/ros_ws/src/build/forward_command_controller': CMAKE_PREFIX_PATH=${CMAKE_PREFIX_PATH}:/home/dr/amr-travelobot/ros_ws/install/bno055:/opt/ros/foxy /usr/bin/cmake --build /home/dr/amr-travelobot/ros_ws/src/build/forward_command_controller -- -j4 -l4
[11.915s] [35m[1mScanning dependencies of target gmock[0m
[11.939s] [35m[1mScanning dependencies of target gmock_main[0m
[11.941s] [35m[1mScanning dependencies of target forward_command_controller[0m
[12.247s] [  9%] [32mBuilding CXX object gmock/CMakeFiles/gmock_main.dir/src/gmock_main.cc.o[0m
[12.247s] [ 27%] [32mBuilding CXX object gmock/CMakeFiles/gmock.dir/opt/ros/foxy/src/gtest_vendor/src/gtest-all.cc.o[0m
[12.251s] [ 27%] [32mBuilding CXX object gmock/CMakeFiles/gmock.dir/src/gmock-all.cc.o[0m
[12.371s] [ 36%] [32mBuilding CXX object CMakeFiles/forward_command_controller.dir/src/forward_command_controller.cpp.o[0m
[28.194s] [ 45%] [32m[1mLinking CXX static library libgmock_main.a[0m
[28.695s] [ 45%] Built target gmock_main
[54.740s] [ 54%] [32m[1mLinking CXX static library libgmock.a[0m
[55.215s] [ 54%] Built target gmock
[65.847s] [ 63%] [32m[1mLinking CXX shared library libforward_command_controller.so[0m
[67.466s] [ 63%] Built target forward_command_controller
[67.513s] [35m[1mScanning dependencies of target test_load_forward_command_controller[0m
[67.785s] [ 72%] [32mBuilding CXX object CMakeFiles/test_load_forward_command_controller.dir/test/test_load_forward_command_controller.cpp.o[0m
[84.502s] [ 81%] [32m[1mLinking CXX executable test_load_forward_command_controller[0m
[86.345s] [ 81%] Built target test_load_forward_command_controller
[86.397s] [35m[1mScanning dependencies of target test_forward_command_controller[0m
[86.657s] [ 90%] [32mBuilding CXX object CMakeFiles/test_forward_command_controller.dir/test/test_forward_command_controller.cpp.o[0m
[109.182s] [100%] [32m[1mLinking CXX executable test_forward_command_controller[0m
[111.595s] [100%] Built target test_forward_command_controller
[111.649s] Invoked command in '/home/dr/amr-travelobot/ros_ws/src/build/forward_command_controller' returned '0': CMAKE_PREFIX_PATH=${CMAKE_PREFIX_PATH}:/home/dr/amr-travelobot/ros_ws/install/bno055:/opt/ros/foxy /usr/bin/cmake --build /home/dr/amr-travelobot/ros_ws/src/build/forward_command_controller -- -j4 -l4
[111.854s] Invoking command in '/home/dr/amr-travelobot/ros_ws/src/build/forward_command_controller': CMAKE_PREFIX_PATH=${CMAKE_PREFIX_PATH}:/home/dr/amr-travelobot/ros_ws/install/bno055:/opt/ros/foxy /usr/bin/cmake --install /home/dr/amr-travelobot/ros_ws/src/build/forward_command_controller
[111.908s] -- Install configuration: ""
[111.913s] -- Installing: /home/dr/amr-travelobot/ros_ws/src/install/forward_command_controller/share/forward_command_controller/forward_command_plugin.xml
[111.915s] -- Installing: /home/dr/amr-travelobot/ros_ws/src/install/forward_command_controller/include
[111.916s] -- Installing: /home/dr/amr-travelobot/ros_ws/src/install/forward_command_controller/include/forward_command_controller
[111.918s] -- Installing: /home/dr/amr-travelobot/ros_ws/src/install/forward_command_controller/include/forward_command_controller/visibility_control.h
[111.920s] -- Installing: /home/dr/amr-travelobot/ros_ws/src/install/forward_command_controller/include/forward_command_controller/forward_command_controller.hpp
[111.923s] -- Installing: /home/dr/amr-travelobot/ros_ws/src/install/forward_command_controller/lib/libforward_command_controller.so
[111.942s] -- Set runtime path of "/home/dr/amr-travelobot/ros_ws/src/install/forward_command_controller/lib/libforward_command_controller.so" to ""
[111.944s] -- Installing: /home/dr/amr-travelobot/ros_ws/src/install/forward_command_controller/share/forward_command_controller/environment/library_path.sh
[111.947s] -- Installing: /home/dr/amr-travelobot/ros_ws/src/install/forward_command_controller/share/forward_command_controller/environment/library_path.dsv
[111.954s] -- Installing: /home/dr/amr-travelobot/ros_ws/src/install/forward_command_controller/share/ament_index/resource_index/package_run_dependencies/forward_command_controller
[111.958s] -- Installing: /home/dr/amr-travelobot/ros_ws/src/install/forward_command_controller/share/ament_index/resource_index/parent_prefix_path/forward_command_controller
[111.961s] -- Installing: /home/dr/amr-travelobot/ros_ws/src/install/forward_command_controller/share/forward_command_controller/environment/ament_prefix_path.sh
[111.963s] -- Installing: /home/dr/amr-travelobot/ros_ws/src/install/forward_command_controller/share/forward_command_controller/environment/ament_prefix_path.dsv
[111.966s] -- Installing: /home/dr/amr-travelobot/ros_ws/src/install/forward_command_controller/share/forward_command_controller/environment/path.sh
[111.968s] -- Installing: /home/dr/amr-travelobot/ros_ws/src/install/forward_command_controller/share/forward_command_controller/environment/path.dsv
[111.970s] -- Installing: /home/dr/amr-travelobot/ros_ws/src/install/forward_command_controller/share/forward_command_controller/local_setup.bash
[111.973s] -- Installing: /home/dr/amr-travelobot/ros_ws/src/install/forward_command_controller/share/forward_command_controller/local_setup.sh
[111.975s] -- Installing: /home/dr/amr-travelobot/ros_ws/src/install/forward_command_controller/share/forward_command_controller/local_setup.zsh
[111.977s] -- Installing: /home/dr/amr-travelobot/ros_ws/src/install/forward_command_controller/share/forward_command_controller/local_setup.dsv
[111.979s] -- Installing: /home/dr/amr-travelobot/ros_ws/src/install/forward_command_controller/share/forward_command_controller/package.dsv
[111.982s] -- Installing: /home/dr/amr-travelobot/ros_ws/src/install/forward_command_controller/share/ament_index/resource_index/packages/forward_command_controller
[111.985s] -- Installing: /home/dr/amr-travelobot/ros_ws/src/install/forward_command_controller/share/ament_index/resource_index/controller_interface__pluginlib__plugin/forward_command_controller
[111.988s] -- Installing: /home/dr/amr-travelobot/ros_ws/src/install/forward_command_controller/share/forward_command_controller/cmake/ament_cmake_export_dependencies-extras.cmake
[111.990s] -- Installing: /home/dr/amr-travelobot/ros_ws/src/install/forward_command_controller/share/forward_command_controller/cmake/ament_cmake_export_include_directories-extras.cmake
[111.992s] -- Installing: /home/dr/amr-travelobot/ros_ws/src/install/forward_command_controller/share/forward_command_controller/cmake/ament_cmake_export_libraries-extras.cmake
[111.995s] -- Installing: /home/dr/amr-travelobot/ros_ws/src/install/forward_command_controller/share/forward_command_controller/cmake/forward_command_controllerConfig.cmake
[111.997s] -- Installing: /home/dr/amr-travelobot/ros_ws/src/install/forward_command_controller/share/forward_command_controller/cmake/forward_command_controllerConfig-version.cmake
[111.999s] -- Installing: /home/dr/amr-travelobot/ros_ws/src/install/forward_command_controller/share/forward_command_controller/package.xml
[112.012s] Invoked command in '/home/dr/amr-travelobot/ros_ws/src/build/forward_command_controller' returned '0': CMAKE_PREFIX_PATH=${CMAKE_PREFIX_PATH}:/home/dr/amr-travelobot/ros_ws/install/bno055:/opt/ros/foxy /usr/bin/cmake --install /home/dr/amr-travelobot/ros_ws/src/build/forward_command_controller
