[0.074s] Invoking command in '/home/dr/amr-travelobot/ros_ws/src/build/velocity_controllers': AMENT_PREFIX_PATH=/home/dr/amr-travelobot/ros_ws/src/install/forward_command_controller:${AMENT_PREFIX_PATH} CMAKE_PREFIX_PATH=/home/dr/amr-travelobot/ros_ws/src/install/forward_command_controller:/home/dr/amr-travelobot/ros_ws/install/turtlesim:/home/dr/amr-travelobot/ros_ws/install/rosbot_bringup:/home/dr/amr-travelobot/ros_ws/install/teleop_twist_joy:/home/dr/amr-travelobot/ros_ws/install/rplidar_ros2:/home/dr/amr-travelobot/ros_ws/install/rosbot_description:/home/dr/amr-travelobot/ros_ws/install/odrive_ros2_control:/home/dr/amr-travelobot/ros_ws/install/odrive_hardware_interface:/home/dr/amr-travelobot/ros_ws/install/odrive_bringup:/home/dr/amr-travelobot/ros_ws/install/odrive_description:/home/dr/amr-travelobot/ros_ws/install/bno055:/opt/ros/foxy LD_LIBRARY_PATH=/home/dr/amr-travelobot/ros_ws/src/install/forward_command_controller/lib:${LD_LIBRARY_PATH} /usr/bin/cmake /home/dr/amr-travelobot/ros_ws/src/ros2_controllers/velocity_controllers -DCMAKE_INSTALL_PREFIX=/home/dr/amr-travelobot/ros_ws/src/install/velocity_controllers
[0.568s] -- The C compiler identification is GNU 9.4.0
[0.825s] -- The CXX compiler identification is GNU 9.4.0
[0.851s] -- Check for working C compiler: /usr/bin/cc
[1.188s] -- Check for working C compiler: /usr/bin/cc -- works
[1.191s] -- Detecting C compiler ABI info
[1.539s] -- Detecting C compiler ABI info - done
[1.594s] -- Detecting C compile features
[1.595s] -- Detecting C compile features - done
[1.607s] -- Check for working CXX compiler: /usr/bin/c++
[1.978s] -- Check for working CXX compiler: /usr/bin/c++ -- works
[1.983s] -- Detecting CXX compiler ABI info
[2.372s] -- Detecting CXX compiler ABI info - done
[2.429s] -- Detecting CXX compile features
[2.433s] -- Detecting CXX compile features - done
[2.452s] -- Found ament_cmake: 0.9.9 (/opt/ros/foxy/share/ament_cmake/cmake)
[2.595s] -- Found PythonInterp: /usr/bin/python3 (found suitable version "3.8.10", minimum required is "3") 
[2.595s] -- Using PYTHON_EXECUTABLE: /usr/bin/python3
[3.863s] -- Found forward_command_controller: 0.8.0 (/home/dr/amr-travelobot/ros_ws/src/install/forward_command_controller/share/forward_command_controller/cmake)
[4.131s] -- Using all available rosidl_typesupport_c: rosidl_typesupport_fastrtps_c;rosidl_typesupport_introspection_c
[4.184s] -- Found rosidl_adapter: 1.2.1 (/opt/ros/foxy/share/rosidl_adapter/cmake)
[4.711s] -- Found OpenSSL: /usr/lib/aarch64-linux-gnu/libcrypto.so (found version "1.1.1f")  
[4.920s] -- Found FastRTPS: /opt/ros/foxy/include  
[5.508s] -- Using all available rosidl_typesupport_cpp: rosidl_typesupport_fastrtps_cpp;rosidl_typesupport_introspection_cpp
[8.957s] -- Found rmw_implementation_cmake: 1.0.3 (/opt/ros/foxy/share/rmw_implementation_cmake/cmake)
[8.968s] -- Using RMW implementation 'rmw_fastrtps_cpp' as default
[8.973s] -- Looking for pthread.h
[9.406s] -- Looking for pthread.h - found
[9.407s] -- Performing Test CMAKE_HAVE_LIBC_PTHREAD
[9.813s] -- Performing Test CMAKE_HAVE_LIBC_PTHREAD - Failed
[9.814s] -- Looking for pthread_create in pthreads
[10.109s] -- Looking for pthread_create in pthreads - not found
[10.110s] -- Looking for pthread_create in pthread
[10.456s] -- Looking for pthread_create in pthread - found
[10.458s] -- Found Threads: TRUE  
[13.285s] -- Found ament_cmake_gmock: 0.9.9 (/opt/ros/foxy/share/ament_cmake_gmock/cmake)
[13.303s] -- Found controller_manager: 0.10.1 (/opt/ros/foxy/share/controller_manager/cmake)
[13.657s] -- Found ros2_control_test_assets: 0.10.1 (/opt/ros/foxy/share/ros2_control_test_assets/cmake)
[13.678s] -- Found gmock sources under '/opt/ros/foxy/src/gmock_vendor': C++ tests using 'Google Mock' will be built
[13.712s] -- Found ament_cmake_gtest: 0.9.9 (/opt/ros/foxy/share/ament_cmake_gtest/cmake)
[13.717s] -- Found gtest sources under '/opt/ros/foxy/src/gtest_vendor': C++ tests using 'Google Test' will be built
[14.426s] -- Configuring done
[14.758s] -- Generating done
[14.770s] -- Build files have been written to: /home/dr/amr-travelobot/ros_ws/src/build/velocity_controllers
[14.829s] Invoked command in '/home/dr/amr-travelobot/ros_ws/src/build/velocity_controllers' returned '0': AMENT_PREFIX_PATH=/home/dr/amr-travelobot/ros_ws/src/install/forward_command_controller:${AMENT_PREFIX_PATH} CMAKE_PREFIX_PATH=/home/dr/amr-travelobot/ros_ws/src/install/forward_command_controller:/home/dr/amr-travelobot/ros_ws/install/turtlesim:/home/dr/amr-travelobot/ros_ws/install/rosbot_bringup:/home/dr/amr-travelobot/ros_ws/install/teleop_twist_joy:/home/dr/amr-travelobot/ros_ws/install/rplidar_ros2:/home/dr/amr-travelobot/ros_ws/install/rosbot_description:/home/dr/amr-travelobot/ros_ws/install/odrive_ros2_control:/home/dr/amr-travelobot/ros_ws/install/odrive_hardware_interface:/home/dr/amr-travelobot/ros_ws/install/odrive_bringup:/home/dr/amr-travelobot/ros_ws/install/odrive_description:/home/dr/amr-travelobot/ros_ws/install/bno055:/opt/ros/foxy LD_LIBRARY_PATH=/home/dr/amr-travelobot/ros_ws/src/install/forward_command_controller/lib:${LD_LIBRARY_PATH} /usr/bin/cmake /home/dr/amr-travelobot/ros_ws/src/ros2_controllers/velocity_controllers -DCMAKE_INSTALL_PREFIX=/home/dr/amr-travelobot/ros_ws/src/install/velocity_controllers
[14.832s] Invoking command in '/home/dr/amr-travelobot/ros_ws/src/build/velocity_controllers': AMENT_PREFIX_PATH=/home/dr/amr-travelobot/ros_ws/src/install/forward_command_controller:${AMENT_PREFIX_PATH} CMAKE_PREFIX_PATH=/home/dr/amr-travelobot/ros_ws/src/install/forward_command_controller:/home/dr/amr-travelobot/ros_ws/install/turtlesim:/home/dr/amr-travelobot/ros_ws/install/rosbot_bringup:/home/dr/amr-travelobot/ros_ws/install/teleop_twist_joy:/home/dr/amr-travelobot/ros_ws/install/rplidar_ros2:/home/dr/amr-travelobot/ros_ws/install/rosbot_description:/home/dr/amr-travelobot/ros_ws/install/odrive_ros2_control:/home/dr/amr-travelobot/ros_ws/install/odrive_hardware_interface:/home/dr/amr-travelobot/ros_ws/install/odrive_bringup:/home/dr/amr-travelobot/ros_ws/install/odrive_description:/home/dr/amr-travelobot/ros_ws/install/bno055:/opt/ros/foxy LD_LIBRARY_PATH=/home/dr/amr-travelobot/ros_ws/src/install/forward_command_controller/lib:${LD_LIBRARY_PATH} /usr/bin/cmake --build /home/dr/amr-travelobot/ros_ws/src/build/velocity_controllers -- -j4 -l4
[15.060s] [35m[1mScanning dependencies of target gmock[0m
[15.161s] [  9%] [32mBuilding CXX object gmock/CMakeFiles/gmock.dir/opt/ros/foxy/src/gtest_vendor/src/gtest-all.cc.o[0m
[32.229s] [ 18%] [32mBuilding CXX object gmock/CMakeFiles/gmock.dir/src/gmock-all.cc.o[0m
[41.367s] [ 27%] [32m[1mLinking CXX static library libgmock.a[0m
[42.014s] [ 27%] Built target gmock
[42.076s] [35m[1mScanning dependencies of target gmock_main[0m
[42.177s] [ 36%] [32mBuilding CXX object gmock/CMakeFiles/gmock_main.dir/src/gmock_main.cc.o[0m
[47.291s] [ 45%] [32m[1mLinking CXX static library libgmock_main.a[0m
[47.497s] [ 45%] Built target gmock_main
[47.548s] [35m[1mScanning dependencies of target velocity_controllers[0m
[47.846s] [ 54%] [32mBuilding CXX object CMakeFiles/velocity_controllers.dir/src/joint_group_velocity_controller.cpp.o[0m
[58.602s] [ 63%] [32m[1mLinking CXX shared library libvelocity_controllers.so[0m
[59.548s] [ 63%] Built target velocity_controllers
[59.605s] [35m[1mScanning dependencies of target test_load_joint_group_velocity_controller[0m
[59.931s] [ 72%] [32mBuilding CXX object CMakeFiles/test_load_joint_group_velocity_controller.dir/test/test_load_joint_group_velocity_controller.cpp.o[0m
[77.057s] [ 81%] [32m[1mLinking CXX executable test_load_joint_group_velocity_controller[0m
[78.953s] [ 81%] Built target test_load_joint_group_velocity_controller
[79.024s] [35m[1mScanning dependencies of target test_joint_group_velocity_controller[0m
[79.328s] [ 90%] [32mBuilding CXX object CMakeFiles/test_joint_group_velocity_controller.dir/test/test_joint_group_velocity_controller.cpp.o[0m
[103.996s] [100%] [32m[1mLinking CXX executable test_joint_group_velocity_controller[0m
[106.257s] [100%] Built target test_joint_group_velocity_controller
[106.312s] Invoked command in '/home/dr/amr-travelobot/ros_ws/src/build/velocity_controllers' returned '0': AMENT_PREFIX_PATH=/home/dr/amr-travelobot/ros_ws/src/install/forward_command_controller:${AMENT_PREFIX_PATH} CMAKE_PREFIX_PATH=/home/dr/amr-travelobot/ros_ws/src/install/forward_command_controller:/home/dr/amr-travelobot/ros_ws/install/turtlesim:/home/dr/amr-travelobot/ros_ws/install/rosbot_bringup:/home/dr/amr-travelobot/ros_ws/install/teleop_twist_joy:/home/dr/amr-travelobot/ros_ws/install/rplidar_ros2:/home/dr/amr-travelobot/ros_ws/install/rosbot_description:/home/dr/amr-travelobot/ros_ws/install/odrive_ros2_control:/home/dr/amr-travelobot/ros_ws/install/odrive_hardware_interface:/home/dr/amr-travelobot/ros_ws/install/odrive_bringup:/home/dr/amr-travelobot/ros_ws/install/odrive_description:/home/dr/amr-travelobot/ros_ws/install/bno055:/opt/ros/foxy LD_LIBRARY_PATH=/home/dr/amr-travelobot/ros_ws/src/install/forward_command_controller/lib:${LD_LIBRARY_PATH} /usr/bin/cmake --build /home/dr/amr-travelobot/ros_ws/src/build/velocity_controllers -- -j4 -l4
[106.482s] Invoking command in '/home/dr/amr-travelobot/ros_ws/src/build/velocity_controllers': AMENT_PREFIX_PATH=/home/dr/amr-travelobot/ros_ws/src/install/forward_command_controller:${AMENT_PREFIX_PATH} CMAKE_PREFIX_PATH=/home/dr/amr-travelobot/ros_ws/src/install/forward_command_controller:/home/dr/amr-travelobot/ros_ws/install/turtlesim:/home/dr/amr-travelobot/ros_ws/install/rosbot_bringup:/home/dr/amr-travelobot/ros_ws/install/teleop_twist_joy:/home/dr/amr-travelobot/ros_ws/install/rplidar_ros2:/home/dr/amr-travelobot/ros_ws/install/rosbot_description:/home/dr/amr-travelobot/ros_ws/install/odrive_ros2_control:/home/dr/amr-travelobot/ros_ws/install/odrive_hardware_interface:/home/dr/amr-travelobot/ros_ws/install/odrive_bringup:/home/dr/amr-travelobot/ros_ws/install/odrive_description:/home/dr/amr-travelobot/ros_ws/install/bno055:/opt/ros/foxy LD_LIBRARY_PATH=/home/dr/amr-travelobot/ros_ws/src/install/forward_command_controller/lib:${LD_LIBRARY_PATH} /usr/bin/cmake --install /home/dr/amr-travelobot/ros_ws/src/build/velocity_controllers
[106.540s] -- Install configuration: ""
[106.542s] -- Installing: /home/dr/amr-travelobot/ros_ws/src/install/velocity_controllers/share/velocity_controllers/velocity_controllers_plugins.xml
[106.544s] -- Installing: /home/dr/amr-travelobot/ros_ws/src/install/velocity_controllers/include
[106.545s] -- Installing: /home/dr/amr-travelobot/ros_ws/src/install/velocity_controllers/include/velocity_controllers
[106.546s] -- Installing: /home/dr/amr-travelobot/ros_ws/src/install/velocity_controllers/include/velocity_controllers/visibility_control.h
[106.546s] -- Installing: /home/dr/amr-travelobot/ros_ws/src/install/velocity_controllers/include/velocity_controllers/joint_group_velocity_controller.hpp
[106.547s] -- Installing: /home/dr/amr-travelobot/ros_ws/src/install/velocity_controllers/lib/libvelocity_controllers.so
[106.550s] -- Set runtime path of "/home/dr/amr-travelobot/ros_ws/src/install/velocity_controllers/lib/libvelocity_controllers.so" to ""
[106.550s] -- Installing: /home/dr/amr-travelobot/ros_ws/src/install/velocity_controllers/share/velocity_controllers/environment/library_path.sh
[106.551s] -- Installing: /home/dr/amr-travelobot/ros_ws/src/install/velocity_controllers/share/velocity_controllers/environment/library_path.dsv
[106.552s] -- Installing: /home/dr/amr-travelobot/ros_ws/src/install/velocity_controllers/share/ament_index/resource_index/package_run_dependencies/velocity_controllers
[106.553s] -- Installing: /home/dr/amr-travelobot/ros_ws/src/install/velocity_controllers/share/ament_index/resource_index/parent_prefix_path/velocity_controllers
[106.554s] -- Installing: /home/dr/amr-travelobot/ros_ws/src/install/velocity_controllers/share/velocity_controllers/environment/ament_prefix_path.sh
[106.555s] -- Installing: /home/dr/amr-travelobot/ros_ws/src/install/velocity_controllers/share/velocity_controllers/environment/ament_prefix_path.dsv
[106.556s] -- Installing: /home/dr/amr-travelobot/ros_ws/src/install/velocity_controllers/share/velocity_controllers/environment/path.sh
[106.557s] -- Installing: /home/dr/amr-travelobot/ros_ws/src/install/velocity_controllers/share/velocity_controllers/environment/path.dsv
[106.557s] -- Installing: /home/dr/amr-travelobot/ros_ws/src/install/velocity_controllers/share/velocity_controllers/local_setup.bash
[106.558s] -- Installing: /home/dr/amr-travelobot/ros_ws/src/install/velocity_controllers/share/velocity_controllers/local_setup.sh
[106.559s] -- Installing: /home/dr/amr-travelobot/ros_ws/src/install/velocity_controllers/share/velocity_controllers/local_setup.zsh
[106.560s] -- Installing: /home/dr/amr-travelobot/ros_ws/src/install/velocity_controllers/share/velocity_controllers/local_setup.dsv
[106.561s] -- Installing: /home/dr/amr-travelobot/ros_ws/src/install/velocity_controllers/share/velocity_controllers/package.dsv
[106.562s] -- Installing: /home/dr/amr-travelobot/ros_ws/src/install/velocity_controllers/share/ament_index/resource_index/packages/velocity_controllers
[106.565s] -- Installing: /home/dr/amr-travelobot/ros_ws/src/install/velocity_controllers/share/ament_index/resource_index/controller_interface__pluginlib__plugin/velocity_controllers
[106.567s] -- Installing: /home/dr/amr-travelobot/ros_ws/src/install/velocity_controllers/share/velocity_controllers/cmake/ament_cmake_export_dependencies-extras.cmake
[106.567s] -- Installing: /home/dr/amr-travelobot/ros_ws/src/install/velocity_controllers/share/velocity_controllers/cmake/ament_cmake_export_include_directories-extras.cmake
[106.572s] -- Installing: /home/dr/amr-travelobot/ros_ws/src/install/velocity_controllers/share/velocity_controllers/cmake/ament_cmake_export_libraries-extras.cmake
[106.573s] -- Installing: /home/dr/amr-travelobot/ros_ws/src/install/velocity_controllers/share/velocity_controllers/cmake/velocity_controllersConfig.cmake
[106.575s] -- Installing: /home/dr/amr-travelobot/ros_ws/src/install/velocity_controllers/share/velocity_controllers/cmake/velocity_controllersConfig-version.cmake
[106.587s] -- Installing: /home/dr/amr-travelobot/ros_ws/src/install/velocity_controllers/share/velocity_controllers/package.xml
[106.589s] Invoked command in '/home/dr/amr-travelobot/ros_ws/src/build/velocity_controllers' returned '0': AMENT_PREFIX_PATH=/home/dr/amr-travelobot/ros_ws/src/install/forward_command_controller:${AMENT_PREFIX_PATH} CMAKE_PREFIX_PATH=/home/dr/amr-travelobot/ros_ws/src/install/forward_command_controller:/home/dr/amr-travelobot/ros_ws/install/turtlesim:/home/dr/amr-travelobot/ros_ws/install/rosbot_bringup:/home/dr/amr-travelobot/ros_ws/install/teleop_twist_joy:/home/dr/amr-travelobot/ros_ws/install/rplidar_ros2:/home/dr/amr-travelobot/ros_ws/install/rosbot_description:/home/dr/amr-travelobot/ros_ws/install/odrive_ros2_control:/home/dr/amr-travelobot/ros_ws/install/odrive_hardware_interface:/home/dr/amr-travelobot/ros_ws/install/odrive_bringup:/home/dr/amr-travelobot/ros_ws/install/odrive_description:/home/dr/amr-travelobot/ros_ws/install/bno055:/opt/ros/foxy LD_LIBRARY_PATH=/home/dr/amr-travelobot/ros_ws/src/install/forward_command_controller/lib:${LD_LIBRARY_PATH} /usr/bin/cmake --install /home/dr/amr-travelobot/ros_ws/src/build/velocity_controllers
